#
#model:
#
#<?xml version="1.0" encoding="UTF-8" standalone="no"?><input id="posterior" spec="beast.core.util.CompoundDistribution">
#    <distribution id="prior" spec="beast.core.util.CompoundDistribution">
#        <prior id="PopSizePrior.t:dummy_aln" name="distribution">
#            <parameter id="popSize.t:dummy_aln" name="x">17.0</parameter>
#            <Normal id="Normal.01" name="distr">
#                <parameter estimate="false" id="RealParameter.0" name="mean">100.0</parameter>
#                <parameter estimate="false" id="RealParameter.01" name="sigma">100.0</parameter>
#            </Normal>
#        </prior>
#    </distribution>
#    <distribution id="likelihood" spec="beast.core.util.CompoundDistribution" useThreads="true">
#        <distribution id="CoalescentConstant.t:dummy_aln" spec="beast.evolution.tree.coalescent.Coalescent">
#            <populationModel id="ConstantPopulation.t:dummy_aln" popSize="@popSize.t:dummy_aln" spec="beast.evolution.tree.coalescent.ConstantPopulation"/>
#            <treeIntervals id="TreeIntervals.t:dummy_aln" spec="beast.evolution.tree.coalescent.TreeIntervals">
#                <tree IsLabelledNewick="true" adjustTipHeights="false" id="Tree.t:dummy_aln" newick="((((((((((t1_30.14:2.463824709,t58_30.36:2.683824709):0.351579338,t50_28.08:0.7554040468):0.7219193104,t66_26.77:0.1673233572):0.8560534063,t2_27.38:1.633376764):2.719760713,((((((((t77_32.49:2.928398821,((((((((t16_44.51:2.83376424,t24_44.28:2.60376424):0.08445025975,((t21_44.49:1.877457804,t61_43.44:0.8274578043):0.7814371833,(t74_42.49:0.5206119387,(t28_44.36:1.173237611,t35_43.64:0.4532376111):1.217374328):0.1382830488):0.239319512):0.7950544929,((t57_42.88:1.010611692,t44_42.31:0.4406116915):0.394988032,t10_41.9:0.4255997236):0.6776692689):1.059645639,t36_43.69:3.952914631):0.891538464,((((((t17_45.06:0.177956001,t23_45.07:0.187956001):0.8691610815,t90_44.21:0.1971170825):1.140445178,(t70_43.49:0.4518507384,(t93_44.32:0.06787565034,t87_44.39:0.1378756503):1.213975088):0.165711522):0.1090063918,t71_43.61:0.8465686522):2.753546275,t60_40.83:0.8201149275):0.2521516745,(t96_44.93:3.39827645,(t31_44.06:1.765975583,t52_43.67:1.375975583):0.7623008668):1.773990152):0.912186493):4.085640846,t94_35.96:1.200093941):3.067922604,((t78_39.05:3.230393548,t62_36.91:1.090393548):1.687843131,((t30_41.4:0.8266657255,t86_41.2:0.6266657255):4.320687457,t91_36.74:0.4873531827):2.120883496):2.439779867):0.6106047526,t100_34.88:3.798621298):1.519777523):0.6969763008,t69_29.82:0.9553751216):0.1507879291,t81_30.03:1.316163051):0.2083043009,t26_28.51:0.004467351709):0.1992382613,((((((((((((t12_44.47:0.3017537441,t48_44.79:0.6217537441):0.03189481797,t99_44.86:0.7236485621):1.114022968,(t51_44.45:0.4077024631,t59_44.85:0.8077024631):1.019969067):0.9561252456,(((t54_44.06:1.357155503,t5_43.5:0.7971555031):0.3072727686,t80_43.53:1.134428272):0.04883793261,t34_43.16:0.8132662043):0.2805305715):0.2115660254,t25_42.44:0.5853628012):3.736271387,t73_40.33:2.211634189):1.659049973,t49_38.05:1.590684162):0.310428833,(((t15_39.23:1.819870551,(t84_40.1:1.501557794,t75_39.47:0.8715577944):1.188312756):0.4750152731,t67_37.02:0.08488582391):0.5907162699,t18_36.36:0.01560209383):0.195510901):2.271004159,(((((t88_40.76:0.1080437955,t33_41.13:0.4780437955):1.634925536,(t89_40.79:0.7091970031,t83_40.09:0.009197003087):1.063772328):0.8297808103,(((t85_43.12:2.151793745,t98_41.23:0.2617937449):0.1074151299,(t47_42.22:0.2602013059,t92_42.09:0.1302013059):1.099007569):0.4811548786,t13_40.86:0.4803637534):2.192386388):0.3758975711,t19_39.61:1.798647713):2.995432999,t40_35.15:0.3340807117):0.9380364417):0.8137130013,(t4_35.81:1.882251155,t45_37.38:3.452251155):0.8635789996):0.4782794514,t39_35.89:3.304109606):0.4558644422,(t46_34.98:0.3120414091,t7_34.75:0.08204140908):2.537932639):3.823731565):1.405783761,t38_30.2:3.299489374):0.9191526264,t56_26.22:0.2386420004):2.689878017,(t53_27.72:1.450069032,t42_27.04:0.7700690319):2.978450985):0.2646174593):1.227983281,(((((t55_29.91:0.2491808309,((t11_32.94:1.356176067,t95_33.51:1.926176067):0.04031696612,t6_32.29:0.7464930326):1.882687798):3.144326671,t3_27.67:1.153507501):0.089199015,t43_27.02:0.5927065165):0.6595363105,t79_27.67:1.902242827):1.597577344,(t37_27.97:1.598643604,(t27_29.6:2.381669653,t22_28.36:1.141669653):0.8469739501):2.201176567):2.371300587):0.1443065086,t82_25.09:3.435427266):0.8240950463,t68_21.78:0.9495223121):24.04186702,((t63_24.77:6.916150161,t20_26.8:8.946150161):8.961499821,(t8_27.86:1.893398734,t29_28.5:2.533398734):17.07425125):12.10373935):15.07462058,(((((t41_31.76:3.207724034,t65_29.08:0.5277240339):0.2138746724,t14_28.86:0.5215987063):3.361180575,((t97_27.1:0.3537988645,t64_27:0.2537988645):0.894858341,t76_26.34:0.4886572055):0.8741220763):1.641713281,t32_26.02:2.684492563):3.238934194,(t9_24.76:0.6072504002,t72_24.61:0.4572504002):4.056176357):38.38258315):0;" spec="beast.util.TreeParser">
#                    <taxonset id="TaxonSet.dummy_aln" spec="beast.evolution.alignment.TaxonSet">
#                        <taxon id="t1_30.14" spec="beast.evolution.alignment.Taxon"/>
#                        <taxon id="t58_30.36" spec="beast.evolution.alignment.Taxon"/>
#                        <taxon id="t50_28.08" spec="beast.evolution.alignment.Taxon"/>
#                        <taxon id="t66_26.77" spec="beast.evolution.alignment.Taxon"/>
#                        <taxon id="t2_27.38" spec="beast.evolution.alignment.Taxon"/>
#                        <taxon id="t77_32.49" spec="beast.evolution.alignment.Taxon"/>
#                        <taxon id="t16_44.51" spec="beast.evolution.alignment.Taxon"/>
#                        <taxon id="t24_44.28" spec="beast.evolution.alignment.Taxon"/>
#                        <taxon id="t21_44.49" spec="beast.evolution.alignment.Taxon"/>
#                        <taxon id="t61_43.44" spec="beast.evolution.alignment.Taxon"/>
#                        <taxon id="t74_42.49" spec="beast.evolution.alignment.Taxon"/>
#                        <taxon id="t28_44.36" spec="beast.evolution.alignment.Taxon"/>
#                        <taxon id="t35_43.64" spec="beast.evolution.alignment.Taxon"/>
#                        <taxon id="t57_42.88" spec="beast.evolution.alignment.Taxon"/>
#                        <taxon id="t44_42.31" spec="beast.evolution.alignment.Taxon"/>
#                        <taxon id="t10_41.9" spec="beast.evolution.alignment.Taxon"/>
#                        <taxon id="t36_43.69" spec="beast.evolution.alignment.Taxon"/>
#                        <taxon id="t17_45.06" spec="beast.evolution.alignment.Taxon"/>
#                        <taxon id="t23_45.07" spec="beast.evolution.alignment.Taxon"/>
#                        <taxon id="t90_44.21" spec="beast.evolution.alignment.Taxon"/>
#                        <taxon id="t70_43.49" spec="beast.evolution.alignment.Taxon"/>
#                        <taxon id="t93_44.32" spec="beast.evolution.alignment.Taxon"/>
#                        <taxon id="t87_44.39" spec="beast.evolution.alignment.Taxon"/>
#                        <taxon id="t71_43.61" spec="beast.evolution.alignment.Taxon"/>
#                        <taxon id="t60_40.83" spec="beast.evolution.alignment.Taxon"/>
#                        <taxon id="t96_44.93" spec="beast.evolution.alignment.Taxon"/>
#                        <taxon id="t31_44.06" spec="beast.evolution.alignment.Taxon"/>
#                        <taxon id="t52_43.67" spec="beast.evolution.alignment.Taxon"/>
#                        <taxon id="t94_35.96" spec="beast.evolution.alignment.Taxon"/>
#                        <taxon id="t78_39.05" spec="beast.evolution.alignment.Taxon"/>
#                        <taxon id="t62_36.91" spec="beast.evolution.alignment.Taxon"/>
#                        <taxon id="t30_41.4" spec="beast.evolution.alignment.Taxon"/>
#                        <taxon id="t86_41.2" spec="beast.evolution.alignment.Taxon"/>
#                        <taxon id="t91_36.74" spec="beast.evolution.alignment.Taxon"/>
#                        <taxon id="t100_34.88" spec="beast.evolution.alignment.Taxon"/>
#                        <taxon id="t69_29.82" spec="beast.evolution.alignment.Taxon"/>
#                        <taxon id="t81_30.03" spec="beast.evolution.alignment.Taxon"/>
#                        <taxon id="t26_28.51" spec="beast.evolution.alignment.Taxon"/>
#                        <taxon id="t12_44.47" spec="beast.evolution.alignment.Taxon"/>
#                        <taxon id="t48_44.79" spec="beast.evolution.alignment.Taxon"/>
#                        <taxon id="t99_44.86" spec="beast.evolution.alignment.Taxon"/>
#                        <taxon id="t51_44.45" spec="beast.evolution.alignment.Taxon"/>
#                        <taxon id="t59_44.85" spec="beast.evolution.alignment.Taxon"/>
#                        <taxon id="t54_44.06" spec="beast.evolution.alignment.Taxon"/>
#                        <taxon id="t5_43.5" spec="beast.evolution.alignment.Taxon"/>
#                        <taxon id="t80_43.53" spec="beast.evolution.alignment.Taxon"/>
#                        <taxon id="t34_43.16" spec="beast.evolution.alignment.Taxon"/>
#                        <taxon id="t25_42.44" spec="beast.evolution.alignment.Taxon"/>
#                        <taxon id="t73_40.33" spec="beast.evolution.alignment.Taxon"/>
#                        <taxon id="t49_38.05" spec="beast.evolution.alignment.Taxon"/>
#                        <taxon id="t15_39.23" spec="beast.evolution.alignment.Taxon"/>
#                        <taxon id="t84_40.1" spec="beast.evolution.alignment.Taxon"/>
#                        <taxon id="t75_39.47" spec="beast.evolution.alignment.Taxon"/>
#                        <taxon id="t67_37.02" spec="beast.evolution.alignment.Taxon"/>
#                        <taxon id="t18_36.36" spec="beast.evolution.alignment.Taxon"/>
#                        <taxon id="t88_40.76" spec="beast.evolution.alignment.Taxon"/>
#                        <taxon id="t33_41.13" spec="beast.evolution.alignment.Taxon"/>
#                        <taxon id="t89_40.79" spec="beast.evolution.alignment.Taxon"/>
#                        <taxon id="t83_40.09" spec="beast.evolution.alignment.Taxon"/>
#                        <taxon id="t85_43.12" spec="beast.evolution.alignment.Taxon"/>
#                        <taxon id="t98_41.23" spec="beast.evolution.alignment.Taxon"/>
#                        <taxon id="t47_42.22" spec="beast.evolution.alignment.Taxon"/>
#                        <taxon id="t92_42.09" spec="beast.evolution.alignment.Taxon"/>
#                        <taxon id="t13_40.86" spec="beast.evolution.alignment.Taxon"/>
#                        <taxon id="t19_39.61" spec="beast.evolution.alignment.Taxon"/>
#                        <taxon id="t40_35.15" spec="beast.evolution.alignment.Taxon"/>
#                        <taxon id="t4_35.81" spec="beast.evolution.alignment.Taxon"/>
#                        <taxon id="t45_37.38" spec="beast.evolution.alignment.Taxon"/>
#                        <taxon id="t39_35.89" spec="beast.evolution.alignment.Taxon"/>
#                        <taxon id="t46_34.98" spec="beast.evolution.alignment.Taxon"/>
#                        <taxon id="t7_34.75" spec="beast.evolution.alignment.Taxon"/>
#                        <taxon id="t38_30.2" spec="beast.evolution.alignment.Taxon"/>
#                        <taxon id="t56_26.22" spec="beast.evolution.alignment.Taxon"/>
#                        <taxon id="t53_27.72" spec="beast.evolution.alignment.Taxon"/>
#                        <taxon id="t42_27.04" spec="beast.evolution.alignment.Taxon"/>
#                        <taxon id="t55_29.91" spec="beast.evolution.alignment.Taxon"/>
#                        <taxon id="t11_32.94" spec="beast.evolution.alignment.Taxon"/>
#                        <taxon id="t95_33.51" spec="beast.evolution.alignment.Taxon"/>
#                        <taxon id="t6_32.29" spec="beast.evolution.alignment.Taxon"/>
#                        <taxon id="t3_27.67" spec="beast.evolution.alignment.Taxon"/>
#                        <taxon id="t43_27.02" spec="beast.evolution.alignment.Taxon"/>
#                        <taxon id="t79_27.67" spec="beast.evolution.alignment.Taxon"/>
#                        <taxon id="t37_27.97" spec="beast.evolution.alignment.Taxon"/>
#                        <taxon id="t27_29.6" spec="beast.evolution.alignment.Taxon"/>
#                        <taxon id="t22_28.36" spec="beast.evolution.alignment.Taxon"/>
#                        <taxon id="t82_25.09" spec="beast.evolution.alignment.Taxon"/>
#                        <taxon id="t68_21.78" spec="beast.evolution.alignment.Taxon"/>
#                        <taxon id="t63_24.77" spec="beast.evolution.alignment.Taxon"/>
#                        <taxon id="t20_26.8" spec="beast.evolution.alignment.Taxon"/>
#                        <taxon id="t8_27.86" spec="beast.evolution.alignment.Taxon"/>
#                        <taxon id="t29_28.5" spec="beast.evolution.alignment.Taxon"/>
#                        <taxon id="t41_31.76" spec="beast.evolution.alignment.Taxon"/>
#                        <taxon id="t65_29.08" spec="beast.evolution.alignment.Taxon"/>
#                        <taxon id="t14_28.86" spec="beast.evolution.alignment.Taxon"/>
#                        <taxon id="t97_27.1" spec="beast.evolution.alignment.Taxon"/>
#                        <taxon id="t64_27" spec="beast.evolution.alignment.Taxon"/>
#                        <taxon id="t76_26.34" spec="beast.evolution.alignment.Taxon"/>
#                        <taxon id="t32_26.02" spec="beast.evolution.alignment.Taxon"/>
#                        <taxon id="t9_24.76" spec="beast.evolution.alignment.Taxon"/>
#                        <taxon id="t72_24.61" spec="beast.evolution.alignment.Taxon"/>
#                    </taxonset>
#                </tree>
#            </treeIntervals>
#        </distribution>
#    </distribution>
#</input>
#
Sample	posterior	likelihood	prior	TreeHeight	popSize	CoalescentConstant.
0	-366.9897049522824	-361.1155868647544	-5.874118087528019	63.35600991210001	16.33287762385337	-361.1155868647544
10000	-366.3273272342176	-360.4219838559144	-5.9053433783031775	63.35600991210001	12.680510868373345	-360.4219838559144
20000	-365.939106228451	-360.0502909599814	-5.888815268469625	63.35600991210001	14.594315262172252	-360.0502909599814
30000	-366.04318270358414	-360.1569047138158	-5.886277989768378	63.35600991210001	14.891919234938188	-360.1569047138158
40000	-365.9800006350111	-360.0922916319134	-5.887709003097726	63.35600991210001	14.723944286222748	-360.0922916319134
50000	-367.24680042683264	-361.3750418638503	-5.871758562982315	63.35600991210001	16.615367867987743	-361.3750418638503
60000	-366.1225773271109	-360.2198326547682	-5.9027446723426875	63.35600991210001	12.978628699620788	-360.2198326547682
70000	-366.135758041607	-360.251232942711	-5.884525098896021	63.35600991210001	15.098129619747837	-360.251232942711
80000	-366.11316879348334	-360.2282431519147	-5.8849256415686835	63.35600991210001	15.050965588075199	-360.2282431519147
90000	-365.8806102567922	-359.9896570915276	-5.8909531652646105	63.35600991210001	14.344358496145023	-359.9896570915276
100000	-366.2321752158798	-360.32794278452303	-5.904232431356773	63.35600991210001	12.807831525531013	-360.32794278452303
110000	-366.12526641996163	-360.240557133366	-5.884709286595617	63.35600991210001	15.076438204364822	-360.240557133366
120000	-368.13813122483424	-362.27346750477045	-5.864663720063787	63.35600991210001	17.470611189586204	-362.27346750477045
130000	-365.9840504130726	-360.08376218703916	-5.900288226033463	63.35600991210001	13.261368832486331	-360.08376218703916
140000	-365.8547954379555	-359.962186548767	-5.892608889188466	63.35600991210001	14.151276072884773	-359.962186548767
150000	-365.85501689396267	-359.9624294335217	-5.8925874604409545	63.35600991210001	14.1537722147105	-359.9624294335217
160000	-365.84753107158804	-359.9529438852798	-5.8945871863082315	63.35600991210001	13.921144627095815	-359.9529438852798
170000	-366.9159985067567	-361.04116508225223	-5.874833424504472	63.35600991210001	16.247423286001766	-361.04116508225223
180000	-367.468188417498	-361.55440536133364	-5.913783056164367	63.35600991210001	11.719273114501071	-361.55440536133364
190000	-366.2491932293536	-360.36649463913267	-5.882698590220914	63.35600991210001	15.313534608161834	-360.36649463913267
200000	-366.65769192425194	-360.780171643715	-5.877520280536966	63.35600991210001	15.927226601687304	-360.780171643715
210000	-367.76148433261443	-361.8939824660566	-5.867501866557803	63.35600991210001	17.12742946365917	-361.8939824660566
220000	-366.42508502568046	-360.5448110435598	-5.88027398212067	63.35600991210001	15.600324298264484	-360.5448110435598
230000	-366.149979896477	-360.24683667968173	-5.903143216795279	63.35600991210001	12.932842287976984	-360.24683667968173
240000	-365.96140532948476	-360.0732167339122	-5.888188595572569	63.35600991210001	14.667722826610913	-360.0732167339122
250000	-365.8634553779347	-359.9715386254361	-5.891916752498599	63.35600991210001	14.231936793951656	-359.9715386254361
260000	-366.53567763055077	-360.6567628017706	-5.87891482878016	63.35600991210001	15.761515969552711	-360.6567628017706
270000	-365.92649958351	-360.0276400912478	-5.898859492262224	63.35600991210001	13.426242651775858	-360.0276400912478
280000	-366.6804265507876	-360.7717905519661	-5.908635998821513	63.35600991210001	12.304244158710985	-360.7717905519661
290000	-366.0151980735776	-360.11427027592214	-5.900927797655451	63.35600991210001	13.18766464808278	-360.11427027592214
300000	-366.2123619800434	-360.32909928078686	-5.883262699256536	63.35600991210001	15.246949309918897	-360.32909928078686
310000	-365.8470522799409	-359.95314723201557	-5.893905047925343	63.35600991210001	14.000426892620085	-359.95314723201557
320000	-365.8506108924265	-359.9575199988983	-5.893090893528188	63.35600991210001	14.095148642765949	-359.9575199988983
330000	-366.1679115000845	-360.26451803759767	-5.903393462486786	63.35600991210001	12.904105344279102	-360.26451803759767
340000	-366.23301934166756	-360.35007600876713	-5.88294333290042	63.35600991210001	15.284639679966395	-360.35007600876713
350000	-365.8821995991237	-359.9913218702241	-5.8908777288995955	63.35600991210001	14.353165883748956	-359.9913218702241
360000	-366.2440445259899	-360.3396657881857	-5.90437873780421	63.35600991210001	12.791053370488909	-360.3396657881857
370000	-366.9622917531406	-361.08790989375797	-5.8743818593826544	63.35600991210001	16.301357216512713	-361.08790989375797
380000	-366.3089298001797	-360.4270992658729	-5.8818305343068165	63.35600991210001	15.416099036039679	-360.4270992658729
390000	-365.8491796017686	-359.955863001416	-5.893316600352563	63.35600991210001	14.068878610855034	-359.955863001416
400000	-365.8710049930721	-359.9742370416828	-5.896767951389307	63.35600991210001	13.668171315957482	-359.9742370416828
410000	-366.4666929362431	-360.5869425070552	-5.879750429187856	63.35600991210001	15.662379687936141	-360.5869425070552
420000	-365.9827292963362	-360.08246982664167	-5.900259469694501	63.35600991210001	13.264684182077591	-360.08246982664167
430000	-365.8589655633912	-359.96295645714486	-5.896009106246389	63.35600991210001	13.75611476126265	-359.96295645714486
440000	-365.8500826952337	-359.9549717262657	-5.895110968968007	63.35600991210001	13.860316952609748	-359.9549717262657
450000	-365.9114156918595	-360.0130162914901	-5.8983994003693665	63.35600991210001	13.479403472167064	-360.0130162914901
460000	-365.8886380131038	-359.9910565505895	-5.897581462514248	63.35600991210001	13.573991955952982	-359.9910565505895
470000	-365.90344019979307	-360.0053069714284	-5.898133228364664	63.35600991210001	13.510172948271	-360.0053069714284
480000	-365.88027727746663	-359.983053416157	-5.897223861309595	63.35600991210001	13.615378438424512	-359.983053416157
490000	-366.2639453441555	-360.35932661804003	-5.9046187261154515	63.35600991210001	12.763538938963434	-360.35932661804003
500000	-365.94828873783376	-360.0488390404195	-5.899449697414255	63.35600991210001	13.358095794068452	-360.0488390404195
510000	-366.8165412919185	-360.940709444346	-5.8758318475724955	63.35600991210001	16.128296979287263	-360.940709444346
520000	-366.19338277106107	-360.2896466427659	-5.9037361282951855	63.35600991210001	12.864770717875357	-360.2896466427659
530000	-366.81123885792624	-360.93535261407993	-5.875886243846326	63.35600991210001	16.121811577316304	-360.93535261407993
540000	-366.91254174391946	-361.0376742805705	-5.874867463348975	63.35600991210001	16.24335917000835	-361.0376742805705
550000	-367.8814976552108	-361.96561732008223	-5.915880335128597	63.35600991210001	11.482022624120813	-361.96561732008223
560000	-367.9938843774615	-362.1281561481242	-5.865728229337247	63.35600991210001	17.341726349447306	-362.1281561481242
570000	-366.0463074089843	-360.1600941328169	-5.886213276167449	63.35600991210001	14.899523271055127	-360.1600941328169
580000	-366.1395901953126	-360.2365956820025	-5.902994513310124	63.35600991210001	12.949923134168378	-360.2365956820025
590000	-366.048105127	-360.1619288696863	-5.8861762573137	63.35600991210001	14.903873399438911	-360.1619288696863
600000	-367.3522407913151	-361.4813986869429	-5.870842104372231	63.35600991210001	16.725347772630414	-361.4813986869429
610000	-366.4866915861557	-360.6071873588154	-5.8795042273403215	63.35600991210001	15.691577152984529	-360.6071873588154
620000	-365.86179494866235	-359.96976267839443	-5.892032270267932	63.35600991210001	14.218469228490926	-359.96976267839443
630000	-366.0405110344328	-360.1391087956578	-5.901402238775019	63.35600991210001	13.133030491186638	-360.1391087956578
640000	-365.9056155438296	-360.007407878053	-5.898207665776548	63.35600991210001	13.501566883118176	-360.007407878053
650000	-366.1508582073666	-360.2665929456606	-5.884265261705987	63.35600991210001	15.128739550632059	-360.2665929456606
660000	-366.061824436137	-360.16004795798335	-5.901776478153642	63.35600991210001	13.08995927271947	-360.16004795798335
670000	-366.8355686081948	-360.95993094473863	-5.875637663456194	63.35600991210001	16.151452694345394	-360.95993094473863
680000	-365.85386344938195	-359.9611609710387	-5.892702478343288	63.35600991210001	14.140375128873943	-359.9611609710387
690000	-368.8387100217056	-362.97890308310326	-5.859806938602324	63.35600991210001	18.061215604628437	-362.97890308310326
700000	-365.96990966432986	-360.08194462692194	-5.887965037407923	63.35600991210001	14.69392539623463	-360.08194462692194
710000	-366.0523477418029	-360.16625824770233	-5.886089494100597	63.35600991210001	14.91406991660341	-360.16625824770233
720000	-366.2941754589967	-360.4121354036333	-5.88204005536339	63.35600991210001	15.391331865981178	-360.4121354036333
730000	-367.2452679238512	-361.33275319425843	-5.912514729592788	63.35600991210001	11.863059912426717	-361.33275319425843
740000	-366.8245633771946	-360.9488135910534	-5.875749786141161	63.35600991210001	16.13808171185242	-360.9488135910534
750000	-366.3296430678304	-360.44810174256367	-5.8815413252666975	63.35600991210001	15.450297921999303	-360.44810174256367
760000	-366.0889792818339	-360.20360709943833	-5.885372182395535	63.35600991210001	14.998416108548785	-360.20360709943833
770000	-368.1926390017303	-362.27534749674226	-5.917291504988018	63.35600991210001	11.322744088999476	-362.27534749674226
780000	-366.03755032190986	-360.15115446741964	-5.886395854490244	63.35600991210001	14.87807153294988	-360.15115446741964
790000	-365.94274138802894	-360.05403281706936	-5.888708570959576	63.35600991210001	14.60680919806171	-360.05403281706936
800000	-366.1815578821346	-360.27797905564523	-5.903578826489352	63.35600991210001	12.882825195419965	-360.27797905564523
810000	-366.0128822926552	-360.12595004924304	-5.886932243412135	63.35600991210001	14.815080651635247	-360.12595004924304
820000	-365.8629406597875	-359.9666501089677	-5.896290550819818	63.35600991210001	13.72348736451455	-359.9666501089677
830000	-365.87484377347033	-359.9836012659108	-5.891242507559511	63.35600991210001	14.310585441754025	-359.9836012659108
840000	-365.9288153304057	-360.0298893813243	-5.898925949081395	63.35600991210001	13.418566668294202	-360.0298893813243
850000	-366.8263760544532	-360.91661882747906	-5.909757226974149	63.35600991210001	12.176482901060615	-360.91661882747906
860000	-365.8494068058027	-359.9561299102643	-5.893276895538401	63.35600991210001	14.073499274596625	-359.9561299102643
870000	-366.6841529051069	-360.7754869277041	-5.908665977402808	63.35600991210001	12.300825749606558	-360.7754869277041
880000	-365.9705073451379	-360.07052125912753	-5.899986086010336	63.35600991210001	13.296209215793555	-360.07052125912753
890000	-366.2153682863145	-360.31134733870385	-5.904020947610681	63.35600991210001	12.832089801588545	-360.31134733870385
900000	-365.8477735404177	-359.9531129413417	-5.894660599075941	63.35600991210001	13.91261650123445	-359.9531129413417
910000	-365.9173635037246	-360.01877659932734	-5.898586904397258	63.35600991210001	13.45773457962933	-360.01877659932734
920000	-366.2992853448676	-360.41731819508857	-5.881967149779042	63.35600991210001	15.399949103292201	-360.41731819508857
930000	-365.84706248317747	-359.9531636188434	-5.893898864334071	63.35600991210001	14.001145921436024	-359.9531636188434
940000	-365.85235880350797	-359.9569538006375	-5.895405002870456	63.35600991210001	13.82618916658127	-359.9569538006375
950000	-366.8148746800993	-360.939025748586	-5.875848931513278	63.35600991210001	16.12626009047727	-360.939025748586
960000	-367.2995285923946	-361.3866945860715	-5.912834006323125	63.35600991210001	11.826842278348577	-361.3866945860715
970000	-365.847869549449	-359.95318263743286	-5.894686912016136	63.35600991210001	13.909560016994748	-359.95318263743286
980000	-366.4823988886551	-360.57548232763	-5.90691656102505	63.35600991210001	12.500532363643902	-360.57548232763
990000	-366.4699149285069	-360.5902043950465	-5.879710533460387	63.35600991210001	15.667110298813622	-360.5902043950465
1000000	-365.847296902622	-359.9527947375926	-5.894502165029412	63.35600991210001	13.931022332474823	-359.9527947375926
1010000	-366.9845650621125	-361.11039771744197	-5.87416734467051	63.35600991210001	16.326990555168226	-361.11039771744197
1020000	-366.0766021396974	-360.17457778923495	-5.902024350462451	63.35600991210001	13.061443390209531	-360.17457778923495
1030000	-365.88069820400517	-359.98974925746006	-5.890948946545096	63.35600991210001	14.344851018478542	-359.98974925746006
1040000	-365.9942088064268	-360.1068453341111	-5.887363472315689	63.35600991210001	14.764473002987126	-360.1068453341111
1050000	-365.94438038492723	-360.04503125431233	-5.899349130614884	63.35600991210001	13.369703749540397	-360.04503125431233
1060000	-367.92194970471854	-362.0556806179023	-5.86626908681625	63.35600991210001	17.276319276341933	-362.0556806179023
1070000	-367.3298743628344	-361.45884004455377	-5.8710343182806435	63.35600991210001	16.702269047965117	-361.45884004455377
1080000	-366.6053103781721	-360.69729588822906	-5.9080144899430085	63.35600991210001	12.375143851730702	-360.69729588822906
1090000	-365.84702302842226	-359.9526588938505	-5.894364134571759	63.35600991210001	13.947061017186144	-359.9526588938505
1100000	-365.96844667628227	-360.06850807252715	-5.899938603755097	63.35600991210001	13.301685764677831	-360.06850807252715
1110000	-365.8655187676943	-359.9737379498623	-5.891780817832027	63.35600991210001	14.247787359245052	-359.9737379498623
1120000	-365.8948595549249	-359.997035518049	-5.897824036875889	63.35600991210001	13.545929224457588	-359.997035518049
1130000	-366.5937576721628	-360.68584184845173	-5.907915823711036	63.35600991210001	12.386404648790736	-360.68584184845173
1140000	-365.97107023451866	-360.08313513384724	-5.887935100671437	63.35600991210001	14.697434800743132	-360.08313513384724
1150000	-365.8841128461946	-359.99332378045926	-5.890789065735355	63.35600991210001	14.36351869178758	-359.99332378045926
1160000	-365.8775789313385	-359.98048017240734	-5.897098758931188	63.35600991210001	13.629861672170101	-359.98048017240734
1170000	-365.90861933698307	-360.01881524797403	-5.8898040890090115	63.35600991210001	14.478614391925602	-360.01881524797403
1180000	-365.8695965196082	-359.97290526660805	-5.89669125300017	63.35600991210001	13.677055911257813	-359.97290526660805
1190000	-365.9041158132602	-360.0141472508304	-5.88996856242981	63.35600991210001	14.45938470679025	-360.0141472508304
1200000	-366.0261123314272	-360.13947204432026	-5.886640287106978	63.35600991210001	14.849360787576662	-360.13947204432026
1210000	-365.8490294138605	-359.95568550034005	-5.893343913520432	63.35600991210001	14.065700174183299	-359.95568550034005
1220000	-366.59400254998803	-360.68608462588577	-5.90791792410225	63.35600991210001	12.386164915638329	-360.68608462588577
1230000	-367.68716171651437	-361.7722315575906	-5.914930158923785	63.35600991210001	11.589430526546096	-361.7722315575906
1240000	-366.282357025565	-360.377521848195	-5.9048351773700105	63.35600991210001	12.738730449615057	-360.377521848195
1250000	-365.8546304801556	-359.95898934691434	-5.895641133241274	63.35600991210001	13.798791882188796	-359.95898934691434
1260000	-365.914148972645	-360.0245391595032	-5.889609813141791	63.35600991210001	14.501334051456984	-360.0245391595032
1270000	-366.37076942470094	-360.4897865625863	-5.880982862114644	63.35600991210001	15.516375205383188	-360.4897865625863
1280000	-366.34815318140375	-360.44258342873565	-5.905569752668077	63.35600991210001	12.654589877279356	-360.44258342873565
1290000	-365.84751067026474	-359.9538046367215	-5.89370603354326	63.35600991210001	14.02357132905606	-359.9538046367215
1300000	-366.1356852066829	-360.23274732607644	-5.90293788060648	63.35600991210001	12.956429138768023	-360.23274732607644
1310000	-366.9674854110946	-361.0931537278879	-5.87433168320666	63.35600991210001	16.307352292582365	-361.0931537278879
1320000	-367.11727458991527	-361.24435147492795	-5.872923114987304	63.35600991210001	16.47582436269844	-361.24435147492795
1330000	-366.7358065121922	-360.8267326518428	-5.909073860349409	63.35600991210001	12.254328749887106	-360.8267326518428
1340000	-366.3256450787553	-360.42032022188477	-5.9053248568705525	63.35600991210001	12.682632005105786	-360.42032022188477
1350000	-366.7144454328617	-360.8375431451385	-5.876902287723197	63.35600991210001	16.00076565462836	-360.8375431451385
1360000	-366.0112190014735	-360.124249298209	-5.886969703264487	63.35600991210001	14.810683290482602	-360.124249298209
1370000	-365.9867937478484	-360.099251997298	-5.887541750550466	63.35600991210001	14.74355961480657	-360.099251997298
1380000	-365.94058054209864	-360.04133123926215	-5.8992493028365	63.35600991210001	13.381227941775157	-360.04133123926215
1390000	-365.94696681654983	-360.0583798864083	-5.888586930141497	63.35600991210001	14.6210551776689	-360.0583798864083
1400000	-366.08796229803215	-360.2025709044968	-5.885391393535366	63.35600991210001	14.996156046611382	-360.2025709044968
1410000	-366.0052008154982	-360.1180940740373	-5.88710674146092	63.35600991210001	14.794598496555835	-360.1180940740373
1420000	-366.1838259807422	-360.3001084421437	-5.883717538598474	63.35600991210001	15.193299863075625	-360.3001084421437
1430000	-365.84715461116247	-359.95271593704626	-5.8944386741161905	63.35600991210001	13.93839939631303	-359.95271593704626
1440000	-366.087808083052	-360.2024137731046	-5.8853943099474	63.35600991210001	14.995812955521284	-360.2024137731046
1450000	-365.8825770668588	-359.9917170110603	-5.890860055798492	63.35600991210001	14.355229394232385	-359.9917170110603
1460000	-365.9130001336729	-360.0145499332849	-5.89845020038795	63.35600991210001	13.473532234906692	-360.0145499332849
1470000	-367.13208993016923	-361.2593023651327	-5.872787565036481	63.35600991210001	16.49205476797823	-361.2593023651327
1480000	-366.085586034552	-360.2001496072032	-5.885436427348847	63.35600991210001	14.990858355576481	-360.2001496072032
1490000	-366.6811872551704	-360.80392496608346	-5.87726228908693	63.35600991210001	15.957918886528498	-360.80392496608346
1500000	-366.6746155592022	-360.7972814226296	-5.877334136572603	63.35600991210001	15.94937033194349	-360.7972814226296
1510000	-366.16142384825207	-360.25812002163207	-5.903303826620005	63.35600991210001	12.91439758177698	-360.25812002163207
1520000	-366.1399402594479	-360.2554877318343	-5.884452527613564	63.35600991210001	15.106677715994621	-360.2554877318343
1530000	-366.0918378883125	-360.2065195085973	-5.885318379715204	63.35600991210001	15.004745953383994	-360.2065195085973
1540000	-365.87667869685316	-359.9855311591096	-5.891147537743582	63.35600991210001	14.321669186331807	-359.9855311591096
1550000	-366.580006367409	-360.7016095356842	-5.8783968317248	63.35600991210001	15.823030164773005	-360.7016095356842
1560000	-365.9545479718528	-360.066173347925	-5.888374623927828	63.35600991210001	14.64592514295942	-360.066173347925
1570000	-367.9761554811639	-362.11029459473843	-5.865860886425457	63.35600991210001	17.32567904933316	-362.11029459473843
1580000	-366.1583662561792	-360.25510502459633	-5.903261231582833	63.35600991210001	12.91928888782904	-360.25510502459633
1590000	-366.9574263301139	-361.046742444382	-5.910683885731865	63.35600991210001	12.071032470624186	-361.046742444382
1600000	-365.9250023938923	-360.0261864073748	-5.898815986517575	63.35600991210001	13.43126807850176	-360.0261864073748
1610000	-365.8592056984007	-359.9669799058458	-5.892225792554875	63.35600991210001	14.195912292931974	-359.9669799058458
1620000	-365.90645155361926	-360.0165690396811	-5.889882513938154	63.35600991210001	14.469444670879176	-360.0165690396811
1630000	-366.3220274649892	-360.4403804566585	-5.881647008330706	63.35600991210001	15.437799326419837	-360.4403804566585
1640000	-366.5438456758732	-360.66502734510306	-5.878818330770127	63.35600991210001	15.772972084091371	-360.66502734510306
1650000	-366.0224958706165	-360.12142758892355	-5.901068281692955	63.35600991210001	13.171483658858898	-360.12142758892355
1660000	-366.2421828317309	-360.35937871096286	-5.8828041207680375	63.35600991210001	15.301074200994359	-360.35937871096286
1670000	-366.1709790189303	-360.28705105772235	-5.883927961207963	63.35600991210001	15.168491465116702	-360.28705105772235
1680000	-365.8494542903003	-359.95444217815026	-5.8950121121500025	63.35600991210001	13.871794055926257	-359.95444217815026
1690000	-367.143067883464	-361.23117517718225	-5.911892706281762	63.35600991210001	11.933662834315884	-361.23117517718225
1700000	-369.4777195228917	-363.55560104096264	-5.9221184819290595	63.35600991210001	10.780073667784762	-363.55560104096264
1710000	-366.01797710372955	-360.13115852895015	-5.886818574779393	63.35600991210001	14.828425447614453	-360.13115852895015
1720000	-366.01192446734734	-360.1249706737176	-5.886953793629734	63.35600991210001	14.81255087315152	-360.1249706737176
1730000	-367.7120014296976	-361.84411153826795	-5.867889891429646	63.35600991210001	17.080620813119765	-361.84411153826795
1740000	-365.96544816139584	-360.07736678318304	-5.8880813782127905	63.35600991210001	14.680288441647098	-360.07736678318304
1750000	-365.9023524620235	-360.01231781615	-5.8900346458734765	63.35600991210001	14.451659667681131	-360.01231781615
1760000	-366.76429145864023	-360.88791802469683	-5.876373433943411	63.35600991210001	16.063748624250945	-360.88791802469683
1770000	-365.9013121071421	-360.01123799926495	-5.890074107877153	63.35600991210001	14.447046961032495	-360.01123799926495
1780000	-365.8586622008385	-359.96267639299225	-5.8959858078462615	63.35600991210001	13.758816258878108	-359.96267639299225
1790000	-365.89492560087393	-360.00460084719174	-5.890324753682179	63.35600991210001	14.417754821526806	-360.00460084719174
1800000	-366.04848981245425	-360.1623214567487	-5.886168355705547	63.35600991210001	14.90480195536493	-360.1623214567487
1810000	-366.72904820221686	-360.85230213918805	-5.876746063028787	63.35600991210001	16.019366061451567	-360.85230213918805
1820000	-366.0121712578072	-360.1252230223023	-5.886948235504909	63.35600991210001	14.813203333832904	-360.1252230223023
1830000	-366.26512470425916	-360.3604919566912	-5.90463274756796	63.35600991210001	12.761931661092405	-360.3604919566912
1840000	-366.8302885023163	-360.9545971096431	-5.87569139267322	63.35600991210001	16.14504505034234	-360.9545971096431
1850000	-366.6961028877486	-360.8190027873312	-5.87710010041741	63.35600991210001	15.977219609840853	-360.8190027873312
1860000	-365.8634481172063	-359.9715308722126	-5.891917244993689	63.35600991210001	14.231879372237081	-359.9715308722126
1870000	-367.34511831703196	-361.43202152440415	-5.91309679262784	63.35600991210001	11.797043877761551	-361.43202152440415
1880000	-368.16568337157935	-362.24850934685105	-5.917174024728325	63.35600991210001	11.335993149918968	-362.24850934685105
1890000	-365.8999101511647	-360.00978228768656	-5.890127863478152	63.35600991210001	14.440763878423112	-360.00978228768656
1900000	-366.074205417858	-360.18855039610423	-5.885655021753802	63.35600991210001	14.965148020233741	-360.18855039610423
1910000	-366.82650712998367	-360.9167489411629	-5.90975818882079	63.35600991210001	12.176373380732482	-360.9167489411629
1920000	-368.2818864751482	-362.41825913501043	-5.8636273401377705	63.35600991210001	17.596283949689962	-362.41825913501043
1930000	-366.34434007693966	-360.4388113742055	-5.905528702734178	63.35600991210001	12.659289727938022	-360.4388113742055
1940000	-366.91818379653944	-361.0433718672265	-5.874811929312927	63.35600991210001	16.249989836399035	-361.0433718672265
1950000	-365.84767636312523	-359.95402287259134	-5.893653490533909	63.35600991210001	14.029682873547024	-359.95402287259134
1960000	-366.9385094156405	-361.02795519370494	-5.910554221935551	63.35600991210001	12.08578013281504	-361.02795519370494
1970000	-366.2944718829742	-360.4124360669166	-5.882035816057632	63.35600991210001	15.391832916098716	-360.4124360669166
1980000	-366.2489513938639	-360.36624917693564	-5.882702216928222	63.35600991210001	15.313106358131417	-360.36624917693564
1990000	-365.9604963265017	-360.07228337938074	-5.888212947120936	63.35600991210001	14.66486914193292	-360.07228337938074
2000000	-365.8708740521858	-359.9794151107139	-5.891458941471885	63.35600991210001	14.285331211148971	-359.9794151107139
2010000	-366.2048793526139	-360.30099308833644	-5.903886264277419	63.35600991210001	12.847542193618594	-360.30099308833644
2020000	-365.85158394112705	-359.9586224490199	-5.892961492107105	63.35600991210001	14.110213306314384	-359.9586224490199
2030000	-367.27447953468635	-361.40296413617585	-5.8715153985105	63.35600991210001	16.644534754134416	-361.40296413617585
2040000	-366.0494614646778	-360.16331303616175	-5.886148428516023	63.35600991210001	14.90714374011659	-360.16331303616175
2050000	-366.45157117140826	-360.57163228526025	-5.879938886148009	63.35600991210001	15.640037108205762	-360.57163228526025
2060000	-366.3134017892813	-360.4082128426864	-5.905188946594875	63.35600991210001	12.69819848340913	-360.4082128426864
2070000	-365.93798968803264	-360.049141248512	-5.888848439520621	63.35600991210001	14.590431411011485	-360.049141248512
2080000	-365.9553368501298	-360.0669839063603	-5.88835294376951	63.35600991210001	14.648465206916669	-360.0669839063603
2090000	-365.8476164366317	-359.95300208568716	-5.894614350944531	63.35600991210001	13.91798889991396	-359.95300208568716
2100000	-366.6602725784835	-360.7518000686543	-5.908472509829195	63.35600991210001	12.322888889239678	-360.7518000686543
2110000	-365.8840791042797	-359.98668750792916	-5.8973915963505394	63.35600991210001	13.595963386219621	-359.98668750792916
2120000	-367.1132677143564	-361.24030782962404	-5.87295988473239	63.35600991210001	16.471422191009804	-361.24030782962404
2130000	-365.848051134028	-359.95331768337877	-5.894733450649265	63.35600991210001	13.904154402607626	-359.95331768337877
2140000	-370.76778207552843	-364.9196429644008	-5.8481391111276135	63.35600991210001	19.497777430079655	-364.9196429644008
2150000	-367.1215411895674	-361.24865717618803	-5.872884013379341	63.35600991210001	16.480505965783433	-361.24865717618803
2160000	-365.85230761273425	-359.95943397290785	-5.892873639826398	63.35600991210001	14.120442405234286	-359.95943397290785
2170000	-366.5105793128156	-360.63136484478485	-5.879214468030727	63.35600991210001	15.72595312458731	-360.63136484478485
2180000	-366.837594837188	-360.9619777604978	-5.875617076690202	63.35600991210001	16.15390796257254	-360.9619777604978
2190000	-365.85185773766636	-359.9589302168699	-5.892927520796487	63.35600991210001	14.114168618598939	-359.9589302168699
2200000	-366.2974509459331	-360.4154576659869	-5.88199327994622	63.35600991210001	15.396860489287288	-360.4154576659869
2210000	-365.8731158598966	-359.98178111279026	-5.891334747106341	63.35600991210001	14.299821713887086	-359.98178111279026
2220000	-366.0715690911089	-360.1858627192395	-5.88570637186943	63.35600991210001	14.959109520576401	-360.1858627192395
2230000	-365.84700218346836	-359.9530641104863	-5.8939380729820785	63.35600991210001	13.996586836415101	-359.9530641104863
2240000	-365.9906799989953	-360.0902496404622	-5.900430358533087	63.35600991210001	13.244984082726019	-360.0902496404622
2250000	-366.55199244286626	-360.6732698760757	-5.878722566790566	63.35600991210001	15.784342596189122	-360.6732698760757
2260000	-367.20473540150493	-361.33260357760014	-5.8721318239047795	63.35600991210001	16.570616122134084	-361.33260357760014
2270000	-366.4763399737574	-360.5967087312858	-5.879631242471577	63.35600991210001	15.676512965981674	-360.5967087312858
2280000	-366.8243262006252	-360.9485739923331	-5.875752208292136	63.35600991210001	16.13779288626233	-360.9485739923331
2290000	-366.38403248461964	-360.50322557844515	-5.880806906174481	63.35600991210001	15.537204997499952	-360.50322557844515
2300000	-366.14846558486056	-360.2641595493295	-5.884306035531019	63.35600991210001	15.123935489650071	-360.2641595493295
2310000	-366.1124551627249	-360.2098631313779	-5.90259203134699	63.35600991210001	12.996171101011143	-360.2098631313779
2320000	-365.84913756744015	-359.9558134133287	-5.893324154111448	63.35600991210001	14.067999567252693	-359.9558134133287
2330000	-366.21953166116685	-360.3363807021833	-5.883150958983557	63.35600991210001	15.260134553942867	-360.3363807021833
2340000	-366.05424339819973	-360.1681924033173	-5.886050994882429	63.35600991210001	14.918594782447972	-360.1681924033173
2350000	-365.8492058579758	-359.9558939416104	-5.893311916365434	63.35600991210001	14.069423698817236	-359.9558939416104
2360000	-366.0613704271407	-360.15960170740317	-5.901768719737491	63.35600991210001	13.09085197233529	-360.15960170740317
2370000	-365.8956016534347	-359.99774979771945	-5.8978518557152455	63.35600991210001	13.54271152499846	-359.99774979771945
2380000	-367.09597378325213	-361.22285465456474	-5.873119128687417	63.35600991210001	16.45235975867986	-361.22285465456474
2390000	-366.1146769011543	-360.2120510993628	-5.902625801791516	63.35600991210001	12.992289698124747	-360.2120510993628
2400000	-365.8957189919813	-360.0054262133709	-5.890292778610359	63.35600991210001	14.421491083614377	-360.0054262133709
2410000	-365.9089963335371	-360.01920574782775	-5.8897905857093455	63.35600991210001	14.480193344865256	-360.01920574782775
2420000	-366.0516992769453	-360.16559657543263	-5.886102701512708	63.35600991210001	14.912517686801506	-360.16559657543263
2430000	-366.407963129798	-360.5274689578448	-5.880494171953235	63.35600991210001	15.574239386254721	-360.5274689578448
2440000	-366.7140588064443	-360.83715236749646	-5.876906438947827	63.35600991210001	16.00027145816914	-360.83715236749646
2450000	-366.06739709022526	-360.18160888651056	-5.885788203714692	63.35600991210001	14.949487418131612	-360.18160888651056
2460000	-366.0984329292181	-360.19605766175505	-5.9023752674631	63.35600991210001	13.021088961710298	-360.19605766175505
2470000	-365.85961544179924	-359.9635574048745	-5.896058036924746	63.35600991210001	13.750441423508486	-359.9635574048745
2480000	-366.1214352063628	-360.2366578744212	-5.884777331941557	63.35600991210001	15.068426042043447	-360.2366578744212
2490000	-366.4589534074955	-360.57910677582726	-5.8798466316683005	63.35600991210001	15.65097363033325	-360.57910677582726
2500000	-365.85232315454795	-359.9594513360988	-5.892871818449146	63.35600991210001	14.120654490572411	-359.9594513360988
2510000	-366.4926050635574	-360.5855929755885	-5.907012087968914	63.35600991210001	12.489615613214273	-360.5855929755885
2520000	-366.26019478851003	-360.355620799217	-5.904573989293062	63.35600991210001	12.76866731497243	-360.355620799217
2530000	-365.88934658652806	-359.9987893937612	-5.890557192766874	63.35600991210001	14.390599397716908	-359.9987893937612
2540000	-365.8554517173937	-359.959734085628	-5.895717631765702	63.35600991210001	13.789917924532906	-359.959734085628
2550000	-366.410131105419	-360.50391719832396	-5.906213907095017	63.35600991210001	12.580873042308115	-360.50391719832396
2560000	-366.03190698731606	-360.14539140969197	-5.886515577624073	63.35600991210001	14.864007795608627	-360.14539140969197
2570000	-367.9184857237901	-362.00243093496124	-5.916054788828878	63.35600991210001	11.462316538536724	-362.00243093496124
2580000	-365.99767218253913	-360.1103905385453	-5.8872816439938225	63.35600991210001	14.774073803676597	-360.1103905385453
2590000	-365.8489596473494	-359.9556027276706	-5.8933569196787285	63.35600991210001	14.064186687276333	-359.9556027276706
2600000	-366.36539477968336	-360.45964155540725	-5.9057532242760935	63.35600991210001	12.633587107707186	-360.45964155540725
2610000	-366.02354204457373	-360.13684584249415	-5.886696202079579	63.35600991210001	14.842794446175592	-360.13684584249415
2620000	-365.9153573921017	-360.0257890049775	-5.8895683871241875	63.35600991210001	14.506179412612116	-360.0257890049775
2630000	-365.8574711656914	-359.9615799160888	-5.895891249602593	63.35600991210001	13.76978135133498	-359.9615799160888
2640000	-366.21795051120154	-360.3138967308871	-5.904053780314417	63.35600991210001	12.828323278526668	-360.3138967308871
2650000	-365.84686698087944	-359.95266955681177	-5.894197424067677	63.35600991210001	13.966436215287088	-359.95266955681177
2660000	-366.3015705350693	-360.3965148226989	-5.905055712370362	63.35600991210001	12.713461154929732	-360.3965148226989
2670000	-366.25366472136034	-360.37103301379204	-5.882631707568316	63.35600991210001	15.321432655535315	-360.37103301379204
2680000	-368.243825471561	-362.3799259874054	-5.8638994841556125	63.35600991210001	17.563264867797155	-362.3799259874054
2690000	-367.66591483154593	-361.79765997600987	-5.868254855536089	63.35600991210001	17.036618156764398	-361.79765997600987
2700000	-367.46706562609114	-361.597193086072	-5.86987254001912	63.35600991210001	16.841858988267884	-361.597193086072
2710000	-365.8638276923866	-359.9674793778291	-5.896348314557517	63.35600991210001	13.71679243737482	-359.9674793778291
2720000	-365.9342730901321	-360.04531282060265	-5.888960269529447	63.35600991210001	14.577339032703671	-360.04531282060265
2730000	-367.05273731887524	-361.14141907939967	-5.911318239475598	63.35600991210001	11.998918156327864	-361.14141907939967
2740000	-365.964935547174	-360.06507883823224	-5.899856708941728	63.35600991210001	13.311132231529994	-360.06507883823224
2750000	-366.4290364394899	-360.548812867399	-5.8802235720908635	63.35600991210001	15.606297284915946	-360.548812867399
2760000	-365.8911258430796	-359.99344527715976	-5.8976805659197975	63.35600991210001	13.56252586672456	-359.99344527715976
2770000	-366.70877457367294	-360.83181131930195	-5.876963254370976	63.35600991210001	15.993507967751487	-360.83181131930195
2780000	-366.19215963947966	-360.30857666711034	-5.883582972369299	63.35600991210001	15.209168753156389	-360.30857666711034
2790000	-366.8148830221199	-360.9390341761487	-5.875848845971194	63.35600991210001	16.1262702893892	-360.9390341761487
2800000	-366.29929486590754	-360.41732785162867	-5.881967014278873	63.35600991210001	15.399965119852505	-360.41732785162867
2810000	-366.66340100115235	-360.75490296226275	-5.908498038889576	63.35600991210001	12.319977224362889	-360.75490296226275
2820000	-369.06807153854936	-363.2097631612817	-5.858308377267632	63.35600991210001	18.244308078902705	-363.2097631612817
2830000	-366.10214319657103	-360.2170164289559	-5.885126767615123	63.35600991210001	15.027292802646484	-360.2170164289559
2840000	-366.28873992267995	-360.38383089352385	-5.904909029156113	63.35600991210001	12.730267565054538	-360.38383089352385
2850000	-366.5353004255311	-360.6563811285702	-5.878919296960856	63.35600991210001	15.760985550863479	-360.6563811285702
2860000	-367.0521754545397	-361.1786489738445	-5.873526480695233	63.35600991210001	16.40361712341029	-361.1786489738445
2870000	-365.9923313408595	-360.09186612346184	-5.90046521739763	63.35600991210001	13.240966095182207	-360.09186612346184
2880000	-365.86953181954095	-359.9728441475	-5.896687672040972	63.35600991210001	13.67747074509363	-359.9728441475
2890000	-365.8468887475302	-359.9528405673042	-5.894048180226052	63.35600991210001	13.98378512939699	-359.9528405673042
2900000	-366.0753858058357	-360.1897536867491	-5.885632119086595	63.35600991210001	14.967841389997528	-360.1897536867491
2910000	-366.05580825433105	-360.16978891810794	-5.8860193362231	63.35600991210001	14.922315848357014	-360.16978891810794
2920000	-365.84820763716635	-359.9534368654016	-5.8947707717647395	63.35600991210001	13.899819678240464	-359.9534368654016
2930000	-365.8720828324459	-359.9752577254653	-5.896825106980577	63.35600991210001	13.661551115645684	-359.9752577254653
2940000	-368.4604475286096	-362.5980767236252	-5.862370804984438	63.35600991210001	17.74891054926096	-362.5980767236252
2950000	-366.7065582768692	-360.82957114946163	-5.876987127407572	63.35600991210001	15.990666207282855	-360.82957114946163
2960000	-366.1485183760167	-360.2453959075876	-5.903122468429121	63.35600991210001	12.93522535073589	-360.2453959075876
2970000	-365.85040382348876	-359.9572833191449	-5.8931205043438855	63.35600991210001	14.091701780198049	-359.9572833191449
2980000	-366.24027876665355	-360.3359461829049	-5.904332583748648	63.35600991210001	12.796345884374306	-360.3359461829049
2990000	-367.17886698416436	-361.30650331401193	-5.872363670152427	63.35600991210001	16.542831229466874	-361.30650331401193
3000000	-366.1539795265195	-360.2697672385244	-5.884212287995085	63.35600991210001	15.134981434949108	-360.2697672385244
3010000	-366.2603879327336	-360.37785617373015	-5.8825317590034345	63.35600991210001	15.333236767823598	-360.37785617373015
3020000	-365.89584860522336	-359.99798754083247	-5.897861064390883	63.35600991210001	13.541646418854572	-359.99798754083247
3030000	-365.942929670111	-360.04361840652007	-5.899311263590973	63.35600991210001	13.374074966184747	-360.04361840652007
3040000	-366.03907843868217	-360.15271471953906	-5.886363719143085	63.35600991210001	14.881846830382804	-360.15271471953906
3050000	-366.01307177959023	-360.12614379259725	-5.8869279869929985	63.35600991210001	14.815580321254226	-360.12614379259725
3060000	-365.84867658098955	-359.95380545813003	-5.894871122859492	63.35600991210001	13.888165311993589	-359.95380545813003
3070000	-365.984946984111	-360.09736014871515	-5.887586835395814	63.35600991210001	14.738271633393522	-360.09736014871515
3080000	-366.0874376672328	-360.18523699036234	-5.902200676870431	63.35600991210001	13.041164028298112	-360.18523699036234
3090000	-366.5339633327803	-360.62657264771826	-5.907390685061999	63.35600991210001	12.446363197268107	-360.62657264771826
3100000	-365.86326720024954	-359.96695520022695	-5.896312000022592	63.35600991210001	13.721001300452295	-359.96695520022695
3110000	-366.3577520565846	-360.4520797329231	-5.905672323661545	63.35600991210001	12.64284752021958	-360.4520797329231
3120000	-366.02856453996463	-360.1273817945264	-5.90118274543826	63.35600991210001	13.158301922924654	-360.1273817945264
3130000	-366.22631511412277	-360.34326899142343	-5.883046122699334	63.35600991210001	15.272506999608465	-360.34326899142343
3140000	-367.9225384726061	-362.0562738409971	-5.86626463160902	63.35600991210001	17.276857843012667	-362.0562738409971
3150000	-367.6288117147749	-361.76026043936633	-5.868551275408578	63.35600991210001	17.00089684631363	-361.76026043936633
3160000	-366.57187000529666	-360.6933791249882	-5.878490880308463	63.35600991210001	15.811858184694538	-360.6933791249882
3170000	-365.9345251496247	-360.0354394300216	-5.899085719603063	63.35600991210001	13.400115426139434	-360.0354394300216
3180000	-366.2957984451456	-360.4137815856698	-5.882016859475756	63.35600991210001	15.394073460189357	-360.4137815856698
3190000	-366.3349672970902	-360.42954024890565	-5.905427048184545	63.35600991210001	12.670929354334662	-360.42954024890565
3200000	-367.1306322435397	-361.218817186297	-5.91181505724274	63.35600991210001	11.942480383561085	-361.218817186297
3210000	-367.4451923381865	-361.5751372432899	-5.8700550948966095	63.35600991210001	16.819909148421175	-361.5751372432899
3220000	-367.0138496366961	-361.1399617322529	-5.873887904443156	63.35600991210001	16.360393921253852	-361.1399617322529
3230000	-365.98682962831236	-360.08648138394835	-5.900348244363986	63.35600991210001	13.254449662104028	-360.08648138394835
3240000	-365.9558236565324	-360.0674840541546	-5.88833960237779	63.35600991210001	14.650028332163433	-360.0674840541546
3250000	-365.86277906849085	-359.9664992142326	-5.896279854258231	63.35600991210001	13.724727173370587	-359.9664992142326
3260000	-366.7398697605748	-360.86323876893925	-5.8766309916354995	63.35600991210001	16.03306931383818	-360.86323876893925
3270000	-365.86830926260046	-359.97169026665676	-5.8966189959437205	63.35600991210001	13.685426867653817	-359.97169026665676
3280000	-365.8472860038432	-359.9527882965525	-5.8944977072906575	63.35600991210001	13.931540260337709	-359.9527882965525
3290000	-365.8564346889709	-359.96063022304213	-5.895804465928773	63.35600991210001	13.77984612214975	-359.96063022304213
3300000	-365.9235564811112	-360.0247829262341	-5.898773554877106	63.35600991210001	13.436169714557826	-360.0247829262341
3310000	-365.87111636484263	-359.9743424478023	-5.8967739170403055	63.35600991210001	13.667480304633564	-359.9743424478023
3320000	-366.0144724296054	-360.12757583539513	-5.886896594210274	63.35600991210001	14.819265673802784	-360.12757583539513
3330000	-365.87785132042876	-359.9807396826008	-5.897111637827954	63.35600991210001	13.628370556624363	-359.9807396826008
3340000	-365.8501785708653	-359.9550534063835	-5.895125164481788	63.35600991210001	13.85866900389522	-359.9550534063835
3350000	-366.5092674628086	-360.6021012384244	-5.907166224384241	63.35600991210001	12.472003885445075	-360.6021012384244
3360000	-366.10902479750837	-360.2240240169572	-5.885000780551222	63.35600991210001	15.042120864694589	-360.2240240169572
3370000	-366.0214308085188	-360.1203828324567	-5.901047976062118	63.35600991210001	13.173822280448796	-360.1203828324567
3380000	-366.10898826740254	-360.22398682208393	-5.885001445318624	63.35600991210001	15.042042618026729	-360.22398682208393
3390000	-365.8571090727579	-359.96471140628245	-5.892397666475449	63.35600991210001	14.17588365934841	-359.96471140628245
3400000	-366.97230346159546	-361.06151850859055	-5.9107849530049075	63.35600991210001	12.059539026436326	-361.06151850859055
3410000	-366.88836030261734	-361.01325343613496	-5.875106866482412	63.35600991210001	16.21478086325153	-361.01325343613496
3420000	-366.01505654945447	-360.1141315080022	-5.900925041452275	63.35600991210001	13.187982138472217	-360.1141315080022
3430000	-366.89069257630706	-361.0156088993845	-5.875083676922538	63.35600991210001	16.217548647730077	-361.0156088993845
3440000	-365.965746872869	-360.0776733477331	-5.88807352513592	63.35600991210001	14.681208875986101	-360.0776733477331
3450000	-367.7231270347601	-361.8553247264599	-5.867802308300211	63.35600991210001	17.0911839298802	-361.8553247264599
3460000	-365.8492961883752	-359.9543108003241	-5.894985388051128	63.35600991210001	13.874896939583968	-359.9543108003241
3470000	-365.8724189961977	-359.9755763205554	-5.896842675642369	63.35600991210001	13.659516280066489	-359.9755763205554
3480000	-365.84796271650816	-359.95325144530784	-5.89471127120034	63.35600991210001	13.906730575778905	-359.95325144530784
3490000	-366.14872532830077	-360.2644237262663	-5.884301602034498	63.35600991210001	15.124457840702638	-360.2644237262663
3500000	-365.8471556235502	-359.95271644919654	-5.894439174353623	63.35600991210001	13.938341270823779	-359.95271644919654
3510000	-366.17087891339753	-360.28694929789447	-5.883929615503064	63.35600991210001	15.168296455829653	-360.28694929789447
3520000	-366.4836462420587	-360.6041047410263	-5.879541501032386	63.35600991210001	15.687156157602873	-360.6041047410263
3530000	-366.7701917313492	-360.8938800903228	-5.8763116410264224	63.35600991210001	16.071110833794727	-360.8938800903228
3540000	-368.8872094739907	-363.0277226792336	-5.859486794757134	63.35600991210001	18.10029602442138	-363.0277226792336
3550000	-366.4765871868696	-360.56972540974436	-5.9068617771252585	63.35600991210001	12.506793642878225	-360.56972540974436
3560000	-365.89776742538265	-359.99983561452615	-5.897931810856523	63.35600991210001	13.533464084218195	-359.99983561452615
3570000	-366.1942246443379	-360.3106747891959	-5.883549855141988	63.35600991210001	15.213074598824662	-360.3106747891959
3580000	-365.84760943769606	-359.9529972542001	-5.894612183495959	63.35600991210001	13.918240689075674	-359.9529972542001
3590000	-365.8501742554192	-359.9550497254088	-5.895124530010388	63.35600991210001	13.858742658628032	-359.9550497254088
3600000	-365.85625972644175	-359.96047037312167	-5.895789353320066	63.35600991210001	13.781598933023327	-359.96047037312167
3610000	-366.05620352786275	-360.17019217109936	-5.886011356763413	63.35600991210001	14.923253756311356	-360.17019217109936
3620000	-366.614502230993	-360.70640984943907	-5.908092381553948	63.35600991210001	12.366255088443877	-360.70640984943907
3630000	-365.9038480130273	-360.01386947807265	-5.889978534954625	63.35600991210001	14.45821889136743	-360.01386947807265
3640000	-366.53315091258963	-360.65420613346237	-5.8789447791272575	63.35600991210001	15.757960621255958	-360.65420613346237
3650000	-367.17629496452037	-361.26419692851886	-5.912098036001517	63.35600991210001	11.91035057298126	-361.26419692851886
3660000	-366.7940622888026	-360.91799897237615	-5.876063316426453	63.35600991210001	16.100703550781937	-360.91799897237615
3670000	-365.931766333069	-360.0427293565115	-5.889036976557527	63.35600991210001	14.56835979980684	-360.0427293565115
3680000	-368.1926265866587	-362.2753351355849	-5.91729145107383	63.35600991210001	11.322750168821031	-362.2753351355849
3690000	-366.24590136557936	-360.34149995878164	-5.9044014067976995	63.35600991210001	12.788454020704895	-360.34149995878164
3700000	-367.112173931104	-361.2392040009158	-5.872969930188211	63.35600991210001	16.470219562667705	-361.2392040009158
3710000	-365.84752347041587	-359.9529387846951	-5.894584685720732	63.35600991210001	13.921435127208573	-359.9529387846951
3720000	-366.01441858245414	-360.12752078363036	-5.886897798823808	63.35600991210001	14.819124255377064	-360.12752078363036
3730000	-365.9939593240474	-360.0934599461711	-5.900499377876291	63.35600991210001	13.237028787215072	-360.0934599461711
3740000	-366.584264545251	-360.6764304518768	-5.907834093374206	63.35600991210001	12.395733644822707	-360.6764304518768
3750000	-366.1427981023632	-360.25839489459173	-5.884403207771494	63.35600991210001	15.112487540424375	-360.25839489459173
3760000	-366.03979025734225	-360.1534414668937	-5.886348790448525	63.35600991210001	14.883600727502458	-360.1534414668937
3770000	-365.87647044828185	-359.985312277836	-5.891158170445838	63.35600991210001	14.32042819282138	-359.985312277836
3780000	-366.3653040301597	-360.4842480928922	-5.881055937267503	63.35600991210001	15.507726024832511	-360.4842480928922
3790000	-365.9379636443359	-360.0491144287935	-5.888849215542464	63.35600991210001	14.59034055217165	-360.0491144287935
3800000	-366.03137424329753	-360.13013919593567	-5.901235047361893	63.35600991210001	13.15227945776252	-360.13013919593567
3810000	-366.2382626655138	-360.3553991680304	-5.882863497483425	63.35600991210001	15.294064164232159	-360.3553991680304
3820000	-366.93131657347317	-361.0566334434853	-5.874683129987915	63.35600991210001	16.26537027069977	-361.0566334434853
3830000	-365.9103710618789	-360.0206293868927	-5.8897416749861975	63.35600991210001	14.485912763634879	-360.0206293868927
3840000	-368.1943352630863	-362.3300795195319	-5.86425574355439	63.35600991210001	17.520060091968322	-362.3300795195319
3850000	-366.32088859679857	-360.4156163082755	-5.905272288523091	63.35600991210001	12.688652589674652	-360.4156163082755
3860000	-367.392392397819	-361.4790281244854	-5.913364273333578	63.35600991210001	11.766723494951906	-361.4790281244854
3870000	-365.88761983157957	-359.9900798067395	-5.897540024840068	63.35600991210001	13.578786672796156	-359.9900798067395
3880000	-365.8569979070744	-359.9611457222507	-5.895852184823711	63.35600991210001	13.774311759088079	-359.9611457222507
3890000	-368.5230202779789	-362.60435289160415	-5.918667386374756	63.35600991210001	11.16772352551218	-362.60435289160415
3900000	-367.9304173933409	-362.0143067387765	-5.9161106545644415	63.35600991210001	11.456006937604485	-362.0143067387765
3910000	-365.8475089864258	-359.95380238675864	-5.893706599667139	63.35600991210001	14.023505482675635	-359.95380238675864
3920000	-365.9067505302353	-360.0085045953801	-5.898245934855175	63.35600991210001	13.49714274517738	-360.0085045953801
3930000	-366.4040201581492	-360.49786793910863	-5.906152219040537	63.35600991210001	12.587929912651841	-360.49786793910863
3940000	-366.6724118030885	-360.7950535191547	-5.877358283933803	63.35600991210001	15.94649742681285	-360.7950535191547
3950000	-367.82595583613477	-361.9103411668417	-5.915614669293048	63.35600991210001	11.512040355731513	-361.9103411668417
3960000	-367.8233507433091	-361.9563286546104	-5.867022088698712	63.35600991210001	17.18534314435059	-361.9563286546104
3970000	-365.8945206138854	-360.00417944051526	-5.890341173370145	63.35600991210001	14.415836257239585	-360.00417944051526
3980000	-366.64298283238463	-360.7652994237167	-5.877683408667889	63.35600991210001	15.907825634590102	-360.7652994237167
3990000	-366.1049572994022	-360.21988223726515	-5.885075062137065	63.35600991210001	15.03337797178225	-360.21988223726515
4000000	-366.97278186281153	-361.06199367284256	-5.910788189968997	63.35600991210001	12.059170941338857	-361.06199367284256
4010000	-366.32041750549945	-360.4387480598978	-5.881669445601602	63.35600991210001	15.435146022849592	-360.4387480598978
4020000	-365.8998475729336	-360.0097172941779	-5.890130278755677	63.35600991210001	14.440481585867554	-360.0097172941779
4030000	-365.923378376829	-360.0340765480762	-5.889301828752827	63.35600991210001	14.537363771053357	-360.0340765480762
4040000	-365.91699324450644	-360.0274803836871	-5.889512860819394	63.35600991210001	14.51267443338397	-360.0274803836871
4050000	-365.8487401748522	-359.9538565012187	-5.894883673633508	63.35600991210001	13.88670782733433	-359.9538565012187
4060000	-365.851012350295	-359.95577156132185	-5.895240788973132	63.35600991210001	13.845247399766963	-359.95577156132185
4070000	-365.84748724764023	-359.9529146800446	-5.894572567595611	63.35600991210001	13.922842936950254	-359.9529146800446
4080000	-366.1532883204228	-360.25009833650887	-5.903189983913931	63.35600991210001	12.927471069094755	-360.25009833650887
4090000	-365.98798161321395	-360.1004687146457	-5.8875128985683	63.35600991210001	14.746943823046879	-360.1004687146457
4100000	-365.89519671181574	-360.00488291277577	-5.890313799039963	63.35600991210001	14.419034844517117	-360.00488291277577
4110000	-365.85390388746936	-359.9612055928679	-5.8926982946014705	63.35600991210001	14.14086240723043	-359.9612055928679
4120000	-365.9268637207387	-360.0376735422095	-5.889190178529172	63.35600991210001	14.550428984528219	-360.0376735422095
4130000	-366.1330897605473	-360.24851811088007	-5.884571649667255	63.35600991210001	15.092646905642908	-360.24851811088007
4140000	-365.88678645507207	-359.98928074653486	-5.897505708537205	63.35600991210001	13.582757583403417	-359.98928074653486
4150000	-365.9341435103721	-360.0451793015254	-5.888964208846691	63.35600991210001	14.576877877950807	-360.0451793015254
4160000	-365.8599975405291	-359.9678328814588	-5.8921646590703265	63.35600991210001	14.203037364069571	-359.9678328814588
4170000	-365.85424921895026	-359.95864499345845	-5.895604225491835	63.35600991210001	13.803073569985068	-359.95864499345845
4180000	-365.91670199587855	-360.0271792947614	-5.889522701117139	63.35600991210001	14.511523358481245	-360.0271792947614
4190000	-365.853589020369	-359.960857829097	-5.8927311912720075	63.35600991210001	14.137031022769328	-359.960857829097
4200000	-366.0809440597665	-360.17884852520586	-5.9020955345606465	63.35600991210001	13.053255912842525	-360.17884852520586
4210000	-367.0186661752796	-361.1075711966197	-5.911094978659892	63.35600991210001	12.024292049779099	-361.1075711966197
4220000	-365.85576599972165	-359.9632489803482	-5.892517019373435	63.35600991210001	14.161978100532766	-359.9632489803482
4230000	-366.0206525430611	-360.11961944670077	-5.901033096360319	63.35600991210001	13.175536031881563	-360.11961944670077
4240000	-365.8804002778227	-359.98317084020266	-5.897229437619993	63.35600991210001	13.614732919643172	-359.98317084020266
4250000	-367.25658122947937	-361.3849088095601	-5.871672419919255	63.35600991210001	16.625699316097258	-361.3849088095601
4260000	-365.8721037924097	-359.9752775865156	-5.896826205894094	63.35600991210001	13.661423836001422	-359.9752775865156
4270000	-365.94924800463804	-360.04977393726926	-5.899474067368744	63.35600991210001	13.35528311824426	-360.04977393726926
4280000	-365.9241910426532	-360.0253988149158	-5.898792227737442	63.35600991210001	13.434012621044072	-360.0253988149158
4290000	-366.80048775638755	-360.924490835512	-5.875996920875527	63.35600991210001	16.10861764367423	-360.924490835512
4300000	-366.1161198902796	-360.23124743296245	-5.8848724573171785	63.35600991210001	15.057226543464676	-360.23124743296245
4310000	-366.88210344154913	-361.0069342573659	-5.8751691841832	63.35600991210001	16.207343401651773	-361.0069342573659
4320000	-365.8836464945565	-359.98627352467037	-5.897372969886162	63.35600991210001	13.598119153180663	-359.98627352467037
4330000	-365.8603148575896	-359.9642055585756	-5.896109299013976	63.35600991210001	13.744498167222766	-359.9642055585756
4340000	-367.18625237451744	-361.2740934001691	-5.912158974348371	63.35600991210001	11.90343307987464	-361.2740934001691
4350000	-366.1340209209728	-360.24946553864595	-5.884555382326797	63.35600991210001	15.094562820272461	-360.24946553864595
4360000	-366.0617043039612	-360.1758032795812	-5.885901024380041	63.35600991210001	14.936223315999367	-360.1758032795812
4370000	-366.2055010863943	-360.30160677875267	-5.903894307641602	63.35600991210001	12.846619291178602	-360.30160677875267
4380000	-366.40878478567004	-360.52830124674267	-5.880483538927365	63.35600991210001	15.575498848426598	-360.52830124674267
4390000	-365.88462036728623	-359.9872056229178	-5.897414744368426	63.35600991210001	13.593284384179697	-359.9872056229178
4400000	-365.85221127183274	-359.9568231859304	-5.895388085902374	63.35600991210001	13.828152310675208	-359.9568231859304
4410000	-367.1428903045424	-361.23099870396237	-5.911891600580002	63.35600991210001	11.933788387686574	-361.23099870396237
4420000	-368.3995804886008	-362.481413977001	-5.918166511599765	63.35600991210001	11.224125754009027	-362.481413977001
4430000	-366.02139592561497	-360.1346527458421	-5.886743179772861	63.35600991210001	14.837278040201562	-360.1346527458421
4440000	-365.8689521095624	-359.9773821186564	-5.891569990905986	63.35600991210001	14.272376480713946	-359.9773821186564
4450000	-366.34555435469224	-360.44001256066826	-5.905541794023973	63.35600991210001	12.657790864758974	-360.44001256066826
4460000	-366.3724054987259	-360.49144444659436	-5.880961052131576	63.35600991210001	15.51895680819134	-360.49144444659436
4470000	-365.90512127608645	-360.0151899574376	-5.889931318648857	63.35600991210001	14.463738747114585	-360.0151899574376
4480000	-366.2967972793977	-360.39179586452934	-5.905001414868351	63.35600991210001	12.71968198092	-360.39179586452934
4490000	-367.33751967051415	-361.42446634179726	-5.913053328716892	63.35600991210001	11.801971731321864	-361.42446634179726
4500000	-366.4133376330266	-360.50709150735463	-5.9062461256719185	63.35600991210001	12.57718759052021	-360.50709150735463
4510000	-365.99743121090853	-360.11014390216815	-5.887287308740367	63.35600991210001	14.773409132172471	-360.11014390216815
4520000	-365.89506864402404	-360.00474967391153	-5.8903189701125225	63.35600991210001	14.418430615025747	-360.00474967391153
4530000	-366.0809760428871	-360.1954516583212	-5.885524384565875	63.35600991210001	14.980512190073584	-360.1954516583212
4540000	-366.29098690240266	-360.38605201602275	-5.904934886379896	63.35600991210001	12.727304706783386	-360.38605201602275
4550000	-365.85056307488514	-359.957465416743	-5.893097658142153	63.35600991210001	14.094361192132569	-359.957465416743
4560000	-365.97678253016136	-360.0766543755345	-5.900128154626859	63.35600991210001	13.279825249934476	-360.0766543755345
4570000	-366.06084026371946	-360.159080614972	-5.901759648747444	63.35600991210001	13.09189571108108	-360.159080614972
4580000	-369.88874971688875	-363.9653273025343	-5.923422414354457	63.35600991210001	10.634045054988368	-363.9653273025343
4590000	-365.8561328623809	-359.9636492754246	-5.892483586956326	63.35600991210001	14.165873015034173	-359.9636492754246
4600000	-367.8090312740278	-361.94189865253566	-5.867132621492167	63.35600991210001	17.171997211160235	-361.94189865253566
4610000	-366.0151116832945	-360.11418556795536	-5.9009261153391295	63.35600991210001	13.187858436003866	-360.11418556795536
4620000	-365.8497503863705	-359.9546903458717	-5.895060040498764	63.35600991210001	13.866229467647253	-359.9546903458717
4630000	-365.96290140095914	-360.06309272690135	-5.899808674057817	63.35600991210001	13.316673475800139	-360.06309272690135
4640000	-366.04980081702234	-360.14823287102973	-5.901567945992606	63.35600991210001	13.11395660983956	-360.14823287102973
4650000	-366.0012990383216	-360.1141021490536	-5.88719688926793	63.35600991210001	14.78401909557503	-360.1141021490536
4660000	-367.3591527607669	-361.48836982760497	-5.8707829331619585	63.35600991210001	16.73245362457297	-361.48836982760497
4670000	-366.976421958979	-361.10217638937974	-5.8742455695992914	63.35600991210001	16.317642193049114	-361.10217638937974
4680000	-367.811124265986	-361.9440078195437	-5.867116446442306	63.35600991210001	17.173950082170244	-361.9440078195437
4690000	-366.08639314524	-360.2009720368388	-5.8854211084012285	63.35600991210001	14.992660410001736	-360.2009720368388
4700000	-366.3504185993841	-360.46916190013616	-5.881256699247943	63.35600991210001	15.483968378161716	-360.46916190013616
4710000	-365.87188365372435	-359.9804813123591	-5.891402341365265	63.35600991210001	14.291934781783638	-359.9804813123591
4720000	-365.85696416470466	-359.9611148001775	-5.895849364527184	63.35600991210001	13.774638842806894	-359.9611148001775
4730000	-365.8650349788233	-359.96861047011885	-5.896424508704463	63.35600991210001	13.70796218518197	-359.96861047011885
4740000	-366.47733843702434	-360.5977194849789	-5.8796189520454805	63.35600991210001	15.677970511530457	-360.5977194849789
4750000	-366.3235240462871	-360.4182225948484	-5.905301451438708	63.35600991210001	12.685312547550843	-360.4182225948484
4760000	-366.01172321339635	-360.1247648843318	-5.886958329064532	63.35600991210001	14.812018468358094	-360.1247648843318
4770000	-365.84746582586706	-359.953744458189	-5.893721367678052	63.35600991210001	14.021787819786871	-359.953744458189
4780000	-367.0800809327776	-361.20681467157897	-5.873266261198639	63.35600991210001	16.434751001881775	-361.20681467157897
4790000	-365.86024609886294	-359.9681002546161	-5.892145844246856	63.35600991210001	14.20523033959571	-359.9681002546161
4800000	-366.11042338906657	-360.22544802804924	-5.884975361017319	63.35600991210001	15.045112933445063	-360.22544802804924
4810000	-365.8603895894463	-359.968254528905	-5.892135060541295	63.35600991210001	14.206487267564228	-359.968254528905
4820000	-365.8692333059802	-359.9725622240133	-5.89667108196689	63.35600991210001	13.679392637201023	-359.9725622240133
4830000	-368.2755578167321	-362.41188533442386	-5.8636724823082265	63.35600991210001	17.590805960079667	-362.41188533442386
4840000	-366.5635546559614	-360.65590096939883	-5.907653686562575	63.35600991210001	12.416329447800544	-360.65590096939883
4850000	-365.8880618270388	-359.99050374903265	-5.897558078006156	63.35600991210001	13.576697724121669	-359.99050374903265
4860000	-366.11029528103387	-360.22531759420906	-5.884977686824832	63.35600991210001	15.044839164172298	-360.22531759420906
4870000	-365.98242085061804	-360.08216811610026	-5.900252734517766	63.35600991210001	13.265460706244427	-360.08216811610026
4880000	-366.09113281444786	-360.20580119119063	-5.885331623257242	63.35600991210001	15.003187816897718	-360.20580119119063
4890000	-365.96416127067624	-360.07604595324335	-5.888115317432888	63.35600991210001	14.67631064702795	-360.07604595324335
4900000	-365.88374667080444	-359.99294080953086	-5.890805861273557	63.35600991210001	14.361557454517785	-359.99294080953086
4910000	-366.0401731877566	-360.15383241780563	-5.886340769950935	63.35600991210001	14.884543030284918	-360.15383241780563
4920000	-365.8578026726577	-359.9618845843443	-5.895918088313412	63.35600991210001	13.766668959079631	-359.9618845843443
4930000	-366.4079688328201	-360.5017767100176	-5.906192122802445	63.35600991210001	12.583365014468631	-360.5017767100176
4940000	-366.8617274205803	-360.9517134420733	-5.9100139785070045	63.35600991210001	12.147252824485834	-360.9517134420733
4950000	-366.99355460168283	-361.1194733471258	-5.874081254557014	63.35600991210001	16.337280062831997	-361.1194733471258
4960000	-366.9874065012589	-361.11326639821067	-5.8741401030481875	63.35600991210001	16.330246342489637	-361.11326639821067
4970000	-365.8731984943017	-359.9763155312968	-5.896882963004892	63.35600991210001	13.65485030273815	-359.9763155312968
4980000	-365.8469303049577	-359.95264007967205	-5.894290225285656	63.35600991210001	13.955650261868835	-359.95264007967205
4990000	-368.37128211259613	-362.50828790606965	-5.862994206526467	63.35600991210001	17.673152941011676	-362.50828790606965
5000000	-365.8662071904867	-359.97447007352963	-5.891737116957095	63.35600991210001	14.252883691131515	-359.97447007352963
