#
#model:
#
#<?xml version="1.0" encoding="UTF-8" standalone="no"?><input id="posterior" spec="beast.core.util.CompoundDistribution">
#    <distribution id="prior" spec="beast.core.util.CompoundDistribution">
#        <distribution id="CoalescentConstant.t:dummy_aln" spec="beast.evolution.tree.coalescent.Coalescent">
#            <populationModel id="ConstantPopulation.t:dummy_aln" spec="beast.evolution.tree.coalescent.ConstantPopulation">
#                <parameter id="popSize.t:dummy_aln" name="popSize">14.36</parameter>
#            </populationModel>
#            <treeIntervals id="TreeIntervals.t:dummy_aln" spec="beast.evolution.tree.coalescent.TreeIntervals">
#                <tree id="Tree.t:dummy_aln">
#                    <trait id="dateTrait.t:dummy_aln" spec="beast.evolution.tree.TraitSet" traitname="date">
#            t1_30.14=30.14,
#t77_32.49=32.49,
#t38_30.2=30.2,
#t58_30.36=30.36,
#t55_29.91=29.91,
#t12_44.47=44.47,
#t25_42.44=42.44,
#t54_44.06=44.06,
#t16_44.51=44.51,
#t17_45.06=45.06,
#t48_44.79=44.79,
#t21_44.49=44.49,
#t61_43.44=43.44,
#t23_45.07=45.07,
#t70_43.49=43.49,
#t96_44.93=44.93,
#t88_40.76=40.76,
#t39_35.89=35.89,
#t81_30.03=30.03,
#t43_27.02=27.02,
#t3_27.67=27.67,
#t79_27.67=27.67,
#t56_26.22=26.22,
#t63_24.77=24.77,
#t4_35.81=35.81,
#t5_43.5=43.5,
#t31_44.06=44.06,
#t51_44.45=44.45,
#t74_42.49=42.49,
#t19_39.61=39.61,
#t15_39.23=39.23,
#t60_40.83=40.83,
#t71_43.61=43.61,
#t93_44.32=44.32,
#t89_40.79=40.79,
#t78_39.05=39.05,
#t57_42.88=42.88,
#t28_44.36=44.36,
#t52_43.67=43.67,
#t80_43.53=43.53,
#t33_41.13=41.13,
#t59_44.85=44.85,
#t36_43.69=43.69,
#t87_44.39=44.39,
#t34_43.16=43.16,
#t90_44.21=44.21,
#t44_42.31=42.31,
#t85_43.12=43.12,
#t47_42.22=42.22,
#t92_42.09=42.09,
#t84_40.1=40.1,
#t73_40.33=40.33,
#t30_41.4=41.4,
#t98_41.23=41.23,
#t86_41.2=41.2,
#t75_39.47=39.47,
#t83_40.09=40.09,
#t100_34.88=34.88,
#t11_32.94=32.94,
#t45_37.38=37.38,
#t67_37.02=37.02,
#t94_35.96=35.96,
#t41_31.76=31.76,
#t26_28.51=28.51,
#t50_28.08=28.08,
#t53_27.72=27.72,
#t37_27.97=27.97,
#t18_36.36=36.36,
#t95_33.51=33.51,
#t27_29.6=29.6,
#t6_32.29=32.29,
#t10_41.9=41.9,
#t24_44.28=44.28,
#t35_43.64=43.64,
#t99_44.86=44.86,
#t46_34.98=34.98,
#t49_38.05=38.05,
#t62_36.91=36.91,
#t69_29.82=29.82,
#t68_21.78=21.78,
#t2_27.38=27.38,
#t97_27.1=27.1,
#t64_27=27,
#t76_26.34=26.34,
#t20_26.8=26.8,
#t42_27.04=27.04,
#t9_24.76=24.76,
#t82_25.09=25.09,
#t7_34.75=34.75,
#t40_35.15=35.15,
#t13_40.86=40.86,
#t91_36.74=36.74,
#t22_28.36=28.36,
#t8_27.86=27.86,
#t29_28.5=28.5,
#t14_28.86=28.86,
#t65_29.08=29.08,
#t32_26.02=26.02,
#t72_24.61=24.61,
#t66_26.77=26.77
#                                    <taxa id="TaxonSet.dummy_aln" spec="beast.evolution.alignment.TaxonSet">
#                        </taxa>
#                    </trait>
#                    <taxonset idref="TaxonSet.dummy_aln"/>
#                </tree>
#            </treeIntervals>
#        </distribution>
#        <prior id="ClockPrior.c:dummy_aln" name="distribution">
#            <parameter id="clockRate.c:dummy_aln" name="x">1.0</parameter>
#            <Uniform id="Uniform.0" name="distr" upper="Infinity"/>
#        </prior>
#        <prior id="PopSizePrior.t:dummy_aln" name="distribution" x="@popSize.t:dummy_aln">
#            <Normal id="Normal.01" name="distr">
#                <parameter estimate="false" id="RealParameter.02" name="mean">14.36</parameter>
#                <parameter estimate="false" id="RealParameter.03" name="sigma">1.44</parameter>
#            </Normal>
#        </prior>
#    </distribution>
#</input>
#
Sample	posterior	likelihood	prior	treeLikelihood	TreeHeight	clockRate	popSize	CoalescentConstant.
0	-271.85511600247906	NaN	-271.85511600247906	NaN	24.462074592773366	1.0	14.36	-270.5715343556865
5000	-317.14728020493726	NaN	-317.14728020493726	NaN	61.452939651556214	0.10054620338831603	10.49735891696645	-312.2660914650846
10000	-326.5052308048494	NaN	-326.5052308048494	NaN	49.53447358886411	0.1584001623793177	11.240836341232054	-322.87568515097286
15000	-336.81170651592385	NaN	-336.81170651592385	NaN	32.1835469921761	0.054925939304007895	11.935106349274948	-334.11027445986076
20000	-350.36672781189475	NaN	-350.36672781189475	NaN	30.935417518156665	5.2168180560389645	14.084270970513984	-349.0648141585191
25000	-362.98777943270255	NaN	-362.98777943270255	NaN	40.60867578647097	366.93834196249253	12.512792607189814	-360.8814317866689
30000	-360.49542454611395	NaN	-360.49542454611395	NaN	36.16188082632997	1.779333296508421E10	15.100802870374263	-359.07951533065943
35000	-357.46341474020267	NaN	-357.46341474020267	NaN	45.101595705397905	2.3513670666264964E23	14.495199089996785	-356.17542559101423
40000	-360.2444386715143	NaN	-360.2444386715143	NaN	57.00446768292812	2.0366105249820918E39	14.085207588154809	-358.9426493497584
45000	-363.13949231582427	NaN	-363.13949231582427	NaN	43.36750472749754	1.9631543519718182E52	16.039120343153176	-361.1760676118387
50000	-351.93027948817627	NaN	-351.93027948817627	NaN	34.57605516753218	7.709600140915515E62	13.360010812540278	-350.4055765125265
55000	-390.6085260429402	NaN	-390.6085260429402	NaN	65.04979036941218	8.530636836075924E76	15.691904392700396	-388.8971933083547
60000	-372.7491417696911	NaN	-372.7491417696911	NaN	43.70883799513355	1.5958016199896792E88	13.941950327067877	-371.4234195150092
65000	-360.6114300070092	NaN	-360.6114300070092	NaN	36.39350474527456	2.1861505876009525E107	13.19884660868723	-359.0027429401363
70000	-364.67672756382666	NaN	-364.67672756382666	NaN	38.674874501332305	1.492383039822055E121	13.57015123995707	-363.24271645529086
75000	-378.59209696009145	NaN	-378.59209696009145	NaN	46.62564108952445	5.35231160765459E134	16.005074208319947	-376.65596198795174
80000	-375.27505275161366	NaN	-375.27505275161366	NaN	47.16108739558832	1.9218547465670207E148	14.825671279112548	-373.939182876573
85000	-369.2804334476569	NaN	-369.2804334476569	NaN	45.86922479303224	5.827431078320816E163	15.984993157506297	-367.3601323848867
90000	-349.55268904773953	NaN	-349.55268904773953	NaN	76.71220909597712	5.873759628887451E183	13.536079989377168	-348.1054200495039
95000	-342.1686018369852	NaN	-342.1686018369852	NaN	44.15605266249282	1.4737317370784205E195	15.246856754992839	-340.69537057023786
100000	-348.51165558808555	NaN	-348.51165558808555	NaN	30.91083465234401	2.749944095654839E207	15.367996444412466	-346.9830756697005
105000	-358.949103622654	NaN	-358.949103622654	NaN	55.05753591014128	6.021703679377545E223	14.540139466218497	-357.65769736472873
110000	-357.69500744774484	NaN	-357.69500744774484	NaN	60.91789016451081	1.3634319070504573E244	14.032748685430475	-356.38560273409087
115000	-361.5018704578262	NaN	-361.5018704578262	NaN	30.323123542821644	1.0521568554841494E256	13.742424868404449	-360.12632337817166
120000	-376.6414471312247	NaN	-376.6414471312247	NaN	84.70866940141816	7.052878445459269E266	15.948947489553412	-374.74908024992254
125000	-400.4429976242193	NaN	-400.4429976242193	NaN	55.92271355468508	2.5509697133795504E278	14.844860851750887	-399.1027295273976
130000	-384.3536509352187	NaN	-384.3536509352187	NaN	51.597639839169865	8.478175233968158E291	16.770812958105882	-381.6686372091989
135000	-390.5116356441674	NaN	-390.5116356441674	NaN	61.84044183908131	1.8033945918660598E306	15.240394955723746	-389.041157952317
140000	-380.3261978185632	NaN	-380.3261978185632	NaN	39.180230771574074	Infinity	13.342629546900566	-378.79303991819233
145000	-369.8565407103245	NaN	-369.8565407103245	NaN	35.76122616807864	Infinity	13.067789623052176	-368.17032411506267
150000	-375.35529028263323	NaN	-375.35529028263323	NaN	43.292379697748636	Infinity	15.344681777714626	-373.8379127727612
155000	-372.92784890329557	NaN	-372.92784890329557	NaN	50.37101454661346	Infinity	15.532991253333073	-371.31249920085196
160000	-374.97721093237107	NaN	-374.97721093237107	NaN	47.63318146074135	Infinity	15.989881380399117	-373.05307341314125
165000	-360.86219238204797	NaN	-360.86219238204797	NaN	37.529416302371786	Infinity	13.444347948870808	-359.3764457374889
170000	-367.7173143779762	NaN	-367.7173143779762	NaN	41.9502453476494	Infinity	16.0211302715551	-365.76837929294175
175000	-372.97276942407973	NaN	-372.97276942407973	NaN	57.826280568098184	Infinity	15.494333063321783	-371.3789274815346
180000	-376.9759393752672	NaN	-376.9759393752672	NaN	35.71121202455533	Infinity	15.658957038527932	-375.2855074709656
185000	-360.99396050665257	NaN	-360.99396050665257	NaN	35.61643576274523	Infinity	12.839613001980384	-359.1529963792111
190000	-345.8291940514605	NaN	-345.8291940514605	NaN	48.150418969187626	Infinity	11.425432112512206	-342.46910568054693
195000	-364.29924262937857	NaN	-364.29924262937857	NaN	40.81764740430644	Infinity	15.110948013865587	-362.87968419836324
200000	-377.4942181083303	NaN	-377.4942181083303	NaN	41.71892898554097	Infinity	14.231995993186393	-376.20668559691575
205000	-384.144403566908	NaN	-384.144403566908	NaN	47.99115837146628	Infinity	14.431865966192094	-382.8595765697352
210000	-386.20042355688383	NaN	-386.20042355688383	NaN	51.50584537171447	Infinity	14.692118874865475	-384.89024494176516
215000	-390.4485744240895	NaN	-390.4485744240895	NaN	78.5868571342426	Infinity	16.369055834363486	-388.19173242197525
220000	-359.1130868056599	NaN	-359.1130868056599	NaN	54.112790144960016	Infinity	14.186982696746536	-357.8222870388767
225000	-350.5508180449112	NaN	-350.5508180449112	NaN	28.14912243603246	Infinity	13.919250153191784	-349.22039505276234
230000	-381.61343696479383	NaN	-381.61343696479383	NaN	42.470940588458035	Infinity	14.45855823128434	-380.3275130810814
235000	-368.90869715319695	NaN	-368.90869715319695	NaN	59.07099215415902	Infinity	13.417751543371432	-367.4110356081552
240000	-366.31538227190333	NaN	-366.31538227190333	NaN	33.614961941572275	Infinity	13.701385406949043	-364.92720639715463
245000	-374.17691640179294	NaN	-374.17691640179294	NaN	78.51356605692679	Infinity	15.646988721880152	-372.49394722359443
250000	-359.1930052045505	NaN	-359.1930052045505	NaN	48.466222520521455	Infinity	14.40177046610892	-357.90900284695573
255000	-344.44137676454443	NaN	-344.44137676454443	NaN	29.213309235119443	Infinity	12.409873006309379	-342.240792009264
260000	-366.0355301837235	NaN	-366.0355301837235	NaN	43.655723022229694	Infinity	13.537676796442426	-364.58889504273986
265000	-397.06775037779306	NaN	-397.06775037779306	NaN	42.07496536417502	Infinity	16.12830915875454	-395.03018597614533
270000	-393.9381411956643	NaN	-393.9381411956643	NaN	56.297570214145914	Infinity	14.81283516978041	-392.6051142144316
275000	-358.776275165758	NaN	-358.776275165758	NaN	61.2413505284539	Infinity	13.717484643831753	-357.39315021675867
280000	-345.04620327487135	NaN	-345.04620327487135	NaN	39.392771217513136	Infinity	12.781860321640583	-343.1620899815673
285000	-375.6215029884068	NaN	-375.6215029884068	NaN	69.87371683268354	Infinity	15.384816983526735	-374.0846782258434
290000	-380.8480117647372	NaN	-380.8480117647372	NaN	50.19971902493018	Infinity	15.447790562199229	-379.27910789880644
295000	-353.13649561396085	NaN	-353.13649561396085	NaN	35.79337052961322	Infinity	13.30916685490639	-351.58664990977354
300000	-358.9265395897298	NaN	-358.9265395897298	NaN	36.60289180830114	Infinity	15.438013275398719	-357.36274174358925
305000	-363.46850087207616	NaN	-363.46850087207616	NaN	44.733292470631746	Infinity	12.957984954430769	-361.71094975479684
310000	-385.80698399025033	NaN	-385.80698399025033	NaN	88.6365348313621	Infinity	17.506779114094098	-382.1357145558182
315000	-365.55754288516715	NaN	-365.55754288516715	NaN	45.038131619712956	Infinity	14.257923033620253	-364.27144877042866
320000	-376.34760084050566	NaN	-376.34760084050566	NaN	38.477767634810625	Infinity	12.65596563745559	-374.36385206680046
325000	-355.5359366321553	NaN	-355.5359366321553	NaN	49.66685156097897	Infinity	14.381397381970862	-354.252244586068
330000	-363.9342494414404	NaN	-363.9342494414404	NaN	36.4486791651484	Infinity	13.857296184286497	-362.58973243432445
335000	-369.1190013060917	NaN	-369.1190013060917	NaN	45.614415134632104	Infinity	14.363824063039969	-367.8354161331952
340000	-364.7459277901844	NaN	-364.7459277901844	NaN	33.38903492259824	Infinity	13.301639074320368	-363.19225358720803
345000	-382.97038081978	NaN	-382.97038081978	NaN	60.94239185083621	Infinity	16.559692229366675	-380.5200732123547
350000	-357.9378981426238	NaN	-357.9378981426238	NaN	30.115590451515434	Infinity	15.753475031475917	-356.18610356581894
355000	-359.49234778663686	NaN	-359.49234778663686	NaN	47.652818928961125	Infinity	16.021794151514555	-357.5428807709187
360000	-359.38136529333286	NaN	-359.38136529333286	NaN	53.73083439002729	Infinity	15.364405378390417	-357.85452791637545
365000	-367.74593156121335	NaN	-367.74593156121335	NaN	33.294075418407715	Infinity	14.149789468243082	-366.45169490196383
370000	-376.9030916659121	NaN	-376.9030916659121	NaN	29.387752952410093	Infinity	16.632999797622197	-374.3737229627946
375000	-352.49250287916965	NaN	-352.49250287916965	NaN	43.18308641830913	Infinity	13.142209720689568	-350.85132739451467
380000	-378.20302936444295	NaN	-378.20302936444295	NaN	51.757539226868076	Infinity	14.16893553833095	-376.9106452416394
385000	-359.1872098557493	NaN	-359.1872098557493	NaN	27.354834579891453	Infinity	12.602476450265527	-357.1588150753072
390000	-365.08483077250975	NaN	-365.08483077250975	NaN	52.18562954602713	Infinity	14.371522517377848	-363.8012171117302
395000	-351.719826200827	NaN	-351.719826200827	NaN	49.82820125407988	Infinity	15.290905668118715	-350.2272878210735
400000	-369.61598981173137	NaN	-369.61598981173137	NaN	52.87052927484835	Infinity	14.878626872963443	-368.2675514342868
405000	-378.5000695452599	NaN	-378.5000695452599	NaN	80.07613463887549	Infinity	14.701266733400493	-377.18840558188606
410000	-351.784515519891	NaN	-351.784515519891	NaN	42.55552453730453	Infinity	12.808489118838063	-349.9204974305917
415000	-361.08010499721775	NaN	-361.08010499721775	NaN	42.95753664430785	Infinity	13.523430746906737	-359.62777139363
420000	-373.4480501706413	NaN	-373.4480501706413	NaN	59.1293087826896	Infinity	14.950274292284977	-372.0804543118183
425000	-359.0814719826098	NaN	-359.0814719826098	NaN	37.325743120316595	Infinity	13.936353256395149	-357.75461377250537
430000	-362.5787754363707	NaN	-362.5787754363707	NaN	64.5933993098485	Infinity	13.114583492204536	-360.9211915042074
435000	-358.516760414398	NaN	-358.516760414398	NaN	43.75223092626491	Infinity	11.67971996849819	-355.500949541316
440000	-375.73788421461944	NaN	-375.73788421461944	NaN	53.04398419895425	Infinity	15.258362132736941	-374.25970030086705
445000	-390.4689806211898	NaN	-390.4689806211898	NaN	38.020187057113255	Infinity	15.436943585677305	-388.9057386043327
450000	-378.0169085449874	NaN	-378.0169085449874	NaN	33.285500068935654	Infinity	15.461763499665702	-376.4406275325516
455000	-360.80486265794553	NaN	-360.80486265794553	NaN	39.61995578039852	Infinity	13.07474107315541	-359.12296636294843
460000	-370.03079924987634	NaN	-370.03079924987634	NaN	72.83787004168634	Infinity	15.775969499196053	-368.2637662087325
465000	-351.3946890372415	NaN	-351.3946890372415	NaN	42.068218694486276	Infinity	12.69906390709031	-349.4459094967544
470000	-376.15185613679046	NaN	-376.15185613679046	NaN	31.64049518512327	Infinity	13.846593637486972	-374.80471688653796
475000	-355.4959470198859	NaN	-355.4959470198859	NaN	38.850342281570455	Infinity	13.372558783967884	-353.97725731099865
480000	-368.4979856835586	NaN	-368.4979856835586	NaN	33.91384461491951	Infinity	15.298902028462951	-367.00184206265055
485000	-356.322610534286	NaN	-356.322610534286	NaN	43.77967095529899	Infinity	14.25008485799841	-355.03611575611774
490000	-360.2126753810739	NaN	-360.2126753810739	NaN	38.84349048732554	Infinity	13.767400127600862	-358.84441621480613
495000	-387.77387809206306	NaN	-387.77387809206306	NaN	98.70097709687418	Infinity	16.259800998088977	-385.6200119563768
500000	-362.31491119700877	NaN	-362.31491119700877	NaN	33.55543868584606	Infinity	13.361827584600213	-360.791083559942
505000	-366.219750364899	NaN	-366.219750364899	NaN	30.072892062458227	Infinity	14.80965641460493	-364.887415127444
510000	-354.28906794634895	NaN	-354.28906794634895	NaN	41.51560307094234	Infinity	14.601713493092769	-352.991398381746
515000	-362.7951333363077	NaN	-362.7951333363077	NaN	44.29493615650566	Infinity	14.96270778297222	-361.42396086398094
520000	-370.37194889926127	NaN	-370.37194889926127	NaN	88.54954698505199	Infinity	15.23778084163343	-368.9025794423947
525000	-367.96010285330425	NaN	-367.96010285330425	NaN	32.70388285755463	Infinity	14.678390079437584	-366.65207766805577
530000	-351.88305211995873	NaN	-351.88305211995873	NaN	31.647569831913007	Infinity	13.452451432478627	-350.40086794557885
535000	-345.65952636605726	NaN	-345.65952636605726	NaN	33.81296862586807	Infinity	12.235127638579769	-343.2872384711147
540000	-347.1878448421283	NaN	-347.1878448421283	NaN	33.41152953175577	Infinity	11.801042493596425	-344.32530304883227
545000	-370.81928369359133	NaN	-370.81928369359133	NaN	38.53756790831267	Infinity	16.094406028866548	-368.8103537942504
550000	-372.3679411721843	NaN	-372.3679411721843	NaN	66.01111233450013	Infinity	16.691662784396193	-369.77343858110686
555000	-365.7601883377806	NaN	-365.7601883377806	NaN	50.67225185403106	Infinity	13.854967458698784	-364.41510546901344
560000	-362.0336575179935	NaN	-362.0336575179935	NaN	40.21319668342959	Infinity	14.000967825340865	-360.71899367057387
565000	-352.97009157042004	NaN	-352.97009157042004	NaN	39.53737783427466	Infinity	13.590204077466957	-351.54362176719695
570000	-344.84662617538305	NaN	-344.84662617538305	NaN	37.238288335053674	Infinity	13.1249138380012	-343.19522097834914
575000	-370.05780703080023	NaN	-370.05780703080023	NaN	91.42658773756348	Infinity	13.848745656372595	-368.71119948608185
580000	-380.58156386272873	NaN	-380.58156386272873	NaN	61.381596804880616	Infinity	16.03126526269888	-378.62448501823553
585000	-368.80757811442584	NaN	-368.80757811442584	NaN	32.704177662875026	Infinity	16.699833863822164	-366.20387144103967
590000	-381.01187152954	NaN	-381.01187152954	NaN	65.61539301781283	Infinity	15.901767910488244	-379.15512044558227
595000	-364.05982405974083	NaN	-364.05982405974083	NaN	34.31269650201627	Infinity	13.495107643521012	-362.59587040573956
600000	-342.15536024189197	NaN	-342.15536024189197	NaN	49.96512435388207	Infinity	13.95183127269103	-340.83160650068555
605000	-370.3321669373726	NaN	-370.3321669373726	NaN	32.39523616027626	Infinity	13.67652999241769	-368.9359475467373
610000	-337.16071509389707	NaN	-337.16071509389707	NaN	54.469346676587094	Infinity	11.639434027401219	-334.092440350253
615000	-374.7349767600274	NaN	-374.7349767600274	NaN	38.728172761209805	Infinity	15.003292990595073	-373.3516107112892
620000	-363.2435841154715	NaN	-363.2435841154715	NaN	73.36775439062772	Infinity	15.42446246520112	-361.68678672315855
625000	-372.2513833257359	NaN	-372.2513833257359	NaN	27.806946410125995	Infinity	13.912705241240667	-370.9195588642217
630000	-380.546034384019	NaN	-380.546034384019	NaN	47.136936338671475	Infinity	17.32498299657452	-377.14267935519126
635000	-364.336757321797	NaN	-364.336757321797	NaN	36.52117485774497	Infinity	15.108562093168063	-362.91806157215717
640000	-379.10511570298917	NaN	-379.10511570298917	NaN	50.792900329091765	Infinity	16.063561992349833	-377.1217550578896
645000	-380.0384104777091	NaN	-380.0384104777091	NaN	44.16105044266268	Infinity	14.915637036702664	-378.6803852264229
650000	-396.68521586418456	NaN	-396.68521586418456	NaN	50.48115934028896	Infinity	17.032643479399358	-393.6792617328299
655000	-396.71029375133685	NaN	-396.71029375133685	NaN	75.48888801088482	Infinity	17.533940275672926	-392.9976281747751
660000	-377.5045370599975	NaN	-377.5045370599975	NaN	37.23656100445804	Infinity	16.884538884330322	-374.68418444038093
665000	-354.1092930872781	NaN	-354.1092930872781	NaN	33.30906721210187	Infinity	16.604139235766002	-351.611359369328
670000	-357.6087694241395	NaN	-357.6087694241395	NaN	36.72739767191665	Infinity	14.776864504632469	-356.2832857675035
675000	-366.71270621970154	NaN	-366.71270621970154	NaN	48.25643820676168	Infinity	13.189519429090224	-365.09877523675993
680000	-358.56695113891897	NaN	-358.56695113891897	NaN	32.935071183587894	Infinity	14.588556409388415	-357.2707735159804
685000	-315.9601982473462	NaN	-315.9601982473462	NaN	28.902600045477058	Infinity	9.014404637913053	-307.78633164319314
690000	-361.0699176626338	NaN	-361.0699176626338	NaN	35.19998692797789	Infinity	14.931157455084538	-359.70767551273104
695000	-376.53479397873696	NaN	-376.53479397873696	NaN	58.230605552184954	Infinity	15.213678920728485	-375.07548709571364
700000	-362.69525572719704	NaN	-362.69525572719704	NaN	47.311296786220275	Infinity	15.246733210601581	-361.2220772953968
705000	-373.4039393413677	NaN	-373.4039393413677	NaN	38.99539291414175	Infinity	15.166156593050012	-371.96365233854743
710000	-381.20942017816634	NaN	-381.20942017816634	NaN	63.6124101326254	Infinity	15.645373337561605	-379.5274529659527
715000	-363.9284597126724	NaN	-363.9284597126724	NaN	40.37946727774916	Infinity	14.996341401987188	-362.54723860313794
720000	-375.3790930565611	NaN	-375.3790930565611	NaN	35.76328648638121	Infinity	15.378270462274488	-373.8454933893353
725000	-371.67529184804624	NaN	-371.67529184804624	NaN	35.611063951282524	Infinity	12.71116197063924	-369.7361674622813
730000	-354.77193008386445	NaN	-354.77193008386445	NaN	31.794546842580058	Infinity	12.119106936227894	-352.27750697216493
735000	-329.0911368384251	NaN	-329.0911368384251	NaN	32.89674931494127	Infinity	11.715093690260652	-326.12074737255
740000	-347.0868186272867	NaN	-347.0868186272867	NaN	41.693987843077316	Infinity	13.507287540600403	-345.6279094008222
745000	-363.9225338694083	NaN	-363.9225338694083	NaN	42.84357188749916	Infinity	13.246463952535215	-362.33996434428735
750000	-369.5344932475659	NaN	-369.5344932475659	NaN	42.15929080243335	Infinity	15.916349801807982	-367.66684893063734
755000	-363.9389003590949	NaN	-363.9389003590949	NaN	57.819938513334634	Infinity	13.539367228822462	-362.4929349003013
760000	-360.58767471062777	NaN	-360.58767471062777	NaN	33.86799546830462	Infinity	14.466921329744958	-359.30133646401976
765000	-362.35858577535095	NaN	-362.35858577535095	NaN	34.85021558230907	Infinity	12.158888058330044	-359.9067716392253
770000	-376.8980124562996	NaN	-376.8980124562996	NaN	54.560150818237126	Infinity	13.968594998737684	-375.577490735478
775000	-370.6198295825424	NaN	-370.6198295825424	NaN	57.2451176859906	Infinity	14.597148512913831	-369.32268711949376
780000	-349.2567512746878	NaN	-349.2567512746878	NaN	92.87634115233476	Infinity	13.698916719553907	-347.8677898285884
785000	-353.2297843608368	NaN	-353.2297843608368	NaN	48.109279931764995	Infinity	12.181158075490403	-350.8014901050548
790000	-341.93120942957563	NaN	-341.93120942957563	NaN	38.300358883416024	Infinity	12.991313659353098	-340.19592487502035
795000	-374.4382181250966	NaN	-374.4382181250966	NaN	47.35179892917727	Infinity	15.288829437190925	-372.94661079268667
800000	-351.7846092289697	NaN	-351.7846092289697	NaN	52.68319006447675	Infinity	13.392407998903614	-350.27527664646493
805000	-366.5405053038449	NaN	-366.5405053038449	NaN	51.81902977134734	Infinity	13.589241349039645	-365.1136778772418
810000	-358.81375677301185	NaN	-358.81375677301185	NaN	36.359962692147164	Infinity	14.489074767117986	-357.5261578867549
815000	-335.26850727403917	NaN	-335.26850727403917	NaN	83.62630521243564	Infinity	12.056265354775956	-332.70522044890805
820000	-360.5131147225248	NaN	-360.5131147225248	NaN	50.125476378875106	Infinity	13.780337119148507	-359.14851237370743
825000	-331.48154804760736	NaN	-331.48154804760736	NaN	35.68228787544474	Infinity	11.097981194585604	-327.63219511250526
830000	-333.9837696181163	NaN	-333.9837696181163	NaN	55.99035179774004	Infinity	11.069093496038395	-330.0887716861634
835000	-352.3490443648041	NaN	-352.3490443648041	NaN	35.126264000776565	Infinity	14.476511946792378	-351.06218941705055
840000	-343.62021648639234	NaN	-343.62021648639234	NaN	34.896247378050646	Infinity	13.023012158988147	-341.90561234562466
845000	-362.76208460339177	NaN	-362.76208460339177	NaN	72.6377978000495	Infinity	14.327841521482249	-361.4782535913068
850000	-373.48329400307546	NaN	-373.48329400307546	NaN	32.3294554795843	Infinity	13.302218223086365	-371.92991531549137
855000	-362.8273207409169	NaN	-362.8273207409169	NaN	83.30437470658046	Infinity	12.750188893353833	-360.9188616348551
860000	-341.23530520799636	NaN	-341.23530520799636	NaN	47.0140473536614	Infinity	13.096916433951469	-339.56703507383355
865000	-368.2350966964979	NaN	-368.2350966964979	NaN	79.25204520670486	Infinity	14.41456860911457	-366.9507970392162
870000	-381.2774441903944	NaN	-381.2774441903944	NaN	54.513267855430236	Infinity	14.662349567433566	-379.9718198977378
875000	-374.62389420362905	NaN	-374.62389420362905	NaN	33.919379062121315	Infinity	15.396498489008215	-373.0812632904118
880000	-376.84178042956665	NaN	-376.84178042956665	NaN	51.56010180929367	Infinity	15.799591050265143	-375.0584827353195
885000	-344.4002718399288	NaN	-344.4002718399288	NaN	56.28159863367446	Infinity	12.7455450678905	-342.4882023633203
890000	-349.06525861169786	NaN	-349.06525861169786	NaN	33.361815789298504	Infinity	12.801287709141334	-347.1958397721791
895000	-368.13381193922527	NaN	-368.13381193922527	NaN	49.4034323685153	Infinity	15.68359577295758	-366.4277993100371
900000	-365.3020351594808	NaN	-365.3020351594808	NaN	52.96052402824833	Infinity	14.714356978032702	-363.9881755256414
905000	-368.6708287789013	NaN	-368.6708287789013	NaN	33.23967445367091	Infinity	14.084319809620153	-367.36892161914386
910000	-363.8586393760412	NaN	-363.8586393760412	NaN	44.00587486793473	Infinity	15.704908730108993	-362.13891298283573
915000	-343.268617520314	NaN	-343.268617520314	NaN	43.62022683697071	Infinity	12.712251270545487	-341.3303590131291
920000	-368.8313996464319	NaN	-368.8313996464319	NaN	82.0637488032549	Infinity	14.685649282911884	-367.5222471432878
925000	-376.92840039363523	NaN	-376.92840039363523	NaN	47.318942385508116	Infinity	15.08168996278313	-375.5192312655584
930000	-354.3679857279476	NaN	-354.3679857279476	NaN	53.454933163750844	Infinity	13.414646494320149	-352.8689109169234
935000	-381.0697026932763	NaN	-381.0697026932763	NaN	43.162428262451044	Infinity	14.281858384588933	-379.7846487007905
940000	-369.4157421408422	NaN	-369.4157421408422	NaN	33.76216886211046	Infinity	16.559679417800986	-366.9654481239934
945000	-345.7473044566214	NaN	-345.7473044566214	NaN	41.967713773360536	Infinity	13.954240369053732	-344.4240235240202
950000	-358.7924129999397	NaN	-358.7924129999397	NaN	29.774757483333335	Infinity	13.695511022729027	-357.40236298872907
955000	-366.9283837728395	NaN	-366.9283837728395	NaN	31.424894373682434	Infinity	13.272495688760353	-365.3596300516437
960000	-364.7324450321258	NaN	-364.7324450321258	NaN	44.41126613536994	Infinity	14.529670899345632	-363.44192178278576
965000	-364.4615227060254	NaN	-364.4615227060254	NaN	34.682833401692164	Infinity	14.068187740356	-363.1574080743566
970000	-351.2704477060489	NaN	-351.2704477060489	NaN	36.53168591810251	Infinity	14.024737378533299	-349.9597631885598
975000	-354.6367345955194	NaN	-354.6367345955194	NaN	51.88678193851247	Infinity	11.913717538116497	-351.91017988658393
980000	-353.84249049202793	NaN	-353.84249049202793	NaN	58.240582217894726	Infinity	13.495384637116016	-352.37865235272596
985000	-348.0684561336052	NaN	-348.0684561336052	NaN	37.68839988800679	Infinity	15.43160339509236	-346.50798071839694
990000	-355.2140783970628	NaN	-355.2140783970628	NaN	45.83496808372186	Infinity	14.143600123041175	-353.9192050578638
995000	-364.5528934438251	NaN	-364.5528934438251	NaN	65.52599596942913	Infinity	14.341504632258232	-363.26922931279546
1000000	-334.93245887332404	NaN	-334.93245887332404	NaN	29.92198719967356	Infinity	11.55931337645208	-331.7575178603759
1005000	-360.59965406419406	NaN	-360.59965406419406	NaN	40.3454964606139	Infinity	11.741658297314311	-357.6629779748805
1010000	-362.10946454626264	NaN	-362.10946454626264	NaN	33.11285998675497	Infinity	15.547390549959744	-360.48591947399416
1015000	-357.90359849781623	NaN	-357.90359849781623	NaN	32.16426277593324	Infinity	14.022128152776698	-356.5924904753615
1020000	-378.4920378908084	NaN	-378.4920378908084	NaN	41.143396181702386	Infinity	16.202867355466555	-376.3895519013643
1025000	-382.88787520153215	NaN	-382.88787520153215	NaN	43.92779807410348	Infinity	15.986808642906066	-380.96615062441697
1030000	-366.88506652647203	NaN	-366.88506652647203	NaN	45.319821863294315	Infinity	13.363142091714092	-365.36187123931677
1035000	-345.80459113486336	NaN	-345.80459113486336	NaN	47.05996334607753	Infinity	15.092395110927015	-344.3916685837233
1040000	-358.9917603686139	NaN	-358.9917603686139	NaN	60.641792342443736	Infinity	13.155252636076213	-357.3582037481327
1045000	-372.65309074983895	NaN	-372.65309074983895	NaN	76.50642213570325	Infinity	13.178885104200923	-371.033129763473
1050000	-353.8350920015402	NaN	-353.8350920015402	NaN	29.92554328250178	Infinity	12.896656350578422	-352.0351680909787
1055000	-351.06895021091475	NaN	-351.06895021091475	NaN	41.908753420507054	Infinity	14.434431577278948	-349.78403270867847
1060000	-376.0172041422313	NaN	-376.0172041422313	NaN	48.802686990178884	Infinity	15.851914337344231	-374.19692101251695
1065000	-349.5989188746827	NaN	-349.5989188746827	NaN	63.101272077041514	Infinity	13.554872758953207	-348.15903179910066
1070000	-346.9617888608083	NaN	-346.9617888608083	NaN	49.88172134160707	Infinity	14.43548428068926	-345.67683330472005
1075000	-351.3138333355371	NaN	-351.3138333355371	NaN	54.29376715998857	Infinity	15.335610593713433	-349.8007435795224
1080000	-353.1235385847086	NaN	-353.1235385847086	NaN	106.2695108628812	Infinity	14.047433720412677	-351.8163994342666
1085000	-335.4406796553296	NaN	-335.4406796553296	NaN	36.72208024353447	Infinity	11.495947850221697	-332.179186473851
1090000	-346.94801268407485	NaN	-346.94801268407485	NaN	35.65337272120692	Infinity	13.137703563224116	-345.3041859130165
1095000	-361.02866747290835	NaN	-361.02866747290835	NaN	30.511885665624423	Infinity	13.969252461959533	-359.7082697481633
1100000	-379.8549557351772	NaN	-379.8549557351772	NaN	38.93576611954875	Infinity	15.009249740803046	-378.4697331677797
1105000	-359.7676441681257	NaN	-359.7676441681257	NaN	46.03116964500629	Infinity	14.131757877346068	-358.4715011626927
1110000	-350.52425683514707	NaN	-350.52425683514707	NaN	32.898300711363774	Infinity	15.19923705758067	-349.07084522143305
1115000	-352.6982998722867	NaN	-352.6982998722867	NaN	34.67033824122476	Infinity	13.134142488644095	-351.05237094584817
1120000	-351.8203088069413	NaN	-351.8203088069413	NaN	36.697967334240225	Infinity	14.092284422243006	-350.5194452276222
1125000	-352.61531380519597	NaN	-352.61531380519597	NaN	49.51711887918836	Infinity	12.978886063421664	-350.8717891352044
1130000	-372.84518043478784	NaN	-372.84518043478784	NaN	42.29613966212005	Infinity	14.160285668382485	-371.55198125948124
1135000	-379.0230758594909	NaN	-379.0230758594909	NaN	51.50956312135858	Infinity	13.760620355185937	-377.6528680652694
1140000	-354.3368793878694	NaN	-354.3368793878694	NaN	35.130269914929784	Infinity	14.303612064353178	-353.05253105529204
1145000	-370.27813048913015	NaN	-370.27813048913015	NaN	71.51355674659648	Infinity	13.13126935556858	-368.630501051885
1150000	-361.90531156725945	NaN	-361.90531156725945	NaN	37.96854137018748	Infinity	12.58003288728071	-359.85777281148677
1155000	-390.37827598262925	NaN	-390.37827598262925	NaN	47.34510537880478	Infinity	16.041864793685704	-388.4126271135567
1160000	-382.9080459702076	NaN	-382.9080459702076	NaN	74.46627539355946	Infinity	16.69769060047308	-380.30675663062465
1165000	-374.64354268381453	NaN	-374.64354268381453	NaN	36.310615239686776	Infinity	17.467569747060082	-371.0314044849282
1170000	-385.7109268279436	NaN	-385.7109268279436	NaN	55.08689148830394	Infinity	16.78251604721727	-383.01227380792926
1175000	-387.080350550602	NaN	-387.080350550602	NaN	46.35137987639411	Infinity	16.323330855773165	-384.8673061218768
1180000	-369.0786850649487	NaN	-369.0786850649487	NaN	53.22648363443348	Infinity	15.754115972547883	-367.32645967179394
1185000	-383.22673693137597	NaN	-383.22673693137597	NaN	35.873577136198854	Infinity	16.556605144160443	-380.77970183180753
1190000	-384.35658277403166	NaN	-384.35658277403166	NaN	40.946276875259876	Infinity	16.9531963050273	-381.45150540086775
1195000	-355.993128550483	NaN	-355.993128550483	NaN	40.78270770993175	Infinity	15.491093135983851	-354.4010564324641
1200000	-358.96985455835136	NaN	-358.96985455835136	NaN	46.78228539816238	Infinity	16.08524447689603	-356.96856734996055
1205000	-372.4779689895611	NaN	-372.4779689895611	NaN	36.84716891377579	Infinity	15.97857962063052	-370.56268402768353
1210000	-387.3533664244015	NaN	-387.3533664244015	NaN	41.64046644824134	Infinity	15.491871180448506	-385.76086975804634
1215000	-365.1153445888095	NaN	-365.1153445888095	NaN	43.350721811753424	Infinity	13.982865716924096	-363.7974674492818
1220000	-351.9532134166971	NaN	-351.9532134166971	NaN	33.04001941705776	Infinity	14.20019916089305	-350.66347428818693
1225000	-343.3880237693062	NaN	-343.3880237693062	NaN	43.39168948714751	Infinity	14.238092434957792	-342.1008586313836
1230000	-355.40128599423565	NaN	-355.40128599423565	NaN	34.65951779087335	Infinity	14.85951175528677	-354.0575403829201
1235000	-346.1507845748486	NaN	-346.1507845748486	NaN	40.79786591300626	Infinity	13.361271330175626	-344.6266890980191
1240000	-344.9349196243837	NaN	-344.9349196243837	NaN	29.720979328731254	Infinity	10.389205949162386	-339.84944624481545
1245000	-339.96633893715864	NaN	-339.96633893715864	NaN	32.25762190959905	Infinity	12.062498468258992	-337.4099676278583
1250000	-334.77839798817166	NaN	-334.77839798817166	NaN	56.31690512667112	Infinity	13.477137211098809	-333.3068710520209
1255000	-366.8789123799229	NaN	-366.8789123799229	NaN	68.31585445396475	Infinity	14.345981496565738	-365.59528334731857
1260000	-359.42192520238234	NaN	-359.42192520238234	NaN	34.00793864396924	Infinity	15.322659407727228	-357.91488842073113
1265000	-401.6244211505658	NaN	-401.6244211505658	NaN	53.24719641550577	Infinity	18.610306748933727	-395.9848625892209
1270000	-371.87210116404543	NaN	-371.87210116404543	NaN	77.95974288133914	Infinity	14.373332079082545	-370.58847665837635
1275000	-363.2743236683132	NaN	-363.2743236683132	NaN	56.98018637829174	Infinity	12.633794708416021	-361.2722368352039
1280000	-361.679782560618	NaN	-361.679782560618	NaN	33.01461229231409	Infinity	14.854599917861695	-360.33721434969806
1285000	-355.1453349293619	NaN	-355.1453349293619	NaN	37.955312198987095	Infinity	11.482473579005308	-351.8651873336104
1290000	-339.7268852070254	NaN	-339.7268852070254	NaN	44.73734031208707	Infinity	14.209002325378965	-338.4378058032544
1295000	-358.8269264200079	NaN	-358.8269264200079	NaN	73.81153482202947	Infinity	12.849391924244223	-356.9931092508054
1300000	-345.23355641089074	NaN	-345.23355641089074	NaN	73.46472205076337	Infinity	12.346949002475782	-342.97283975285364
1305000	-343.53573173211214	NaN	-343.53573173211214	NaN	81.34745675856801	Infinity	12.818564754510147	-341.67922796532577
1310000	-346.0616474323367	NaN	-346.0616474323367	NaN	35.76443769676199	Infinity	12.668722183715104	-344.08834244163563
1315000	-367.8503714163283	NaN	-367.8503714163283	NaN	79.37819154573526	Infinity	15.353881780647866	-366.3286047304964
1320000	-361.90301427743304	NaN	-361.90301427743304	NaN	44.43494771287601	Infinity	14.797825725798724	-360.5732107541524
1325000	-379.73798953974705	NaN	-379.73798953974705	NaN	30.284109116684025	Infinity	13.342678884475026	-378.20485584528546
1330000	-386.8977246459614	NaN	-386.8977246459614	NaN	61.24301183005658	Infinity	17.142687830719545	-383.74701540386724
1335000	-379.14706286304744	NaN	-379.14706286304744	NaN	66.36167066776429	Infinity	14.217913261251937	-377.8586131989593
1340000	-368.3594900474256	NaN	-368.3594900474256	NaN	63.98103232768493	Infinity	14.557389187581158	-367.0665135097732
1345000	-355.58060140816025	NaN	-355.58060140816025	NaN	38.53633160202692	Infinity	13.658318267666681	-354.1782993588092
1350000	-362.19242132617467	NaN	-362.19242132617467	NaN	28.67206496050935	Infinity	15.703127850824492	-360.47384922228804
1355000	-385.7091785824446	NaN	-385.7091785824446	NaN	64.23661861106764	Infinity	15.504865646574318	-384.1095481922333
1360000	-359.63749376532945	NaN	-359.63749376532945	NaN	94.91653544195741	Infinity	14.943957779307869	-358.27168635464454
1365000	-374.31706190782114	NaN	-374.31706190782114	NaN	35.74926118497799	Infinity	14.82407528646261	-372.9815498329071
1370000	-352.48108612055745	NaN	-352.48108612055745	NaN	38.538564930364025	Infinity	14.45555189179935	-351.19530294887426
1375000	-357.53115068020384	NaN	-357.53115068020384	NaN	58.59862623322264	Infinity	15.930398281872337	-355.652914624724
1380000	-371.3671828449424	NaN	-371.3671828449424	NaN	37.56309729358934	Infinity	15.141030179931654	-369.93651204354813
1385000	-390.47591573542206	NaN	-390.47591573542206	NaN	61.31706888234744	Infinity	16.614021877045154	-387.9672630473973
1390000	-381.65586627577187	NaN	-381.65586627577187	NaN	46.86946029341951	Infinity	13.506064641075847	-380.1964538040321
1395000	-342.39682995397465	NaN	-342.39682995397465	NaN	38.070253118977654	Infinity	13.381674797642559	-340.8824612215417
1400000	-383.0686314055242	NaN	-383.0686314055242	NaN	41.730430373779505	Infinity	16.414227764070002	-380.7675315038425
1405000	-362.1749888330334	NaN	-362.1749888330334	NaN	86.27154913793957	Infinity	15.137424627963156	-360.7456729433387
1410000	-370.51935592343295	NaN	-370.51935592343295	NaN	49.100517003329536	Infinity	13.878440103606904	-369.1798570472292
1415000	-361.8663289258754	NaN	-361.8663289258754	NaN	46.63571924813219	Infinity	14.659156395414547	-360.5611677678662
1420000	-348.9630112314072	NaN	-348.9630112314072	NaN	38.8641627541246	Infinity	13.759247322793899	-347.5924061039119
1425000	-365.8078652829175	NaN	-365.8078652829175	NaN	44.503324129684145	Infinity	15.365486951734377	-364.2805037339962
1430000	-374.85383374827364	NaN	-374.85383374827364	NaN	51.06175918835141	Infinity	14.263116253089038	-373.5679887767281
1435000	-368.4156888571331	NaN	-368.4156888571331	NaN	33.183830821082246	Infinity	14.264474507371826	-367.12990690176076
1440000	-369.2012349526388	NaN	-369.2012349526388	NaN	32.3868644426618	Infinity	14.585777126689054	-367.90536180533115
1445000	-351.363264660346	NaN	-351.363264660346	NaN	44.95818869510715	Infinity	14.22557292298486	-350.07532570282933
1450000	-347.13522470887983	NaN	-347.13522470887983	NaN	32.200864753365174	Infinity	12.634427476828254	-345.13366453857134
1455000	-355.51415566653947	NaN	-355.51415566653947	NaN	75.07875203771577	Infinity	14.024780464008302	-354.2034781147241
1460000	-358.6604505376245	NaN	-358.6604505376245	NaN	37.82431824431185	Infinity	13.143912327144117	-357.02027426600745
1465000	-364.52234762450104	NaN	-364.52234762450104	NaN	50.08461603638467	Infinity	11.165217926798837	-360.7776759663158
1470000	-348.3422897514589	NaN	-348.3422897514589	NaN	36.98253796920616	Infinity	11.59935070166603	-345.2210382193481
1475000	-330.3156769088942	NaN	-330.3156769088942	NaN	32.63166151214921	Infinity	11.720941050483747	-327.3527375896909
1480000	-341.6217856137281	NaN	-341.6217856137281	NaN	27.567793908793636	Infinity	13.264269406260729	-340.04870128221904
1485000	-337.63017308698835	NaN	-337.63017308698835	NaN	25.37435736978855	Infinity	11.14870496381899	-333.8599942639321
1490000	-361.4007355513333	NaN	-361.4007355513333	NaN	55.252875465751494	Infinity	13.858319769243904	-360.0564664397617
1495000	-376.0620392380874	NaN	-376.0620392380874	NaN	70.23375244291014	Infinity	15.674835063793804	-374.36160013446084
1500000	-373.7440516181713	NaN	-373.7440516181713	NaN	34.04025111047541	Infinity	16.630668770599907	-371.2172367861507
1505000	-360.1427362833603	NaN	-360.1427362833603	NaN	78.04612535098711	Infinity	13.182788194550865	-358.5249948094823
1510000	-357.3938308744022	NaN	-357.3938308744022	NaN	46.31069941190188	Infinity	12.47532159912679	-355.2537646899172
1515000	-380.4655623078869	NaN	-380.4655623078869	NaN	52.65407373329313	Infinity	14.916149365994354	-379.10739971074327
1520000	-379.20243279187645	NaN	-379.20243279187645	NaN	40.40667137672678	Infinity	15.78126487870474	-377.4317770094165
1525000	-360.803297187377	NaN	-360.803297187377	NaN	84.62881471577677	Infinity	14.70400927563565	-359.49118005116424
1530000	-374.1238936462679	NaN	-374.1238936462679	NaN	34.77164437440182	Infinity	16.472297228646873	-371.7644536897364
1535000	-373.9122671057896	NaN	-373.9122671057896	NaN	72.83949748699207	Infinity	14.34133294647987	-372.62860143631013
1540000	-347.1680079354665	NaN	-347.1680079354665	NaN	30.002959257833353	Infinity	12.883450632268193	-345.3587226728972
1545000	-353.0008807104961	NaN	-353.0008807104961	NaN	37.99841123845946	Infinity	13.473371171832303	-351.52774691311083
1550000	-345.82872466407696	NaN	-345.82872466407696	NaN	27.4256110273279	Infinity	12.406521444246291	-343.6249852077286
1555000	-352.3925076634801	NaN	-352.3925076634801	NaN	39.81125299460153	Infinity	13.681422096870245	-350.99789496667404
1560000	-349.16688786419587	NaN	-349.16688786419587	NaN	45.35999320550961	Infinity	13.41651739550414	-347.6686651523506
1565000	-348.11219942934525	NaN	-348.11219942934525	NaN	37.39943830254216	Infinity	14.866010555460193	-346.76687813116445
1570000	-354.737353760236	NaN	-354.737353760236	NaN	63.00251886266575	Infinity	14.3607012214833	-353.4537719948787
1575000	-378.4612588464645	NaN	-378.4612588464645	NaN	36.95150596676415	Infinity	13.512663694398606	-377.0045534499636
1580000	-357.5979313141561	NaN	-357.5979313141561	NaN	38.606053773948545	Infinity	12.339192659135504	-355.32967029118396
1585000	-353.8779827130012	NaN	-353.8779827130012	NaN	47.74646382457732	Infinity	13.264698213061578	-352.30512492701337
1590000	-354.353907284964	NaN	-354.353907284964	NaN	52.97809891095777	Infinity	13.422313317126846	-352.8583136022827
1595000	-348.9139349980408	NaN	-348.9139349980408	NaN	55.1942370144339	Infinity	13.050186795447274	-347.2166740903443
1600000	-358.0236919327231	NaN	-358.0236919327231	NaN	27.34864632941281	Infinity	13.091351186770236	-356.3520243939289
1605000	-339.5133012791096	NaN	-339.5133012791096	NaN	57.436652019144624	Infinity	12.691331223270495	-337.55831350615193
1610000	-359.027269918152	NaN	-359.027269918152	NaN	33.580682568401684	Infinity	14.705832779296136	-357.71484946174434
1615000	-353.2109814390102	NaN	-353.2109814390102	NaN	34.68839057169774	Infinity	13.147629133826198	-351.57298160231915
1620000	-348.9214510385844	NaN	-348.9214510385844	NaN	46.0398878635835	Infinity	13.631906999272648	-347.5100435291114
1625000	-379.5226976522572	NaN	-379.5226976522572	NaN	46.92210767676032	Infinity	17.02732234983347	-376.5235950472467
1630000	-385.7813431240736	NaN	-385.7813431240736	NaN	64.097856546413	Infinity	14.909519382966854	-384.4249481207377
1635000	-341.81266586195994	NaN	-341.81266586195994	NaN	48.30109484751647	Infinity	12.75573894113967	-339.9085080324475
1640000	-350.15282739465334	NaN	-350.15282739465334	NaN	32.57354037299791	Infinity	13.253273780875915	-348.57390360759825
1645000	-349.8632342705627	NaN	-349.8632342705627	NaN	41.89160605267199	Infinity	11.173208092063053	-346.13085761400635
1650000	-358.31323602927944	NaN	-358.31323602927944	NaN	34.59078674589516	Infinity	13.983591654884284	-356.99549079204684
1655000	-356.46938555500276	NaN	-356.46938555500276	NaN	60.444319528692226	Infinity	14.170360313564352	-355.17713222353825
1660000	-366.5479746324128	NaN	-366.5479746324128	NaN	45.151176961954015	Infinity	14.421171035687866	-365.2634907152674
1665000	-375.1714895035542	NaN	-375.1714895035542	NaN	34.787964915221856	Infinity	16.229814467952096	-373.044879754774
1670000	-380.1246721136829	NaN	-380.1246721136829	NaN	66.22091737229846	Infinity	16.60610842106096	-377.6246063235741
1675000	-382.4175277905503	NaN	-382.4175277905503	NaN	44.01179416127451	Infinity	15.663325228145615	-380.7243549375654
1680000	-362.3696478073216	NaN	-362.3696478073216	NaN	62.74292243235578	Infinity	13.499834976006616	-360.9076605209405
1685000	-376.182359202589	NaN	-376.182359202589	NaN	58.70487610228588	Infinity	14.818476540358953	-374.84809257844796
1690000	-366.1820648600899	NaN	-366.1820648600899	NaN	75.68319874808543	Infinity	14.220902813511241	-364.8938178903592
1695000	-354.7469491129124	NaN	-354.7469491129124	NaN	49.26854013877513	Infinity	14.916228068487563	-353.3887654058928
1700000	-344.1610273536618	NaN	-344.1610273536618	NaN	57.47607443177766	Infinity	11.91858661136522	-341.44021110660753
1705000	-366.2888293010288	NaN	-366.2888293010288	NaN	58.840201898401794	Infinity	16.459100379646582	-363.94279047738615
1710000	-393.15057915038017	NaN	-393.15057915038017	NaN	51.96341063042079	Infinity	17.401292899909635	-389.63670658368
1715000	-348.5845939480156	NaN	-348.5845939480156	NaN	48.08700374618968	Infinity	12.830657769345873	-346.7370444051818
1720000	-335.31857879100255	NaN	-335.31857879100255	NaN	49.70099574540434	Infinity	14.20035040109181	-334.02885131221933
1725000	-353.75087551911946	NaN	-353.75087551911946	NaN	28.139075753063658	Infinity	12.695474340481368	-351.799217659172
1730000	-372.14445986977813	NaN	-372.14445986977813	NaN	31.53603786678129	Infinity	15.011104239140327	-370.75865582468634
1735000	-399.2732825698427	NaN	-399.2732825698427	NaN	113.71052174099643	Infinity	14.645085340592631	-397.970103688429
1740000	-365.98196867372866	NaN	-365.98196867372866	NaN	28.496193916979397	Infinity	14.349055425550832	-364.69835814390416
1745000	-349.3591957134663	NaN	-349.3591957134663	NaN	52.81259367298066	Infinity	14.911725050318097	-348.00221501884664
1750000	-350.1936550713647	NaN	-350.1936550713647	NaN	38.61735075457676	Infinity	13.177747083418351	-348.57304556028635
1755000	-357.47929411426816	NaN	-357.47929411426816	NaN	59.826471685084876	Infinity	12.322996626826274	-355.195186150365
1760000	-339.99096775943696	NaN	-339.99096775943696	NaN	38.28994955235572	Infinity	12.85679388970967	-338.1625296769735
1765000	-360.20643875981665	NaN	-360.20643875981665	NaN	41.74861209982	Infinity	15.22088710385959	-358.7441518165369
1770000	-384.0060365487882	NaN	-384.0060365487882	NaN	37.58284020647926	Infinity	16.82096867103779	-381.26210411114164
1775000	-363.03528134822415	NaN	-363.03528134822415	NaN	33.28725077069363	Infinity	14.050775718727358	-361.72864326428635
1780000	-349.4711860110645	NaN	-349.4711860110645	NaN	43.805188246129994	Infinity	12.95274515306582	-347.71008550715874
1785000	-374.33848317563246	NaN	-374.33848317563246	NaN	117.6889495388837	Infinity	16.10516040507484	-372.32053018445305
1790000	-347.4937865011536	NaN	-347.4937865011536	NaN	39.06001279654002	Infinity	13.953484976442516	-346.17035761661555
1795000	-352.25387836335193	NaN	-352.25387836335193	NaN	32.428255594442064	Infinity	14.647091243208157	-350.95042273364874
1800000	-358.2841927078865	NaN	-358.2841927078865	NaN	39.27060256113155	Infinity	10.054211096017408	-352.5301688143589
1805000	-363.07253003318067	NaN	-363.07253003318067	NaN	51.69367179878483	Infinity	13.532118510230433	-361.62368320479493
1810000	-356.1469153646181	NaN	-356.1469153646181	NaN	65.06683410679437	Infinity	13.657256521887016	-354.744253761221
1815000	-339.57978553632586	NaN	-339.57978553632586	NaN	43.982471743467116	Infinity	11.64572418420972	-336.51975394639476
1820000	-346.49020619166885	NaN	-346.49020619166885	NaN	56.02832234910433	Infinity	11.75047439111916	-343.5646434724889
1825000	-355.6590291932478	NaN	-355.6590291932478	NaN	65.60547139865363	Infinity	13.181071331774342	-354.040312321541
1830000	-358.9976734872381	NaN	-358.9976734872381	NaN	44.73782191099708	Infinity	12.602136953965964	-356.9689909317331
1835000	-366.5119368823629	NaN	-366.5119368823629	NaN	29.19498315115651	Infinity	16.002734876529633	-364.57765648109336
1840000	-363.7759900269725	NaN	-363.7759900269725	NaN	37.106446126616184	Infinity	14.144048538181245	-362.4811634356724
1845000	-353.5738478768486	NaN	-353.5738478768486	NaN	34.62460162155297	Infinity	12.965255765111907	-351.82119999723545
1850000	-368.05912524971916	NaN	-368.05912524971916	NaN	50.72117734684583	Infinity	13.644657607303328	-366.6521555968528
1855000	-375.00819527179095	NaN	-375.00819527179095	NaN	35.613604992802806	Infinity	13.482642662565873	-373.53900504630684
1860000	-379.7026552892682	NaN	-379.7026552892682	NaN	65.6464542541618	Infinity	14.560255819555758	-378.40940389101297
1865000	-357.91374117707994	NaN	-357.91374117707994	NaN	33.97777939553703	Infinity	14.442979655865454	-356.6284992237462
1870000	-348.1088826907449	NaN	-348.1088826907449	NaN	39.223235646521445	Infinity	13.388982919557838	-346.59794905453526
1875000	-341.3654463458014	NaN	-341.3654463458014	NaN	28.693916167723696	Infinity	13.803455045355332	-340.0071776121694
1880000	-356.28240261005266	NaN	-356.28240261005266	NaN	51.80285758221721	Infinity	15.566780741831982	-354.64766361399876
1885000	-378.56466951506036	NaN	-378.56466951506036	NaN	57.84719061646054	Infinity	16.107146671974995	-376.545043912492
1890000	-372.15904216818006	NaN	-372.15904216818006	NaN	96.37066831507789	Infinity	14.27517989751262	-370.8737257485803
1895000	-347.18113547002673	NaN	-347.18113547002673	NaN	36.328517977832725	Infinity	13.52028785369437	-345.7275315217649
1900000	-354.68703887980115	NaN	-354.68703887980115	NaN	36.390621466195405	Infinity	14.724432145596092	-353.3714330266178
1905000	-358.31259658409	NaN	-358.31259658409	NaN	44.919774752937336	Infinity	12.501952679114382	-356.1965641640889
1910000	-367.4574657550137	NaN	-367.4574657550137	NaN	42.45555278702317	Infinity	14.371920721039587	-366.1738498432737
1915000	-384.35108259924124	NaN	-384.35108259924124	NaN	40.15144329361751	Infinity	15.516366753567745	-382.745070380314
1920000	-381.99381960960926	NaN	-381.99381960960926	NaN	40.97002317548556	Infinity	14.98344767623351	-380.6165152089102
1925000	-357.93938724403273	NaN	-357.93938724403273	NaN	31.983237295501354	Infinity	13.286047669953614	-356.3776966063036
1930000	-370.05909342407654	NaN	-370.05909342407654	NaN	51.80152255502063	Infinity	14.698476258958866	-368.7478868308433
1935000	-357.7797182102817	NaN	-357.7797182102817	NaN	43.98881904063792	Infinity	14.576503886505757	-356.484834014089
1940000	-361.5153926324712	NaN	-361.5153926324712	NaN	36.47793903306794	Infinity	15.099547419154476	-360.0999315525242
1945000	-347.3122603654868	NaN	-347.3122603654868	NaN	35.52048483727106	Infinity	13.572335697532926	-345.8790801815171
1950000	-364.49953300364075	NaN	-364.49953300364075	NaN	30.851201625861304	Infinity	13.907057712886628	-363.1664826272341
1955000	-359.6375531548078	NaN	-359.6375531548078	NaN	57.09520637448841	Infinity	14.418630415029227	-358.35314262935816
1960000	-366.8558986196553	NaN	-366.8558986196553	NaN	30.826204800258775	Infinity	14.91223620190542	-365.4987818593657
1965000	-368.037842499187	NaN	-368.037842499187	NaN	52.42460118133972	Infinity	13.511239972776306	-366.58055483777906
1970000	-373.073468953181	NaN	-373.073468953181	NaN	35.787621869600855	Infinity	16.46470722747715	-370.7217467504966
1975000	-368.0437012925402	NaN	-368.0437012925402	NaN	40.142335365725714	Infinity	16.138784183213623	-365.9971776196937
1980000	-370.63130406506775	NaN	-370.63130406506775	NaN	37.11915069307514	Infinity	15.159009415833802	-369.19378336383096
1985000	-362.3042683201268	NaN	-362.3042683201268	NaN	33.229922693844784	Infinity	15.221037726933513	-360.8419188378783
1990000	-379.72786875387044	NaN	-379.72786875387044	NaN	54.0484846134004	Infinity	16.09710683550545	-377.716678079792
1995000	-353.011755614007	NaN	-353.011755614007	NaN	63.13519422499208	Infinity	14.1367663797253	-351.71615784809285
2000000	-364.7320450265509	NaN	-364.7320450265509	NaN	41.96034023121104	Infinity	14.015383939475745	-363.41982713622747
2005000	-371.66800602695076	NaN	-371.66800602695076	NaN	81.04407992874091	Infinity	14.990276973211817	-370.288637086813
2010000	-380.4218617031907	NaN	-380.4218617031907	NaN	70.90206921881936	Infinity	14.076947737393812	-379.1189613393441
2015000	-338.81495313332965	NaN	-338.81495313332965	NaN	35.078863846596796	Infinity	12.766263230564428	-336.91891081662703
2020000	-359.1290613165654	NaN	-359.1290613165654	NaN	66.7808164730633	Infinity	14.310879153288692	-357.8448978657649
2025000	-341.93685906819024	NaN	-341.93685906819024	NaN	40.65468971526101	Infinity	12.484614891751578	-339.80521865783675
2030000	-367.62634886090336	NaN	-367.62634886090336	NaN	34.826380648392	Infinity	14.685690112096761	-366.31718994532275
2035000	-378.9468778769555	NaN	-378.9468778769555	NaN	47.4519404869961	Infinity	15.695964526933059	-377.23293328233706
2040000	-382.05254460788245	NaN	-382.05254460788245	NaN	53.41467660011634	Infinity	16.191534475947485	-379.96009950222987
2045000	-389.27356827564614	NaN	-389.27356827564614	NaN	72.73192517370865	Infinity	16.032040089045942	-387.3158647974066
2050000	-403.3873531166633	NaN	-403.3873531166633	NaN	43.863509821285	Infinity	16.821412483971717	-400.6428939100106
2055000	-373.3863265557308	NaN	-373.3863265557308	NaN	42.879358947015085	Infinity	15.25025015742279	-371.91164119009386
2060000	-360.50343329960424	NaN	-360.50343329960424	NaN	34.81607214317547	Infinity	13.244545635383027	-358.9198327389558
2065000	-382.2944507960156	NaN	-382.2944507960156	NaN	37.494705012494116	Infinity	16.68095065016829	-379.7119658119071
2070000	-362.41385140356505	NaN	-362.41385140356505	NaN	50.31990847831811	Infinity	14.258526360380305	-361.12778690098116
2075000	-375.94692062519584	NaN	-375.94692062519584	NaN	31.17337314327161	Infinity	14.425130446838812	-374.6623161256097
2080000	-391.77126944933235	NaN	-391.77126944933235	NaN	88.3794965143891	Infinity	16.18294003074748	-389.6863976897645
2085000	-374.09732692232285	NaN	-374.09732692232285	NaN	41.26808294971547	Infinity	15.530566279195126	-372.4833475580368
2090000	-355.71987323207026	NaN	-355.71987323207026	NaN	29.307483387162662	Infinity	13.02188016728573	-354.00453891197924
2095000	-352.3078721279945	NaN	-352.3078721279945	NaN	48.54193150367384	Infinity	14.523283703546548	-351.01786166951115
2100000	-357.36611869940134	NaN	-357.36611869940134	NaN	42.978803712529505	Infinity	13.155194075947627	-355.7325280550606
2105000	-369.8977427331818	NaN	-369.8977427331818	NaN	67.53520279749303	Infinity	13.448972875996954	-368.4140331878868
2110000	-365.8252893775481	NaN	-365.8252893775481	NaN	53.44626672552864	Infinity	13.591015082626656	-364.39912049041317
2115000	-370.4579198290671	NaN	-370.4579198290671	NaN	36.200175920997715	Infinity	15.085487186760313	-369.0474256489621
2120000	-347.1001472310005	NaN	-347.1001472310005	NaN	32.07884738596505	Infinity	11.658202760025254	-344.0564121491348
2125000	-360.21639668190835	NaN	-360.21639668190835	NaN	75.85714943962871	Infinity	14.58965552446584	-358.92009762097666
2130000	-356.9578933699534	NaN	-356.9578933699534	NaN	36.31554148556328	Infinity	11.309612979525303	-353.43066276128764
2135000	-358.8204089673968	NaN	-358.8204089673968	NaN	34.39545270952273	Infinity	13.521311648926195	-357.3672193561398
2140000	-361.68019466454797	NaN	-361.68019466454797	NaN	33.03589332374639	Infinity	10.885609055443503	-357.4858798880254
2145000	-358.19614919262057	NaN	-358.19614919262057	NaN	45.4862283874753	Infinity	15.603933780406336	-356.53945526524444
2150000	-366.4371230783501	NaN	-366.4371230783501	NaN	37.98093334614964	Infinity	13.701332472368852	-365.04893038990156
2155000	-355.4698738191242	NaN	-355.4698738191242	NaN	28.854568856782446	Infinity	15.515181100494605	-353.864522454223
2160000	-379.33351478557813	NaN	-379.33351478557813	NaN	49.055670442915314	Infinity	16.961823966048414	-376.41762991002787
2165000	-394.2462853933443	NaN	-394.2462853933443	NaN	32.16819263970443	Infinity	14.61602715379137	-392.9468979249182
2170000	-392.7401578490016	NaN	-392.7401578490016	NaN	50.654540809697785	Infinity	14.077182158967855	-391.43728947111185
2175000	-375.3699720876205	NaN	-375.3699720876205	NaN	42.93017566009052	Infinity	13.583447330895483	-373.94098292542157
2180000	-357.3507717143209	NaN	-357.3507717143209	NaN	54.541201135410596	Infinity	14.548894829959922	-356.05858636942224
2185000	-360.3108733300505	NaN	-360.3108733300505	NaN	49.660542230131334	Infinity	14.155226819898063	-359.0171807517164
2190000	-377.2751363325066	NaN	-377.2751363325066	NaN	61.624859267877554	Infinity	15.5609370996534	-375.6437899487049
2195000	-343.106774674597	NaN	-343.106774674597	NaN	39.155079105929914	Infinity	13.165791638300304	-341.4793143599915
2200000	-366.4646681385027	NaN	-366.4646681385027	NaN	41.42215347595947	Infinity	14.18041256689036	-365.17330976376576
2205000	-374.57956246582717	NaN	-374.57956246582717	NaN	53.278444145822206	Infinity	12.930969990265194	-372.80356985049616
2210000	-388.1041323093188	NaN	-388.1041323093188	NaN	47.342954406819175	Infinity	16.734410256631723	-385.4611216340738
2215000	-357.0316769202459	NaN	-357.0316769202459	NaN	60.3527703849817	Infinity	16.3609577977293	-354.78266507758775
2220000	-373.0426862760893	NaN	-373.0426862760893	NaN	43.298160749617246	Infinity	14.418981695348632	-371.75826578854
2225000	-358.3160486516074	NaN	-358.3160486516074	NaN	35.06144822481171	Infinity	15.593800658919573	-356.6654087327396
2230000	-360.8496466204754	NaN	-360.8496466204754	NaN	31.0640033188935	Infinity	13.972766035873965	-359.529908014054
2235000	-356.0695284136126	NaN	-356.0695284136126	NaN	33.176411908598006	Infinity	12.738013835233666	-354.15158162438814
2240000	-361.73958951160523	NaN	-361.73958951160523	NaN	48.518608800209854	Infinity	14.738499304878424	-360.42146366058006
2245000	-386.8042323101355	NaN	-386.8042323101355	NaN	34.937849312506344	Infinity	15.991905830530154	-384.8785025538429
2250000	-373.15904152218917	NaN	-373.15904152218917	NaN	28.02009675416821	Infinity	15.996244056770712	-371.2298930801329
2255000	-359.69694283117866	NaN	-359.69694283117866	NaN	67.23971972210492	Infinity	12.359566069968002	-357.44843643794917
2260000	-371.06280925705323	NaN	-371.06280925705323	NaN	38.24267374336968	Infinity	15.985312476613323	-369.1422579327349
2265000	-383.8475800957893	NaN	-383.8475800957893	NaN	47.726933036896746	Infinity	15.953027231000714	-381.9520829979189
2270000	-374.0132404100083	NaN	-374.0132404100083	NaN	49.695055407625894	Infinity	14.789707167375052	-372.68513516905733
2275000	-372.20679433185063	NaN	-372.20679433185063	NaN	31.983732521799293	Infinity	15.570161996919857	-370.57008477736395
2280000	-370.0423419854404	NaN	-370.0423419854404	NaN	48.45172804349976	Infinity	13.88652557432672	-368.7047050647843
2285000	-342.86970876841343	NaN	-342.86970876841343	NaN	34.92366883889687	Infinity	14.273070825764966	-341.58430500517284
2290000	-363.5277935198953	NaN	-363.5277935198953	NaN	42.58998607596675	Infinity	14.552389330708445	-362.2352868985246
2295000	-353.6401855910581	NaN	-353.6401855910581	NaN	78.70306279515589	Infinity	12.677451062020944	-351.6739817103018
2300000	-354.10057187548813	NaN	-354.10057187548813	NaN	39.38991503080711	Infinity	12.109432498655698	-351.5956712476705
2305000	-370.2881615764539	NaN	-370.2881615764539	NaN	51.05076729618728	Infinity	14.19541754575403	-368.9980484423336
2310000	-384.17523086307284	NaN	-384.17523086307284	NaN	56.172258423716535	Infinity	17.413190241376782	-380.6438746575326
2315000	-353.17965610910426	NaN	-353.17965610910426	NaN	52.49209357653608	Infinity	14.911445380093273	-351.82274980779147
2320000	-364.8474841438005	NaN	-364.8474841438005	NaN	58.664246637583425	Infinity	15.696203867413374	-363.13338533475616
2325000	-370.4043934912532	NaN	-370.4043934912532	NaN	35.49356551373882	Infinity	15.375054068545978	-368.87237078493325
2330000	-358.06593960590726	NaN	-358.06593960590726	NaN	41.15123237639237	Infinity	13.994006439971487	-356.75005874856726
2335000	-378.94225909949506	NaN	-378.94225909949506	NaN	51.42233263126673	Infinity	14.82022787017256	-377.60760451373557
2340000	-382.97834239254206	NaN	-382.97834239254206	NaN	35.91985549265073	Infinity	17.32989470006918	-379.5679584382893
2345000	-370.8247622168165	NaN	-370.8247622168165	NaN	45.38968359647405	Infinity	13.900057684067008	-369.4901709891053
2350000	-365.8213203449219	NaN	-365.8213203449219	NaN	46.16186951658508	Infinity	15.75303569416497	-364.0698209596027
2355000	-371.43769506812754	NaN	-371.43769506812754	NaN	46.51066863406522	Infinity	15.253081728734935	-369.9617921023245
2360000	-360.0873506999333	NaN	-360.0873506999333	NaN	36.89629355153368	Infinity	12.713386521060338	-358.1499939882715
2365000	-361.7292522563093	NaN	-361.7292522563093	NaN	49.11061620223037	Infinity	13.705793531512487	-360.34247179985937
2370000	-360.3775194789437	NaN	-360.3775194789437	NaN	41.05283762705313	Infinity	15.556286607908788	-358.7488612387238
2375000	-369.29463549098284	NaN	-369.29463549098284	NaN	77.02990262600709	Infinity	15.640420702462407	-367.61573238024005
2380000	-376.28454850802666	NaN	-376.28454850802666	NaN	35.16617985022085	Infinity	13.822088999297206	-374.93119731921126
2385000	-353.4773438283049	NaN	-353.4773438283049	NaN	28.524228715538392	Infinity	12.920573917017634	-351.69416065557436
2390000	-370.46916316133223	NaN	-370.46916316133223	NaN	42.8093049689861	Infinity	13.573765533395306	-369.03652561261134
2395000	-360.7064388463176	NaN	-360.7064388463176	NaN	103.79323566587709	Infinity	15.349974362072757	-359.1865413146964
2400000	-363.2010066796555	NaN	-363.2010066796555	NaN	46.54191331650845	Infinity	15.407968241853709	-361.6526108363125
2405000	-375.30825813713693	NaN	-375.30825813713693	NaN	59.956080976581944	Infinity	15.336546225697221	-373.79472796340485
2410000	-368.89854772758576	NaN	-368.89854772758576	NaN	48.57009091403499	Infinity	15.919037623856847	-367.0288843117439
2415000	-367.81007024091025	NaN	-367.81007024091025	NaN	55.279575899272345	Infinity	13.506855266514055	-366.3509832082489
2420000	-357.43386853641084	NaN	-357.43386853641084	NaN	40.57347588526049	Infinity	12.808330214417927	-355.56973154541294
2425000	-346.6271489924754	NaN	-346.6271489924754	NaN	35.38997393318118	Infinity	11.441123255972238	-343.2892074289134
2430000	-344.5625851583308	NaN	-344.5625851583308	NaN	38.85470476244487	Infinity	12.643243561681077	-342.5683426636145
2435000	-346.7790759394228	NaN	-346.7790759394228	NaN	47.33393903075985	Infinity	11.90975215961548	-344.04783937381535
2440000	-377.28553081698385	NaN	-377.28553081698385	NaN	53.97071008501146	Infinity	15.663132313648989	-375.592479208078
2445000	-371.9408423404581	NaN	-371.9408423404581	NaN	56.62091149543392	Infinity	15.414693019435427	-370.3890369848389
2450000	-355.06238307028707	NaN	-355.06238307028707	NaN	31.022395942338804	Infinity	13.846999117730055	-353.7153441739744
2455000	-378.1938747199579	NaN	-378.1938747199579	NaN	41.91420263505182	Infinity	14.138619679422805	-376.8984756430103
2460000	-381.07185561852503	NaN	-381.07185561852503	NaN	80.58598872774375	Infinity	15.6749531031727	-379.37134166474374
2465000	-380.5845105682446	NaN	-380.5845105682446	NaN	46.93012517416833	Infinity	16.23938499734848	-378.4492487593526
2470000	-378.2659626718204	NaN	-378.2659626718204	NaN	49.9733875218267	Infinity	15.176665120135025	-376.82156362571135
2475000	-360.843925802045	NaN	-360.843925802045	NaN	28.36151166435028	Infinity	15.556839278085505	-359.21494864561504
2480000	-358.95801458376866	NaN	-358.95801458376866	NaN	42.0884008608023	Infinity	14.286509375288528	-357.6731306433996
2485000	-376.0325684835819	NaN	-376.0325684835819	NaN	84.5625177111358	Infinity	15.88286029263856	-374.1897894335063
2490000	-359.6802253650858	NaN	-359.6802253650858	NaN	34.04020686170551	Infinity	13.622002996423818	-358.2653166597266
2495000	-373.86729812300484	NaN	-373.86729812300484	NaN	35.58494882117563	Infinity	15.011693062376134	-372.4813091055648
2500000	-354.3985014765095	NaN	-354.3985014765095	NaN	34.518104548315335	Infinity	14.857766367393694	-353.05517557901567
2505000	-361.17855787376465	NaN	-361.17855787376465	NaN	45.54366293342891	Infinity	13.201209651342564	-359.5711926929873
2510000	-372.98121336398293	NaN	-372.98121336398293	NaN	39.74432167157744	Infinity	14.661482105626723	-371.6757153736301
2515000	-354.3954161615373	NaN	-354.3954161615373	NaN	53.80036822083329	Infinity	13.842292156056795	-353.04720743824004
2520000	-340.2055979843945	NaN	-340.2055979843945	NaN	34.0610486797014	Infinity	12.091769788105706	-337.68145203056343
2525000	-368.23275531417517	NaN	-368.23275531417517	NaN	66.08454132931506	Infinity	13.32190535101597	-366.6893259387345
2530000	-353.4846563748858	NaN	-353.4846563748858	NaN	47.63643145424463	Infinity	12.475115492697618	-351.3444028516781
2535000	-354.5326403462711	NaN	-354.5326403462711	NaN	51.65577871528505	Infinity	12.284231451748152	-352.2100890173046
2540000	-347.4273716705981	NaN	-347.4273716705981	NaN	31.4178809528485	Infinity	13.224949040060563	-345.83313688876035
2545000	-350.8962186732014	NaN	-350.8962186732014	NaN	42.92736493942466	Infinity	13.458506464968552	-349.4166757528499
2550000	-347.04848968169597	NaN	-347.04848968169597	NaN	27.614943524071116	Infinity	13.92780888807572	-345.7198682111123
2555000	-343.56407088927057	NaN	-343.56407088927057	NaN	28.92420786161642	Infinity	12.600986705784674	-341.5344129092348
2560000	-334.2281484736141	NaN	-334.2281484736141	NaN	52.15555086461238	Infinity	11.472183184159364	-330.93369540469286
2565000	-345.3580297304107	NaN	-345.3580297304107	NaN	51.460449345502255	Infinity	13.367404757482802	-343.83687928648567
2570000	-375.3115720239488	NaN	-375.3115720239488	NaN	39.71003897069551	Infinity	15.586210770594313	-373.6654342298951
2575000	-365.679271034755	NaN	-365.679271034755	NaN	59.11266743934682	Infinity	12.713759245289706	-363.74221026410316
2580000	-369.1101240729487	NaN	-369.1101240729487	NaN	27.62172826856303	Infinity	13.493214633020676	-367.6453799858567
2585000	-380.27058259462865	NaN	-380.27058259462865	NaN	28.833805483360692	Infinity	16.7203675948134	-377.6436041541813
2590000	-348.3729375129234	NaN	-348.3729375129234	NaN	39.206179643544026	Infinity	13.524346695068198	-346.92097323542976
2595000	-378.93752867737027	NaN	-378.93752867737027	NaN	53.49252390787051	Infinity	16.331001788887832	-376.71720704895176
2600000	-358.8401498989761	NaN	-358.8401498989761	NaN	29.250589807343523	Infinity	14.763397588978334	-357.5173298226905
2605000	-373.71260425529005	NaN	-373.71260425529005	NaN	36.88316163779778	Infinity	14.701860879876264	-372.4008424239899
2610000	-376.8270288364532	NaN	-376.8270288364532	NaN	52.09586897266803	Infinity	15.562015858828113	-375.1950574026057
2615000	-374.6011463789689	NaN	-374.6011463789689	NaN	41.57190255555017	Infinity	16.29179953653174	-372.41771677467625
2620000	-368.00309882982714	NaN	-368.00309882982714	NaN	65.84323040453815	Infinity	15.135640238650897	-366.5744511674543
2625000	-372.3095985583442	NaN	-372.3095985583442	NaN	57.86814237182115	Infinity	14.583748681287645	-371.013945279516
2630000	-380.22387415170033	NaN	-380.22387415170033	NaN	69.8663339243985	Infinity	15.177494126023085	-378.7791484447992
2635000	-358.36001697443055	NaN	-358.36001697443055	NaN	55.42065484233997	Infinity	12.828842873272938	-356.5111280970421
2640000	-354.21072090425264	NaN	-354.21072090425264	NaN	50.738912598003516	Infinity	15.465080072671881	-352.63267504859226
2645000	-367.08463316768734	NaN	-367.08463316768734	NaN	33.62526175618508	Infinity	13.861741098984952	-365.7411889793147
2650000	-356.7291924308031	NaN	-356.7291924308031	NaN	31.944709983185607	Infinity	14.932401753775164	-355.36660717489474
2655000	-380.1296921906518	NaN	-380.1296921906518	NaN	56.692451557249264	Infinity	13.949991794072606	-378.80557554942254
2660000	-372.05851868209913	NaN	-372.05851868209913	NaN	34.261607315158685	Infinity	14.530081649939955	-370.7679617826912
2665000	-361.3459246536065	NaN	-361.3459246536065	NaN	52.24594637920628	Infinity	15.228238248588884	-359.8805727386058
2670000	-364.01201395570195	NaN	-364.01201395570195	NaN	39.721126453661874	Infinity	15.27904232209639	-362.52476747726286
2675000	-348.230436149669	NaN	-348.230436149669	NaN	32.538100110724166	Infinity	11.28359660166349	-344.6647707188061
2680000	-372.9855984829779	NaN	-372.9855984829779	NaN	54.793697659816665	Infinity	15.881694498755786	-371.1436752689728
2685000	-372.4962781426823	NaN	-372.4962781426823	NaN	32.13560357392374	Infinity	14.469252446827477	-371.20981838604746
2690000	-380.9594329889462	NaN	-380.9594329889462	NaN	84.05991532717199	Infinity	14.233193663694264	-379.67197406424873
2695000	-370.6053633338305	NaN	-370.6053633338305	NaN	33.56960268871616	Infinity	13.552882660543046	-369.16470259761564
2700000	-365.934143941131	NaN	-365.934143941131	NaN	33.574748790101125	Infinity	13.923814606173861	-364.60468611335193
2705000	-367.4399166010002	NaN	-367.4399166010002	NaN	33.8605945610381	Infinity	13.89551840283807	-366.10431355323783
2710000	-367.7019512601125	NaN	-367.7019512601125	NaN	60.37223941751676	Infinity	15.138486549798936	-366.27223696762695
2715000	-369.0110894792595	NaN	-369.0110894792595	NaN	45.10448596504709	Infinity	14.588412929176114	-367.7149276660378
2720000	-368.80862501171066	NaN	-368.80862501171066	NaN	54.91264433145015	Infinity	14.993945983199398	-367.4281376189655
2725000	-372.40106133695525	NaN	-372.40106133695525	NaN	63.05656720358025	Infinity	13.773478474204136	-371.0345303507959
2730000	-357.1803758938342	NaN	-357.1803758938342	NaN	36.5174238645818	Infinity	13.106644524025581	-355.5180085725733
2735000	-327.20215509318086	NaN	-327.20215509318086	NaN	35.91969687760118	Infinity	10.326980088555565	-321.99659003442184
2740000	-341.720956350084	NaN	-341.720956350084	NaN	45.935391312440665	Infinity	13.720976597565675	-340.3389104602217
2745000	-355.3607655095282	NaN	-355.3607655095282	NaN	36.50610970799864	Infinity	14.185588650591653	-354.069848957546
2750000	-360.10310003695696	NaN	-360.10310003695696	NaN	37.83563708066178	Infinity	13.126343833811058	-358.45254608683297
2755000	-383.232284203251	NaN	-383.232284203251	NaN	30.70226714237816	Infinity	14.319845068823115	-381.9483137595599
2760000	-352.09492544208314	NaN	-352.09492544208314	NaN	48.631261463558864	Infinity	14.381673631538881	-350.8112305269881
2765000	-356.7023263062009	NaN	-356.7023263062009	NaN	57.49592437115382	Infinity	15.752356151663943	-354.95128332330773
2770000	-356.09619059346596	NaN	-356.09619059346596	NaN	35.32195903347914	Infinity	12.394480674289543	-353.8810729176077
2775000	-369.73847911392437	NaN	-369.73847911392437	NaN	29.936621759435866	Infinity	15.837054434009596	-367.9288341470538
2780000	-345.77839382987963	NaN	-345.77839382987963	NaN	41.64376459276879	Infinity	13.62856292371426	-344.3658094350726
2785000	-376.94431459936	NaN	-376.94431459936	NaN	47.438349467558766	Infinity	14.786204761778437	-375.6169321956802
2790000	-370.4145924177175	NaN	-370.4145924177175	NaN	45.641344494286855	Infinity	16.336324241489226	-368.1892048518716
2795000	-392.45949621341805	NaN	-392.45949621341805	NaN	48.95054778162547	Infinity	15.819961166012792	-390.66195656935855
2800000	-391.028445260622	NaN	-391.028445260622	NaN	34.24071418734169	Infinity	17.468545933225304	-387.4148438851036
2805000	-378.2178950041625	NaN	-378.2178950041625	NaN	62.172860458926074	Infinity	15.194857711532455	-376.76625119530746
2810000	-376.68660810364935	NaN	-376.68660810364935	NaN	45.17463119198361	Infinity	14.945238311892288	-375.3204396798249
2815000	-370.5492318002767	NaN	-370.5492318002767	NaN	33.42993138734715	Infinity	15.288313677035237	-369.05785542861656
2820000	-390.128242069233	NaN	-390.128242069233	NaN	40.740435593822085	Infinity	16.032961833628	-388.1697951406175
2825000	-368.8095957725698	NaN	-368.8095957725698	NaN	64.64617319461367	Infinity	12.684308324644169	-366.84894463531214
2830000	-389.5215611954378	NaN	-389.5215611954378	NaN	52.924748145499045	Infinity	13.928477475590165	-388.19307896775376
2835000	-395.03429087981624	NaN	-395.03429087981624	NaN	48.19079536058119	Infinity	16.837748943797216	-392.2703755552439
2840000	-360.3293931157228	NaN	-360.3293931157228	NaN	43.773680241743655	Infinity	15.731554064146621	-358.5922137280744
2845000	-363.09590811826087	NaN	-363.09590811826087	NaN	55.67310740458268	Infinity	14.641936303608722	-361.79315978568206
2850000	-356.23362859952357	NaN	-356.23362859952357	NaN	56.67171613501207	Infinity	13.023011618915076	-354.5190241105348
2855000	-349.86974770038586	NaN	-349.86974770038586	NaN	41.68566395860632	Infinity	11.561557359538087	-346.69783628605
2860000	-343.9586656886345	NaN	-343.9586656886345	NaN	37.39364553044682	Infinity	12.716601809638947	-342.0238596947928
2865000	-333.20236175444006	NaN	-333.20236175444006	NaN	27.30569755652726	Infinity	11.880847386031302	-330.4367687063773
2870000	-351.62640680841736	NaN	-351.62640680841736	NaN	38.055807678071105	Infinity	12.984337163174397	-349.8865056591597
2875000	-348.11008440228784	NaN	-348.11008440228784	NaN	40.51434149533871	Infinity	14.004143602688414	-346.7959679909535
2880000	-372.56973462178684	NaN	-372.56973462178684	NaN	32.77337866738948	Infinity	16.196807237898213	-370.4726255759792
2885000	-367.93679486610404	NaN	-367.93679486610404	NaN	62.74276807640599	Infinity	14.078788854927764	-366.63414500265617
2890000	-371.304054232875	NaN	-371.304054232875	NaN	45.62773128250087	Infinity	15.494503094442257	-369.7101192702792
2895000	-363.158717714149	NaN	-363.158717714149	NaN	74.80783331685377	Infinity	12.028328019203501	-360.5642047821444
2900000	-346.4614950619329	NaN	-346.4614950619329	NaN	65.44572788870038	Infinity	14.733768316439045	-345.1442273729013
2905000	-366.66395156071167	NaN	-366.66395156071167	NaN	61.82578745726766	Infinity	13.92677031510221	-365.3351133649519
2910000	-347.81403638286616	NaN	-347.81403638286616	NaN	118.54766029730742	Infinity	12.4925480432809	-345.6895556208503
2915000	-343.01358196073784	NaN	-343.01358196073784	NaN	41.93574148441239	Infinity	14.50923098991066	-341.7246304527498
2920000	-341.2598448718176	NaN	-341.2598448718176	NaN	54.601535879359176	Infinity	12.565590599400137	-339.19985863953093
2925000	-352.34537741237085	NaN	-352.34537741237085	NaN	31.677955986210712	Infinity	13.233232748676418	-350.7556604360414
2930000	-344.31349926396405	NaN	-344.31349926396405	NaN	36.03385566478788	Infinity	13.744834077254035	-342.93866831342245
2935000	-360.44566333414116	NaN	-360.44566333414116	NaN	39.81174518036588	Infinity	15.020696221521366	-359.05682524996126
2940000	-353.57645583629073	NaN	-353.57645583629073	NaN	61.86397557066527	Infinity	12.557343242109512	-351.509316274093
2945000	-357.492993191047	NaN	-357.492993191047	NaN	29.439339060319952	Infinity	15.23484166444744	-356.02486584164706
2950000	-356.81149394418077	NaN	-356.81149394418077	NaN	41.07241623530392	Infinity	13.753136125750167	-355.43910930696825
2955000	-355.2157789900215	NaN	-355.2157789900215	NaN	131.7061449965456	Infinity	12.380972894153958	-352.9878135937899
2960000	-363.076909678612	NaN	-363.076909678612	NaN	57.615834070385674	Infinity	15.461941928009727	-361.50053385437303
2965000	-364.1529077305974	NaN	-364.1529077305974	NaN	73.77168614661325	Infinity	13.436446924083594	-362.6636571302857
2970000	-359.7356894065679	NaN	-359.7356894065679	NaN	46.54785403523164	Infinity	14.539672347797739	-358.4443236759204
2975000	-368.5338641150617	NaN	-368.5338641150617	NaN	44.06296530756321	Infinity	15.76456965434816	-366.7745841865572
2980000	-364.5766478147499	NaN	-364.5766478147499	NaN	55.68863655251543	Infinity	15.900601269056168	-362.72076382656616
2985000	-362.1231003770671	NaN	-362.1231003770671	NaN	33.911670938941576	Infinity	15.5894668186534	-360.4750345823748
2990000	-384.8680646597118	NaN	-384.8680646597118	NaN	50.830729150474625	Infinity	15.620166519917746	-383.2015693222553
2995000	-368.47039478281073	NaN	-368.47039478281073	NaN	41.89855147546115	Infinity	15.026339024688419	-367.0797510951658
3000000	-359.7700855689531	NaN	-359.7700855689531	NaN	34.80815694138109	Infinity	12.423149366603598	-357.5819441285436
3005000	-363.13414367993215	NaN	-363.13414367993215	NaN	31.453036403996308	Infinity	15.760211265535382	-361.37781136084686
3010000	-355.16785749923656	NaN	-355.16785749923656	NaN	41.36893807112298	Infinity	13.164388657510726	-353.5395887184044
3015000	-363.3050667943144	NaN	-363.3050667943144	NaN	44.58471526744369	Infinity	15.19188351615502	-361.8546183013484
3020000	-352.9397589532637	NaN	-352.9397589532637	NaN	48.60030641286319	Infinity	15.064638592354605	-351.5364542292539
3025000	-366.5817521182521	NaN	-366.5817521182521	NaN	57.2894498947397	Infinity	15.349459497731496	-365.0621003283145
3030000	-357.23071163806344	NaN	-357.23071163806344	NaN	29.602031093222315	Infinity	13.839031937447833	-355.88168638541646
3035000	-357.25515473553565	NaN	-357.25515473553565	NaN	64.889588120547	Infinity	12.884388512976066	-355.44653709804163
3040000	-362.0413456848193	NaN	-362.0413456848193	NaN	32.48744296845229	Infinity	13.67448395493052	-360.64445089951215
3045000	-352.8049317619113	NaN	-352.8049317619113	NaN	46.20626024251557	Infinity	13.036645129652474	-351.09907288882806
3050000	-353.2789393880424	NaN	-353.2789393880424	NaN	35.24385142249325	Infinity	14.44770483585382	-351.993502962548
3055000	-352.6242130042128	NaN	-352.6242130042128	NaN	30.566762797494878	Infinity	12.49061854554619	-350.49799366879756
3060000	-378.8766298184497	NaN	-378.8766298184497	NaN	58.92349667682086	Infinity	14.517321264750656	-377.58708029445256
3065000	-381.8610238730757	NaN	-381.8610238730757	NaN	52.96744501306075	Infinity	14.648524480448351	-380.5573693154474
3070000	-373.3054142368797	NaN	-373.3054142368797	NaN	39.444531951939254	Infinity	13.736642828095238	-371.9281370451978
3075000	-363.9252405606538	NaN	-363.9252405606538	NaN	37.00788238726128	Infinity	15.251389973069944	-362.4500655293874
3080000	-368.15485674414464	NaN	-368.15485674414464	NaN	39.97648385302757	Infinity	15.148503744841753	-366.72135752510343
3085000	-366.373245838377	NaN	-366.373245838377	NaN	31.645470285165143	Infinity	15.957787721498807	-364.4740860658677
3090000	-334.6410865695168	NaN	-334.6410865695168	NaN	51.86403212746339	Infinity	12.292695379136182	-332.32699074558184
3095000	-355.7682897018539	NaN	-355.7682897018539	NaN	87.3339080609479	Infinity	14.079063647293452	-354.4656770861493
3100000	-361.17936404703426	NaN	-361.17936404703426	NaN	103.12462816834893	Infinity	15.628617065759512	-359.5077159314106
3105000	-362.94881659163497	NaN	-362.94881659163497	NaN	103.43692758082814	Infinity	15.089154798477178	-361.53703598647473
3110000	-380.0638654576734	NaN	-380.0638654576734	NaN	56.434101656096715	Infinity	16.39347771232036	-377.783217933541
3115000	-375.23692172591063	NaN	-375.23692172591063	NaN	43.13410103800856	Infinity	15.260603666193798	-373.7577654833518
3120000	-349.9246399899608	NaN	-349.9246399899608	NaN	33.15438457723872	Infinity	15.5246725104745	-348.3139793364516
3125000	-345.8306492281762	NaN	-345.8306492281762	NaN	60.55226025267533	Infinity	13.137583899718143	-344.18675191726606
3130000	-373.3434138383537	NaN	-373.3434138383537	NaN	29.20674143331321	Infinity	14.146491944679546	-372.0488402717871
3135000	-392.3848051618272	NaN	-392.3848051618272	NaN	31.430075342316407	Infinity	17.493009283309664	-388.7343863310781
3140000	-370.90293236209595	NaN	-370.90293236209595	NaN	53.904539546272105	Infinity	14.562244523200906	-369.6094879531591
3145000	-358.5121811034712	NaN	-358.5121811034712	NaN	29.679666782536998	Infinity	12.652488395741056	-356.5255719010558
3150000	-364.357845029843	NaN	-364.357845029843	NaN	39.926240068625766	Infinity	14.86776448509203	-363.01209498694686
3155000	-363.4320450066936	NaN	-363.4320450066936	NaN	36.973369094351575	Infinity	16.17350308623099	-361.3554479654736
3160000	-349.9635848786734	NaN	-349.9635848786734	NaN	60.02488636926479	Infinity	13.059651055776424	-348.2722805812386
3165000	-361.53186649661933	NaN	-361.53186649661933	NaN	47.61544219152007	Infinity	13.386388218955611	-360.01971620105445
3170000	-341.7074551669347	NaN	-341.7074551669347	NaN	43.740677486787014	Infinity	13.345769329937333	-340.17583536136135
3175000	-371.6207492402221	NaN	-371.6207492402221	NaN	30.23240491050767	Infinity	13.888657200434418	-370.2835979477162
3180000	-364.31858857449527	NaN	-364.31858857449527	NaN	39.25440198237515	Infinity	14.078362146200444	-363.0158807990634
3185000	-349.0634426810533	NaN	-349.0634426810533	NaN	50.95191430250298	Infinity	14.598406116661591	-347.76615601003675
3190000	-371.76652589901954	NaN	-371.76652589901954	NaN	33.17561129597937	Infinity	15.019719539375956	-370.3779987780192
3195000	-366.4988218526524	NaN	-366.4988218526524	NaN	29.40864691350115	Infinity	15.020333051226423	-365.110099451003
3200000	-370.0823830190319	NaN	-370.0823830190319	NaN	57.21934586134064	Infinity	15.409639358907684	-368.5331419432829
3205000	-378.51604384864055	NaN	-378.51604384864055	NaN	97.59240067730923	Infinity	15.443814425769363	-376.9492220134062
3210000	-381.48261811199654	NaN	-381.48261811199654	NaN	46.14288918583315	Infinity	14.965632965209558	-380.11059334971674
3215000	-363.72462719536503	NaN	-363.72462719536503	NaN	46.917699331638985	Infinity	15.343079979820535	-362.20800970590176
3220000	-350.1182404171112	NaN	-350.1182404171112	NaN	55.68483005166022	Infinity	12.011532770972106	-347.50477395024296
3225000	-356.3844440710594	NaN	-356.3844440710594	NaN	50.754795189252604	Infinity	12.232901666880126	-354.0098739697044
3230000	-351.97062063177646	NaN	-351.97062063177646	NaN	46.26802826270184	Infinity	14.435289052741963	-350.68567217328854
3235000	-355.68523052134026	NaN	-355.68523052134026	NaN	52.823032287669534	Infinity	13.138129315704282	-354.04165466902555
3240000	-347.8343580239917	NaN	-347.8343580239917	NaN	46.08359736007256	Infinity	12.818969622641067	-345.9781551812252
3245000	-364.07481042630116	NaN	-364.07481042630116	NaN	60.63838385378752	Infinity	13.496505206103004	-362.611439220508
3250000	-352.21996637345273	NaN	-352.21996637345273	NaN	37.484937770645246	Infinity	13.477102287768227	-350.7484245679352
3255000	-361.70963381206735	NaN	-361.70963381206735	NaN	35.328194299200284	Infinity	12.870586501621357	-359.89114847865426
3260000	-359.1996483421506	NaN	-359.1996483421506	NaN	38.06947887660034	Infinity	15.517503485388806	-357.5930019001499
3265000	-361.23420420205633	NaN	-361.23420420205633	NaN	38.427818469110825	Infinity	13.223392992181829	-359.63911708404913
3270000	-359.9615319014292	NaN	-359.9615319014292	NaN	37.67749189640074	Infinity	16.00685967362372	-358.02397967578634
3275000	-349.6232993812959	NaN	-349.6232993812959	NaN	77.09331602750748	Infinity	13.98251359209582	-348.3053581694589
3280000	-364.1567079557482	NaN	-364.1567079557482	NaN	33.67840075293473	Infinity	14.856216123468956	-362.8137536138383
3285000	-389.09540007981764	NaN	-389.09540007981764	NaN	39.74431191427788	Infinity	15.081511260867208	-387.6862931389572
3290000	-376.7914072122477	NaN	-376.7914072122477	NaN	66.7918866600727	Infinity	14.625318664610566	-375.4908517050696
3295000	-366.2653691385853	NaN	-366.2653691385853	NaN	44.4601807078937	Infinity	14.27687022255647	-364.9801211723729
3300000	-352.58776636726276	NaN	-352.58776636726276	NaN	31.214747928547258	Infinity	14.108648734333551	-351.2889509582325
3305000	-373.4077713182767	NaN	-373.4077713182767	NaN	40.31391598572516	Infinity	14.509219812567341	-372.11882061465957
3310000	-362.54357781387466	NaN	-362.54357781387466	NaN	29.22229687467275	Infinity	14.183974948765986	-361.25252490486616
3315000	-366.68444255354143	NaN	-366.68444255354143	NaN	34.80009136854781	Infinity	16.634919688108837	-364.1529684522385
3320000	-384.0024758964169	NaN	-384.0024758964169	NaN	75.71669323990291	Infinity	14.275829746713843	-382.7171859569116
3325000	-337.513597192241	NaN	-337.513597192241	NaN	40.14488019964771	Infinity	13.102834357235434	-335.84892337402005
3330000	-370.15470549312283	NaN	-370.15470549312283	NaN	53.744685107283274	Infinity	16.237462164995364	-368.02118553108403
3335000	-374.637754173082	NaN	-374.637754173082	NaN	86.67800684015677	Infinity	17.76470773348649	-370.55902525814156
3340000	-356.52011317473045	NaN	-356.52011317473045	NaN	57.376581066122746	Infinity	14.175166853307449	-355.2282938514052
3345000	-390.021567000562	NaN	-390.021567000562	NaN	73.79872882316928	Infinity	15.257209017824806	-388.5438823392859
3350000	-378.5730694323991	NaN	-378.5730694323991	NaN	59.59328200853597	Infinity	15.565698609478977	-376.9389599265933
3355000	-380.0542692432942	NaN	-380.0542692432942	NaN	36.46269571751542	Infinity	15.74903945126517	-378.3054506662424
3360000	-364.27678797026596	NaN	-364.27678797026596	NaN	36.14791998912423	Infinity	14.86326410597545	-362.93213505602466
3365000	-384.19832729070663	NaN	-384.19832729070663	NaN	52.81951308499312	Infinity	16.637238868845774	-381.66430754934856
3370000	-352.7907495891985	NaN	-352.7907495891985	NaN	46.174938339897786	Infinity	12.17079835984684	-350.35154395001365
3375000	-364.19718381230797	NaN	-364.19718381230797	NaN	42.278760176997345	Infinity	14.902643718662405	-362.8425995118204
3380000	-374.38775093934186	NaN	-374.38775093934186	NaN	34.116612227025115	Infinity	16.894520047044953	-371.55522256490826
3385000	-375.23777616671316	NaN	-375.23777616671316	NaN	60.65478864673965	Infinity	15.166402754625857	-373.79739344867534
3390000	-354.3044194179686	NaN	-354.3044194179686	NaN	42.65025507260351	Infinity	12.119933898449519	-351.81088982091666
3395000	-357.60084404535934	NaN	-357.60084404535934	NaN	93.10824389374308	Infinity	15.954869535861494	-355.7039307925629
3400000	-363.40882054333485	NaN	-363.40882054333485	NaN	34.256016787372495	Infinity	13.849484208315172	-362.06239496001655
3405000	-328.2698800022481	NaN	-328.2698800022481	NaN	28.00078884256202	Infinity	10.215038913769687	-322.84357497429147
3410000	-342.01723714915926	NaN	-342.01723714915926	NaN	50.41321394046746	Infinity	12.758665322595196	-340.1153412785388
3415000	-328.16640383919656	NaN	-328.16640383919656	NaN	29.63372514105047	Infinity	10.155023634971407	-322.61926455581806
3420000	-370.393664464439	NaN	-370.393664464439	NaN	31.23540704761672	Infinity	14.066197711333125	-369.08926882632073
3425000	-349.0035400358198	NaN	-349.0035400358198	NaN	81.9960193927075	Infinity	12.523004634759369	-346.90626433715715
3430000	-340.5513176290616	NaN	-340.5513176290616	NaN	47.0632549354031	Infinity	12.056151037594724	-337.98790379631805
3435000	-372.4226776659306	NaN	-372.4226776659306	NaN	34.89915066435041	Infinity	12.7302825833154	-370.4986690182109
3440000	-343.5230425793526	NaN	-343.5230425793526	NaN	27.80189573389049	Infinity	13.007901700566125	-341.79864066555285
3445000	-355.53113237354944	NaN	-355.53113237354944	NaN	43.505532331941616	Infinity	13.878249854212394	-354.1915893062885
3450000	-342.3541577303073	NaN	-342.3541577303073	NaN	43.15675681529353	Infinity	13.552110159101554	-340.91319616573236
3455000	-357.4426221856779	NaN	-357.4426221856779	NaN	30.12360285094446	Infinity	13.513527150348766	-355.9862694438823
3460000	-342.7629820581126	NaN	-342.7629820581126	NaN	27.49738479377942	Infinity	12.998136715063564	-341.0321898579689
3465000	-361.4006976247149	NaN	-361.4006976247149	NaN	29.22899517789288	Infinity	15.134804615837666	-359.97236236277877
3470000	-359.69389208847053	NaN	-359.69389208847053	NaN	33.33866681025049	Infinity	13.93923305477534	-358.3676202357092
3475000	-370.9701105827954	NaN	-370.9701105827954	NaN	43.67286413378213	Infinity	15.818637376560318	-369.1735025576515
3480000	-377.865801295288	NaN	-377.865801295288	NaN	45.16468900492195	Infinity	15.872873655017319	-376.0303324243332
3485000	-375.0178558350583	NaN	-375.0178558350583	NaN	56.53791022041538	Infinity	14.804069477094837	-373.68672458841826
3490000	-364.72689740321084	NaN	-364.72689740321084	NaN	44.11921248292799	Infinity	13.684789142918635	-363.33338382607474
3495000	-355.0264619472582	NaN	-355.0264619472582	NaN	49.3397008978752	Infinity	13.393555015298963	-353.51766427315715
3500000	-359.58333955520015	NaN	-359.58333955520015	NaN	35.60595861316358	Infinity	13.296704034309085	-358.02714064600053
3505000	-353.0957693369421	NaN	-353.0957693369421	NaN	50.68764146713682	Infinity	14.903928285476379	-351.7408484782135
3510000	-356.9315465836759	NaN	-356.9315465836759	NaN	67.94552752583476	Infinity	14.313344524201908	-355.64744006867784
3515000	-352.48283264074877	NaN	-352.48283264074877	NaN	73.16508702359958	Infinity	12.573651035950084	-350.42980591743174
3520000	-355.89799995015386	NaN	-355.89799995015386	NaN	43.370553430391205	Infinity	13.611565266764151	-354.47935017307725
3525000	-344.2886648594723	NaN	-344.2886648594723	NaN	35.557378167645794	Infinity	13.231312932712962	-342.69790379141693
3530000	-354.2330339353346	NaN	-354.2330339353346	NaN	26.931871567015076	Infinity	13.517240429913919	-352.77819368201915
3535000	-371.4496994025842	NaN	-371.4496994025842	NaN	52.24806441695005	Infinity	15.030557250100395	-370.0576959228291
3540000	-365.54046473915975	NaN	-365.54046473915975	NaN	57.2437671761444	Infinity	15.637388358213126	-363.86343184388664
3545000	-371.285096543275	NaN	-371.285096543275	NaN	64.72671800108004	Infinity	15.264244351589255	-369.80435588621503
3550000	-356.26100893933193	NaN	-356.26100893933193	NaN	58.118381350215145	Infinity	13.57985702333029	-354.8306721169879
3555000	-340.7053147834009	NaN	-340.7053147834009	NaN	30.20219965253549	Infinity	12.36519740089704	-338.4622333754712
3560000	-352.5019923379754	NaN	-352.5019923379754	NaN	43.24662807685758	Infinity	12.853249294892121	-350.67098165777645
3565000	-373.8548027435062	NaN	-373.8548027435062	NaN	46.06234768883819	Infinity	13.978665650169377	-372.53615746670766
3570000	-345.13343757231354	NaN	-345.13343757231354	NaN	39.5247074424043	Infinity	14.261255174898444	-343.8475048113995
3575000	-361.1677628744437	NaN	-361.1677628744437	NaN	49.00809074647167	Infinity	12.457947011836882	-359.0118322766046
3580000	-359.8330301097242	NaN	-359.8330301097242	NaN	65.09978200651028	Infinity	14.71889094342481	-358.5183907108887
3585000	-360.8136114615262	NaN	-360.8136114615262	NaN	61.131687500154	Infinity	15.24469396288636	-359.34130407014266
3590000	-352.67782559992145	NaN	-352.67782559992145	NaN	49.155070970603234	Infinity	14.827632522773923	-351.34151435813567
3595000	-347.11094241030213	NaN	-347.11094241030213	NaN	33.4402455822366	Infinity	10.678102696796701	-342.5585606691481
3600000	-344.7211090583824	NaN	-344.7211090583824	NaN	35.07689230649948	Infinity	12.23176682107516	-342.3453745219591
3605000	-356.5891448289403	NaN	-356.5891448289403	NaN	30.68061048803917	Infinity	15.60714733121345	-354.93052063157074
3610000	-377.32661106306966	NaN	-377.32661106306966	NaN	54.48892877420969	Infinity	15.336325886304374	-375.8131846448004
3615000	-380.0307304186296	NaN	-380.0307304186296	NaN	36.438056938030996	Infinity	16.125849077398012	-377.9952624475345
3620000	-372.5797751948818	NaN	-372.5797751948818	NaN	45.86520694817714	Infinity	14.156536097250498	-371.2862114976161
3625000	-346.99160875919813	NaN	-346.99160875919813	NaN	32.708895618498026	Infinity	14.502428748930011	-345.70313563176273
3630000	-356.02111972074334	NaN	-356.02111972074334	NaN	28.870759765309597	Infinity	13.819841767565793	-354.6671843615505
3635000	-364.98596741300526	NaN	-364.98596741300526	NaN	65.32217047339925	Infinity	14.749063198290182	-363.6658863998296
3640000	-375.9970462067491	NaN	-375.9970462067491	NaN	60.88764887365716	Infinity	16.400331943938248	-373.7096657459483
3645000	-347.0958475956623	NaN	-347.0958475956623	NaN	38.633950183463504	Infinity	11.616187384153468	-343.9969429186617
3650000	-397.93327761818705	NaN	-397.93327761818705	NaN	48.006648048054394	Infinity	18.058987926583587	-393.3504792273235
3655000	-381.220301550274	NaN	-381.220301550274	NaN	47.483344969984415	Infinity	14.88198074121574	-379.87102162652343
3660000	-362.85768019390804	NaN	-362.85768019390804	NaN	29.68534118993621	Infinity	15.116242858030226	-361.4361974909036
3665000	-368.3995136366162	NaN	-368.3995136366162	NaN	36.11637657211056	Infinity	14.520953482189631	-367.10968535994584
3670000	-353.3233839440473	NaN	-353.3233839440473	NaN	56.60058406711026	Infinity	14.110811488641126	-352.0248295652444
3675000	-344.9522875988872	NaN	-344.9522875988872	NaN	27.834787436792247	Infinity	13.564682682207472	-343.5161862674928
3680000	-366.45178759925096	NaN	-366.45178759925096	NaN	37.764300027832135	Infinity	14.05004447721207	-365.1450403404535
3685000	-373.2859342957191	NaN	-373.2859342957191	NaN	63.84345939188869	Infinity	15.15635172444828	-371.8494359656144
3690000	-346.8018299401101	NaN	-346.8018299401101	NaN	75.55929549755385	Infinity	13.527660420962226	-345.35119843441686
3695000	-362.0526725365814	NaN	-362.0526725365814	NaN	34.33808355997574	Infinity	16.094365206862992	-360.0437767812874
3700000	-369.34310932407374	NaN	-369.34310932407374	NaN	41.53993094126032	Infinity	14.700943176278914	-368.0314985854961
3705000	-368.0038470129685	NaN	-368.0038470129685	NaN	36.11958411465613	Infinity	15.11171761554759	-366.5840097301987
3710000	-375.2138356039117	NaN	-375.2138356039117	NaN	50.21629482253171	Infinity	16.26300901067724	-373.05702785403304
3715000	-360.20001211860307	NaN	-360.20001211860307	NaN	37.65045507871463	Infinity	14.748678200586163	-358.88000330562346
3720000	-359.1557048382008	NaN	-359.1557048382008	NaN	35.77660830708641	Infinity	13.707449836632845	-357.76944627307523
3725000	-355.67187644358506	NaN	-355.67187644358506	NaN	47.2367966625351	Infinity	13.207043952209727	-354.06776343873497
3730000	-345.6891349797035	NaN	-345.6891349797035	NaN	47.0725293897078	Infinity	12.265648433171746	-343.34789793035594
3735000	-340.9533298732442	NaN	-340.9533298732442	NaN	37.40141002156925	Infinity	13.946138446252748	-339.6284477380088
3740000	-359.58700510542957	NaN	-359.58700510542957	NaN	44.917122654539554	Infinity	14.761733387072821	-358.26450811472085
3745000	-381.4762650920506	NaN	-381.4762650920506	NaN	78.33005116767814	Infinity	15.967828810796751	-379.5693439668562
3750000	-390.1436808390297	NaN	-390.1436808390297	NaN	66.03453134561316	Infinity	15.552935650923853	-388.51695310156265
3755000	-375.8176030005815	NaN	-375.8176030005815	NaN	50.569377769301944	Infinity	13.558951968292426	-374.37929576806783
3760000	-364.20075412733536	NaN	-364.20075412733536	NaN	66.12013739398307	Infinity	14.182526812553814	-362.90957778237
3765000	-364.48976391535615	NaN	-364.48976391535615	NaN	30.34220246851089	Infinity	14.25454578350561	-363.2035007987101
3770000	-357.2419136952869	NaN	-357.2419136952869	NaN	32.14127382718245	Infinity	14.468017632008284	-355.9555186300856
3775000	-355.98017141087246	NaN	-355.98017141087246	NaN	35.25334225547807	Infinity	12.790758020089882	-354.1028107344907
3780000	-373.480442105268	NaN	-373.480442105268	NaN	29.54938868749528	Infinity	14.148031478146713	-372.18602648513036
3785000	-355.231275006006	NaN	-355.231275006006	NaN	53.93149131042122	Infinity	13.07578525817348	-353.5500256549492
3790000	-365.39275508864114	NaN	-365.39275508864114	NaN	37.64095935968908	Infinity	14.177824738627733	-364.1011709761232
3795000	-347.6192168618271	NaN	-347.6192168618271	NaN	31.372917881864364	Infinity	12.8364236700172	-345.7759118273793
3800000	-359.7586739857136	NaN	-359.7586739857136	NaN	39.7085871447388	Infinity	14.155358011087747	-358.46499435868714
3805000	-353.13625656064244	NaN	-353.13625656064244	NaN	50.211306686388674	Infinity	14.584561236155476	-351.8405154451038
3810000	-374.91077206166926	NaN	-374.91077206166926	NaN	38.80677287907626	Infinity	14.982776684540783	-373.53366929247903
3815000	-364.42916912654675	NaN	-364.42916912654675	NaN	38.01389363848496	Infinity	13.915418079940872	-363.09792807494046
3820000	-376.20875365412195	NaN	-376.20875365412195	NaN	37.03395668651799	Infinity	14.358901833446712	-374.92517171653805
3825000	-393.17653378903935	NaN	-393.17653378903935	NaN	37.50090947335419	Infinity	17.11340322971736	-390.0649165169049
3830000	-381.3007650637078	NaN	-381.3007650637078	NaN	73.72585817930698	Infinity	15.328244813018646	-379.79112776058383
3835000	-368.24063952140904	NaN	-368.24063952140904	NaN	42.54874389716037	Infinity	15.42793854086837	-366.68205480578155
3840000	-347.1264294127304	NaN	-347.1264294127304	NaN	30.640893176451478	Infinity	12.917971612538393	-345.34143817145355
3845000	-355.5336023841056	NaN	-355.5336023841056	NaN	44.26453668617117	Infinity	12.626415358892835	-353.52535934941693
3850000	-363.1115488493154	NaN	-363.1115488493154	NaN	35.50543074629732	Infinity	15.681285880562562	-361.4070093567054
3855000	-374.9405633207059	NaN	-374.9405633207059	NaN	29.987436010498115	Infinity	16.563583526963935	-372.4861241410461
3860000	-370.68760120071045	NaN	-370.68760120071045	NaN	60.795889682501404	Infinity	15.086100265760136	-369.27689243298397
3865000	-366.5480083947882	NaN	-366.5480083947882	NaN	30.600946664655893	Infinity	13.335121977889626	-365.01115346476723
3870000	-366.2617505427573	NaN	-366.2617505427573	NaN	59.15325426901993	Infinity	12.83769613344846	-364.419380059613
3875000	-372.4144730584119	NaN	-372.4144730584119	NaN	45.89292729454103	Infinity	15.956489244642272	-370.5163134051912
3880000	-354.8110156391038	NaN	-354.8110156391038	NaN	30.43994324448688	Infinity	13.053938840491037	-353.11612135911827
3885000	-348.53547958957904	NaN	-348.53547958957904	NaN	51.821382064938696	Infinity	12.926144574696815	-346.75615590462303
3890000	-360.98712469512554	NaN	-360.98712469512554	NaN	44.03429432277617	Infinity	14.349874078002891	-359.70351832459255
3895000	-374.03465026494524	NaN	-374.03465026494524	NaN	64.06842184792602	Infinity	16.24445512092263	-371.89478700579457
3900000	-364.6282183668678	NaN	-364.6282183668678	NaN	59.11349853594064	Infinity	14.09503582266345	-363.32770818630024
3905000	-351.0762004836172	NaN	-351.0762004836172	NaN	43.19642184810797	Infinity	14.46413374678687	-349.79000409984064
3910000	-373.9220497313635	NaN	-373.9220497313635	NaN	44.3010742229566	Infinity	15.258943633956564	-372.4436138077019
3915000	-366.1425037280181	NaN	-366.1425037280181	NaN	33.99010638992267	Infinity	14.346227769661827	-364.8588763457103
3920000	-368.1059028559025	NaN	-368.1059028559025	NaN	49.18784921810452	Infinity	15.767947089644935	-366.34433244386116
3925000	-371.2169494166185	NaN	-371.2169494166185	NaN	78.7781632077826	Infinity	15.016996661173257	-369.829286796448
3930000	-363.49644788762066	NaN	-363.49644788762066	NaN	57.606724741266426	Infinity	13.244729949142528	-361.9129464669229
3935000	-352.30502970986527	NaN	-352.30502970986527	NaN	40.506294941604764	Infinity	13.91751928794376	-350.9742380947707
3940000	-348.2532546439264	NaN	-348.2532546439264	NaN	38.120139726008915	Infinity	13.650570877687516	-346.8483164964623
3945000	-380.526417163557	NaN	-380.526417163557	NaN	58.14802283144983	Infinity	15.569308127178033	-378.8902057553691
3950000	-365.2137908570543	NaN	-365.2137908570543	NaN	63.92032658022271	Infinity	13.034924320602695	-363.50683306343245
3955000	-363.01104905735775	NaN	-363.01104905735775	NaN	43.264365863904096	Infinity	13.11079549854067	-361.35118657374363
3960000	-355.4888842939229	NaN	-355.4888842939229	NaN	34.117355918730276	Infinity	13.221705689812772	-353.892871624608
3965000	-355.2106349713781	NaN	-355.2106349713781	NaN	52.904841991586856	Infinity	13.532861856589323	-353.7620847896017
3970000	-361.84684311270036	NaN	-361.84684311270036	NaN	42.67052139138299	Infinity	14.499824690530302	-360.5585472143448
3975000	-355.29001740429595	NaN	-355.29001740429595	NaN	47.55271329680861	Infinity	13.766120833091165	-353.92139224262866
3980000	-347.7326034832102	NaN	-347.7326034832102	NaN	49.08707750587449	Infinity	13.944774562479997	-346.4074486873137
3985000	-360.3451841240115	NaN	-360.3451841240115	NaN	48.19891794891463	Infinity	13.158836036065262	-358.71370633807555
3990000	-378.8604665715566	NaN	-378.8604665715566	NaN	40.090979220239475	Infinity	14.561539591427861	-377.5670907969397
3995000	-383.75477789640837	NaN	-383.75477789640837	NaN	59.549349135964604	Infinity	14.523441761785804	-382.46475498575205
4000000	-369.0052833235956	NaN	-369.0052833235956	NaN	43.02475711701903	Infinity	13.484781099806474	-367.53699678597167
