#
#model:
#
#<?xml version="1.0" encoding="UTF-8" standalone="no"?><input id="posterior" spec="beast.core.util.CompoundDistribution">
#    <distribution id="prior" spec="beast.core.util.CompoundDistribution">
#        <distribution id="CoalescentConstant.t:dummy_aln" spec="beast.evolution.tree.coalescent.Coalescent">
#            <populationModel id="ConstantPopulation.t:dummy_aln" spec="beast.evolution.tree.coalescent.ConstantPopulation">
#                <parameter id="popSize.t:dummy_aln" name="popSize">17.0</parameter>
#            </populationModel>
#            <treeIntervals id="TreeIntervals.t:dummy_aln" spec="beast.evolution.tree.coalescent.TreeIntervals">
#                <tree id="Tree.t:dummy_aln">
#                    <trait id="dateTrait.t:dummy_aln" spec="beast.evolution.tree.TraitSet" traitname="date">
#                t1_2000=2000.0,
#t2_2005=2005.0,
#t3_2003.51=2003.51,
#t4_2004.86=2004.86,
#t5_2004.04=2004.04,
#t6_2003.19=2003.19,
#t7_2004.41=2004.41,
#t8_2003.43=2003.43,
#t9_2002.95=2002.95,
#t10_2004.17=2004.17,
#t11_2001.38=2001.38,
#t12_2002.95=2002.95,
#t13_2004.98=2004.98,
#t14_2004.66=2004.66,
#t15_2001.7=2001.7,
#t16_2004.7=2004.7,
#t17_2003.96=2003.96,
#t18_2002.28=2002.28,
#t19_2001.28=2001.28,
#t20_2002.06=2002.06,
#t21_2001.25=2001.25,
#t22_2000.1=2000.1,
#t23_2004.42=2004.42,
#t24_2002.57=2002.57,
#t25_2001.03=2001.03,
#t26_2004.33=2004.33,
#t27_2001.66=2001.66,
#t28_2004.33=2004.33,
#t29_2004.59=2004.59,
#t30_2003.14=2003.14,
#t31_2000.9=2000.9,
#t32_2002.71=2002.71,
#t33_2003.11=2003.11,
#t34_2002.08=2002.08,
#t35_2001.46=2001.46,
#t36_2004.96=2004.96,
#t37_2005=2005.0,
#t38_2003.36=2003.36,
#t39_2002=2002.0,
#t40_2003.31=2003.31,
#t41_2001.86=2001.86,
#t42_2004.58=2004.58,
#t43_2003.16=2003.16,
#t44_2000.25=2000.25,
#t45_2000.88=2000.88,
#t46_2001.49=2001.49,
#t47_2003.42=2003.42,
#t48_2002.2=2002.2,
#t49_2004=2004.0,
#t50_2000.5=2000.5,
#t51_2001.2=2001.2,
#t52_2001.64=2001.64,
#t53_2000.2=2000.2,
#t54_2002.29=2002.29,
#t55_2000.15=2000.15,
#t56_2000.17=2000.17,
#t57_2004.17=2004.17,
#t58_2004.83=2004.83,
#t59_2000.24=2000.24,
#t60_2001.54=2001.54,
#t61_2001.66=2001.66,
#t62_2002.07=2002.07,
#t63_2000.41=2000.41,
#t64_2001.54=2001.54,
#t65_2001.8=2001.8,
#t66_2000.24=2000.24,
#t67_2004.1=2004.1,
#t68_2001.85=2001.85,
#t69_2004.68=2004.68,
#t70_2004.42=2004.42,
#t71_2000.03=2000.03,
#t72_2004.48=2004.48,
#t73_2003.9=2003.9,
#t74_2001.39=2001.39,
#t75_2002.82=2002.82,
#t76_2002.53=2002.53,
#t77_2004.12=2004.12,
#t78_2002.62=2002.62,
#t79_2004.78=2004.78,
#t80_2003.11=2003.11,
#t81_2004.96=2004.96,
#t82_2003.1=2003.1,
#t83_2003.73=2003.73,
#t84_2004.39=2004.39,
#t85_2002.56=2002.56,
#t86_2004.79=2004.79,
#t87_2004.22=2004.22,
#t88_2000.71=2000.71,
#t89_2001.42=2001.42,
#t90_2002.4=2002.4,
#t91_2002.1=2002.1,
#t92_2002.81=2002.81,
#t93_2000.34=2000.34,
#t94_2002.71=2002.71,
#t95_2004.69=2004.69,
#t96_2003.53=2003.53,
#t97_2003.04=2003.04,
#t98_2002.23=2002.23,
#t99_2003.99=2003.99,
#t100_2001.37=2001.37                
#                                    <taxa id="TaxonSet.dummy_aln" spec="beast.evolution.alignment.TaxonSet">
#                        </taxa>
#                    </trait>
#                    <taxonset idref="TaxonSet.dummy_aln"/>
#                </tree>
#            </treeIntervals>
#        </distribution>
#        <prior id="ClockPrior.c:dummy_aln" name="distribution">
#            <parameter id="clockRate.c:dummy_aln" name="x">1.0</parameter>
#            <Uniform id="Uniform.0" name="distr" upper="Infinity"/>
#        </prior>
#        <prior id="PopSizePrior.t:dummy_aln" name="distribution" x="@popSize.t:dummy_aln">
#            <Uniform id="Uniform.01" lower="16.0" name="distr" upper="18.0"/>
#        </prior>
#    </distribution>
#</input>
#
Sample	posterior	likelihood	prior	treeLikelihood	TreeHeight	clockRate	popSize	CoalescentConstant.
0	-287.4047098805713	NaN	-287.4047098805713	NaN	6.213358233310545	1.0	17.0	-286.71156270001137
500	-296.30738179589326	NaN	-296.30738179589326	NaN	16.470393310542082	1.3504386029672726	17.0	-295.6142346153333
1000	-311.6576175150073	NaN	-311.6576175150073	NaN	19.337555148413443	1.7890703532110126	17.0	-310.96447033444736
1500	-323.1926942062279	NaN	-323.1926942062279	NaN	12.839619378416852	0.9932282781494063	17.0	-322.49954702566794
2000	-340.3075963346265	NaN	-340.3075963346265	NaN	20.051119068408205	0.7968088532834631	17.0	-339.61444915406656
2500	-349.8918176105079	NaN	-349.8918176105079	NaN	43.9801279687095	1.2431288766171398	17.0	-349.198670429948
3000	-358.44751005009726	NaN	-358.44751005009726	NaN	31.796610240885645	1.0647020323856087	17.0	-357.7543628695373
3500	-365.28218536992443	NaN	-365.28218536992443	NaN	34.992266003349414	1.1308962555097002	17.0	-364.5890381893645
4000	-369.4572510513741	NaN	-369.4572510513741	NaN	72.44925842283939	0.4740463590969263	17.0	-368.76410387081415
4500	-370.9067233278779	NaN	-370.9067233278779	NaN	40.68372701760502	1.149819530378621	17.0	-370.21357614731795
5000	-379.61496685781617	NaN	-379.61496685781617	NaN	62.81361002360921	1.300934158669705	17.0	-378.9218196772562
5500	-376.2221854342547	NaN	-376.2221854342547	NaN	33.922356654998005	0.7324437962170445	17.0	-375.52903825369475
6000	-361.4113340327365	NaN	-361.4113340327365	NaN	27.047394414760433	1.7478463170022032	17.0	-360.71818685217653
6500	-373.3034540424635	NaN	-373.3034540424635	NaN	29.438948010446335	1.5766448140296696	17.0	-372.61030686190355
7000	-385.13062567504227	NaN	-385.13062567504227	NaN	23.95406488409813	2.346211352665612	17.0	-384.4374784944823
7500	-373.868716629633	NaN	-373.868716629633	NaN	54.80442126428386	2.5360081844693214	17.0	-373.17556944907307
8000	-371.8575714403199	NaN	-371.8575714403199	NaN	62.18885304180381	1.0503011522414938	17.0	-371.1644242597599
8500	-375.7600351858809	NaN	-375.7600351858809	NaN	25.190701046902607	0.6152835516732916	17.0	-375.06688800532095
9000	-381.2635694926037	NaN	-381.2635694926037	NaN	50.09642903199803	1.0356682174715632	17.0	-380.5704223120438
9500	-366.5835876322696	NaN	-366.5835876322696	NaN	55.87544367382816	0.39417875249175377	17.0	-365.89044045170965
10000	-371.1318892957078	NaN	-371.1318892957078	NaN	14.860403193188835	0.8193840088841435	17.0	-370.4387421151479
10500	-372.31379774065164	NaN	-372.31379774065164	NaN	18.345646319378446	2.993106221304997	17.0	-371.6206505600917
11000	-367.22817066718665	NaN	-367.22817066718665	NaN	13.976693115047723	3.5647777821154776	17.0	-366.5350234866267
11500	-373.41210511023786	NaN	-373.41210511023786	NaN	20.511392419959588	5.363175278986491	17.0	-372.7189579296779
12000	-373.5211101237289	NaN	-373.5211101237289	NaN	23.42921195802584	12.182504465778946	17.0	-372.8279629431689
12500	-371.983244867597	NaN	-371.983244867597	NaN	16.21810175842222	11.893007114000099	17.0	-371.2900976870371
13000	-370.13198681778334	NaN	-370.13198681778334	NaN	21.78440580953228	18.034517723980088	17.0	-369.4388396372234
13500	-377.0244391800017	NaN	-377.0244391800017	NaN	32.006495664551935	19.121721813186717	17.0	-376.33129199944176
14000	-376.2299515334748	NaN	-376.2299515334748	NaN	41.439968993447714	63.42046456364806	17.0	-375.5368043529148
14500	-386.38217020974486	NaN	-386.38217020974486	NaN	22.934407384460712	138.32261654073415	17.0	-385.6890230291849
15000	-380.58718951933747	NaN	-380.58718951933747	NaN	56.98828058321037	215.9515189599806	17.0	-379.8940423387775
15500	-392.8592559904411	NaN	-392.8592559904411	NaN	94.24343483664626	182.35090996333537	17.0	-392.16610880988117
16000	-380.4809926778858	NaN	-380.4809926778858	NaN	38.62080920589418	640.5521416108483	17.0	-379.78784549732586
16500	-373.9406662241103	NaN	-373.9406662241103	NaN	37.05640322216405	365.65903634757285	17.0	-373.24751904355037
17000	-383.137337169133	NaN	-383.137337169133	NaN	33.36469780963315	482.38505364846844	17.0	-382.44418998857304
17500	-381.8139760425876	NaN	-381.8139760425876	NaN	21.35044691577763	286.2461582656151	17.0	-381.1208288620277
18000	-382.0082758087302	NaN	-382.0082758087302	NaN	71.43675431240703	361.59709250242634	17.0	-381.31512862817027
18500	-385.8632677147055	NaN	-385.8632677147055	NaN	20.875239788340753	589.6318931106681	17.0	-385.17012053414555
19000	-381.6384596439877	NaN	-381.6384596439877	NaN	37.4422602432411	731.9758011921721	17.0	-380.94531246342774
19500	-384.768680446893	NaN	-384.768680446893	NaN	24.37061083688694	2362.7327904884232	17.0	-384.075533266333
20000	-381.84628957420136	NaN	-381.84628957420136	NaN	44.400088208551395	1674.1098709538153	17.0	-381.1531423936414
20500	-359.9252335070492	NaN	-359.9252335070492	NaN	60.03990755431989	1187.3172927230569	17.0	-359.23208632648925
21000	-352.05733049654197	NaN	-352.05733049654197	NaN	48.83076022513341	2280.2006223635312	17.0	-351.364183315982
21500	-351.1519212625031	NaN	-351.1519212625031	NaN	21.779134494696702	2603.383627663619	17.0	-350.45877408194315
22000	-365.1738643206062	NaN	-365.1738643206062	NaN	28.27104385580945	6042.5810025617675	17.0	-364.48071714004624
22500	-358.1127825396665	NaN	-358.1127825396665	NaN	32.23344338860043	11563.652252732718	17.0	-357.41963535910656
23000	-374.38713558696645	NaN	-374.38713558696645	NaN	15.733364380896516	6410.022842216567	17.0	-373.6939884064065
23500	-386.24824543602875	NaN	-386.24824543602875	NaN	28.96721321679084	9783.916415609452	17.0	-385.5550982554688
24000	-380.5717953099616	NaN	-380.5717953099616	NaN	42.30804434266606	41521.76349027063	17.0	-379.87864812940165
24500	-374.7050212078009	NaN	-374.7050212078009	NaN	23.00818478889414	29978.24892184961	17.0	-374.01187402724094
25000	-370.64406966871576	NaN	-370.64406966871576	NaN	32.39017348301111	48488.10404567812	17.0	-369.9509224881558
25500	-367.9193460325334	NaN	-367.9193460325334	NaN	45.71333016302185	38374.09589219388	17.0	-367.22619885197344
26000	-372.7767068639651	NaN	-372.7767068639651	NaN	20.495916615859617	84430.33754472702	17.0	-372.08355968340516
26500	-381.2826651463551	NaN	-381.2826651463551	NaN	20.335250647070797	58935.114342713714	17.0	-380.58951796579515
27000	-396.6078314577651	NaN	-396.6078314577651	NaN	34.831269566272994	25050.441909503028	17.0	-395.91468427720514
27500	-392.24851552749374	NaN	-392.24851552749374	NaN	30.059877239130273	45799.90067024566	17.0	-391.5553683469338
28000	-378.5354076153051	NaN	-378.5354076153051	NaN	23.711250831159735	63696.29809656242	17.0	-377.8422604347451
28500	-386.3707913603605	NaN	-386.3707913603605	NaN	45.95702659075463	33745.28109448594	17.0	-385.67764417980055
29000	-386.20612917657587	NaN	-386.20612917657587	NaN	25.48814877427941	12124.171086998685	17.0	-385.5129819960159
29500	-395.0075930960793	NaN	-395.0075930960793	NaN	59.6810924401396	94415.34514814829	17.0	-394.31444591551934
30000	-392.2782679289852	NaN	-392.2782679289852	NaN	20.048301011449507	2293589.2617475814	17.0	-391.58512074842525
30500	-388.92050524878636	NaN	-388.92050524878636	NaN	53.25739181389958	1.2089579073042805E9	17.0	-388.2273580682264
31000	-399.6579707631757	NaN	-399.6579707631757	NaN	44.151335024870725	5.32165246724829E10	17.0	-398.96482358261574
31500	-393.5753814034785	NaN	-393.5753814034785	NaN	19.467897282300765	8.146464482253804E10	17.0	-392.88223422291856
32000	-381.25791520847235	NaN	-381.25791520847235	NaN	18.854917630700996	5.0963090374637744E11	17.0	-380.5647680279124
32500	-405.308769888507	NaN	-405.308769888507	NaN	64.53864504881412	1.8571049902610056E14	17.0	-404.61562270794707
33000	-399.89106298621334	NaN	-399.89106298621334	NaN	35.462046784629685	7.527232712388866E15	17.0	-399.1979158056534
33500	-384.0850693095097	NaN	-384.0850693095097	NaN	20.783959919501118	3.997947899446852E19	17.0	-383.3919221289498
34000	-370.88843372865034	NaN	-370.88843372865034	NaN	15.277822949539123	6.226387868331752E19	17.0	-370.1952865480904
34500	-390.9067770935454	NaN	-390.9067770935454	NaN	29.277025462491473	3.5433827511802066E23	17.0	-390.2136299129854
35000	-390.66674021174913	NaN	-390.66674021174913	NaN	25.481637296443584	1.2096708819421372E24	17.0	-389.9735930311892
35500	-392.3906394748188	NaN	-392.3906394748188	NaN	43.72493852318865	1.3087716055662465E25	17.0	-391.69749229425884
36000	-397.9466008290693	NaN	-397.9466008290693	NaN	37.70485192870369	9.541358456814908E26	17.0	-397.2534536485094
36500	-406.37391373443455	NaN	-406.37391373443455	NaN	32.47361837013241	4.095510403741644E28	17.0	-405.6807665538746
37000	-407.71969035967766	NaN	-407.71969035967766	NaN	39.74316887943326	3.3563165914037966E29	17.0	-407.0265431791177
37500	-400.932189329589	NaN	-400.932189329589	NaN	24.392235482182222	7.106948572640136E31	17.0	-400.23904214902905
38000	-396.33162898405436	NaN	-396.33162898405436	NaN	68.14744105753259	1.3246456315065032E33	17.0	-395.6384818034944
38500	-396.295166286317	NaN	-396.295166286317	NaN	58.152242453323	1.673475255990704E33	17.0	-395.60201910575705
39000	-381.4257691046351	NaN	-381.4257691046351	NaN	62.61654382061141	8.335045949264291E36	17.0	-380.73262192407515
39500	-393.93157568363176	NaN	-393.93157568363176	NaN	46.60211626638841	4.231708526244303E38	17.0	-393.2384285030718
40000	-385.5212972879753	NaN	-385.5212972879753	NaN	57.20129567582268	7.625089905934023E40	17.0	-384.82815010741535
40500	-391.8252237419002	NaN	-391.8252237419002	NaN	55.408464653308585	3.062905191188213E44	17.0	-391.1320765613402
41000	-397.97142511402683	NaN	-397.97142511402683	NaN	29.029459896664594	2.919728582239373E46	17.0	-397.2782779334669
41500	-389.36111115953975	NaN	-389.36111115953975	NaN	31.660360550254293	1.6154718173271947E49	17.0	-388.6679639789798
42000	-391.70088382889736	NaN	-391.70088382889736	NaN	47.986682390136274	3.63229156477532E51	17.0	-391.0077366483374
42500	-389.6078456494447	NaN	-389.6078456494447	NaN	21.530132992109777	1.2981963204997968E56	17.0	-388.91469846888475
43000	-392.5811576527061	NaN	-392.5811576527061	NaN	29.563260650917393	2.9603147332556445E57	17.0	-391.88801047214616
43500	-380.73950584069996	NaN	-380.73950584069996	NaN	34.396294489465454	2.045282266253621E59	17.0	-380.04635866014
44000	-386.67754397971305	NaN	-386.67754397971305	NaN	32.52907847118086	5.49110129276303E59	17.0	-385.9843967991531
44500	-403.09705975265507	NaN	-403.09705975265507	NaN	43.582136099290075	1.093934800582246E61	17.0	-402.4039125720951
45000	-392.80547984045353	NaN	-392.80547984045353	NaN	74.92385591670347	7.750438376774809E62	17.0	-392.1123326598936
45500	-381.75730260917595	NaN	-381.75730260917595	NaN	57.076789524531954	1.4582913030528709E63	17.0	-381.064155428616
46000	-392.836217163915	NaN	-392.836217163915	NaN	44.56674133929057	8.682674653705357E62	17.0	-392.1430699833551
46500	-389.8269408937842	NaN	-389.8269408937842	NaN	47.60151044701961	1.0900323785255516E64	17.0	-389.13379371322424
47000	-383.41040523325887	NaN	-383.41040523325887	NaN	77.18981339437929	2.2603652482697557E65	17.0	-382.7172580526989
47500	-370.9414857912798	NaN	-370.9414857912798	NaN	28.67855012203883	4.5945274251774585E66	17.0	-370.2483386107198
48000	-378.2432346382994	NaN	-378.2432346382994	NaN	58.43801604731843	1.777458020010699E69	17.0	-377.55008745773944
48500	-372.8112190555758	NaN	-372.8112190555758	NaN	27.237005697236764	3.3855421879535526E69	17.0	-372.11807187501586
49000	-362.95604314162784	NaN	-362.95604314162784	NaN	20.724731520259013	3.655961202950134E70	17.0	-362.2628959610679
49500	-364.49983324203055	NaN	-364.49983324203055	NaN	24.84979641162608	1.228371271385544E72	17.0	-363.8066860614706
50000	-373.06064856117797	NaN	-373.06064856117797	NaN	30.00456177621445	9.267125002555585E74	17.0	-372.367501380618
50500	-373.08348605912136	NaN	-373.08348605912136	NaN	50.36262543221127	1.0087195935699728E78	17.0	-372.3903388785614
51000	-379.2985386941329	NaN	-379.2985386941329	NaN	16.019178159562614	4.9901545680490784E78	17.0	-378.60539151357295
51500	-386.5299968204265	NaN	-386.5299968204265	NaN	33.860913554849816	7.654853572222954E79	17.0	-385.83684963986656
52000	-388.8822299668254	NaN	-388.8822299668254	NaN	26.021444777905863	7.134375696759463E80	17.0	-388.18908278626543
52500	-379.83355646601876	NaN	-379.83355646601876	NaN	34.02957321170421	1.5440378474874037E81	17.0	-379.1404092854588
53000	-369.5292838774746	NaN	-369.5292838774746	NaN	30.99167541199643	1.7506598794870446E84	17.0	-368.83613669691465
53500	-368.5347602091995	NaN	-368.5347602091995	NaN	62.20443634927188	1.6088746301799725E85	17.0	-367.84161302863953
54000	-365.20750002904134	NaN	-365.20750002904134	NaN	61.284958310066095	1.4301371571593243E85	17.0	-364.5143528484814
54500	-361.65171075720997	NaN	-361.65171075720997	NaN	29.1686287021437	1.4936569721468063E86	17.0	-360.95856357665
55000	-360.0667500766151	NaN	-360.0667500766151	NaN	41.79264546860563	2.618918821503579E91	17.0	-359.37360289605516
55500	-368.4300451393977	NaN	-368.4300451393977	NaN	26.585683292928653	1.8149805747653452E95	17.0	-367.73689795883774
56000	-375.54985930136405	NaN	-375.54985930136405	NaN	41.52304096195745	2.963287950751269E99	17.0	-374.8567121208041
56500	-370.4267384783745	NaN	-370.4267384783745	NaN	26.310578360004968	3.0776496481267643E101	17.0	-369.73359129781454
57000	-372.0396378734736	NaN	-372.0396378734736	NaN	25.239558493054123	1.2812095985060087E104	17.0	-371.3464906929137
57500	-368.7914318742596	NaN	-368.7914318742596	NaN	35.758292315922176	2.100663028183875E105	17.0	-368.09828469369967
58000	-376.52037146334106	NaN	-376.52037146334106	NaN	46.060455363507984	1.3110847370500378E105	17.0	-375.8272242827811
58500	-374.8495476410567	NaN	-374.8495476410567	NaN	26.52516555246285	1.5800027550091792E105	17.0	-374.15640046049674
59000	-383.9946911915655	NaN	-383.9946911915655	NaN	104.78030119514484	7.3689353263503E107	17.0	-383.30154401100555
59500	-376.56054322250395	NaN	-376.56054322250395	NaN	48.568254904708304	1.0203881178233025E108	17.0	-375.867396041944
60000	-391.91762215735724	NaN	-391.91762215735724	NaN	64.53550159036675	8.517804406272732E106	17.0	-391.2244749767973
60500	-381.01446294745057	NaN	-381.01446294745057	NaN	19.088626083722545	7.47891222205278E108	17.0	-380.3213157668906
61000	-380.7217740411442	NaN	-380.7217740411442	NaN	22.785090552689034	1.0174061952834448E108	17.0	-380.02862686058427
61500	-375.69019247395477	NaN	-375.69019247395477	NaN	21.49413293659935	1.238342309639879E111	17.0	-374.9970452933948
62000	-372.2420752945722	NaN	-372.2420752945722	NaN	21.941524472568872	2.4980313788214573E113	17.0	-371.54892811401226
62500	-370.4571471341673	NaN	-370.4571471341673	NaN	106.3406001027513	2.70622898696735E117	17.0	-369.76399995360737
63000	-363.11013270362366	NaN	-363.11013270362366	NaN	62.78470691892263	1.2719521549607757E118	17.0	-362.4169855230637
63500	-371.8924980014858	NaN	-371.8924980014858	NaN	47.9681321485971	2.6377311359387232E119	17.0	-371.1993508209259
64000	-368.1719016495433	NaN	-368.1719016495433	NaN	32.36450750660356	5.0058846468177856E119	17.0	-367.47875446898337
64500	-362.8376183940194	NaN	-362.8376183940194	NaN	13.990882627846517	7.02092544053452E122	17.0	-362.14447121345944
65000	-353.6329995582654	NaN	-353.6329995582654	NaN	27.290595883922364	8.399812932303374E122	17.0	-352.93985237770545
65500	-365.1277921116589	NaN	-365.1277921116589	NaN	59.080144628020925	4.328932688125413E124	17.0	-364.43464493109894
66000	-362.03116474027604	NaN	-362.03116474027604	NaN	22.53268101014542	9.467543190832642E125	17.0	-361.3380175597161
66500	-366.7771980344457	NaN	-366.7771980344457	NaN	130.76355442944953	2.6138130424457787E126	17.0	-366.08405085388574
67000	-366.0813507970474	NaN	-366.0813507970474	NaN	34.26432922169932	2.4428836870187458E126	17.0	-365.38820361648743
67500	-364.53708380290396	NaN	-364.53708380290396	NaN	25.519820039609808	2.9456149702198017E128	17.0	-363.843936622344
68000	-361.80867787354885	NaN	-361.80867787354885	NaN	21.89843199405611	1.7358476930238216E130	17.0	-361.1155306929889
68500	-371.17530178748416	NaN	-371.17530178748416	NaN	56.88572313578936	2.209810886283405E132	17.0	-370.4821546069242
69000	-366.7769188303242	NaN	-366.7769188303242	NaN	41.28014505332433	2.012285898877736E133	17.0	-366.08377164976423
69500	-375.34471676498407	NaN	-375.34471676498407	NaN	36.97947436039179	4.0578116163759385E134	17.0	-374.6515695844241
70000	-367.15053518520875	NaN	-367.15053518520875	NaN	20.923320501752833	1.0286028241068923E136	17.0	-366.4573880046488
70500	-374.4230898811019	NaN	-374.4230898811019	NaN	14.426324785657776	3.24845611283591E137	17.0	-373.7299427005419
71000	-380.35172079713055	NaN	-380.35172079713055	NaN	30.766546048184633	9.668062513544536E139	17.0	-379.6585736165706
71500	-380.80511660655077	NaN	-380.80511660655077	NaN	19.357943286204147	5.834444414690357E140	17.0	-380.1119694259908
72000	-379.79652075921445	NaN	-379.79652075921445	NaN	43.071431710789504	1.6315110353783137E141	17.0	-379.1033735786545
72500	-382.7950694498475	NaN	-382.7950694498475	NaN	19.577025033466608	1.1565751550056148E143	17.0	-382.10192226928757
73000	-381.0376016588083	NaN	-381.0376016588083	NaN	17.127160118110325	6.492406514891035E143	17.0	-380.34445447824834
73500	-372.6210094835481	NaN	-372.6210094835481	NaN	32.9557767294686	3.1718654348056575E144	17.0	-371.92786230298816
74000	-376.94635361796946	NaN	-376.94635361796946	NaN	33.70963529019399	2.857710943967795E145	17.0	-376.2532064374095
74500	-379.98962575529805	NaN	-379.98962575529805	NaN	22.160444518298192	1.1529483023040168E145	17.0	-379.2964785747381
75000	-378.26584242380216	NaN	-378.26584242380216	NaN	21.243846300914296	6.381183749671796E147	17.0	-377.5726952432422
75500	-373.54235501339184	NaN	-373.54235501339184	NaN	16.813435281317872	1.063748558547159E151	17.0	-372.8492078328319
76000	-391.2506453891728	NaN	-391.2506453891728	NaN	21.139151342756573	1.539749832712953E153	17.0	-390.55749820861286
76500	-388.62749018635424	NaN	-388.62749018635424	NaN	44.84920159758621	1.102826919146164E154	17.0	-387.9343430057943
77000	-380.39059656920426	NaN	-380.39059656920426	NaN	15.761202360918022	1.667363832915781E154	17.0	-379.6974493886443
77500	-367.30557219773283	NaN	-367.30557219773283	NaN	21.93573770863801	5.658634247512507E156	17.0	-366.6124250171729
78000	-379.4688402781973	NaN	-379.4688402781973	NaN	38.43592553396755	1.2284983140655464E158	17.0	-378.7756930976374
78500	-380.05547981810327	NaN	-380.05547981810327	NaN	34.15622820453021	1.4872827700640703E160	17.0	-379.3623326375433
79000	-371.8051594840428	NaN	-371.8051594840428	NaN	39.45895590789279	1.213752728411109E161	17.0	-371.11201230348286
79500	-378.22265200816884	NaN	-378.22265200816884	NaN	23.998578862362425	2.4841366659334533E160	17.0	-377.5295048276089
80000	-377.20803578189856	NaN	-377.20803578189856	NaN	23.921173025747876	2.1426629554246296E161	17.0	-376.5148886013386
80500	-369.2207399086377	NaN	-369.2207399086377	NaN	17.669216098234738	1.10451634053254E162	17.0	-368.52759272807776
81000	-380.8001905138622	NaN	-380.8001905138622	NaN	24.13772864239661	1.4797897426010625E166	17.0	-380.1070433333023
81500	-381.4216851906091	NaN	-381.4216851906091	NaN	28.563061341719152	1.9281121793101155E168	17.0	-380.72853801004914
82000	-377.3631031315838	NaN	-377.3631031315838	NaN	22.58330776464145	1.963947976298607E169	17.0	-376.66995595102384
82500	-373.5832859874874	NaN	-373.5832859874874	NaN	64.13323392374758	1.5432177880329058E170	17.0	-372.89013880692744
83000	-373.6096882109225	NaN	-373.6096882109225	NaN	42.739180065172775	1.1550393351533918E170	17.0	-372.91654103036257
83500	-372.93581210318735	NaN	-372.93581210318735	NaN	46.3905767013954	2.186913618893227E170	17.0	-372.2426649226274
84000	-374.2553094577699	NaN	-374.2553094577699	NaN	13.319461834892545	1.0958908099063399E172	17.0	-373.56216227720995
84500	-368.0043495519799	NaN	-368.0043495519799	NaN	33.627064089274796	3.867650605476301E173	17.0	-367.31120237141994
85000	-368.2554949842392	NaN	-368.2554949842392	NaN	51.860691922099704	5.827100580485836E175	17.0	-367.56234780367924
85500	-368.5267365821272	NaN	-368.5267365821272	NaN	17.84745522972402	5.201246625741029E176	17.0	-367.8335894015673
86000	-370.6708113297794	NaN	-370.6708113297794	NaN	27.37919685335023	2.9452821530223165E178	17.0	-369.97766414921944
86500	-369.9109374908897	NaN	-369.9109374908897	NaN	50.308657023129314	2.031858772697664E181	17.0	-369.21779031032975
87000	-369.1216753297999	NaN	-369.1216753297999	NaN	26.22165851775263	1.324508297434638E181	17.0	-368.42852814924
87500	-373.01617900433325	NaN	-373.01617900433325	NaN	31.797296192735857	3.737179756300524E180	17.0	-372.3230318237733
88000	-375.40243834849633	NaN	-375.40243834849633	NaN	66.39205612715931	7.72109272397261E180	17.0	-374.7092911679364
88500	-374.9278703838469	NaN	-374.9278703838469	NaN	30.988979208264645	4.370676642491963E180	17.0	-374.23472320328693
89000	-368.1363529577057	NaN	-368.1363529577057	NaN	16.831611710673258	1.0367630730528137E181	17.0	-367.44320577714575
89500	-372.1187666430466	NaN	-372.1187666430466	NaN	32.11573787400735	2.0758268718880303E184	17.0	-371.4256194624867
90000	-384.6276158286583	NaN	-384.6276158286583	NaN	27.894111687714766	3.373854871638827E184	17.0	-383.93446864809835
90500	-372.77121274308246	NaN	-372.77121274308246	NaN	60.09258128455658	9.306081340967042E183	17.0	-372.0780655625225
91000	-369.34374906385244	NaN	-369.34374906385244	NaN	25.565847332640693	7.651407810816214E185	17.0	-368.6506018832925
91500	-371.4583214445521	NaN	-371.4583214445521	NaN	43.52543459335376	2.816356826602589E186	17.0	-370.76517426399215
92000	-374.25066469607935	NaN	-374.25066469607935	NaN	61.116213736084866	5.393529641020635E189	17.0	-373.5575175155194
92500	-367.77198945435543	NaN	-367.77198945435543	NaN	48.351273269161716	1.7868239816670998E190	17.0	-367.0788422737955
93000	-371.7287749574803	NaN	-371.7287749574803	NaN	34.62939846806294	3.1462258354208243E191	17.0	-371.03562777692036
93500	-377.7462038521696	NaN	-377.7462038521696	NaN	29.57721973347112	1.7589391434007466E193	17.0	-377.0530566716096
94000	-391.9298050138648	NaN	-391.9298050138648	NaN	76.53655794011854	1.884300579085207E196	17.0	-391.23665783330483
94500	-383.80244158212236	NaN	-383.80244158212236	NaN	28.997638035109514	7.166855569076388E197	17.0	-383.1092944015624
95000	-392.0289686997845	NaN	-392.0289686997845	NaN	27.41118363430596	1.4610104190770255E198	17.0	-391.33582151922457
95500	-394.8976404120984	NaN	-394.8976404120984	NaN	35.1066381137542	1.7487781607040366E200	17.0	-394.20449323153844
96000	-392.1745913306462	NaN	-392.1745913306462	NaN	29.295876001671548	1.9929699146418757E202	17.0	-391.48144415008625
96500	-394.282274721676	NaN	-394.282274721676	NaN	41.55157329182553	9.38957118645534E203	17.0	-393.58912754111606
97000	-383.6154436555945	NaN	-383.6154436555945	NaN	18.607002691947688	3.289411808847357E204	17.0	-382.92229647503456
97500	-382.07507239768665	NaN	-382.07507239768665	NaN	17.634272789960942	2.2115251792108225E205	17.0	-381.3819252171267
98000	-386.7961082133703	NaN	-386.7961082133703	NaN	61.26831836634545	2.055710027612883E207	17.0	-386.10296103281036
98500	-385.1470982712701	NaN	-385.1470982712701	NaN	32.254883326712786	8.650957404306006E208	17.0	-384.4539510907102
99000	-381.8677728753525	NaN	-381.8677728753525	NaN	29.821373291351723	1.4735144120672091E212	17.0	-381.17462569479255
99500	-390.0140218840371	NaN	-390.0140218840371	NaN	32.36137916169539	7.662660410010418E211	17.0	-389.32087470347716
100000	-385.6351163290471	NaN	-385.6351163290471	NaN	33.60678402429362	9.071684343627236E213	17.0	-384.94196914848715
100500	-389.72528680368254	NaN	-389.72528680368254	NaN	21.718627992495655	1.8271285527593844E215	17.0	-389.0321396231226
101000	-385.0027980062323	NaN	-385.0027980062323	NaN	27.304162490101568	1.3191682265497845E217	17.0	-384.30965082567235
101500	-384.28396954759467	NaN	-384.28396954759467	NaN	31.707003289118678	4.563274023431516E221	17.0	-383.5908223670347
102000	-386.48323470124416	NaN	-386.48323470124416	NaN	39.136998683362336	9.876829182997543E221	17.0	-385.7900875206842
102500	-397.46067430735417	NaN	-397.46067430735417	NaN	32.243346031920794	1.7486359969958477E223	17.0	-396.7675271267942
103000	-376.85663366544657	NaN	-376.85663366544657	NaN	28.319050414343018	4.930275945286656E225	17.0	-376.1634864848866
103500	-377.76841650249366	NaN	-377.76841650249366	NaN	17.211894278914308	1.3662708636081141E227	17.0	-377.0752693219337
104000	-383.53259427983943	NaN	-383.53259427983943	NaN	17.65442513266062	9.483907581871181E229	17.0	-382.8394470992795
104500	-375.1225471874223	NaN	-375.1225471874223	NaN	31.310305063676164	4.007280600993553E230	17.0	-374.42940000686235
105000	-359.23256293351915	NaN	-359.23256293351915	NaN	24.275457801156517	1.9716773206214017E232	17.0	-358.5394157529592
105500	-361.5252238164772	NaN	-361.5252238164772	NaN	54.86818663488095	2.263379769948942E233	17.0	-360.83207663591725
106000	-377.07457054269514	NaN	-377.07457054269514	NaN	60.199441483892734	1.066418415305226E234	17.0	-376.3814233621352
106500	-384.86160444580923	NaN	-384.86160444580923	NaN	17.401343276385163	6.746509941150664E236	17.0	-384.1684572652493
107000	-369.6887900179671	NaN	-369.6887900179671	NaN	35.78308544205362	6.936171265110416E238	17.0	-368.99564283740716
107500	-365.13928029448175	NaN	-365.13928029448175	NaN	42.252398923069094	1.6597310344974423E241	17.0	-364.4461331139218
108000	-370.377452132331	NaN	-370.377452132331	NaN	29.820520648854455	1.6560200828505102E242	17.0	-369.684304951771
108500	-372.6542065271701	NaN	-372.6542065271701	NaN	20.955161558823406	5.645760714510509E241	17.0	-371.96105934661017
109000	-382.60155500696067	NaN	-382.60155500696067	NaN	38.30725253765761	1.0179003177451667E244	17.0	-381.9084078264007
109500	-379.298008660243	NaN	-379.298008660243	NaN	29.679166973861083	5.905994239908328E245	17.0	-378.60486147968305
110000	-378.3870442768343	NaN	-378.3870442768343	NaN	34.85842822684218	1.867967569600232E247	17.0	-377.6938970962743
110500	-368.65732400038195	NaN	-368.65732400038195	NaN	35.28132005080641	1.390278033906209E247	17.0	-367.964176819822
111000	-374.55052946499035	NaN	-374.55052946499035	NaN	45.679093518261055	3.3672700405891046E247	17.0	-373.8573822844304
111500	-378.56541810273114	NaN	-378.56541810273114	NaN	26.270532283756868	5.418635779550164E249	17.0	-377.8722709221712
112000	-378.75716795824036	NaN	-378.75716795824036	NaN	68.84061943552608	8.214860665609761E250	17.0	-378.0640207776804
112500	-382.18196109540173	NaN	-382.18196109540173	NaN	58.31548436636953	3.1310589866295344E250	17.0	-381.4888139148418
113000	-387.8032559660769	NaN	-387.8032559660769	NaN	43.060123881442976	7.470241755995105E252	17.0	-387.11010878551696
113500	-390.7906494690587	NaN	-390.7906494690587	NaN	48.84514610303755	7.625944428827558E253	17.0	-390.09750228849873
114000	-395.8019210350251	NaN	-395.8019210350251	NaN	97.24683239053606	2.386409504080938E254	17.0	-395.10877385446514
114500	-379.0646326442646	NaN	-379.0646326442646	NaN	70.41356128993894	8.660316352538521E256	17.0	-378.37148546370463
115000	-366.5472828612464	NaN	-366.5472828612464	NaN	38.451184223854156	3.1666551571334118E258	17.0	-365.85413568068645
115500	-372.179533025709	NaN	-372.179533025709	NaN	45.62789794609819	1.7510475423138193E259	17.0	-371.4863858451491
116000	-385.02905420688114	NaN	-385.02905420688114	NaN	21.502389212177974	2.0160435416653482E260	17.0	-384.3359070263212
116500	-381.991483324388	NaN	-381.991483324388	NaN	25.069074160306197	7.730675206515295E260	17.0	-381.29833614382807
117000	-371.7794059376454	NaN	-371.7794059376454	NaN	40.79003853619774	5.375472776404354E264	17.0	-371.08625875708543
117500	-374.10526287389774	NaN	-374.10526287389774	NaN	21.412736896558403	6.184669735523545E267	17.0	-373.4121156933378
118000	-378.0902809887742	NaN	-378.0902809887742	NaN	18.58758128216859	3.251736051346726E270	17.0	-377.3971338082143
118500	-377.955669698058	NaN	-377.955669698058	NaN	66.07460564206745	3.509175797975218E270	17.0	-377.26252251749804
119000	-377.4875068727326	NaN	-377.4875068727326	NaN	25.478596341199715	3.4540676764262314E273	17.0	-376.79435969217263
119500	-375.53435912450385	NaN	-375.53435912450385	NaN	40.13283483199812	1.3053717809334316E276	17.0	-374.8412119439439
120000	-375.69037639395964	NaN	-375.69037639395964	NaN	22.44130018841573	5.305691653909838E277	17.0	-374.9972292133997
120500	-379.7414367503799	NaN	-379.7414367503799	NaN	16.844820449658304	3.7252626825423426E278	17.0	-379.04828956981993
121000	-377.42153546157607	NaN	-377.42153546157607	NaN	22.394318127700842	1.3300833624581661E281	17.0	-376.7283882810161
121500	-367.94116368005865	NaN	-367.94116368005865	NaN	20.256961650996935	2.9229785537611976E283	17.0	-367.2480164994987
122000	-366.86942037690426	NaN	-366.86942037690426	NaN	25.055662341089374	6.055154310232034E286	17.0	-366.1762731963443
122500	-382.1571623306558	NaN	-382.1571623306558	NaN	67.52701746359601	1.8661104098525848E289	17.0	-381.46401515009586
123000	-383.8522551689406	NaN	-383.8522551689406	NaN	44.33061478497265	3.0694033004459523E289	17.0	-383.15910798838064
123500	-385.05046443705777	NaN	-385.05046443705777	NaN	33.367345220365095	1.894774460264984E290	17.0	-384.3573172564978
124000	-395.33778918331535	NaN	-395.33778918331535	NaN	57.37969812476041	5.870918495251983E290	17.0	-394.6446420027554
124500	-381.3008440221087	NaN	-381.3008440221087	NaN	37.15182624157521	7.750300092952969E293	17.0	-380.6076968415488
125000	-384.80397097526685	NaN	-384.80397097526685	NaN	38.51868267850845	4.945117107027383E296	17.0	-384.1108237947069
125500	-384.17892634147097	NaN	-384.17892634147097	NaN	89.08393564827188	2.43037224728985E300	17.0	-383.485779160911
126000	-369.8087599064306	NaN	-369.8087599064306	NaN	31.153497685809285	1.935499857894663E302	17.0	-369.1156127258707
126500	-365.9478651210987	NaN	-365.9478651210987	NaN	33.10672357038861	1.950221318456652E302	17.0	-365.25471794053874
127000	-374.0570185251542	NaN	-374.0570185251542	NaN	25.026177727882175	2.0051322326676796E304	17.0	-373.36387134459426
127500	-371.9502054970092	NaN	-371.9502054970092	NaN	48.035301026195306	7.660787947758384E305	17.0	-371.2570583164493
128000	-381.5826479836416	NaN	-381.5826479836416	NaN	35.51960715080259	2.5831936980619033E304	17.0	-380.88950080308166
128500	-380.95168828820886	NaN	-380.95168828820886	NaN	48.34729452141128	5.158491479164619E305	17.0	-380.2585411076489
129000	-393.82570504588773	NaN	-393.82570504588773	NaN	52.72907743280218	Infinity	17.0	-393.1325578653278
129500	-399.05791074266796	NaN	-399.05791074266796	NaN	40.65105535382029	Infinity	17.0	-398.364763562108
130000	-377.01966099024276	NaN	-377.01966099024276	NaN	52.860262904048824	Infinity	17.0	-376.3265138096828
130500	-375.2132955639249	NaN	-375.2132955639249	NaN	32.93149465142724	Infinity	17.0	-374.5201483833649
131000	-380.36563508076165	NaN	-380.36563508076165	NaN	41.48420037900228	Infinity	17.0	-379.6724879002017
131500	-393.83939756086596	NaN	-393.83939756086596	NaN	36.85200103478424	Infinity	17.0	-393.146250380306
132000	-385.8512931323434	NaN	-385.8512931323434	NaN	30.405330853204823	Infinity	17.0	-385.15814595178347
132500	-397.9529734900986	NaN	-397.9529734900986	NaN	31.724564741211907	Infinity	17.0	-397.25982630953865
133000	-388.31842342860523	NaN	-388.31842342860523	NaN	25.848704702240592	Infinity	17.0	-387.6252762480453
133500	-381.9849453923527	NaN	-381.9849453923527	NaN	58.241111966913664	Infinity	17.0	-381.29179821179275
134000	-392.34192656936415	NaN	-392.34192656936415	NaN	50.59687268792605	Infinity	17.0	-391.6487793888042
134500	-381.4696242981012	NaN	-381.4696242981012	NaN	25.42251606114213	Infinity	17.0	-380.7764771175413
135000	-394.5353732100015	NaN	-394.5353732100015	NaN	23.529586071110014	Infinity	17.0	-393.8422260294416
135500	-376.9549168597877	NaN	-376.9549168597877	NaN	34.03418865304311	Infinity	17.0	-376.26176967922777
136000	-394.1026164711954	NaN	-394.1026164711954	NaN	48.53150134588829	Infinity	17.0	-393.40946929063546
136500	-390.287394295593	NaN	-390.287394295593	NaN	136.75912614917226	Infinity	17.0	-389.59424711503306
137000	-376.0255395991961	NaN	-376.0255395991961	NaN	23.392632060370396	Infinity	17.0	-375.3323924186362
137500	-383.5210059556632	NaN	-383.5210059556632	NaN	77.16228051272726	Infinity	17.0	-382.82785877510327
138000	-379.35917747584165	NaN	-379.35917747584165	NaN	31.45251749322027	Infinity	17.0	-378.6660302952817
138500	-378.27661688531356	NaN	-378.27661688531356	NaN	23.972174015725074	Infinity	17.0	-377.5834697047536
139000	-390.1819385808707	NaN	-390.1819385808707	NaN	19.701296946552883	Infinity	17.0	-389.48879140031073
139500	-386.78824542870336	NaN	-386.78824542870336	NaN	12.499079447670887	Infinity	17.0	-386.0950982481434
140000	-386.144507675959	NaN	-386.144507675959	NaN	31.21087743127486	Infinity	17.0	-385.45136049539906
140500	-381.80884612237537	NaN	-381.80884612237537	NaN	43.21536010368611	Infinity	17.0	-381.1156989418154
141000	-366.01739035302285	NaN	-366.01739035302285	NaN	42.40449330888863	Infinity	17.0	-365.3242431724629
141500	-360.36062889146103	NaN	-360.36062889146103	NaN	61.27046000340734	Infinity	17.0	-359.6674817109011
142000	-360.04275413661367	NaN	-360.04275413661367	NaN	17.854769570704086	Infinity	17.0	-359.3496069560537
142500	-361.2651113167719	NaN	-361.2651113167719	NaN	19.815245472416578	Infinity	17.0	-360.57196413621193
143000	-372.9586144696479	NaN	-372.9586144696479	NaN	18.565222101348102	Infinity	17.0	-372.26546728908795
143500	-377.14439391102536	NaN	-377.14439391102536	NaN	32.28284093816133	Infinity	17.0	-376.4512467304654
144000	-372.56834960947066	NaN	-372.56834960947066	NaN	28.775090336457236	Infinity	17.0	-371.8752024289107
144500	-376.2893637013542	NaN	-376.2893637013542	NaN	52.75733154073374	Infinity	17.0	-375.59621652079426
145000	-374.0553278319581	NaN	-374.0553278319581	NaN	87.5455734324554	Infinity	17.0	-373.36218065139815
145500	-372.889042075289	NaN	-372.889042075289	NaN	18.114704414157103	Infinity	17.0	-372.19589489472907
146000	-374.14045645542666	NaN	-374.14045645542666	NaN	25.68958594548408	Infinity	17.0	-373.4473092748667
146500	-383.04892957318424	NaN	-383.04892957318424	NaN	45.85488736819423	Infinity	17.0	-382.3557823926243
147000	-388.04295098756495	NaN	-388.04295098756495	NaN	31.331234332541232	Infinity	17.0	-387.349803807005
147500	-393.98850741052536	NaN	-393.98850741052536	NaN	56.89791793556437	Infinity	17.0	-393.2953602299654
148000	-399.85391175536034	NaN	-399.85391175536034	NaN	91.10286560519464	Infinity	17.0	-399.1607645748004
148500	-388.8778534477677	NaN	-388.8778534477677	NaN	56.20312012943892	Infinity	17.0	-388.18470626720773
149000	-372.0281477802888	NaN	-372.0281477802888	NaN	23.870075568268177	Infinity	17.0	-371.33500059972886
149500	-379.11861830296925	NaN	-379.11861830296925	NaN	25.640126710092154	Infinity	17.0	-378.4254711224093
150000	-378.02614435930457	NaN	-378.02614435930457	NaN	77.42215388492306	Infinity	17.0	-377.3329971787446
150500	-371.1155565217739	NaN	-371.1155565217739	NaN	86.60298168357428	Infinity	17.0	-370.42240934121395
151000	-381.74676742488174	NaN	-381.74676742488174	NaN	38.52135733716632	Infinity	17.0	-381.0536202443218
151500	-378.8050139296132	NaN	-378.8050139296132	NaN	19.417689214718443	Infinity	17.0	-378.11186674905326
152000	-369.4714264450372	NaN	-369.4714264450372	NaN	13.876382107282643	Infinity	17.0	-368.77827926447725
152500	-382.00937732393885	NaN	-382.00937732393885	NaN	31.9276286344828	Infinity	17.0	-381.3162301433789
153000	-369.0068231028545	NaN	-369.0068231028545	NaN	28.073768422441564	Infinity	17.0	-368.3136759222946
153500	-372.40090306774493	NaN	-372.40090306774493	NaN	30.960426579435094	Infinity	17.0	-371.707755887185
154000	-373.41882171835357	NaN	-373.41882171835357	NaN	24.370163754560643	Infinity	17.0	-372.7256745377936
154500	-373.1716257797804	NaN	-373.1716257797804	NaN	32.0889050251838	Infinity	17.0	-372.47847859922047
155000	-380.6924654589148	NaN	-380.6924654589148	NaN	37.83301002076833	Infinity	17.0	-379.99931827835485
155500	-376.70757219899826	NaN	-376.70757219899826	NaN	34.65977435041848	Infinity	17.0	-376.0144250184383
156000	-376.07995594518627	NaN	-376.07995594518627	NaN	27.5021328526425	Infinity	17.0	-375.3868087646263
156500	-370.8397634470244	NaN	-370.8397634470244	NaN	46.02534800873426	Infinity	17.0	-370.14661626646443
157000	-366.32952183540704	NaN	-366.32952183540704	NaN	32.19714779373313	Infinity	17.0	-365.6363746548471
157500	-369.63229694525825	NaN	-369.63229694525825	NaN	38.137745449579384	Infinity	17.0	-368.9391497646983
158000	-375.2236928331233	NaN	-375.2236928331233	NaN	44.7590692351426	Infinity	17.0	-374.5305456525634
158500	-370.3242999414465	NaN	-370.3242999414465	NaN	61.23380293320657	Infinity	17.0	-369.63115276088655
159000	-371.3010065803361	NaN	-371.3010065803361	NaN	101.4758007890952	Infinity	17.0	-370.60785939977615
159500	-368.2113248678942	NaN	-368.2113248678942	NaN	34.913330250654795	Infinity	17.0	-367.51817768733423
160000	-370.5398465186208	NaN	-370.5398465186208	NaN	68.31378140070842	Infinity	17.0	-369.84669933806083
160500	-383.0804834392776	NaN	-383.0804834392776	NaN	38.4531705316429	Infinity	17.0	-382.38733625871765
161000	-395.97484982957394	NaN	-395.97484982957394	NaN	39.23252041330093	Infinity	17.0	-395.281702649014
161500	-377.49751621217126	NaN	-377.49751621217126	NaN	40.49069087771018	Infinity	17.0	-376.8043690316113
162000	-378.44217339607883	NaN	-378.44217339607883	NaN	51.77209267605074	Infinity	17.0	-377.7490262155189
162500	-375.9608607389479	NaN	-375.9608607389479	NaN	18.64821188471489	Infinity	17.0	-375.2677135583879
163000	-385.52117526062386	NaN	-385.52117526062386	NaN	27.025188596363375	Infinity	17.0	-384.8280280800639
163500	-381.32391076014216	NaN	-381.32391076014216	NaN	11.953738926049493	Infinity	17.0	-380.6307635795822
164000	-376.1684113013161	NaN	-376.1684113013161	NaN	17.370994887489857	Infinity	17.0	-375.47526412075615
164500	-380.6930899577021	NaN	-380.6930899577021	NaN	13.683553305106496	Infinity	17.0	-379.99994277714217
165000	-391.14455564754405	NaN	-391.14455564754405	NaN	33.5159323164723	Infinity	17.0	-390.4514084669841
165500	-389.9323417912153	NaN	-389.9323417912153	NaN	25.018917550975935	Infinity	17.0	-389.2391946106554
166000	-384.251194094926	NaN	-384.251194094926	NaN	25.119878631440628	Infinity	17.0	-383.55804691436606
166500	-371.547850821757	NaN	-371.547850821757	NaN	31.18533206385348	Infinity	17.0	-370.85470364119703
167000	-356.9281898173089	NaN	-356.9281898173089	NaN	17.70971662743069	Infinity	17.0	-356.235042636749
167500	-360.6213643858133	NaN	-360.6213643858133	NaN	42.15804913945802	Infinity	17.0	-359.92821720525336
168000	-363.18068773548714	NaN	-363.18068773548714	NaN	41.506839502666175	Infinity	17.0	-362.4875405549272
168500	-376.0350950166586	NaN	-376.0350950166586	NaN	32.188089904286926	Infinity	17.0	-375.34194783609865
169000	-366.72909929691065	NaN	-366.72909929691065	NaN	31.460382922415327	Infinity	17.0	-366.0359521163507
169500	-368.6620127623636	NaN	-368.6620127623636	NaN	47.97724165202217	Infinity	17.0	-367.96886558180364
170000	-365.24597820345315	NaN	-365.24597820345315	NaN	33.97081201221279	Infinity	17.0	-364.5528310228932
170500	-372.5544513685359	NaN	-372.5544513685359	NaN	24.07179998076891	Infinity	17.0	-371.861304187976
171000	-375.46952707696767	NaN	-375.46952707696767	NaN	55.55136088998615	Infinity	17.0	-374.7763798964077
171500	-367.4731796810736	NaN	-367.4731796810736	NaN	15.77292919371944	Infinity	17.0	-366.78003250051364
172000	-374.518400883304	NaN	-374.518400883304	NaN	24.0435243447877	Infinity	17.0	-373.8252537027441
172500	-379.12654263920905	NaN	-379.12654263920905	NaN	16.68748847713979	Infinity	17.0	-378.4333954586491
173000	-371.03397044453413	NaN	-371.03397044453413	NaN	27.20838547496501	Infinity	17.0	-370.3408232639742
173500	-367.364070749813	NaN	-367.364070749813	NaN	58.56700662834387	Infinity	17.0	-366.67092356925303
174000	-379.37341974038293	NaN	-379.37341974038293	NaN	27.65818156542804	Infinity	17.0	-378.680272559823
174500	-385.1757860641198	NaN	-385.1757860641198	NaN	21.599713208834448	Infinity	17.0	-384.48263888355984
175000	-388.6525597167202	NaN	-388.6525597167202	NaN	26.48001515641434	Infinity	17.0	-387.95941253616024
175500	-392.6111277675093	NaN	-392.6111277675093	NaN	40.649852074821396	Infinity	17.0	-391.91798058694934
176000	-388.44283809203387	NaN	-388.44283809203387	NaN	37.27957461025374	Infinity	17.0	-387.7496909114739
176500	-376.9387572555022	NaN	-376.9387572555022	NaN	25.74594481857316	Infinity	17.0	-376.24561007494225
177000	-385.0009328994788	NaN	-385.0009328994788	NaN	35.850238557286715	Infinity	17.0	-384.30778571891886
177500	-371.1947909793347	NaN	-371.1947909793347	NaN	23.05931874621426	Infinity	17.0	-370.50164379877475
178000	-383.3624713075299	NaN	-383.3624713075299	NaN	49.51851570078782	Infinity	17.0	-382.66932412696997
178500	-386.57368167477443	NaN	-386.57368167477443	NaN	24.554720193756776	Infinity	17.0	-385.8805344942145
179000	-373.8601663935858	NaN	-373.8601663935858	NaN	98.60986697605705	Infinity	17.0	-373.16701921302587
179500	-380.86468336007175	NaN	-380.86468336007175	NaN	36.53996151204276	Infinity	17.0	-380.1715361795118
180000	-375.47700937379307	NaN	-375.47700937379307	NaN	37.73998209019951	Infinity	17.0	-374.7838621932331
180500	-389.9149138789419	NaN	-389.9149138789419	NaN	102.75458084902077	Infinity	17.0	-389.22176669838194
181000	-384.6863342143344	NaN	-384.6863342143344	NaN	28.92461450767858	Infinity	17.0	-383.99318703377446
181500	-381.60951884644015	NaN	-381.60951884644015	NaN	15.51175449035895	Infinity	17.0	-380.9163716658802
182000	-378.54219551891583	NaN	-378.54219551891583	NaN	29.902979052367705	Infinity	17.0	-377.8490483383559
182500	-385.4333935059936	NaN	-385.4333935059936	NaN	39.430636075471476	Infinity	17.0	-384.74024632543365
183000	-384.75773095441116	NaN	-384.75773095441116	NaN	28.4406546876487	Infinity	17.0	-384.0645837738512
183500	-384.4464686908999	NaN	-384.4464686908999	NaN	31.8145204372875	Infinity	17.0	-383.75332151033996
184000	-385.5643340112574	NaN	-385.5643340112574	NaN	36.831259480547004	Infinity	17.0	-384.87118683069747
184500	-384.46805868402254	NaN	-384.46805868402254	NaN	17.978366725835595	Infinity	17.0	-383.7749115034626
185000	-387.431686092106	NaN	-387.431686092106	NaN	30.14512915873341	Infinity	17.0	-386.7385389115461
185500	-404.6150874464922	NaN	-404.6150874464922	NaN	52.0908070829916	Infinity	17.0	-403.9219402659323
186000	-393.1307186167573	NaN	-393.1307186167573	NaN	23.16765378644283	Infinity	17.0	-392.43757143619735
186500	-389.6300634022286	NaN	-389.6300634022286	NaN	20.95268729520054	Infinity	17.0	-388.93691622166864
187000	-387.52917381892576	NaN	-387.52917381892576	NaN	21.9020044122217	Infinity	17.0	-386.8360266383658
187500	-386.3185384603513	NaN	-386.3185384603513	NaN	16.345098545083385	Infinity	17.0	-385.62539127979136
188000	-381.97491832457365	NaN	-381.97491832457365	NaN	34.16493086082079	Infinity	17.0	-381.2817711440137
188500	-371.11819745766905	NaN	-371.11819745766905	NaN	19.610689212659242	Infinity	17.0	-370.4250502771091
189000	-369.4534101430334	NaN	-369.4534101430334	NaN	26.958441834485594	Infinity	17.0	-368.76026296247346
189500	-372.42821585375526	NaN	-372.42821585375526	NaN	15.647399862562063	Infinity	17.0	-371.7350686731953
190000	-383.84642705028443	NaN	-383.84642705028443	NaN	30.501279680714685	Infinity	17.0	-383.1532798697245
190500	-377.8590469632922	NaN	-377.8590469632922	NaN	26.596753644163325	Infinity	17.0	-377.16589978273225
191000	-378.47031711146684	NaN	-378.47031711146684	NaN	24.400212398020987	Infinity	17.0	-377.7771699309069
191500	-378.37678360058516	NaN	-378.37678360058516	NaN	24.902122332750007	Infinity	17.0	-377.6836364200252
192000	-382.51130567766774	NaN	-382.51130567766774	NaN	36.03280569162397	Infinity	17.0	-381.8181584971078
192500	-385.1861142650637	NaN	-385.1861142650637	NaN	39.453985146951105	Infinity	17.0	-384.49296708450373
193000	-376.4773252051742	NaN	-376.4773252051742	NaN	53.529028916530045	Infinity	17.0	-375.7841780246143
193500	-380.27452694149673	NaN	-380.27452694149673	NaN	38.031454578933	Infinity	17.0	-379.5813797609368
194000	-380.0193020698971	NaN	-380.0193020698971	NaN	27.73053341102483	Infinity	17.0	-379.32615488933715
194500	-388.0148191057622	NaN	-388.0148191057622	NaN	67.1279888680423	Infinity	17.0	-387.3216719252022
195000	-395.13536657124035	NaN	-395.13536657124035	NaN	100.48349174110062	Infinity	17.0	-394.4422193906804
195500	-386.3255682912478	NaN	-386.3255682912478	NaN	47.75645754523958	Infinity	17.0	-385.63242111068786
196000	-388.91668679380746	NaN	-388.91668679380746	NaN	28.287449475600326	Infinity	17.0	-388.2235396132475
196500	-382.6554831559499	NaN	-382.6554831559499	NaN	23.089283751567073	Infinity	17.0	-381.96233597539
197000	-381.6212045808223	NaN	-381.6212045808223	NaN	28.4115566645526	Infinity	17.0	-380.92805740026233
197500	-382.87239853340674	NaN	-382.87239853340674	NaN	27.734786293846692	Infinity	17.0	-382.1792513528468
198000	-379.01494266513964	NaN	-379.01494266513964	NaN	16.980117606380638	Infinity	17.0	-378.3217954845797
198500	-389.7703771150138	NaN	-389.7703771150138	NaN	21.851204317860144	Infinity	17.0	-389.07722993445384
199000	-380.3978534895283	NaN	-380.3978534895283	NaN	29.597235866537158	Infinity	17.0	-379.70470630896835
199500	-385.72447690838123	NaN	-385.72447690838123	NaN	31.75608452928941	Infinity	17.0	-385.0313297278213
200000	-371.73236295883066	NaN	-371.73236295883066	NaN	41.8789409509691	Infinity	17.0	-371.0392157782707
