Loading required package: ape
Loading required package: Matrix
Loading required package: subplex
Loading required package: TreeSim
Loading required package: laser
Loading required package: geiger
Loading required package: deSolve

Attaching package: ‘deSolve’

The following object is masked from ‘package:graphics’:

    matplot

Warning message:
package ‘ape’ was built under R version 3.2.3 
Loading required package: foreach
Loading required package: iterators
Loading required package: parallel
 [1] 1.917881 1.398878 1.570691 1.558560 1.959879 1.577781 1.609623 1.797316
 [9] 1.567362 1.383617
[1] "startest"
[1] "test"
[1] 1.000000000 0.002032581
[1] 5.159337e+01 6.843247e-01 1.152531e-07 1.589644e+00 2.143368e+00
[6] 2.032581e-03
[1] 1.00000000 0.09782502
[1] 5.085700e+01 1.610431e-01 3.385066e-09 1.323083e+00 2.190091e+00
[6] 9.782502e-02
[1] 1.0000000 0.1936175
[1] 4.916581e+01 9.999368e-01 2.129434e-03 1.008312e-04 2.583190e+00
[6] 1.936175e-01
[1] 1.0000000 0.2894099
[1] 4.872953e+01 9.999312e-01 8.025822e-03 1.002283e-04 2.893857e+00
[6] 2.894099e-01
[1] 1.0000000 0.3852023
[1] 4.859186e+01 9.999312e-01 9.686105e-03 1.000706e-04 3.228673e+00
[6] 3.852023e-01
[1] 1.0000000 0.4809948
[1] 48.69278176  0.87293329  0.01687758  0.18423920  3.48870456  0.48099477
[1] 1.0000000 0.5767872
[1] 4.904230e+01 5.548502e-01 2.151651e-07 6.317398e-01 3.562809e+00
[6] 5.767872e-01
[1] 1.0000000 0.6725796
[1] 47.4011451  0.7114773  0.6133872  0.4179509  2.8798501  0.6725796
[1] 1.0000000 0.7683721
[1] 5.049332e+01 3.881190e-07 2.561930e-01 1.272282e+00 3.087722e+00
[6] 7.683721e-01
[1] 1.0000000 0.8641645
[1] 4.995439e+01 7.037405e-08 6.305908e-01 1.314249e+00 2.294893e+00
[6] 8.641645e-01
[1] 1.000000 0.959957
[1] 5.184398e+01 5.173466e-07 7.234147e-01 1.373446e+00 1.947994e+00
[6] 9.599570e-01
[1] 1.000000 1.055749
[1] 5.410143e+01 2.328620e-08 4.906245e-02 1.503338e+00 3.074898e+00
[6] 1.055749e+00
[1] 1.000000 1.151542
[1] 5.260862e+01 7.252083e-08 7.521212e-01 1.435957e+00 2.029696e+00
[6] 1.151542e+00
[1] 1.000000 1.247334
[1] 5.460205e+01 1.919982e-08 3.756553e-01 1.493541e+00 2.918249e+00
[6] 1.247334e+00
[1] 1.000000 1.343127
[1] 5.367032e+01 5.085783e-09 9.309652e-01 1.484781e+00 6.927282e-01
[6] 1.343127e+00
[1] 1.000000 1.438919
[1] 50.611496419  0.129619085  0.999997791  1.376522158  0.000107019
[6]  1.438919149
[1] 1.000000 1.534712
[1] 5.529432e+01 8.851718e-08 9.586484e-07 1.542978e+00 1.736646e+00
[6] 1.534712e+00
[1] 1.000000 1.630504
[1] 5.544443e+01 2.545581e-08 3.475518e-07 1.530744e+00 2.203747e+00
[6] 1.630504e+00
[1] 1.000000 1.726296
[1] 5.548982e+01 4.598361e-05 7.741423e-01 1.547116e+00 9.843699e-01
[6] 1.726296e+00
[1] 1.000000 1.822089
[1] 5.478272e+01 2.081601e-08 9.376378e-01 1.546670e+00 1.138686e+00
[6] 1.822089e+00
[1] 1.000000 1.917881
[1] 5.551192e+01 2.068049e-08 2.068049e-08 1.542809e+00 1.542809e+00
[6] 1.917881e+00
[[1]]
[1] 5.551192e+01 2.068049e-08 1.542809e+00

[[2]]
[1] 47.4011451  0.7114773  0.6133872  0.4179509  2.8798501  0.6725796

[[1]]
[1] 5.551192e+01 2.068049e-08 1.542809e+00

[[2]]
[1] 47.4011451  0.7114773  0.6133872  0.4179509  2.8798501  0.6725796

[1] "startest"
[1] "test"
[1] 1.000000000 0.002032581
[1] 5.159337e+01 6.843247e-01 1.152531e-07 1.589644e+00 2.143368e+00
[6] 2.032581e-03
[1] 1.00000000 0.09782502
[1] 5.085700e+01 1.610431e-01 3.385066e-09 1.323083e+00 2.190091e+00
[6] 9.782502e-02
[1] 1.0000000 0.1936175
[1] 4.916581e+01 9.999368e-01 2.129434e-03 1.008312e-04 2.583190e+00
[6] 1.936175e-01
[1] 1.0000000 0.2894099
[1] 4.872953e+01 9.999312e-01 8.025822e-03 1.002283e-04 2.893857e+00
[6] 2.894099e-01
[1] 1.0000000 0.3852023
[1] 4.859186e+01 9.999312e-01 9.686105e-03 1.000706e-04 3.228673e+00
[6] 3.852023e-01
[1] 1.0000000 0.4809948
[1] 48.69278176  0.87293329  0.01687758  0.18423920  3.48870456  0.48099477
[1] 1.0000000 0.5767872
[1] 4.904230e+01 5.548502e-01 2.151651e-07 6.317398e-01 3.562809e+00
[6] 5.767872e-01
[1] 1.0000000 0.6725796
[1] 47.4011451  0.7114773  0.6133872  0.4179509  2.8798501  0.6725796
[1] 1.0000000 0.7683721
[1] 5.049332e+01 3.881190e-07 2.561930e-01 1.272282e+00 3.087722e+00
[6] 7.683721e-01
[1] 1.0000000 0.8641645
[1] 4.995439e+01 7.037405e-08 6.305908e-01 1.314249e+00 2.294893e+00
[6] 8.641645e-01
[1] 1.000000 0.959957
[1] 5.184398e+01 5.173466e-07 7.234147e-01 1.373446e+00 1.947994e+00
[6] 9.599570e-01
[1] 1.000000 1.055749
[1] 5.410143e+01 2.328620e-08 4.906245e-02 1.503338e+00 3.074898e+00
[6] 1.055749e+00
[1] 1.000000 1.151542
[1] 5.260862e+01 7.252083e-08 7.521212e-01 1.435957e+00 2.029696e+00
[6] 1.151542e+00
[1] 1.000000 1.247334
[1] 5.460205e+01 1.919982e-08 3.756553e-01 1.493541e+00 2.918249e+00
[6] 1.247334e+00
[1] 1.000000 1.343127
[1] 5.367032e+01 5.085783e-09 9.309652e-01 1.484781e+00 6.927282e-01
[6] 1.343127e+00
[1] 1.000000 1.438919
[1] 50.611496419  0.129619085  0.999997791  1.376522158  0.000107019
[6]  1.438919149
[1] 1.000000 1.534712
[1] 5.529432e+01 8.851718e-08 9.586484e-07 1.542978e+00 1.736646e+00
[6] 1.534712e+00
[1] 1.000000 1.630504
[1] 5.544443e+01 2.545581e-08 3.475518e-07 1.530744e+00 2.203747e+00
[6] 1.630504e+00
[1] 1.000000 1.726296
[1] 5.548982e+01 4.598361e-05 7.741423e-01 1.547116e+00 9.843699e-01
[6] 1.726296e+00
[1] 1.000000 1.822089
[1] 5.478272e+01 2.081601e-08 9.376378e-01 1.546670e+00 1.138686e+00
[6] 1.822089e+00
[1] 1.000000 1.917881
[1] 5.551192e+01 2.068049e-08 2.068049e-08 1.542809e+00 1.542809e+00
[6] 1.917881e+00
[[1]]
[1] 5.551192e+01 2.068049e-08 1.542809e+00

[[2]]
[1] 47.4011451  0.7114773  0.6133872  0.4179509  2.8798501  0.6725796

[1] "startest"
[1] "test"
[1] 1.000000000 0.004559689
[1] 4.398178e+01 2.355648e-01 8.432954e-08 1.688042e+00 2.324552e+00
[6] 4.559689e-03
[1] 1.00000000 0.07427562
[1] 4.383383e+01 6.985520e-02 1.850131e-07 1.204427e+00 2.405193e+00
[6] 7.427562e-02
[1] 1.0000000 0.1439916
[1] 4.215931e+01 9.999434e-01 2.330614e-05 1.001355e-04 2.595590e+00
[6] 1.439916e-01
[1] 1.0000000 0.2137075
[1] 4.161632e+01 9.999409e-01 1.242866e-08 1.045892e-04 2.837079e+00
[6] 2.137075e-01
[1] 1.0000000 0.2834234
[1] 4.022996e+01 9.999460e-01 4.910194e-07 1.023431e-04 2.962953e+00
[6] 2.834234e-01
[1] 1.0000000 0.3531394
[1] 3.970274e+01 9.999460e-01 5.479836e-03 1.004324e-04 3.357774e+00
[6] 3.531394e-01
[1] 1.0000000 0.4228553
[1] 4.077519e+01 1.675428e-01 7.250635e-10 1.199490e+00 3.035448e+00
[6] 4.228553e-01
[1] 1.0000000 0.4925712
[1] 4.012599e+01 2.498272e-01 1.402140e-08 1.133737e+00 3.294110e+00
[6] 4.925712e-01
[1] 1.0000000 0.5622872
[1] 3.806066e+01 9.999265e-01 1.003126e-07 1.379897e-04 4.500723e+00
[6] 5.622872e-01
[1] 1.0000000 0.6320031
[1] 3.788067e+01 8.459032e-01 1.862623e-04 2.769077e-01 4.746608e+00
[6] 6.320031e-01
[1] 1.000000 0.701719
[1] 3.807748e+01 6.520664e-01 9.915821e-08 6.157228e-01 4.894314e+00
[6] 7.017190e-01
[1] 1.000000 0.771435
[1] 3.675308e+01 5.558584e-01 2.517052e-08 7.242376e-01 5.442437e+00
[6] 7.714350e-01
[1] 1.0000000 0.8411509
[1] 3.798377e+01 3.397682e-01 5.733369e-09 1.059896e+00 5.413023e+00
[6] 8.411509e-01
[1] 1.0000000 0.9108668
[1] 3.824994e+01 5.017522e-01 2.424595e-07 8.898578e-01 6.092452e+00
[6] 9.108668e-01
[1] 1.0000000 0.9805828
[1] 3.724948e+01 3.289753e-01 1.110341e-07 1.143270e+00 7.427043e+00
[6] 9.805828e-01
[1] 1.000000 1.050299
[1] 3.644181e+01 1.414928e-06 1.758763e-02 1.464800e+00 7.930188e+00
[6] 1.050299e+00
[1] 1.000000 1.120015
[1] 3.781164e+01 7.519616e-08 8.671151e-01 1.473280e+00 2.494494e+00
[6] 1.120015e+00
[1] 1.000000 1.189731
[1] 4.099592e+01 1.013035e-09 8.904364e-01 1.570510e+00 2.562459e+00
[6] 1.189731e+00
[1] 1.000000 1.259447
[1] 4.461728e+01 4.440691e-08 8.956733e-01 1.631643e+00 1.730080e+00
[6] 1.259447e+00
[1] 1.000000 1.329162
[1] 4.532467e+01 4.234441e-08 9.424867e-01 1.655182e+00 1.338091e+00
[6] 1.329162e+00
[1] 1.000000 1.398878
[1] 4.707369e+01 3.533335e-09 5.611392e-02 1.683416e+00 1.739530e+00
[6] 1.398878e+00
[[1]]
[1] 4.707369e+01 7.437974e-08 1.683416e+00

[[2]]
[1] 3.644181e+01 1.414928e-06 1.758763e-02 1.464800e+00 7.930188e+00
[6] 1.050299e+00

Loading required package: ape
Loading required package: Matrix
Loading required package: subplex
Loading required package: TreeSim
Loading required package: laser
Loading required package: geiger
Loading required package: deSolve

Attaching package: ‘deSolve’

The following object is masked from ‘package:graphics’:

    matplot

Warning message:
package ‘ape’ was built under R version 3.2.3 
Loading required package: foreach
Loading required package: iterators
Loading required package: parallel
 [1] 1.917881 1.398878 1.570691 1.558560 1.959879 1.577781 1.609623 1.797316
 [9] 1.567362 1.383617
[1] "startest"
[1] "test"
[1] 1.000000000 0.002032581
[1] 5.159337e+01 6.843247e-01 1.152531e-07 1.589644e+00 2.143368e+00
[6] 2.032581e-03
[1] 1.00000000 0.09782502
[1] 5.085700e+01 1.610431e-01 3.385066e-09 1.323083e+00 2.190091e+00
[6] 9.782502e-02
[1] 1.0000000 0.1936175
[1] 4.916581e+01 9.999368e-01 2.129434e-03 1.008312e-04 2.583190e+00
[6] 1.936175e-01
[1] 1.0000000 0.2894099
[1] 4.872953e+01 9.999312e-01 8.025822e-03 1.002283e-04 2.893857e+00
[6] 2.894099e-01
[1] 1.0000000 0.3852023
[1] 4.859186e+01 9.999312e-01 9.686105e-03 1.000706e-04 3.228673e+00
[6] 3.852023e-01
[1] 1.0000000 0.4809948
[1] 48.69278176  0.87293329  0.01687758  0.18423920  3.48870456  0.48099477
[1] 1.0000000 0.5767872
[1] 4.904230e+01 5.548502e-01 2.151651e-07 6.317398e-01 3.562809e+00
[6] 5.767872e-01
[1] 1.0000000 0.6725796
[1] 47.4011451  0.7114773  0.6133872  0.4179509  2.8798501  0.6725796
[1] 1.0000000 0.7683721
[1] 5.049332e+01 3.881190e-07 2.561930e-01 1.272282e+00 3.087722e+00
[6] 7.683721e-01
[1] 1.0000000 0.8641645
[1] 4.995439e+01 7.037405e-08 6.305908e-01 1.314249e+00 2.294893e+00
[6] 8.641645e-01
[1] 1.000000 0.959957
[1] 5.184398e+01 5.173466e-07 7.234147e-01 1.373446e+00 1.947994e+00
[6] 9.599570e-01
[1] 1.000000 1.055749
[1] 5.410143e+01 2.328620e-08 4.906245e-02 1.503338e+00 3.074898e+00
[6] 1.055749e+00
[1] 1.000000 1.151542
[1] 5.260862e+01 7.252083e-08 7.521212e-01 1.435957e+00 2.029696e+00
[6] 1.151542e+00
[1] 1.000000 1.247334
[1] 5.460205e+01 1.919982e-08 3.756553e-01 1.493541e+00 2.918249e+00
[6] 1.247334e+00
[1] 1.000000 1.343127
[1] 5.367032e+01 5.085783e-09 9.309652e-01 1.484781e+00 6.927282e-01
[6] 1.343127e+00
[1] 1.000000 1.438919
[1] 50.611496419  0.129619085  0.999997791  1.376522158  0.000107019
[6]  1.438919149
[1] 1.000000 1.534712
[1] 5.529432e+01 8.851718e-08 9.586484e-07 1.542978e+00 1.736646e+00
[6] 1.534712e+00
[1] 1.000000 1.630504
[1] 5.544443e+01 2.545581e-08 3.475518e-07 1.530744e+00 2.203747e+00
[6] 1.630504e+00
[1] 1.000000 1.726296
[1] 5.548982e+01 4.598361e-05 7.741423e-01 1.547116e+00 9.843699e-01
[6] 1.726296e+00
[1] 1.000000 1.822089
[1] 5.478272e+01 2.081601e-08 9.376378e-01 1.546670e+00 1.138686e+00
[6] 1.822089e+00
[1] 1.000000 1.917881
[1] 5.551192e+01 2.068049e-08 2.068049e-08 1.542809e+00 1.542809e+00
[6] 1.917881e+00
[[1]]
[1] 5.551192e+01 2.068049e-08 1.542809e+00

[[2]]
[1] 47.4011451  0.7114773  0.6133872  0.4179509  2.8798501  0.6725796

[[1]]
[1] 5.551192e+01 2.068049e-08 1.542809e+00

[[2]]
[1] 47.4011451  0.7114773  0.6133872  0.4179509  2.8798501  0.6725796

[1] "STARTED 1 OF 10"
[1] "startest"
[1] "test"
[1] 1.000000000 0.002032581
[1] 5.159337e+01 6.843247e-01 1.152531e-07 1.589644e+00 2.143368e+00
[6] 2.032581e-03
[1] 1.00000000 0.09782502
[1] 5.085700e+01 1.610431e-01 3.385066e-09 1.323083e+00 2.190091e+00
[6] 9.782502e-02
[1] 1.0000000 0.1936175
[1] 4.916581e+01 9.999368e-01 2.129434e-03 1.008312e-04 2.583190e+00
[6] 1.936175e-01
[1] 1.0000000 0.2894099
[1] 4.872953e+01 9.999312e-01 8.025822e-03 1.002283e-04 2.893857e+00
[6] 2.894099e-01
[1] 1.0000000 0.3852023
[1] 4.859186e+01 9.999312e-01 9.686105e-03 1.000706e-04 3.228673e+00
[6] 3.852023e-01
[1] 1.0000000 0.4809948
[1] 48.69278176  0.87293329  0.01687758  0.18423920  3.48870456  0.48099477
[1] 1.0000000 0.5767872
[1] 4.904230e+01 5.548502e-01 2.151651e-07 6.317398e-01 3.562809e+00
[6] 5.767872e-01
[1] 1.0000000 0.6725796
[1] 47.4011451  0.7114773  0.6133872  0.4179509  2.8798501  0.6725796
[1] 1.0000000 0.7683721
[1] 5.049332e+01 3.881190e-07 2.561930e-01 1.272282e+00 3.087722e+00
[6] 7.683721e-01
[1] 1.0000000 0.8641645
[1] 4.995439e+01 7.037405e-08 6.305908e-01 1.314249e+00 2.294893e+00
[6] 8.641645e-01
[1] 1.000000 0.959957
[1] 5.184398e+01 5.173466e-07 7.234147e-01 1.373446e+00 1.947994e+00
[6] 9.599570e-01
[1] 1.000000 1.055749
[1] 5.410143e+01 2.328620e-08 4.906245e-02 1.503338e+00 3.074898e+00
[6] 1.055749e+00
[1] 1.000000 1.151542
[1] 5.260862e+01 7.252083e-08 7.521212e-01 1.435957e+00 2.029696e+00
[6] 1.151542e+00
[1] 1.000000 1.247334
[1] 5.460205e+01 1.919982e-08 3.756553e-01 1.493541e+00 2.918249e+00
[6] 1.247334e+00
[1] 1.000000 1.343127
[1] 5.367032e+01 5.085783e-09 9.309652e-01 1.484781e+00 6.927282e-01
[6] 1.343127e+00
[1] 1.000000 1.438919
[1] 50.611496419  0.129619085  0.999997791  1.376522158  0.000107019
[6]  1.438919149
[1] 1.000000 1.534712
[1] 5.529432e+01 8.851718e-08 9.586484e-07 1.542978e+00 1.736646e+00
[6] 1.534712e+00
[1] 1.000000 1.630504
[1] 5.544443e+01 2.545581e-08 3.475518e-07 1.530744e+00 2.203747e+00
[6] 1.630504e+00
[1] 1.000000 1.726296
[1] 5.548982e+01 4.598361e-05 7.741423e-01 1.547116e+00 9.843699e-01
[6] 1.726296e+00
[1] 1.000000 1.822089
[1] 5.478272e+01 2.081601e-08 9.376378e-01 1.546670e+00 1.138686e+00
[6] 1.822089e+00
[1] 1.000000 1.917881
[1] 5.551192e+01 2.068049e-08 2.068049e-08 1.542809e+00 1.542809e+00
[6] 1.917881e+00
[[1]]
[1] 5.551192e+01 2.068049e-08 1.542809e+00

[[2]]
[1] 47.4011451  0.7114773  0.6133872  0.4179509  2.8798501  0.6725796

[1] "COMPLETED 1 OF 10"
[1] "STARTED 2 OF 10"
[1] "startest"
[1] "test"
[1] 1.000000000 0.004559689
[1] 4.398178e+01 2.355648e-01 8.432954e-08 1.688042e+00 2.324552e+00
[6] 4.559689e-03
[1] 1.00000000 0.07427562
[1] 4.383383e+01 6.985520e-02 1.850131e-07 1.204427e+00 2.405193e+00
[6] 7.427562e-02
[1] 1.0000000 0.1439916
[1] 4.215931e+01 9.999434e-01 2.330614e-05 1.001355e-04 2.595590e+00
[6] 1.439916e-01
[1] 1.0000000 0.2137075
[1] 4.161632e+01 9.999409e-01 1.242866e-08 1.045892e-04 2.837079e+00
[6] 2.137075e-01
[1] 1.0000000 0.2834234
[1] 4.022996e+01 9.999460e-01 4.910194e-07 1.023431e-04 2.962953e+00
[6] 2.834234e-01
[1] 1.0000000 0.3531394
[1] 3.970274e+01 9.999460e-01 5.479836e-03 1.004324e-04 3.357774e+00
[6] 3.531394e-01
[1] 1.0000000 0.4228553
[1] 4.077519e+01 1.675428e-01 7.250635e-10 1.199490e+00 3.035448e+00
[6] 4.228553e-01
[1] 1.0000000 0.4925712
[1] 4.012599e+01 2.498272e-01 1.402140e-08 1.133737e+00 3.294110e+00
[6] 4.925712e-01
[1] 1.0000000 0.5622872
[1] 3.806066e+01 9.999265e-01 1.003126e-07 1.379897e-04 4.500723e+00
[6] 5.622872e-01
[1] 1.0000000 0.6320031
[1] 3.788067e+01 8.459032e-01 1.862623e-04 2.769077e-01 4.746608e+00
[6] 6.320031e-01
[1] 1.000000 0.701719
[1] 3.807748e+01 6.520664e-01 9.915821e-08 6.157228e-01 4.894314e+00
[6] 7.017190e-01
[1] 1.000000 0.771435
[1] 3.675308e+01 5.558584e-01 2.517052e-08 7.242376e-01 5.442437e+00
[6] 7.714350e-01
[1] 1.0000000 0.8411509
[1] 3.798377e+01 3.397682e-01 5.733369e-09 1.059896e+00 5.413023e+00
[6] 8.411509e-01
[1] 1.0000000 0.9108668
[1] 3.824994e+01 5.017522e-01 2.424595e-07 8.898578e-01 6.092452e+00
[6] 9.108668e-01
[1] 1.0000000 0.9805828
[1] 3.724948e+01 3.289753e-01 1.110341e-07 1.143270e+00 7.427043e+00
[6] 9.805828e-01
[1] 1.000000 1.050299
[1] 3.644181e+01 1.414928e-06 1.758763e-02 1.464800e+00 7.930188e+00
[6] 1.050299e+00
[1] 1.000000 1.120015
[1] 3.781164e+01 7.519616e-08 8.671151e-01 1.473280e+00 2.494494e+00
[6] 1.120015e+00
[1] 1.000000 1.189731
[1] 4.099592e+01 1.013035e-09 8.904364e-01 1.570510e+00 2.562459e+00
[6] 1.189731e+00
[1] 1.000000 1.259447
[1] 4.461728e+01 4.440691e-08 8.956733e-01 1.631643e+00 1.730080e+00
[6] 1.259447e+00
[1] 1.000000 1.329162
[1] 4.532467e+01 4.234441e-08 9.424867e-01 1.655182e+00 1.338091e+00
[6] 1.329162e+00
[1] 1.000000 1.398878
[1] 4.707369e+01 3.533335e-09 5.611392e-02 1.683416e+00 1.739530e+00
[6] 1.398878e+00
[[1]]
[1] 4.707369e+01 7.437974e-08 1.683416e+00

[[2]]
[1] 3.644181e+01 1.414928e-06 1.758763e-02 1.464800e+00 7.930188e+00
[6] 1.050299e+00

[1] "COMPLETED 2 OF 10"
[1] "STARTED 3 OF 10"
[1] "startest"
[1] "test"
[1] 1.0000000000 0.0008629374
[1] 4.730247e+01 9.130950e-01 6.056168e-08 1.042916e+00 2.203851e+00
[6] 8.629374e-04
[1] 1.00000000 0.07935432
[1] 4.625917e+01 9.999525e-01 3.197821e-02 1.007862e-04 2.316177e+00
[6] 7.935432e-02
[1] 1.0000000 0.1578457
[1] 4.598992e+01 9.999387e-01 7.880421e-03 1.000548e-04 2.588761e+00
[6] 1.578457e-01
[1] 1.0000000 0.2363371
[1] 4.381690e+01 9.999461e-01 3.641657e-05 1.001132e-04 2.912615e+00
[6] 2.363371e-01
[1] 1.0000000 0.3148285
[1] 4.511343e+01 2.776122e-01 2.122813e-08 1.063040e+00 2.749439e+00
[6] 3.148285e-01
[1] 1.0000000 0.3933199
[1] 4.422619e+01 2.581382e-01 1.620831e-07 1.034634e+00 3.060866e+00
[6] 3.933199e-01
[1] 1.0000000 0.4718112
[1] 4.273357e+01 2.185706e-01 2.017457e-07 9.020745e-01 3.373837e+00
[6] 4.718112e-01
[1] 1.0000000 0.5503026
[1] 3.950636e+01 9.999338e-01 4.066243e-03 1.001393e-04 4.452240e+00
[6] 5.503026e-01
[1] 1.000000 0.628794
[1] 4.119567e+01 9.999400e-01 3.971885e-02 1.000906e-04 4.969154e+00
[6] 6.287940e-01
[1] 1.0000000 0.7072854
[1] 4.031145e+01 1.993207e-02 4.931615e-06 1.117971e+00 4.373642e+00
[6] 7.072854e-01
[1] 1.0000000 0.7857768
[1] 41.0638623  0.3474513  0.3758979  0.8831318  4.2877714  0.7857768
[1] 1.0000000 0.8642681
[1] 4.428747e+01 3.436351e-08 3.120396e-01 1.305745e+00 4.090791e+00
[6] 8.642681e-01
[1] 1.0000000 0.9427595
[1] 4.460851e+01 1.689795e-08 5.093662e-01 1.342593e+00 3.837196e+00
[6] 9.427595e-01
[1] 1.000000 1.021251
[1] 4.815623e+01 6.210687e-09 6.705110e-01 1.432808e+00 2.674135e+00
[6] 1.021251e+00
[1] 1.000000 1.099742
[1] 4.883033e+01 4.294768e-08 7.651715e-01 1.484051e+00 2.209375e+00
[6] 1.099742e+00
[1] 1.000000 1.178234
[1] 4.763565e+01 2.189056e-07 8.561336e-01 1.476551e+00 2.124599e+00
[6] 1.178234e+00
[1] 1.000000 1.256725
[1] 5.018418e+01 2.377622e-08 7.349580e-01 1.524076e+00 2.850790e+00
[6] 1.256725e+00
[1] 1.000000 1.335216
[1] 5.174098e+01 1.772167e-05 2.577515e-02 1.560185e+00 5.672139e+00
[6] 1.335216e+00
[1] 1.000000 1.413708
[1] 5.186470e+01 2.540592e-08 8.773352e-01 1.568169e+00 1.338008e+00
[6] 1.413708e+00
[1] 1.000000 1.492199
[1] 5.230511e+01 1.122305e-08 9.053144e-01 1.561973e+00 8.297978e-01
[6] 1.492199e+00
[1] 1.000000 1.570691
[1] 5.260606e+01 2.137259e-09 5.321711e-02 1.596512e+00 1.649729e+00
[6] 1.570691e+00
[[1]]
[1] 5.260606e+01 8.949298e-08 1.596512e+00

[[2]]
[1] 3.950636e+01 9.999338e-01 4.066243e-03 1.001393e-04 4.452240e+00
[6] 5.503026e-01

[1] "COMPLETED 3 OF 10"
[1] "STARTED 4 OF 10"
[1] "startest"
[1] "test"
[1] 1.0000000 0.0111492
[1] 4.696412e+01 3.261301e-05 8.453317e-09 1.461800e+00 2.252598e+00
[6] 1.114920e-02
[1] 1.00000000 0.08851975
[1] 4.559371e+01 6.277311e-02 8.579668e-09 1.485209e+00 2.300225e+00
[6] 8.851975e-02
[1] 1.0000000 0.1658903
[1] 4.451362e+01 3.931571e-01 1.029256e-07 1.037104e+00 2.526165e+00
[6] 1.658903e-01
[1] 1.0000000 0.2432608
[1] 4.185891e+01 9.914182e-01 1.163321e-09 1.450766e-02 2.931174e+00
[6] 2.432608e-01
[1] 1.0000000 0.3206314
[1] 4.282353e+01 2.618764e-01 1.585448e-08 9.511896e-01 2.879892e+00
[6] 3.206314e-01
[1] 1.0000000 0.3980019
[1] 4.209567e+01 1.664815e-01 5.489278e-09 9.781612e-01 3.079694e+00
[6] 3.980019e-01
[1] 1.0000000 0.4753725
[1] 39.18005288  0.98995463  0.02943114  0.01788063  4.10755150  0.47537248
[1] 1.000000 0.552743
[1] 3.951132e+01 2.644813e-01 2.794478e-08 9.023798e-01 3.935473e+00
[6] 5.527430e-01
[1] 1.0000000 0.6301136
[1] 3.834584e+01 1.413652e-01 2.083403e-07 1.014246e+00 4.172051e+00
[6] 6.301136e-01
[1] 1.0000000 0.7074841
[1] 37.26690483  0.55598913  0.03418133  0.61375098  5.34659915  0.70748411
[1] 1.0000000 0.7848547
[1] 37.7945094  0.2535068  0.4706412  0.9718007  4.2345886  0.7848547
[1] 1.0000000 0.8622252
[1] 4.216400e+01 3.719399e-07 3.447457e-01 1.329217e+00 4.289146e+00
[6] 8.622252e-01
[1] 1.0000000 0.9395958
[1] 4.497144e+01 4.967191e-09 5.589362e-01 1.399226e+00 3.872580e+00
[6] 9.395958e-01
[1] 1.000000 1.016966
[1] 4.317462e+01 1.166941e-07 8.367124e-01 1.428273e+00 2.272038e+00
[6] 1.016966e+00
[1] 1.000000 1.094337
[1] 4.767319e+01 9.505661e-08 5.721904e-01 1.511024e+00 3.861458e+00
[6] 1.094337e+00
[1] 1.000000 1.171707
[1] 4.966317e+01 2.198361e-08 9.022561e-01 1.542132e+00 9.973395e-01
[6] 1.171707e+00
[1] 1.000000 1.249078
[1] 4.997734e+01 7.679542e-09 9.386542e-01 1.573400e+00 7.126766e-01
[6] 1.249078e+00
[1] 1.000000 1.326448
[1] 5.105137e+01 2.705329e-08 7.222536e-01 1.605240e+00 1.549028e+00
[6] 1.326448e+00
[1] 1.000000 1.403819
[1] 5.026240e+01 4.528377e-08 8.542232e-01 1.588556e+00 1.871091e+00
[6] 1.403819e+00
[1] 1.00000 1.48119
[1] 5.044998e+01 1.643968e-08 9.413083e-01 1.597831e+00 1.145009e+00
[6] 1.481190e+00
[1] 1.00000 1.55856
[1] 5.123209e+01 4.847514e-09 5.371420e-02 1.611428e+00 1.665142e+00
[6] 1.558560e+00
[[1]]
[1] 5.123210e+01 1.307275e-07 1.611428e+00

[[2]]
[1] 37.26690483  0.55598913  0.03418133  0.61375098  5.34659915  0.70748411

[1] "COMPLETED 4 OF 10"
[1] "STARTED 5 OF 10"
[1] "startest"
[1] "test"
[1] 1.000000000 0.003354511
[1] 5.616833e+01 7.971885e-01 7.964707e-09 6.356622e-01 2.037938e+00
[6] 3.354511e-03
[1] 1.0000000 0.1011807
[1] 5.510361e+01 1.364985e-01 8.108705e-09 1.219437e+00 2.109785e+00
[6] 1.011807e-01
[1] 1.000000 0.199007
[1] 5.095259e+01 9.999450e-01 5.198049e-04 1.002087e-04 2.485388e+00
[6] 1.990070e-01
[1] 1.0000000 0.2968332
[1] 5.010603e+01 9.999285e-01 4.144243e-03 1.000293e-04 2.813435e+00
[6] 2.968332e-01
[1] 1.0000000 0.3946594
[1] 48.610597485  0.996691044  0.049480014  0.004451267  3.179438048
[6]  0.394659392
[1] 1.0000000 0.4924856
[1] 4.977276e+01 1.427654e-01 4.346895e-08 8.173718e-01 3.130693e+00
[6] 4.924856e-01
[1] 1.0000000 0.5903118
[1] 4.749334e+01 9.999239e-01 2.362347e-02 1.003887e-04 4.246285e+00
[6] 5.903118e-01
[1] 1.0000000 0.6881381
[1] 4.907774e+01 5.822422e-03 8.343264e-08 1.019217e+00 3.791940e+00
[6] 6.881381e-01
[1] 1.0000000 0.7859643
[1] 47.9746861  0.3297948  0.5719660  0.7728024  3.1968372  0.7859643
[1] 1.0000000 0.8837905
[1] 4.709078e+01 9.475548e-07 8.356782e-01 1.107494e+00 1.859807e+00
[6] 8.837905e-01
[1] 1.0000000 0.9816167
[1] 5.677450e+01 1.829959e-09 6.054199e-01 1.305683e+00 2.500379e+00
[6] 9.816167e-01
[1] 1.000000 1.079443
[1] 5.774632e+01 3.608061e-06 6.414178e-01 1.331897e+00 2.443536e+00
[6] 1.079443e+00
[1] 1.000000 1.177269
[1] 5.832808e+01 8.323478e-09 8.164295e-01 1.362883e+00 1.562308e+00
[6] 1.177269e+00
[1] 1.000000 1.275095
[1] 5.738627e+01 9.373045e-07 9.999936e-01 1.386026e+00 1.014056e-04
[6] 1.275095e+00
[1] 1.000000 1.372922
[1] 6.047794e+01 2.748881e-08 9.947162e-01 1.472555e+00 4.152743e-02
[6] 1.372922e+00
[1] 1.000000 1.470748
[1] 6.105918e+01 2.849242e-08 8.411905e-01 1.432366e+00 7.706650e-01
[6] 1.470748e+00
[1] 1.000000 1.568574
[1] 6.102237e+01 9.473879e-06 9.999743e-01 1.456655e+00 1.000581e-04
[6] 1.568574e+00
[1] 1.0000 1.6664
[1] 6.037924e+01 1.552049e-05 2.119770e-06 1.457072e+00 1.120800e-04
[6] 1.666400e+00
[1] 1.000000 1.764226
[1] 6.066340e+01 1.234533e-08 4.868959e-02 1.466910e+00 1.017009e-04
[6] 1.764226e+00
[1] 1.000000 1.862053
[1] 6.094912e+01 1.533086e-09 2.365648e-05 1.459888e+00 1.008336e-04
[6] 1.862053e+00
[1] 1.000000 1.959879
[1] 6.123424e+01 5.289152e-08 4.850778e-02 1.455240e+00 1.503745e+00
[6] 1.959879e+00
[[1]]
[1] 6.123425e+01 4.662280e-07 1.455238e+00

[[2]]
[1] 4.709078e+01 9.475548e-07 8.356782e-01 1.107494e+00 1.859807e+00
[6] 8.837905e-01

[1] "COMPLETED 5 OF 10"
[1] "STARTED 6 OF 10"
[1] "startest"
[1] "test"
[1] 1.00000000 0.01252832
[1] 4.566445e+01 1.134441e-02 1.049000e-08 7.943479e-01 2.306521e+00
[6] 1.252832e-02
[1] 1.00000000 0.09079097
[1] 4.359566e+01 9.999480e-01 2.057169e-02 1.003176e-04 2.484325e+00
[6] 9.079097e-02
[1] 1.0000000 0.1690536
[1] 4.331332e+01 9.999377e-01 3.570071e-02 1.000328e-04 2.696537e+00
[6] 1.690536e-01
[1] 1.0000000 0.2473163
[1] 4.289977e+01 9.999393e-01 1.476289e-04 1.002512e-04 3.181375e+00
[6] 2.473163e-01
[1] 1.0000000 0.3255789
[1] 4.334933e+01 1.372349e-01 2.637742e-09 1.134969e+00 2.815924e+00
[6] 3.255789e-01
[1] 1.0000000 0.4038416
[1] 4.151279e+01 9.999401e-01 4.039746e-12 1.022251e-04 3.944797e+00
[6] 4.038416e-01
[1] 1.0000000 0.4821042
[1] 4.108371e+01 7.004156e-01 3.683699e-08 4.359033e-01 3.788527e+00
[6] 4.821042e-01
[1] 1.0000000 0.5603669
[1] 4.068272e+01 7.434895e-01 8.443767e-07 3.913440e-01 4.205287e+00
[6] 5.603669e-01
[1] 1.0000000 0.6386295
[1] 4.172498e+01 1.995439e-01 2.662823e-08 1.102104e+00 3.887654e+00
[6] 6.386295e-01
[1] 1.0000000 0.7168922
[1] 4.088363e+01 3.300051e-01 2.820584e-07 9.777764e-01 4.494113e+00
[6] 7.168922e-01
[1] 1.0000000 0.7951548
[1] 39.8733314  0.1060125  0.1818986  1.1910431  4.5039967  0.7951548
[1] 1.0000000 0.8734175
[1] 4.138092e+01 4.889938e-07 1.073925e-01 1.356643e+00 4.772649e+00
[6] 8.734175e-01
[1] 1.0000000 0.9516801
[1] 4.478487e+01 3.550222e-02 2.481843e-07 1.434881e+00 4.931941e+00
[6] 9.516801e-01
[1] 1.000000 1.029943
[1] 4.292184e+01 5.486460e-08 5.693688e-01 1.450253e+00 3.983761e+00
[6] 1.029943e+00
[1] 1.000000 1.108205
[1] 4.469165e+01 3.732665e-08 6.644594e-01 1.506498e+00 3.532359e+00
[6] 1.108205e+00
[1] 1.000000 1.186468
[1] 4.635025e+01 2.467714e-08 5.798543e-01 1.559459e+00 4.163274e+00
[6] 1.186468e+00
[1] 1.000000 1.264731
[1] 4.712846e+01 4.759981e-04 9.999939e-01 1.584737e+00 1.052984e-04
[6] 1.264731e+00
[1] 1.000000 1.342993
[1] 4.818158e+01 1.749729e-09 9.398431e-01 1.612201e+00 8.687268e-01
[6] 1.342993e+00
[1] 1.000000 1.421256
[1] 4.945352e+01 1.294800e-07 2.769669e-01 1.605446e+00 3.204805e+00
[6] 1.421256e+00
[1] 1.000000 1.499519
[1] 4.892444e+01 1.502812e-07 9.270934e-01 1.625784e+00 1.074168e+00
[6] 1.499519e+00
[1] 1.000000 1.577781
[1] 4.952975e+01 3.966845e-08 3.966845e-08 1.639959e+00 1.639959e+00
[6] 1.577781e+00
[[1]]
[1] 4.952975e+01 3.966845e-08 1.639959e+00

[[2]]
[1] 39.8733314  0.1060125  0.1818986  1.1910431  4.5039967  0.7951548

[1] "COMPLETED 6 OF 10"
[1] "STARTED 7 OF 10"
[1] "startest"
[1] "test"
[1] 1.000000000 0.009618789
[1] 43.310387257  0.797080249  0.001332776  0.216808619  2.366300162
[6]  0.009618789
[1] 1.00000000 0.08961902
[1] 4.232395e+01 2.127225e-01 1.761607e-08 6.433967e-01 2.543648e+00
[6] 8.961902e-02
[1] 1.0000000 0.1696193
[1] 4.285038e+01 2.118457e-01 7.406505e-08 9.260642e-01 2.648449e+00
[6] 1.696193e-01
[1] 1.0000000 0.2496195
[1] 4.203494e+01 9.999171e-01 1.346750e-05 1.139081e-04 3.086648e+00
[6] 2.496195e-01
[1] 1.0000000 0.3296197
[1] 4.183274e+01 2.548461e-01 1.703757e-06 9.677748e-01 3.016520e+00
[6] 3.296197e-01
[1] 1.0000000 0.4096199
[1] 4.116904e+01 5.624843e-01 9.556971e-04 6.103383e-01 3.456144e+00
[6] 4.096199e-01
[1] 1.0000000 0.4896202
[1] 4.064030e+01 2.279928e-01 3.240872e-07 9.910826e-01 3.566090e+00
[6] 4.896202e-01
[1] 1.0000000 0.5696204
[1] 4.007732e+01 9.411001e-07 7.462534e-02 1.216723e+00 3.628907e+00
[6] 5.696204e-01
[1] 1.0000000 0.6496206
[1] 4.182300e+01 1.889644e-07 6.247040e-07 1.342291e+00 3.806034e+00
[6] 6.496206e-01
[1] 1.0000000 0.7296209
[1] 4.061482e+01 1.201792e-08 3.411886e-01 1.319773e+00 3.594633e+00
[6] 7.296209e-01
[1] 1.0000000 0.8096211
[1] 4.317690e+01 7.563700e-08 2.725583e-01 1.410795e+00 3.766459e+00
[6] 8.096211e-01
[1] 1.0000000 0.8896213
[1] 4.195015e+01 8.472346e-08 7.818714e-01 1.447215e+00 2.099156e+00
[6] 8.896213e-01
[1] 1.0000000 0.9696216
[1] 4.580212e+01 1.370335e-08 2.134212e-03 1.550138e+00 4.236762e+00
[6] 9.696216e-01
[1] 1.000000 1.049622
[1] 4.463528e+01 5.492060e-08 8.042651e-01 1.539028e+00 1.981874e+00
[6] 1.049622e+00
[1] 1.000000 1.129622
[1] 4.683343e+01 7.017525e-09 1.694111e-07 1.588234e+00 4.048404e+00
[6] 1.129622e+00
[1] 1.000000 1.209622
[1] 4.737348e+01 8.021593e-09 7.831949e-01 1.586501e+00 1.561130e+00
[6] 1.209622e+00
[1] 1.000000 1.289622
[1] 4.699279e+01 5.794709e-09 8.094298e-01 1.570253e+00 1.681338e+00
[6] 1.289622e+00
[1] 1.000000 1.369623
[1] 4.596359e+01 3.748399e-09 9.639381e-01 1.605929e+00 7.033223e-01
[6] 1.369623e+00
[1] 1.000000 1.449623
[1] 4.754209e+01 1.958536e-08 8.827283e-01 1.660819e+00 1.302343e+00
[6] 1.449623e+00
[1] 1.000000 1.529623
[1] 4.794647e+01 1.815192e-04 1.803655e-06 1.666143e+00 1.012423e-04
[6] 1.529623e+00
[1] 1.000000 1.609623
[1] 4.821115e+01 8.560950e-09 8.453172e-02 1.662996e+00 1.744762e+00
[6] 1.609623e+00
[[1]]
[1] 4.821115e+01 4.935898e-07 1.662995e+00

[[2]]
[1] 4.007732e+01 9.411001e-07 7.462534e-02 1.216723e+00 3.628907e+00
[6] 5.696204e-01

[1] "COMPLETED 7 OF 10"
[1] "STARTED 8 OF 10"
[1] "startest"
[1] "test"
[1] 1.000000000 0.003694019
[1] 5.058201e+01 3.584585e-06 3.700860e-08 2.297420e+00 2.158509e+00
[6] 3.694019e-03
[1] 1.00000000 0.09337511
[1] 5.001155e+01 9.999198e-01 8.724580e-03 1.002246e-04 2.408152e+00
[6] 9.337511e-02
[1] 1.0000000 0.1830562
[1] 4.927358e+01 2.250959e-01 4.336616e-09 1.045699e+00 2.408112e+00
[6] 1.830562e-01
[1] 1.0000000 0.2727373
[1] 4.707934e+01 9.999304e-01 1.989963e-03 1.000065e-04 2.923024e+00
[6] 2.727373e-01
[1] 1.0000000 0.3624184
[1] 4.711654e+01 2.078338e-01 5.986544e-08 8.562127e-01 2.885567e+00
[6] 3.624184e-01
[1] 1.0000000 0.4520994
[1] 4.518427e+01 9.999196e-01 2.447757e-04 1.016976e-04 3.767740e+00
[6] 4.520994e-01
[1] 1.0000000 0.5417805
[1] 4.434168e+01 9.999220e-01 5.251896e-01 1.010798e-04 3.197919e+00
[6] 5.417805e-01
[1] 1.0000000 0.6314616
[1] 4.677836e+01 2.838868e-06 2.629625e-01 1.111526e+00 3.198986e+00
[6] 6.314616e-01
[1] 1.0000000 0.7211427
[1] 4.774791e+01 1.848444e-08 5.519503e-01 1.167490e+00 2.468427e+00
[6] 7.211427e-01
[1] 1.0000000 0.8108238
[1] 4.739464e+01 3.878207e-07 7.511963e-01 1.238781e+00 2.098467e+00
[6] 8.108238e-01
[1] 1.0000000 0.9005049
[1] 5.270138e+01 3.049344e-08 5.219119e-01 1.378511e+00 2.562794e+00
[6] 9.005049e-01
[1] 1.000000 0.990186
[1] 5.371706e+01 1.271441e-05 2.617989e-07 1.449350e+00 3.397408e+00
[6] 9.901860e-01
[1] 1.000000 1.079867
[1] 5.471864e+01 1.999016e-08 6.278119e-01 1.503981e+00 2.068633e+00
[6] 1.079867e+00
[1] 1.000000 1.169548
[1] 5.378985e+01 1.538481e-03 6.162439e-07 1.457976e+00 4.239477e+00
[6] 1.169548e+00
[1] 1.000000 1.259229
[1] 5.438139e+01 4.017830e-07 2.981858e-06 1.488500e+00 3.923760e+00
[6] 1.259229e+00
[1] 1.00000 1.34891
[1] 5.311384e+01 8.263232e-09 7.319541e-01 1.469254e+00 2.654463e+00
[6] 1.348910e+00
[1] 1.000000 1.438591
[1] 5.088376e+01 1.644440e-09 9.982956e-01 1.473699e+00 5.364930e-02
[6] 1.438591e+00
[1] 1.000000 1.528272
[1] 5.565411e+01 1.044431e-08 9.999789e-01 1.513485e+00 1.023929e-04
[6] 1.528272e+00
[1] 1.000000 1.617954
[1] 5.522129e+01 6.025798e-08 4.749147e-03 1.551149e+00 1.023099e-04
[6] 1.617954e+00
[1] 1.000000 1.707635
[1] 5.549816e+01 8.296960e-08 1.310103e-02 1.541624e+00 1.044948e-04
[6] 1.707635e+00
[1] 1.000000 1.797316
[1] 5.577447e+01 1.850979e-09 5.128694e-02 1.538616e+00 1.589901e+00
[6] 1.797316e+00
[[1]]
[1] 5.577447e+01 4.388692e-07 1.538614e+00

[[2]]
[1] 4.434168e+01 9.999220e-01 5.251896e-01 1.010798e-04 3.197919e+00
[6] 5.417805e-01

[1] "COMPLETED 8 OF 10"
[1] "STARTED 9 OF 10"
[1] "startest"
[1] "test"
[1] 1.000000000 0.002918241
[1] 5.571392e+01 7.378927e-01 3.072742e-07 9.422968e-01 2.044022e+00
[6] 2.918241e-03
[1] 1.00000000 0.08114043
[1] 5.546531e+01 9.999104e-01 7.492807e-03 1.016976e-04 2.201173e+00
[6] 8.114043e-02
[1] 1.0000000 0.1593626
[1] 5.504733e+01 8.514014e-02 2.203053e-08 1.092523e+00 2.233860e+00
[6] 1.593626e-01
[1] 1.0000000 0.2375848
[1] 5.326029e+01 9.999277e-01 7.682043e-03 1.011179e-04 2.538903e+00
[6] 2.375848e-01
[1] 1.000000 0.315807
[1] 52.187341242  0.999868714  0.005344844  0.000172952  2.810334995
[6]  0.315807000
[1] 1.0000000 0.3940292
[1] 5.328464e+01 2.098473e-01 2.075230e-06 8.673838e-01 2.502040e+00
[6] 3.940292e-01
[1] 1.0000000 0.4722514
[1] 5.290990e+01 1.027420e-01 7.395032e-08 1.012043e+00 2.705560e+00
[6] 4.722514e-01
[1] 1.0000000 0.5504736
[1] 5.250018e+01 1.152053e-01 3.949212e-08 1.045627e+00 2.983493e+00
[6] 5.504736e-01
[1] 1.0000000 0.6286958
[1] 49.506208480  0.989722547  0.002724887  0.015142008  4.178896145
[6]  0.628695759
[1] 1.0000000 0.7069179
[1] 4.947964e+01 2.520094e-01 1.267632e-08 8.705962e-01 3.817170e+00
[6] 7.069179e-01
[1] 1.0000000 0.7851401
[1] 4.947341e+01 1.850372e-01 2.009986e-07 9.504032e-01 4.156367e+00
[6] 7.851401e-01
[1] 1.0000000 0.8633623
[1] 5.079113e+01 2.595578e-01 2.598483e-08 9.453214e-01 4.506063e+00
[6] 8.633623e-01
[1] 1.0000000 0.9415845
[1] 5.180203e+01 1.252083e-09 6.311336e-01 1.170401e+00 2.314003e+00
[6] 9.415845e-01
[1] 1.000000 1.019807
[1] 5.176587e+01 9.830164e-08 1.617317e-07 1.246936e+00 4.978731e+00
[6] 1.019807e+00
[1] 1.000000 1.098029
[1] 5.281248e+01 3.086182e-03 5.274898e-08 1.285897e+00 5.617215e+00
[6] 1.098029e+00
[1] 1.000000 1.176251
[1] 5.266879e+01 5.062210e-07 1.548649e-02 1.298315e+00 6.653319e+00
[6] 1.176251e+00
[1] 1.000000 1.254473
[1] 5.263323e+01 1.402736e-07 8.327247e-01 1.318840e+00 2.771873e+00
[6] 1.254473e+00
[1] 1.000000 1.332695
[1] 5.720311e+01 9.772852e-08 3.789345e-06 1.381041e+00 7.320643e+00
[6] 1.332695e+00
[1] 1.000000 1.410918
[1] 5.662746e+01 2.119422e-09 9.093122e-01 1.401800e+00 1.812509e+00
[6] 1.410918e+00
[1] 1.00000 1.48914
[1] 6.031957e+01 3.231345e-05 9.072811e-01 1.453218e+00 1.024180e+00
[6] 1.489140e+00
[1] 1.000000 1.567362
[1] 6.082101e+01 5.099518e-08 4.870639e-02 1.461196e+00 1.509901e+00
[6] 1.567362e+00
[[1]]
[1] 6.082101e+01 3.718047e-07 1.461195e+00

[[2]]
[1] 4.947341e+01 1.850372e-01 2.009986e-07 9.504032e-01 4.156367e+00
[6] 7.851401e-01

[1] "COMPLETED 9 OF 10"
[1] "STARTED 10 OF 10"
[1] "startest"
[1] "test"
[1] 1.00000000 0.01321392
[1] 4.709309e+01 3.485592e-02 1.127539e-07 7.309265e-01 2.249435e+00
[6] 1.321392e-02
[1] 1.00000000 0.08173409
[1] 4.650187e+01 4.425170e-02 1.905168e-08 1.106920e+00 2.336384e+00
[6] 8.173409e-02
[1] 1.0000000 0.1502543
[1] 4.577663e+01 1.883780e-01 3.995011e-08 8.837900e-01 2.461159e+00
[6] 1.502543e-01
[1] 1.0000000 0.2187744
[1] 4.308268e+01 9.999258e-01 1.663352e-02 1.000698e-04 2.866899e+00
[6] 2.187744e-01
[1] 1.0000000 0.2872946
[1] 4.326963e+01 2.447048e-01 4.262599e-09 7.789896e-01 2.865526e+00
[6] 2.872946e-01
[1] 1.0000000 0.3558148
[1] 4.257832e+01 4.160807e-01 3.968992e-09 6.476032e-01 3.201921e+00
[6] 3.558148e-01
[1] 1.0000000 0.4243349
[1] 4.014388e+01 9.999305e-01 4.725882e-02 1.002548e-04 3.767562e+00
[6] 4.243349e-01
[1] 1.0000000 0.4928551
[1] 3.982962e+01 3.963748e-01 7.656720e-09 6.160386e-01 3.654527e+00
[6] 4.928551e-01
[1] 1.0000000 0.5613753
[1] 3.744013e+01 9.601263e-01 5.495760e-08 5.367810e-02 4.804666e+00
[6] 5.613753e-01
[1] 1.0000000 0.6298954
[1] 3.888649e+01 3.684955e-03 1.256334e-07 1.091466e+00 4.204667e+00
[6] 6.298954e-01
[1] 1.0000000 0.6984156
[1] 3.741623e+01 3.366296e-01 2.412625e-07 8.052372e-01 5.182994e+00
[6] 6.984156e-01
[1] 1.0000000 0.7669358
[1] 3.719831e+01 1.386898e-04 3.826597e-07 1.140214e+00 5.348205e+00
[6] 7.669358e-01
[1] 1.000000 0.835456
[1] 4.104827e+01 1.982251e-01 5.217340e-07 1.046124e+00 5.962434e+00
[6] 8.354560e-01
[1] 1.0000000 0.9039761
[1] 4.124996e+01 3.044259e-03 2.028272e-07 1.286196e+00 6.339794e+00
[6] 9.039761e-01
[1] 1.0000000 0.9724963
[1] 4.345465e+01 4.121233e-08 4.056085e-02 1.357367e+00 6.743073e+00
[6] 9.724963e-01
[1] 1.000000 1.041016
[1] 4.619333e+01 2.051565e-03 1.254898e-07 1.395693e+00 5.623144e+00
[6] 1.041016e+00
[1] 1.000000 1.109537
[1] 4.567276e+01 5.670584e-08 8.933776e-01 1.442069e+00 2.114256e+00
[6] 1.109537e+00
[1] 1.000000 1.178057
[1] 4.946445e+01 3.155108e-04 2.017204e-06 1.502917e+00 9.306172e+00
[6] 1.178057e+00
[1] 1.000000 1.246577
[1] 5.042587e+01 3.696566e-08 9.115307e-01 1.520624e+00 1.676341e+00
[6] 1.246577e+00
[1] 1.000000 1.315097
[1] 5.292045e+01 7.088885e-09 9.066839e-01 1.566763e+00 1.129859e+00
[6] 1.315097e+00
[1] 1.000000 1.383617
[1] 5.343093e+01 5.347144e-09 5.254604e-02 1.576380e+00 1.628926e+00
[6] 1.383617e+00
[[1]]
[1] 5.343093e+01 6.582881e-08 1.576380e+00

[[2]]
[1] 3.719831e+01 1.386898e-04 3.826597e-07 1.140214e+00 5.348205e+00
[6] 7.669358e-01

[1] "COMPLETED 10 OF 10"
pdf 
  2 
Loading required package: ape
Loading required package: Matrix
Loading required package: subplex
Loading required package: TreeSim
Loading required package: laser
Loading required package: geiger
Loading required package: deSolve

Attaching package: 'deSolve'

The following object is masked from 'package:graphics':

    matplot

Warning message:
package 'ape' was built under R version 3.2.3 
Loading required package: foreach
Loading required package: iterators
Loading required package: parallel
 [1] 1.917881 1.398878 1.570691 1.558560 1.959879 1.577781 1.609623 1.797316
 [9] 1.567362 1.383617
[1] "startest"
[1] "test"
[1] 1.000000000 0.002032581
[1] 5.159337e+01 6.843247e-01 1.152531e-07 1.589644e+00 2.143368e+00
[6] 2.032581e-03
[1] 1.00000000 0.09782502
[1] 5.085700e+01 1.610431e-01 3.385066e-09 1.323083e+00 2.190091e+00
[6] 9.782502e-02
[1] 1.0000000 0.1936175
[1] 4.916581e+01 9.999368e-01 2.129434e-03 1.008312e-04 2.583190e+00
[6] 1.936175e-01
[1] 1.0000000 0.2894099
[1] 4.872953e+01 9.999312e-01 8.025822e-03 1.002283e-04 2.893857e+00
[6] 2.894099e-01
[1] 1.0000000 0.3852023
[1] 4.859186e+01 9.999312e-01 9.686105e-03 1.000706e-04 3.228673e+00
[6] 3.852023e-01
[1] 1.0000000 0.4809948
[1] 48.69278176  0.87293329  0.01687758  0.18423920  3.48870456  0.48099477
[1] 1.0000000 0.5767872
[1] 4.904230e+01 5.548502e-01 2.151651e-07 6.317398e-01 3.562809e+00
[6] 5.767872e-01
[1] 1.0000000 0.6725796
[1] 47.4011451  0.7114773  0.6133872  0.4179509  2.8798501  0.6725796
[1] 1.0000000 0.7683721
[1] 5.049332e+01 3.881190e-07 2.561930e-01 1.272282e+00 3.087722e+00
[6] 7.683721e-01
[1] 1.0000000 0.8641645
[1] 4.995439e+01 7.037405e-08 6.305908e-01 1.314249e+00 2.294893e+00
[6] 8.641645e-01
[1] 1.000000 0.959957
[1] 5.184398e+01 5.173466e-07 7.234147e-01 1.373446e+00 1.947994e+00
[6] 9.599570e-01
[1] 1.000000 1.055749
[1] 5.410143e+01 2.328620e-08 4.906245e-02 1.503338e+00 3.074898e+00
[6] 1.055749e+00
[1] 1.000000 1.151542
[1] 5.260862e+01 7.252083e-08 7.521212e-01 1.435957e+00 2.029696e+00
[6] 1.151542e+00
[1] 1.000000 1.247334
[1] 5.460205e+01 1.919982e-08 3.756553e-01 1.493541e+00 2.918249e+00
[6] 1.247334e+00
[1] 1.000000 1.343127
[1] 5.367032e+01 5.085783e-09 9.309652e-01 1.484781e+00 6.927282e-01
[6] 1.343127e+00
[1] 1.000000 1.438919
[1] 50.611496419  0.129619085  0.999997791  1.376522158  0.000107019
[6]  1.438919149
[1] 1.000000 1.534712
[1] 5.529432e+01 8.851718e-08 9.586484e-07 1.542978e+00 1.736646e+00
[6] 1.534712e+00
[1] 1.000000 1.630504
[1] 5.544443e+01 2.545581e-08 3.475518e-07 1.530744e+00 2.203747e+00
[6] 1.630504e+00
[1] 1.000000 1.726296
[1] 5.548982e+01 4.598361e-05 7.741423e-01 1.547116e+00 9.843699e-01
[6] 1.726296e+00
[1] 1.000000 1.822089
[1] 5.478272e+01 2.081601e-08 9.376378e-01 1.546670e+00 1.138686e+00
[6] 1.822089e+00
[1] 1.000000 1.917881
[1] 5.551192e+01 2.068049e-08 2.068049e-08 1.542809e+00 1.542809e+00
[6] 1.917881e+00
[[1]]
[1] 5.551192e+01 2.068049e-08 1.542809e+00

[[2]]
[1] 47.4011451  0.7114773  0.6133872  0.4179509  2.8798501  0.6725796

[[1]]
[1] 5.551192e+01 2.068049e-08 1.542809e+00

[[2]]
[1] 47.4011451  0.7114773  0.6133872  0.4179509  2.8798501  0.6725796

[1] "STARTED 1 OF 10"
[1] "startest"
[1] "test"
[1] 1.000000000 0.002032581
[1] 5.159337e+01 6.843247e-01 1.152531e-07 1.589644e+00 2.143368e+00
[6] 2.032581e-03
[1] 1.00000000 0.09782502
[1] 5.085700e+01 1.610431e-01 3.385066e-09 1.323083e+00 2.190091e+00
[6] 9.782502e-02
[1] 1.0000000 0.1936175
[1] 4.916581e+01 9.999368e-01 2.129434e-03 1.008312e-04 2.583190e+00
[6] 1.936175e-01
[1] 1.0000000 0.2894099
[1] 4.872953e+01 9.999312e-01 8.025822e-03 1.002283e-04 2.893857e+00
[6] 2.894099e-01
[1] 1.0000000 0.3852023
[1] 4.859186e+01 9.999312e-01 9.686105e-03 1.000706e-04 3.228673e+00
[6] 3.852023e-01
[1] 1.0000000 0.4809948
[1] 48.69278176  0.87293329  0.01687758  0.18423920  3.48870456  0.48099477
[1] 1.0000000 0.5767872
[1] 4.904230e+01 5.548502e-01 2.151651e-07 6.317398e-01 3.562809e+00
[6] 5.767872e-01
[1] 1.0000000 0.6725796
[1] 47.4011451  0.7114773  0.6133872  0.4179509  2.8798501  0.6725796
[1] 1.0000000 0.7683721
[1] 5.049332e+01 3.881190e-07 2.561930e-01 1.272282e+00 3.087722e+00
[6] 7.683721e-01
[1] 1.0000000 0.8641645
[1] 4.995439e+01 7.037405e-08 6.305908e-01 1.314249e+00 2.294893e+00
[6] 8.641645e-01
[1] 1.000000 0.959957
[1] 5.184398e+01 5.173466e-07 7.234147e-01 1.373446e+00 1.947994e+00
[6] 9.599570e-01
[1] 1.000000 1.055749
[1] 5.410143e+01 2.328620e-08 4.906245e-02 1.503338e+00 3.074898e+00
[6] 1.055749e+00
[1] 1.000000 1.151542
[1] 5.260862e+01 7.252083e-08 7.521212e-01 1.435957e+00 2.029696e+00
[6] 1.151542e+00
[1] 1.000000 1.247334
[1] 5.460205e+01 1.919982e-08 3.756553e-01 1.493541e+00 2.918249e+00
[6] 1.247334e+00
[1] 1.000000 1.343127
[1] 5.367032e+01 5.085783e-09 9.309652e-01 1.484781e+00 6.927282e-01
[6] 1.343127e+00
[1] 1.000000 1.438919
[1] 50.611496419  0.129619085  0.999997791  1.376522158  0.000107019
[6]  1.438919149
[1] 1.000000 1.534712
[1] 5.529432e+01 8.851718e-08 9.586484e-07 1.542978e+00 1.736646e+00
[6] 1.534712e+00
[1] 1.000000 1.630504
[1] 5.544443e+01 2.545581e-08 3.475518e-07 1.530744e+00 2.203747e+00
[6] 1.630504e+00
[1] 1.000000 1.726296
[1] 5.548982e+01 4.598361e-05 7.741423e-01 1.547116e+00 9.843699e-01
[6] 1.726296e+00
[1] 1.000000 1.822089
[1] 5.478272e+01 2.081601e-08 9.376378e-01 1.546670e+00 1.138686e+00
[6] 1.822089e+00
[1] 1.000000 1.917881
[1] 5.551192e+01 2.068049e-08 2.068049e-08 1.542809e+00 1.542809e+00
[6] 1.917881e+00
[[1]]
[1] 5.551192e+01 2.068049e-08 1.542809e+00

[[2]]
[1] 47.4011451  0.7114773  0.6133872  0.4179509  2.8798501  0.6725796

[1] "COMPLETED 1 OF 10"
[1] "STARTED 2 OF 10"
[1] "startest"
[1] "test"
[1] 1.000000000 0.004559689
[1] 4.398178e+01 2.355648e-01 8.432954e-08 1.688042e+00 2.324552e+00
[6] 4.559689e-03
[1] 1.00000000 0.07427562
[1] 4.383383e+01 6.985520e-02 1.850131e-07 1.204427e+00 2.405193e+00
[6] 7.427562e-02
[1] 1.0000000 0.1439916
[1] 4.215931e+01 9.999434e-01 2.330614e-05 1.001355e-04 2.595590e+00
[6] 1.439916e-01
[1] 1.0000000 0.2137075
[1] 4.161632e+01 9.999409e-01 1.242866e-08 1.045892e-04 2.837079e+00
[6] 2.137075e-01
[1] 1.0000000 0.2834234
[1] 4.022996e+01 9.999460e-01 4.910194e-07 1.023431e-04 2.962953e+00
[6] 2.834234e-01
[1] 1.0000000 0.3531394
[1] 3.970274e+01 9.999460e-01 5.479836e-03 1.004324e-04 3.357774e+00
[6] 3.531394e-01
[1] 1.0000000 0.4228553
[1] 4.077519e+01 1.675428e-01 7.250635e-10 1.199490e+00 3.035448e+00
[6] 4.228553e-01
[1] 1.0000000 0.4925712
[1] 4.012599e+01 2.498272e-01 1.402140e-08 1.133737e+00 3.294110e+00
[6] 4.925712e-01
[1] 1.0000000 0.5622872
[1] 3.806066e+01 9.999265e-01 1.003126e-07 1.379897e-04 4.500723e+00
[6] 5.622872e-01
[1] 1.0000000 0.6320031
[1] 3.788067e+01 8.459032e-01 1.862623e-04 2.769077e-01 4.746608e+00
[6] 6.320031e-01
[1] 1.000000 0.701719
[1] 3.807748e+01 6.520664e-01 9.915821e-08 6.157228e-01 4.894314e+00
[6] 7.017190e-01
[1] 1.000000 0.771435
[1] 3.675308e+01 5.558584e-01 2.517052e-08 7.242376e-01 5.442437e+00
[6] 7.714350e-01
[1] 1.0000000 0.8411509
[1] 3.798377e+01 3.397682e-01 5.733369e-09 1.059896e+00 5.413023e+00
[6] 8.411509e-01
[1] 1.0000000 0.9108668
[1] 3.824994e+01 5.017522e-01 2.424595e-07 8.898578e-01 6.092452e+00
[6] 9.108668e-01
[1] 1.0000000 0.9805828
[1] 3.724948e+01 3.289753e-01 1.110341e-07 1.143270e+00 7.427043e+00
[6] 9.805828e-01
[1] 1.000000 1.050299
[1] 3.644181e+01 1.414928e-06 1.758763e-02 1.464800e+00 7.930188e+00
[6] 1.050299e+00
[1] 1.000000 1.120015
[1] 3.781164e+01 7.519616e-08 8.671151e-01 1.473280e+00 2.494494e+00
[6] 1.120015e+00
[1] 1.000000 1.189731
[1] 4.099592e+01 1.013035e-09 8.904364e-01 1.570510e+00 2.562459e+00
[6] 1.189731e+00
[1] 1.000000 1.259447
[1] 4.461728e+01 4.440691e-08 8.956733e-01 1.631643e+00 1.730080e+00
[6] 1.259447e+00
[1] 1.000000 1.329162
[1] 4.532467e+01 4.234441e-08 9.424867e-01 1.655182e+00 1.338091e+00
[6] 1.329162e+00
[1] 1.000000 1.398878
[1] 4.707369e+01 3.533335e-09 5.611392e-02 1.683416e+00 1.739530e+00
[6] 1.398878e+00
[[1]]
[1] 4.707369e+01 7.437974e-08 1.683416e+00

[[2]]
[1] 3.644181e+01 1.414928e-06 1.758763e-02 1.464800e+00 7.930188e+00
[6] 1.050299e+00

[1] "COMPLETED 2 OF 10"
[1] "STARTED 3 OF 10"
[1] "startest"
[1] "test"
[1] 1.0000000000 0.0008629374
[1] 4.730247e+01 9.130950e-01 6.056168e-08 1.042916e+00 2.203851e+00
[6] 8.629374e-04
[1] 1.00000000 0.07935432
[1] 4.625917e+01 9.999525e-01 3.197821e-02 1.007862e-04 2.316177e+00
[6] 7.935432e-02
[1] 1.0000000 0.1578457
[1] 4.598992e+01 9.999387e-01 7.880421e-03 1.000548e-04 2.588761e+00
[6] 1.578457e-01
[1] 1.0000000 0.2363371
[1] 4.381690e+01 9.999461e-01 3.641657e-05 1.001132e-04 2.912615e+00
[6] 2.363371e-01
[1] 1.0000000 0.3148285
[1] 4.511343e+01 2.776122e-01 2.122813e-08 1.063040e+00 2.749439e+00
[6] 3.148285e-01
[1] 1.0000000 0.3933199
[1] 4.422619e+01 2.581382e-01 1.620831e-07 1.034634e+00 3.060866e+00
[6] 3.933199e-01
[1] 1.0000000 0.4718112
[1] 4.273357e+01 2.185706e-01 2.017457e-07 9.020745e-01 3.373837e+00
[6] 4.718112e-01
[1] 1.0000000 0.5503026
[1] 3.950636e+01 9.999338e-01 4.066243e-03 1.001393e-04 4.452240e+00
[6] 5.503026e-01
[1] 1.000000 0.628794
[1] 4.119567e+01 9.999400e-01 3.971885e-02 1.000906e-04 4.969154e+00
[6] 6.287940e-01
[1] 1.0000000 0.7072854
[1] 4.031145e+01 1.993207e-02 4.931615e-06 1.117971e+00 4.373642e+00
[6] 7.072854e-01
[1] 1.0000000 0.7857768
[1] 41.0638623  0.3474513  0.3758979  0.8831318  4.2877714  0.7857768
[1] 1.0000000 0.8642681
[1] 4.428747e+01 3.436351e-08 3.120396e-01 1.305745e+00 4.090791e+00
[6] 8.642681e-01
[1] 1.0000000 0.9427595
[1] 4.460851e+01 1.689795e-08 5.093662e-01 1.342593e+00 3.837196e+00
[6] 9.427595e-01
[1] 1.000000 1.021251
[1] 4.815623e+01 6.210687e-09 6.705110e-01 1.432808e+00 2.674135e+00
[6] 1.021251e+00
[1] 1.000000 1.099742
[1] 4.883033e+01 4.294768e-08 7.651715e-01 1.484051e+00 2.209375e+00
[6] 1.099742e+00
[1] 1.000000 1.178234
[1] 4.763565e+01 2.189056e-07 8.561336e-01 1.476551e+00 2.124599e+00
[6] 1.178234e+00
[1] 1.000000 1.256725
[1] 5.018418e+01 2.377622e-08 7.349580e-01 1.524076e+00 2.850790e+00
[6] 1.256725e+00
[1] 1.000000 1.335216
[1] 5.174098e+01 1.772167e-05 2.577515e-02 1.560185e+00 5.672139e+00
[6] 1.335216e+00
[1] 1.000000 1.413708
[1] 5.186470e+01 2.540592e-08 8.773352e-01 1.568169e+00 1.338008e+00
[6] 1.413708e+00
[1] 1.000000 1.492199
[1] 5.230511e+01 1.122305e-08 9.053144e-01 1.561973e+00 8.297978e-01
[6] 1.492199e+00
[1] 1.000000 1.570691
[1] 5.260606e+01 2.137259e-09 5.321711e-02 1.596512e+00 1.649729e+00
[6] 1.570691e+00
[[1]]
[1] 5.260606e+01 8.949298e-08 1.596512e+00

[[2]]
[1] 3.950636e+01 9.999338e-01 4.066243e-03 1.001393e-04 4.452240e+00
[6] 5.503026e-01

[1] "COMPLETED 3 OF 10"
[1] "STARTED 4 OF 10"
[1] "startest"
[1] "test"
[1] 1.0000000 0.0111492
[1] 4.696412e+01 3.261301e-05 8.453317e-09 1.461800e+00 2.252598e+00
[6] 1.114920e-02
[1] 1.00000000 0.08851975
[1] 4.559371e+01 6.277311e-02 8.579668e-09 1.485209e+00 2.300225e+00
[6] 8.851975e-02
[1] 1.0000000 0.1658903
[1] 4.451362e+01 3.931571e-01 1.029256e-07 1.037104e+00 2.526165e+00
[6] 1.658903e-01
[1] 1.0000000 0.2432608
[1] 4.185891e+01 9.914182e-01 1.163321e-09 1.450766e-02 2.931174e+00
[6] 2.432608e-01
[1] 1.0000000 0.3206314
[1] 4.282353e+01 2.618764e-01 1.585448e-08 9.511896e-01 2.879892e+00
[6] 3.206314e-01
[1] 1.0000000 0.3980019
[1] 4.209567e+01 1.664815e-01 5.489278e-09 9.781612e-01 3.079694e+00
[6] 3.980019e-01
[1] 1.0000000 0.4753725
[1] 39.18005288  0.98995463  0.02943114  0.01788063  4.10755150  0.47537248
[1] 1.000000 0.552743
[1] 3.951132e+01 2.644813e-01 2.794478e-08 9.023798e-01 3.935473e+00
[6] 5.527430e-01
[1] 1.0000000 0.6301136
[1] 3.834584e+01 1.413652e-01 2.083403e-07 1.014246e+00 4.172051e+00
[6] 6.301136e-01
[1] 1.0000000 0.7074841
[1] 37.26690483  0.55598913  0.03418133  0.61375098  5.34659915  0.70748411
[1] 1.0000000 0.7848547
[1] 37.7945094  0.2535068  0.4706412  0.9718007  4.2345886  0.7848547
[1] 1.0000000 0.8622252
[1] 4.216400e+01 3.719399e-07 3.447457e-01 1.329217e+00 4.289146e+00
[6] 8.622252e-01
[1] 1.0000000 0.9395958
[1] 4.497144e+01 4.967191e-09 5.589362e-01 1.399226e+00 3.872580e+00
[6] 9.395958e-01
[1] 1.000000 1.016966
[1] 4.317462e+01 1.166941e-07 8.367124e-01 1.428273e+00 2.272038e+00
[6] 1.016966e+00
[1] 1.000000 1.094337
[1] 4.767319e+01 9.505661e-08 5.721904e-01 1.511024e+00 3.861458e+00
[6] 1.094337e+00
[1] 1.000000 1.171707
[1] 4.966317e+01 2.198361e-08 9.022561e-01 1.542132e+00 9.973395e-01
[6] 1.171707e+00
[1] 1.000000 1.249078
[1] 4.997734e+01 7.679542e-09 9.386542e-01 1.573400e+00 7.126766e-01
[6] 1.249078e+00
[1] 1.000000 1.326448
[1] 5.105137e+01 2.705329e-08 7.222536e-01 1.605240e+00 1.549028e+00
[6] 1.326448e+00
[1] 1.000000 1.403819
[1] 5.026240e+01 4.528377e-08 8.542232e-01 1.588556e+00 1.871091e+00
[6] 1.403819e+00
[1] 1.00000 1.48119
[1] 5.044998e+01 1.643968e-08 9.413083e-01 1.597831e+00 1.145009e+00
[6] 1.481190e+00
[1] 1.00000 1.55856
[1] 5.123209e+01 4.847514e-09 5.371420e-02 1.611428e+00 1.665142e+00
[6] 1.558560e+00
[[1]]
[1] 5.123210e+01 1.307275e-07 1.611428e+00

[[2]]
[1] 37.26690483  0.55598913  0.03418133  0.61375098  5.34659915  0.70748411

[1] "COMPLETED 4 OF 10"
[1] "STARTED 5 OF 10"
[1] "startest"
[1] "test"
[1] 1.000000000 0.003354511
[1] 5.616833e+01 7.971885e-01 7.964707e-09 6.356622e-01 2.037938e+00
[6] 3.354511e-03
[1] 1.0000000 0.1011807
[1] 5.510361e+01 1.364985e-01 8.108705e-09 1.219437e+00 2.109785e+00
[6] 1.011807e-01
[1] 1.000000 0.199007
[1] 5.095259e+01 9.999450e-01 5.198049e-04 1.002087e-04 2.485388e+00
[6] 1.990070e-01
[1] 1.0000000 0.2968332
[1] 5.010603e+01 9.999285e-01 4.144243e-03 1.000293e-04 2.813435e+00
[6] 2.968332e-01
[1] 1.0000000 0.3946594
[1] 48.610597485  0.996691044  0.049480014  0.004451267  3.179438048
[6]  0.394659392
[1] 1.0000000 0.4924856
[1] 4.977276e+01 1.427654e-01 4.346895e-08 8.173718e-01 3.130693e+00
[6] 4.924856e-01
[1] 1.0000000 0.5903118
[1] 4.749334e+01 9.999239e-01 2.362347e-02 1.003887e-04 4.246285e+00
[6] 5.903118e-01
[1] 1.0000000 0.6881381
[1] 4.907774e+01 5.822422e-03 8.343264e-08 1.019217e+00 3.791940e+00
[6] 6.881381e-01
[1] 1.0000000 0.7859643
[1] 47.9746861  0.3297948  0.5719660  0.7728024  3.1968372  0.7859643
[1] 1.0000000 0.8837905
[1] 4.709078e+01 9.475548e-07 8.356782e-01 1.107494e+00 1.859807e+00
[6] 8.837905e-01
[1] 1.0000000 0.9816167
[1] 5.677450e+01 1.829959e-09 6.054199e-01 1.305683e+00 2.500379e+00
[6] 9.816167e-01
[1] 1.000000 1.079443
[1] 5.774632e+01 3.608061e-06 6.414178e-01 1.331897e+00 2.443536e+00
[6] 1.079443e+00
[1] 1.000000 1.177269
[1] 5.832808e+01 8.323478e-09 8.164295e-01 1.362883e+00 1.562308e+00
[6] 1.177269e+00
[1] 1.000000 1.275095
[1] 5.738627e+01 9.373045e-07 9.999936e-01 1.386026e+00 1.014056e-04
[6] 1.275095e+00
[1] 1.000000 1.372922
[1] 6.047794e+01 2.748881e-08 9.947162e-01 1.472555e+00 4.152743e-02
[6] 1.372922e+00
[1] 1.000000 1.470748
[1] 6.105918e+01 2.849242e-08 8.411905e-01 1.432366e+00 7.706650e-01
[6] 1.470748e+00
[1] 1.000000 1.568574
[1] 6.102237e+01 9.473879e-06 9.999743e-01 1.456655e+00 1.000581e-04
[6] 1.568574e+00
[1] 1.0000 1.6664
[1] 6.037924e+01 1.552049e-05 2.119770e-06 1.457072e+00 1.120800e-04
[6] 1.666400e+00
[1] 1.000000 1.764226
[1] 6.066340e+01 1.234533e-08 4.868959e-02 1.466910e+00 1.017009e-04
[6] 1.764226e+00
[1] 1.000000 1.862053
[1] 6.094912e+01 1.533086e-09 2.365648e-05 1.459888e+00 1.008336e-04
[6] 1.862053e+00
[1] 1.000000 1.959879
[1] 6.123424e+01 5.289152e-08 4.850778e-02 1.455240e+00 1.503745e+00
[6] 1.959879e+00
[[1]]
[1] 6.123425e+01 4.662280e-07 1.455238e+00

[[2]]
[1] 4.709078e+01 9.475548e-07 8.356782e-01 1.107494e+00 1.859807e+00
[6] 8.837905e-01

[1] "COMPLETED 5 OF 10"
[1] "STARTED 6 OF 10"
[1] "startest"
[1] "test"
[1] 1.00000000 0.01252832
[1] 4.566445e+01 1.134441e-02 1.049000e-08 7.943479e-01 2.306521e+00
[6] 1.252832e-02
[1] 1.00000000 0.09079097
[1] 4.359566e+01 9.999480e-01 2.057169e-02 1.003176e-04 2.484325e+00
[6] 9.079097e-02
[1] 1.0000000 0.1690536
[1] 4.331332e+01 9.999377e-01 3.570071e-02 1.000328e-04 2.696537e+00
[6] 1.690536e-01
[1] 1.0000000 0.2473163
[1] 4.289977e+01 9.999393e-01 1.476289e-04 1.002512e-04 3.181375e+00
[6] 2.473163e-01
[1] 1.0000000 0.3255789
[1] 4.334933e+01 1.372349e-01 2.637742e-09 1.134969e+00 2.815924e+00
[6] 3.255789e-01
[1] 1.0000000 0.4038416
[1] 4.151279e+01 9.999401e-01 4.039746e-12 1.022251e-04 3.944797e+00
[6] 4.038416e-01
[1] 1.0000000 0.4821042
[1] 4.108371e+01 7.004156e-01 3.683699e-08 4.359033e-01 3.788527e+00
[6] 4.821042e-01
[1] 1.0000000 0.5603669
[1] 4.068272e+01 7.434895e-01 8.443767e-07 3.913440e-01 4.205287e+00
[6] 5.603669e-01
[1] 1.0000000 0.6386295
[1] 4.172498e+01 1.995439e-01 2.662823e-08 1.102104e+00 3.887654e+00
[6] 6.386295e-01
[1] 1.0000000 0.7168922
[1] 4.088363e+01 3.300051e-01 2.820584e-07 9.777764e-01 4.494113e+00
[6] 7.168922e-01
[1] 1.0000000 0.7951548
[1] 39.8733314  0.1060125  0.1818986  1.1910431  4.5039967  0.7951548
[1] 1.0000000 0.8734175
[1] 4.138092e+01 4.889938e-07 1.073925e-01 1.356643e+00 4.772649e+00
[6] 8.734175e-01
[1] 1.0000000 0.9516801
[1] 4.478487e+01 3.550222e-02 2.481843e-07 1.434881e+00 4.931941e+00
[6] 9.516801e-01
[1] 1.000000 1.029943
[1] 4.292184e+01 5.486460e-08 5.693688e-01 1.450253e+00 3.983761e+00
[6] 1.029943e+00
[1] 1.000000 1.108205
[1] 4.469165e+01 3.732665e-08 6.644594e-01 1.506498e+00 3.532359e+00
[6] 1.108205e+00
[1] 1.000000 1.186468
[1] 4.635025e+01 2.467714e-08 5.798543e-01 1.559459e+00 4.163274e+00
[6] 1.186468e+00
[1] 1.000000 1.264731
[1] 4.712846e+01 4.759981e-04 9.999939e-01 1.584737e+00 1.052984e-04
[6] 1.264731e+00
[1] 1.000000 1.342993
[1] 4.818158e+01 1.749729e-09 9.398431e-01 1.612201e+00 8.687268e-01
[6] 1.342993e+00
[1] 1.000000 1.421256
[1] 4.945352e+01 1.294800e-07 2.769669e-01 1.605446e+00 3.204805e+00
[6] 1.421256e+00
[1] 1.000000 1.499519
[1] 4.892444e+01 1.502812e-07 9.270934e-01 1.625784e+00 1.074168e+00
[6] 1.499519e+00
[1] 1.000000 1.577781
[1] 4.952975e+01 3.966845e-08 3.966845e-08 1.639959e+00 1.639959e+00
[6] 1.577781e+00
[[1]]
[1] 4.952975e+01 3.966845e-08 1.639959e+00

[[2]]
[1] 39.8733314  0.1060125  0.1818986  1.1910431  4.5039967  0.7951548

[1] "COMPLETED 6 OF 10"
[1] "STARTED 7 OF 10"
[1] "startest"
[1] "test"
[1] 1.000000000 0.009618789
[1] 43.310387257  0.797080249  0.001332776  0.216808619  2.366300162
[6]  0.009618789
[1] 1.00000000 0.08961902
[1] 4.232395e+01 2.127225e-01 1.761607e-08 6.433967e-01 2.543648e+00
[6] 8.961902e-02
[1] 1.0000000 0.1696193
[1] 4.285038e+01 2.118457e-01 7.406505e-08 9.260642e-01 2.648449e+00
[6] 1.696193e-01
[1] 1.0000000 0.2496195
[1] 4.203494e+01 9.999171e-01 1.346750e-05 1.139081e-04 3.086648e+00
[6] 2.496195e-01
[1] 1.0000000 0.3296197
[1] 4.183274e+01 2.548461e-01 1.703757e-06 9.677748e-01 3.016520e+00
[6] 3.296197e-01
[1] 1.0000000 0.4096199
[1] 4.116904e+01 5.624843e-01 9.556971e-04 6.103383e-01 3.456144e+00
[6] 4.096199e-01
[1] 1.0000000 0.4896202
[1] 4.064030e+01 2.279928e-01 3.240872e-07 9.910826e-01 3.566090e+00
[6] 4.896202e-01
[1] 1.0000000 0.5696204
[1] 4.007732e+01 9.411001e-07 7.462534e-02 1.216723e+00 3.628907e+00
[6] 5.696204e-01
[1] 1.0000000 0.6496206
[1] 4.182300e+01 1.889644e-07 6.247040e-07 1.342291e+00 3.806034e+00
[6] 6.496206e-01
[1] 1.0000000 0.7296209
[1] 4.061482e+01 1.201792e-08 3.411886e-01 1.319773e+00 3.594633e+00
[6] 7.296209e-01
[1] 1.0000000 0.8096211
[1] 4.317690e+01 7.563700e-08 2.725583e-01 1.410795e+00 3.766459e+00
[6] 8.096211e-01
[1] 1.0000000 0.8896213
[1] 4.195015e+01 8.472346e-08 7.818714e-01 1.447215e+00 2.099156e+00
[6] 8.896213e-01
[1] 1.0000000 0.9696216
[1] 4.580212e+01 1.370335e-08 2.134212e-03 1.550138e+00 4.236762e+00
[6] 9.696216e-01
[1] 1.000000 1.049622
[1] 4.463528e+01 5.492060e-08 8.042651e-01 1.539028e+00 1.981874e+00
[6] 1.049622e+00
[1] 1.000000 1.129622
[1] 4.683343e+01 7.017525e-09 1.694111e-07 1.588234e+00 4.048404e+00
[6] 1.129622e+00
[1] 1.000000 1.209622
[1] 4.737348e+01 8.021593e-09 7.831949e-01 1.586501e+00 1.561130e+00
[6] 1.209622e+00
[1] 1.000000 1.289622
[1] 4.699279e+01 5.794709e-09 8.094298e-01 1.570253e+00 1.681338e+00
[6] 1.289622e+00
[1] 1.000000 1.369623
[1] 4.596359e+01 3.748399e-09 9.639381e-01 1.605929e+00 7.033223e-01
[6] 1.369623e+00
[1] 1.000000 1.449623
[1] 4.754209e+01 1.958536e-08 8.827283e-01 1.660819e+00 1.302343e+00
[6] 1.449623e+00
[1] 1.000000 1.529623
[1] 4.794647e+01 1.815192e-04 1.803655e-06 1.666143e+00 1.012423e-04
[6] 1.529623e+00
[1] 1.000000 1.609623
[1] 4.821115e+01 8.560950e-09 8.453172e-02 1.662996e+00 1.744762e+00
[6] 1.609623e+00
[[1]]
[1] 4.821115e+01 4.935898e-07 1.662995e+00

[[2]]
[1] 4.007732e+01 9.411001e-07 7.462534e-02 1.216723e+00 3.628907e+00
[6] 5.696204e-01

[1] "COMPLETED 7 OF 10"
[1] "STARTED 8 OF 10"
[1] "startest"
[1] "test"
[1] 1.000000000 0.003694019
[1] 5.058201e+01 3.584585e-06 3.700860e-08 2.297420e+00 2.158509e+00
[6] 3.694019e-03
[1] 1.00000000 0.09337511
[1] 5.001155e+01 9.999198e-01 8.724580e-03 1.002246e-04 2.408152e+00
[6] 9.337511e-02
[1] 1.0000000 0.1830562
[1] 4.927358e+01 2.250959e-01 4.336616e-09 1.045699e+00 2.408112e+00
[6] 1.830562e-01
[1] 1.0000000 0.2727373
[1] 4.707934e+01 9.999304e-01 1.989963e-03 1.000065e-04 2.923024e+00
[6] 2.727373e-01
[1] 1.0000000 0.3624184
[1] 4.711654e+01 2.078338e-01 5.986544e-08 8.562127e-01 2.885567e+00
[6] 3.624184e-01
[1] 1.0000000 0.4520994
[1] 4.518427e+01 9.999196e-01 2.447757e-04 1.016976e-04 3.767740e+00
[6] 4.520994e-01
[1] 1.0000000 0.5417805
[1] 4.434168e+01 9.999220e-01 5.251896e-01 1.010798e-04 3.197919e+00
[6] 5.417805e-01
[1] 1.0000000 0.6314616
[1] 4.677836e+01 2.838868e-06 2.629625e-01 1.111526e+00 3.198986e+00
[6] 6.314616e-01
[1] 1.0000000 0.7211427
[1] 4.774791e+01 1.848444e-08 5.519503e-01 1.167490e+00 2.468427e+00
[6] 7.211427e-01
[1] 1.0000000 0.8108238
[1] 4.739464e+01 3.878207e-07 7.511963e-01 1.238781e+00 2.098467e+00
[6] 8.108238e-01
[1] 1.0000000 0.9005049
[1] 5.270138e+01 3.049344e-08 5.219119e-01 1.378511e+00 2.562794e+00
[6] 9.005049e-01
[1] 1.000000 0.990186
[1] 5.371706e+01 1.271441e-05 2.617989e-07 1.449350e+00 3.397408e+00
[6] 9.901860e-01
[1] 1.000000 1.079867
[1] 5.471864e+01 1.999016e-08 6.278119e-01 1.503981e+00 2.068633e+00
[6] 1.079867e+00
[1] 1.000000 1.169548
[1] 5.378985e+01 1.538481e-03 6.162439e-07 1.457976e+00 4.239477e+00
[6] 1.169548e+00
[1] 1.000000 1.259229
[1] 5.438139e+01 4.017830e-07 2.981858e-06 1.488500e+00 3.923760e+00
[6] 1.259229e+00
[1] 1.00000 1.34891
[1] 5.311384e+01 8.263232e-09 7.319541e-01 1.469254e+00 2.654463e+00
[6] 1.348910e+00
[1] 1.000000 1.438591
[1] 5.088376e+01 1.644440e-09 9.982956e-01 1.473699e+00 5.364930e-02
[6] 1.438591e+00
[1] 1.000000 1.528272
[1] 5.565411e+01 1.044431e-08 9.999789e-01 1.513485e+00 1.023929e-04
[6] 1.528272e+00
[1] 1.000000 1.617954
[1] 5.522129e+01 6.025798e-08 4.749147e-03 1.551149e+00 1.023099e-04
[6] 1.617954e+00
[1] 1.000000 1.707635
[1] 5.549816e+01 8.296960e-08 1.310103e-02 1.541624e+00 1.044948e-04
[6] 1.707635e+00
[1] 1.000000 1.797316
[1] 5.577447e+01 1.850979e-09 5.128694e-02 1.538616e+00 1.589901e+00
[6] 1.797316e+00
[[1]]
[1] 5.577447e+01 4.388692e-07 1.538614e+00

[[2]]
[1] 4.434168e+01 9.999220e-01 5.251896e-01 1.010798e-04 3.197919e+00
[6] 5.417805e-01

[1] "COMPLETED 8 OF 10"
[1] "STARTED 9 OF 10"
[1] "startest"
[1] "test"
[1] 1.000000000 0.002918241
[1] 5.571392e+01 7.378927e-01 3.072742e-07 9.422968e-01 2.044022e+00
[6] 2.918241e-03
[1] 1.00000000 0.08114043
[1] 5.546531e+01 9.999104e-01 7.492807e-03 1.016976e-04 2.201173e+00
[6] 8.114043e-02
[1] 1.0000000 0.1593626
[1] 5.504733e+01 8.514014e-02 2.203053e-08 1.092523e+00 2.233860e+00
[6] 1.593626e-01
[1] 1.0000000 0.2375848
[1] 5.326029e+01 9.999277e-01 7.682043e-03 1.011179e-04 2.538903e+00
[6] 2.375848e-01
[1] 1.000000 0.315807
[1] 52.187341242  0.999868714  0.005344844  0.000172952  2.810334995
[6]  0.315807000
[1] 1.0000000 0.3940292
[1] 5.328464e+01 2.098473e-01 2.075230e-06 8.673838e-01 2.502040e+00
[6] 3.940292e-01
[1] 1.0000000 0.4722514
[1] 5.290990e+01 1.027420e-01 7.395032e-08 1.012043e+00 2.705560e+00
[6] 4.722514e-01
[1] 1.0000000 0.5504736
[1] 5.250018e+01 1.152053e-01 3.949212e-08 1.045627e+00 2.983493e+00
[6] 5.504736e-01
[1] 1.0000000 0.6286958
[1] 49.506208480  0.989722547  0.002724887  0.015142008  4.178896145
[6]  0.628695759
[1] 1.0000000 0.7069179
[1] 4.947964e+01 2.520094e-01 1.267632e-08 8.705962e-01 3.817170e+00
[6] 7.069179e-01
[1] 1.0000000 0.7851401
[1] 4.947341e+01 1.850372e-01 2.009986e-07 9.504032e-01 4.156367e+00
[6] 7.851401e-01
[1] 1.0000000 0.8633623
[1] 5.079113e+01 2.595578e-01 2.598483e-08 9.453214e-01 4.506063e+00
[6] 8.633623e-01
[1] 1.0000000 0.9415845
[1] 5.180203e+01 1.252083e-09 6.311336e-01 1.170401e+00 2.314003e+00
[6] 9.415845e-01
[1] 1.000000 1.019807
[1] 5.176587e+01 9.830164e-08 1.617317e-07 1.246936e+00 4.978731e+00
[6] 1.019807e+00
[1] 1.000000 1.098029
[1] 5.281248e+01 3.086182e-03 5.274898e-08 1.285897e+00 5.617215e+00
[6] 1.098029e+00
[1] 1.000000 1.176251
[1] 5.266879e+01 5.062210e-07 1.548649e-02 1.298315e+00 6.653319e+00
[6] 1.176251e+00
[1] 1.000000 1.254473
[1] 5.263323e+01 1.402736e-07 8.327247e-01 1.318840e+00 2.771873e+00
[6] 1.254473e+00
[1] 1.000000 1.332695
[1] 5.720311e+01 9.772852e-08 3.789345e-06 1.381041e+00 7.320643e+00
[6] 1.332695e+00
[1] 1.000000 1.410918
[1] 5.662746e+01 2.119422e-09 9.093122e-01 1.401800e+00 1.812509e+00
[6] 1.410918e+00
[1] 1.00000 1.48914
[1] 6.031957e+01 3.231345e-05 9.072811e-01 1.453218e+00 1.024180e+00
[6] 1.489140e+00
[1] 1.000000 1.567362
[1] 6.082101e+01 5.099518e-08 4.870639e-02 1.461196e+00 1.509901e+00
[6] 1.567362e+00
[[1]]
[1] 6.082101e+01 3.718047e-07 1.461195e+00

[[2]]
[1] 4.947341e+01 1.850372e-01 2.009986e-07 9.504032e-01 4.156367e+00
[6] 7.851401e-01

[1] "COMPLETED 9 OF 10"
[1] "STARTED 10 OF 10"
[1] "startest"
[1] "test"
[1] 1.00000000 0.01321392
[1] 4.709309e+01 3.485592e-02 1.127539e-07 7.309265e-01 2.249435e+00
[6] 1.321392e-02
[1] 1.00000000 0.08173409
[1] 4.650187e+01 4.425170e-02 1.905168e-08 1.106920e+00 2.336384e+00
[6] 8.173409e-02
[1] 1.0000000 0.1502543
[1] 4.577663e+01 1.883780e-01 3.995011e-08 8.837900e-01 2.461159e+00
[6] 1.502543e-01
[1] 1.0000000 0.2187744
[1] 4.308268e+01 9.999258e-01 1.663352e-02 1.000698e-04 2.866899e+00
[6] 2.187744e-01
[1] 1.0000000 0.2872946
[1] 4.326963e+01 2.447048e-01 4.262599e-09 7.789896e-01 2.865526e+00
[6] 2.872946e-01
[1] 1.0000000 0.3558148
[1] 4.257832e+01 4.160807e-01 3.968992e-09 6.476032e-01 3.201921e+00
[6] 3.558148e-01
[1] 1.0000000 0.4243349
[1] 4.014388e+01 9.999305e-01 4.725882e-02 1.002548e-04 3.767562e+00
[6] 4.243349e-01
[1] 1.0000000 0.4928551
[1] 3.982962e+01 3.963748e-01 7.656720e-09 6.160386e-01 3.654527e+00
[6] 4.928551e-01
[1] 1.0000000 0.5613753
[1] 3.744013e+01 9.601263e-01 5.495760e-08 5.367810e-02 4.804666e+00
[6] 5.613753e-01
[1] 1.0000000 0.6298954
[1] 3.888649e+01 3.684955e-03 1.256334e-07 1.091466e+00 4.204667e+00
[6] 6.298954e-01
[1] 1.0000000 0.6984156
[1] 3.741623e+01 3.366296e-01 2.412625e-07 8.052372e-01 5.182994e+00
[6] 6.984156e-01
[1] 1.0000000 0.7669358
[1] 3.719831e+01 1.386898e-04 3.826597e-07 1.140214e+00 5.348205e+00
[6] 7.669358e-01
[1] 1.000000 0.835456
[1] 4.104827e+01 1.982251e-01 5.217340e-07 1.046124e+00 5.962434e+00
[6] 8.354560e-01
[1] 1.0000000 0.9039761
[1] 4.124996e+01 3.044259e-03 2.028272e-07 1.286196e+00 6.339794e+00
[6] 9.039761e-01
[1] 1.0000000 0.9724963
[1] 4.345465e+01 4.121233e-08 4.056085e-02 1.357367e+00 6.743073e+00
[6] 9.724963e-01
[1] 1.000000 1.041016
[1] 4.619333e+01 2.051565e-03 1.254898e-07 1.395693e+00 5.623144e+00
[6] 1.041016e+00
[1] 1.000000 1.109537
[1] 4.567276e+01 5.670584e-08 8.933776e-01 1.442069e+00 2.114256e+00
[6] 1.109537e+00
[1] 1.000000 1.178057
[1] 4.946445e+01 3.155108e-04 2.017204e-06 1.502917e+00 9.306172e+00
[6] 1.178057e+00
[1] 1.000000 1.246577
[1] 5.042587e+01 3.696566e-08 9.115307e-01 1.520624e+00 1.676341e+00
[6] 1.246577e+00
[1] 1.000000 1.315097
[1] 5.292045e+01 7.088885e-09 9.066839e-01 1.566763e+00 1.129859e+00
[6] 1.315097e+00
[1] 1.000000 1.383617
[1] 5.343093e+01 5.347144e-09 5.254604e-02 1.576380e+00 1.628926e+00
[6] 1.383617e+00
[[1]]
[1] 5.343093e+01 6.582881e-08 1.576380e+00

[[2]]
[1] 3.719831e+01 1.386898e-04 3.826597e-07 1.140214e+00 5.348205e+00
[6] 7.669358e-01

[1] "COMPLETED 10 OF 10"
pdf 
  2 
