#
#model:
#
#<?xml version="1.0" encoding="UTF-8" standalone="no"?><input id="posterior" spec="beast.core.util.CompoundDistribution">
#    <distribution id="prior" spec="beast.core.util.CompoundDistribution">
#        <distribution id="CoalescentConstant.t:dummy_aln" spec="beast.evolution.tree.coalescent.Coalescent">
#            <populationModel id="ConstantPopulation.t:dummy_aln" spec="beast.evolution.tree.coalescent.ConstantPopulation">
#                <parameter id="popSize.t:dummy_aln" name="popSize">1827.7</parameter>
#            </populationModel>
#            <treeIntervals id="TreeIntervals.t:dummy_aln" spec="beast.evolution.tree.coalescent.TreeIntervals">
#                <tree id="Tree.t:dummy_aln">
#                    <trait id="dateTrait.t:dummy_aln" spec="beast.evolution.tree.TraitSet" traitname="date">
#              t1000_4.94=4.94,
#t410_8.08=8.08,
#t277_7.17=7.17,
#t362_5.63=5.63,
#t644_6.78=6.78,
#t773_6.77=6.77,
#t784_6.67=6.67,
#t123_12.28=12.28,
#t931_7.77=7.77,
#t95_8.45=8.45,
#t868_6.72=6.72,
#t96_7.41=7.41,
#t139_9.99=9.99,
#t442_5.63=5.63,
#t224_5.61=5.61,
#t199_6.25=6.25,
#t454_5.71=5.71,
#t518_4.14=4.14,
#t959_7.57=7.57,
#t838_7.06=7.06,
#t13_3.03=3.03,
#t694_4.79=4.79,
#t854_6.68=6.68,
#t149_7.29=7.29,
#t159_7.74=7.74,
#t52_7.95=7.95,
#t226_6.16=6.16,
#t726_6.01=6.01,
#t866_5.44=5.44,
#t534_7.32=7.32,
#t729_6.48=6.48,
#t754_7.03=7.03,
#t643_5.64=5.64,
#t291_6.31=6.31,
#t428_6.86=6.86,
#t43_9.76=9.76,
#t581_8.34=8.34,
#t326_6.94=6.94,
#t888_8.36=8.36,
#t483_3.59=3.59,
#t335_7.91=7.91,
#t540_8.92=8.92,
#t879_7.94=7.94,
#t757_6.16=6.16,
#t605_7.84=7.84,
#t608_8.42=8.42,
#t611_10.35=10.35,
#t722_8.7=8.7,
#t94_8.27=8.27,
#t225_5.65=5.65,
#t284_5.41=5.41,
#t78_10.01=10.01,
#t914_7.31=7.31,
#t762_5.93=5.93,
#t344_5.26=5.26,
#t470_3.59=3.59,
#t777_4.78=4.78,
#t114_8.97=8.97,
#t216_5.16=5.16,
#t417_7.68=7.68,
#t44_10.03=10.03,
#t815_10.3=10.3,
#t252_7.65=7.65,
#t260_8.46=8.46,
#t536_7.08=7.08,
#t641_7.6=7.6,
#t827_10.12=10.12,
#t310_9.77=9.77,
#t786_6.33=6.33,
#t317_9.05=9.05,
#t500_8.08=8.08,
#t683_5.6=5.6,
#t7_2.99=2.99,
#t829_8.62=8.62,
#t882_7.45=7.45,
#t892_7.69=7.69,
#t947_5.87=5.87,
#t557_6.43=6.43,
#t33_6.58=6.58,
#t438_5.61=5.61,
#t996_8.83=8.83,
#t158_7.67=7.67,
#t783_5.53=5.53,
#t664_4.87=4.87,
#t474_5.78=5.78,
#t320_8.3=8.3,
#t321_8.26=8.26,
#t761_4.65=4.65,
#t340_6.36=6.36,
#t397_5.84=5.84,
#t964_8.34=8.34,
#t245_6.08=6.08,
#t394_6.56=6.56,
#t51_8.78=8.78,
#t966_8.81=8.81,
#t413_7.91=7.91,
#t984_8.89=8.89,
#t636_8.33=8.33,
#t709_5=5,
#t376_5.39=5.39,
#t993_7.97=7.97,
#t512_6.06=6.06,
#t76_8.9=8.9,
#t933_7.88=7.88,
#t289_6.01=6.01,
#t731_5.76=5.76,
#t403_7.06=7.06,
#t816_9.96=9.96,
#t202_4.73=4.73,
#t41_10.14=10.14,
#t220_5.82=5.82,
#t275_8.22=8.22,
#t382_7.39=7.39,
#t570_8.05=8.05,
#t511_4.65=4.65,
#t776_5.29=5.29,
#t395_6.59=6.59,
#t441_5.46=5.46,
#t87_9.25=9.25,
#t812_10.62=10.62,
#t84_10.33=10.33,
#t250_7.83=7.83,
#t318_9.06=9.06,
#t336_7.08=7.08,
#t799_5.31=5.31,
#t528_7.22=7.22,
#t583_9.44=9.44,
#t121_10.56=10.56,
#t360_7.03=7.03,
#t472_4.1=4.1,
#t494_5.68=5.68,
#t788_6.06=6.06,
#t935_6.31=6.31,
#t957_6.8=6.8,
#t90_6.74=6.74,
#t612_10.47=10.47,
#t212_5.94=5.94,
#t439_5.01=5.01,
#t917_8.49=8.49,
#t412_6.67=6.67,
#t447_6.94=6.94,
#t70_9.59=9.59,
#t805_9.09=9.09,
#t976_6.83=6.83,
#t48_11.13=11.13,
#t793_7.23=7.23,
#t218_4.96=4.96,
#t828_9.48=9.48,
#t324_9.47=9.47,
#t431_7.35=7.35,
#t436_4.51=4.51,
#t796_4.86=4.86,
#t860_9.02=9.02,
#t918_7.87=7.87,
#t49_11.75=11.75,
#t514_5.14=5.14,
#t529_6.47=6.47,
#t58_7.91=7.91,
#t759_4.76=4.76,
#t248_9.08=9.08,
#t354_8=8,
#t803_9.39=9.39,
#t874_5.92=5.92,
#t747_5.7=5.7,
#t36_6.59=6.59,
#t774_6.85=6.85,
#t987_8.08=8.08,
#t377_7.23=7.23,
#t648_5.84=5.84,
#t161_8.52=8.52,
#t1_2.9=2.9,
#t103_7.74=7.74,
#t62_8.96=8.96,
#t223_5.49=5.49,
#t180_7.86=7.86,
#t274_7.75=7.75,
#t489_4.07=4.07,
#t782_5.54=5.54,
#t497_6.67=6.67,
#t141_10.16=10.16,
#t286_5.85=5.85,
#t908_6.78=6.78,
#t411_6.49=6.49,
#t444_5.8=5.8,
#t721_9.07=9.07,
#t38_7.65=7.65,
#t720_7.08=7.08,
#t93_8.87=8.87,
#t989_6.74=6.74,
#t151_8.3=8.3,
#t306_9.07=9.07,
#t865_7.51=7.51,
#t373_6.75=6.75,
#t736_6.39=6.39,
#t539_8.34=8.34,
#t618_9.56=9.56,
#t755_7.42=7.42,
#t790_7.78=7.78,
#t77_10.16=10.16,
#t25_5.14=5.14,
#t924_8.64=8.64,
#t565_8.34=8.34,
#t359_7.24=7.24,
#t814_10.18=10.18,
#t477_6.02=6.02,
#t150_7.73=7.73,
#t113_9.74=9.74,
#t808_9.15=9.15,
#t213_6.5=6.5,
#t813_11.51=11.51,
#t942_6.31=6.31,
#t313_7.92=7.92,
#t476_6.01=6.01,
#t585_7.31=7.31,
#t37_7.94=7.94,
#t843_8.68=8.68,
#t950_7.3=7.3,
#t154_8.18=8.18,
#t496_6.57=6.57,
#t928_7.23=7.23,
#t162_8.01=8.01,
#t387_6.06=6.06,
#t255_7.87=7.87,
#t28_4.57=4.57,
#t728_6.1=6.1,
#t257_9.09=9.09,
#t527_5.47=5.47,
#t279_6.92=6.92,
#t847_9.3=9.3,
#t479_6.58=6.58,
#t334_7.07=7.07,
#t877_8.73=8.73,
#t893_7.09=7.09,
#t700_6.63=6.63,
#t798_5.58=5.58,
#t800_8.55=8.55,
#t687_5.29=5.29,
#t144_8.88=8.88,
#t962_7.77=7.77,
#t117_9.15=9.15,
#t901_6.37=6.37,
#t451_4.39=4.39,
#t978_6.04=6.04,
#t175_7.65=7.65,
#t677_4.59=4.59,
#t65_9.38=9.38,
#t967_8.1=8.1,
#t600_7.84=7.84,
#t629_6.67=6.67,
#t836_9.62=9.62,
#t857_7.3=7.3,
#t136_8.67=8.67,
#t825_8.45=8.45,
#t167_7.75=7.75,
#t185_4.68=4.68,
#t316_8.69=8.69,
#t148_7.52=7.52,
#t555_7.31=7.31,
#t840_7.68=7.68,
#t269_7.49=7.49,
#t422_7.45=7.45,
#t955_6.4=6.4,
#t791_8.53=8.53,
#t953_6.3=6.3,
#t203_4.79=4.79,
#t380_6.48=6.48,
#t298_6.62=6.62,
#t652_2.92=2.92,
#t83_11.41=11.41,
#t977_7.56=7.56,
#t42_9.21=9.21,
#t746_6.12=6.12,
#t81_12.13=12.13,
#t146_9.12=9.12,
#t669_4.63=4.63,
#t753_7.28=7.28,
#t856_7.84=7.84,
#t332_5.03=5.03,
#t458_4.34=4.34,
#t473_5.35=5.35,
#t61_8.73=8.73,
#t157_8.3=8.3,
#t699_7.24=7.24,
#t166_7.25=7.25,
#t509_6.79=6.79,
#t837_7.33=7.33,
#t183_7.53=7.53,
#t384_6.92=6.92,
#t811_11.31=11.31,
#t831_8.75=8.75,
#t23_6.1=6.1,
#t844_8.09=8.09,
#t940_6.41=6.41,
#t834_8.28=8.28,
#t34_7.46=7.46,
#t663_5.34=5.34,
#t650_5.67=5.67,
#t733_5.81=5.81,
#t127_10.76=10.76,
#t73_7.74=7.74,
#t128_9.84=9.84,
#t573_8.68=8.68,
#t301_7.19=7.19,
#t67_7.43=7.43,
#t568_8.01=8.01,
#t295_7.81=7.81,
#t39_7.11=7.11,
#t913_6.56=6.56,
#t499_8.04=8.04,
#t231_4.8=4.8,
#t89_6.67=6.67,
#t616_11.18=11.18,
#t135_8.77=8.77,
#t209_7.23=7.23,
#t714_6.05=6.05,
#t342_7.2=7.2,
#t357_6.67=6.67,
#t533_7.26=7.26,
#t749_7.14=7.14,
#t304_6.87=6.87,
#t880_7.12=7.12,
#t602_7.49=7.49,
#t198_6.1=6.1,
#t379_6.49=6.49,
#t553_6.64=6.64,
#t678_5.2=5.2,
#t765_5.84=5.84,
#t469_4.76=4.76,
#t46_11.48=11.48,
#t5_3.5=3.5,
#t988_7.42=7.42,
#t63_8.33=8.33,
#t9_4.48=4.48,
#t10_3.11=3.11,
#t850_9.71=9.71,
#t954_6.11=6.11,
#t702_6.36=6.36,
#t254_7.9=7.9,
#t674_4.8=4.8,
#t372_6.13=6.13,
#t484_4.72=4.72,
#t169_7.39=7.39,
#t495_6.14=6.14,
#t656_4.15=4.15,
#t680_5.61=5.61,
#t818_10.52=10.52,
#t189_8.18=8.18,
#t504_8.22=8.22,
#t18_4.99=4.99,
#t29_6.51=6.51,
#t308_9.32=9.32,
#t258_8.8=8.8,
#t406_7.46=7.46,
#t751_5.22=5.22,
#t363_3.53=3.53,
#t779_5.96=5.96,
#t145_9.45=9.45,
#t437_6.05=6.05,
#t679_5.51=5.51,
#t911_7.1=7.1,
#t492_4.41=4.41,
#t969_9.93=9.93,
#t251_7.84=7.84,
#t132_8.76=8.76,
#t401_6.82=6.82,
#t526_5.74=5.74,
#t862_8.41=8.41,
#t86_10.28=10.28,
#t188_8.83=8.83,
#t488_5.16=5.16,
#t446_6.57=6.57,
#t968_9.6=9.6,
#t253_7.85=7.85,
#t262_6.62=6.62,
#t152_9.82=9.82,
#t160_7.12=7.12,
#t923_8.02=8.02,
#t16_3.21=3.21,
#t775_6.08=6.08,
#t319_9.19=9.19,
#t578_7.22=7.22,
#t392_4.54=4.54,
#t631_8.02=8.02,
#t945_6.21=6.21,
#t952_6.39=6.39,
#t450_4.33=4.33,
#t486_6.13=6.13,
#t795_7.46=7.46,
#t429_7.29=7.29,
#t758_7.07=7.07,
#t184_4.79=4.79,
#t235_4.03=4.03,
#t6_2.45=2.45,
#t807_8.36=8.36,
#t653_3.06=3.06,
#t314_9.01=9.01,
#t735_6=6,
#t833_8.23=8.23,
#t348_4.85=4.85,
#t569_7.73=7.73,
#t59_8.36=8.36,
#t85_9.79=9.79,
#t92_7.35=7.35,
#t100_7.96=7.96,
#t349_4.95=4.95,
#t658_4.58=4.58,
#t419_7.97=7.97,
#t370_6.03=6.03,
#t769_5.74=5.74,
#t883_5.84=5.84,
#t329_6.62=6.62,
#t881_8.27=8.27,
#t673_4.78=4.78,
#t338_5.67=5.67,
#t404_6.86=6.86,
#t445_5.54=5.54,
#t819_9.83=9.83,
#t513_5.96=5.96,
#t74_9.78=9.78,
#t853_7.17=7.17,
#t153_9.55=9.55,
#t523_5.04=5.04,
#t946_5.92=5.92,
#t480_6.34=6.34,
#t261_8.23=8.23,
#t577_7.99=7.99,
#t741_6.88=6.88,
#t108_7.93=7.93,
#t610_9.59=9.59,
#t433_7.21=7.21,
#t645_6.2=6.2,
#t383_6.39=6.39,
#t102_8.56=8.56,
#t737_5.81=5.81,
#t407_7.76=7.76,
#t708_4.39=4.39,
#t516_5.41=5.41,
#t575_9.3=9.3,
#t730_6.81=6.81,
#t122_11.55=11.55,
#t621_7.63=7.63,
#t60_9.18=9.18,
#t22_5.55=5.55,
#t675_5.29=5.29,
#t561_6.55=6.55,
#t283_7.36=7.36,
#t634_7.07=7.07,
#t872_6.98=6.98,
#t922_8.87=8.87,
#t299_7.58=7.58,
#t312_8.57=8.57,
#t909_7.22=7.22,
#t307_8.4=8.4,
#t792_8.1=8.1,
#t624_6.77=6.77,
#t848_9.69=9.69,
#t327_6.7=6.7,
#t770_4.62=4.62,
#t15_3.31=3.31,
#t236_2.34=2.34,
#t506_7.57=7.57,
#t766_6.34=6.34,
#t651_5.61=5.61,
#t435_4.97=4.97,
#t894_7.16=7.16,
#t19_5.21=5.21,
#t4_3.49=3.49,
#t207_6.36=6.36,
#t662_6.03=6.03,
#t356_8.41=8.41,
#t628_6.51=6.51,
#t949_6.3=6.3,
#t681_5.39=5.39,
#t201_4.67=4.67,
#t502_8.02=8.02,
#t457_4.83=4.83,
#t281_7.38=7.38,
#t990_7.4=7.4,
#t366_5.37=5.37,
#t810_9.96=9.96,
#t646_6.71=6.71,
#t852_6.8=6.8,
#t864_8.59=8.59,
#t478_5.08=5.08,
#t545_7.12=7.12,
#t832_8.02=8.02,
#t887_8.44=8.44,
#t297_7.22=7.22,
#t562_7.8=7.8,
#t465_4.05=4.05,
#t101_8.12=8.12,
#t544_6.42=6.42,
#t80_11.63=11.63,
#t713_6=6,
#t156_8.03=8.03,
#t138_9.43=9.43,
#t467_5.98=5.98,
#t979_7.26=7.26,
#t210_6.98=6.98,
#t787_6.19=6.19,
#t886_6.87=6.87,
#t861_8.38=8.38,
#t118_9.27=9.27,
#t264_6.41=6.41,
#t56_8.34=8.34,
#t47_10.59=10.59,
#t194_7.32=7.32,
#t452_4.81=4.81,
#t824_9.44=9.44,
#t934_7.66=7.66,
#t228_4.71=4.71,
#t125_10.26=10.26,
#t904_9.19=9.19,
#t288_6.47=6.47,
#t24_6.32=6.32,
#t402_7.7=7.7,
#t797_5.85=5.85,
#t244_5.46=5.46,
#t696_5.75=5.75,
#t896_8.71=8.71,
#t717_7.84=7.84,
#t302_7.96=7.96,
#t593_8.09=8.09,
#t381_7.57=7.57,
#t632_7.62=7.62,
#t265_6.82=6.82,
#t579_7.13=7.13,
#t975_6.37=6.37,
#t374_5.43=5.43,
#t463_3.87=3.87,
#t744_6.99=6.99,
#t416_7.21=7.21,
#t580_7.48=7.48,
#t501_8.09=8.09,
#t427_7.18=7.18,
#t174_8.48=8.48,
#t31_5.96=5.96,
#t292_6.2=6.2,
#t347_5.4=5.4,
#t876_9.44=9.44,
#t91_7.23=7.23,
#t560_7.46=7.46,
#t667_4.16=4.16,
#t701_5.71=5.71,
#t900_8.86=8.86,
#t995_8.93=8.93,
#t919_7.03=7.03,
#t267_6.24=6.24,
#t875_9.14=9.14,
#t972_8.78=8.78,
#t294_8.12=8.12,
#t455_4.6=4.6,
#t639_6.17=6.17,
#t2_2.28=2.28,
#t415_7.27=7.27,
#t960_7.83=7.83,
#t592_6.57=6.57,
#t704_5.78=5.78,
#t111_9.47=9.47,
#t806_8.96=8.96,
#t821_10.49=10.49,
#t982_10.05=10.05,
#t623_6.58=6.58,
#t756_6.72=6.72,
#t695_5.53=5.53,
#t980_6.83=6.83,
#t835_9.4=9.4,
#t17_4.71=4.71,
#t846_8.88=8.88,
#t389_4.68=4.68,
#t603_7.4=7.4,
#t271_5.46=5.46,
#t276_9.04=9.04,
#t654_3.41=3.41,
#t727_6.85=6.85,
#t423_5.64=5.64,
#t910_6.38=6.38,
#t584_8.04=8.04,
#t659_5.48=5.48,
#t899_9.04=9.04,
#t219_5.2=5.2,
#t507_7.49=7.49,
#t400_5.61=5.61,
#t992_7.83=7.83,
#t206_5.88=5.88,
#t239_3.37=3.37,
#t350_5.36=5.36,
#t851_8.04=8.04,
#t358_6.76=6.76,
#t197_5.81=5.81,
#t905_7.81=7.81,
#t50_8.81=8.81,
#t200_5.89=5.89,
#t361_6.58=6.58,
#t594_8.74=8.74,
#t686_5.27=5.27,
#t619_9.5=9.5,
#t505_8.24=8.24,
#t72_7.42=7.42,
#t109_9.4=9.4,
#t181_7.1=7.1,
#t549_5.87=5.87,
#t617_10.55=10.55,
#t637_8.57=8.57,
#t165_6.94=6.94,
#t328_6.74=6.74,
#t571_8.43=8.43,
#t104_8.52=8.52,
#t510_6.79=6.79,
#t522_5.78=5.78,
#t855_7.05=7.05,
#t35_7.14=7.14,
#t697_5.48=5.48,
#t205_7.72=7.72,
#t240_2.25=2.25,
#t638_6.87=6.87,
#t64_8.64=8.64,
#t739_6.75=6.75,
#t137_8.84=8.84,
#t936_7.97=7.97,
#t471_4.11=4.11,
#t870_7.4=7.4,
#t242_6.72=6.72,
#t895_9.28=9.28,
#t556_6.9=6.9,
#t191_7.66=7.66,
#t333_5.95=5.95,
#t767_6.52=6.52,
#t12_2.03=2.03,
#t346_5.27=5.27,
#t626_6.45=6.45,
#t243_6.41=6.41,
#t684_6.05=6.05,
#t503_7.41=7.41,
#t970_9.32=9.32,
#t249_8.61=8.61,
#t685_5.74=5.74,
#t738_6.99=6.99,
#t14_3.73=3.73,
#t192_6.24=6.24,
#t647_6.8=6.8,
#t711_5.25=5.25,
#t802_9.4=9.4,
#t475_6.6=6.6,
#t929_7.33=7.33,
#t97_7.67=7.67,
#t997_9.18=9.18,
#t57_7.81=7.81,
#t961_7.73=7.73,
#t598_8.59=8.59,
#t723_8.31=8.31,
#t596_8.18=8.18,
#t106_9.41=9.41,
#t558_6.57=6.57,
#t640_6.06=6.06,
#t221_6.06=6.06,
#t268_7.27=7.27,
#t817_10.47=10.47,
#t432_7.48=7.48,
#t937_7.2=7.2,
#t278_7.02=7.02,
#t965_8.69=8.69,
#t26_6.43=6.43,
#t421_8=8,
#t698_6.21=6.21,
#t781_4.89=4.89,
#t830_8.44=8.44,
#t515_5.73=5.73,
#t822_10.52=10.52,
#t190_8.09=8.09,
#t903_9.51=9.51,
#t742_6.89=6.89,
#t660_5.81=5.81,
#t826_10.37=10.37,
#t88_9.51=9.51,
#t195_6.95=6.95,
#t944_6.19=6.19,
#t309_9.76=9.76,
#t716_8.24=8.24,
#t290_5.98=5.98,
#t493_3.34=3.34,
#t657_4.51=4.51,
#t863_8.34=8.34,
#t691_6.44=6.44,
#t820_9.56=9.56,
#t440_5.03=5.03,
#t760_4.61=4.61,
#t867_6.99=6.99,
#t574_8.81=8.81,
#t983_9.33=9.33,
#t668_4.25=4.25,
#t490_4.31=4.31,
#t535_7.41=7.41,
#t607_9.22=9.22,
#t902_9.08=9.08,
#t705_6.07=6.07,
#t237_2.69=2.69,
#t873_7.05=7.05,
#t845_8.31=8.31,
#t871_8.25=8.25,
#t613_9.17=9.17,
#t938_7.09=7.09,
#t666_3.88=3.88,
#t712_5.05=5.05,
#t676_5.81=5.81,
#t107_8.42=8.42,
#t178_7.29=7.29,
#t388_5.62=5.62,
#t551_6.58=6.58,
#t147_8.2=8.2,
#t661_5.77=5.77,
#t547_6.32=6.32,
#t614_9.46=9.46,
#t985_8.22=8.22,
#t630_7.98=7.98,
#t743_6.26=6.26,
#t986_7.2=7.2,
#t971_8.85=8.85,
#t75_9.72=9.72,
#t778_5.5=5.5,
#t764_7.08=7.08,
#t932_7.47=7.47,
#t449_5.21=5.21,
#t740_6.53=6.53,
#t531_5.53=5.53,
#t724_8.73=8.73,
#t925_8.8=8.8,
#t897_8.29=8.29,
#t112_8.74=8.74,
#t823_10.54=10.54,
#t119_9.35=9.35,
#t885_6.77=6.77,
#t124_10.3=10.3,
#t303_7.3=7.3,
#t620_9.74=9.74,
#t688_3.83=3.83,
#t745_5.4=5.4,
#t554_6.58=6.58,
#t567_8.03=8.03,
#t485_4.28=4.28,
#t187_8.39=8.39,
#t809_10.15=10.15,
#t459_4.7=4.7,
#t21_5.86=5.86,
#t517_5.64=5.64,
#t649_5.2=5.2,
#t179_7.15=7.15,
#t143_7.57=7.57,
#t163_6.78=6.78,
#t293_6.66=6.66,
#t586_6.81=6.81,
#t951_6.87=6.87,
#t270_5.93=5.93,
#t391_4.89=4.89,
#t208_6.98=6.98,
#t943_6.68=6.68,
#t839_7.58=7.58,
#t272_6.87=6.87,
#t408_5.79=5.79,
#t920_6.96=6.96,
#t214_6.76=6.76,
#t508_6.84=6.84,
#t234_4.26=4.26,
#t525_6.44=6.44,
#t589_8.04=8.04,
#t130_10.36=10.36,
#t785_6.39=6.39,
#t434_5.37=5.37,
#t939_6.95=6.95,
#t732_5.62=5.62,
#t418_7.11=7.11,
#t263_6.75=6.75,
#t941_6.46=6.46,
#t322_8.59=8.59,
#t627_6.59=6.59,
#t390_4.93=4.93,
#t719_8.44=8.44,
#t804_9.45=9.45,
#t177_7.83=7.83,
#t232_4.23=4.23,
#t30_6.45=6.45,
#t772_5.59=5.59,
#t999_4.83=4.83,
#t889_8.02=8.02,
#t898_8.66=8.66,
#t341_6.98=6.98,
#t734_5.76=5.76,
#t186_5.29=5.29,
#t448_6.33=6.33,
#t343_6.14=6.14,
#t425_6.68=6.68,
#t842_9.84=9.84,
#t238_3.34=3.34,
#t398_6.16=6.16,
#t682_5.37=5.37,
#t906_8.05=8.05,
#t311_9.79=9.79,
#t364_4.21=4.21,
#t182_6.84=6.84,
#t368_5.24=5.24,
#t196_6.61=6.61,
#t550_6.33=6.33,
#t217_4.95=4.95,
#t3_2.26=2.26,
#t998_8.12=8.12,
#t352_8.88=8.88,
#t126_10.46=10.46,
#t331_5.79=5.79,
#t140_10.52=10.52,
#t173_7.93=7.93,
#t375_4.74=4.74,
#t582_8.57=8.57,
#t858_9.02=9.02,
#t105_9.71=9.71,
#t305_9.07=9.07,
#t748_5.8=5.8,
#t229_4.62=4.62,
#t172_6.99=6.99,
#t981_8.63=8.63,
#t337_7.89=7.89,
#t424_6.08=6.08,
#t53_8.02=8.02,
#t155_8.44=8.44,
#t369_4.76=4.76,
#t599_7.59=7.59,
#t396_6.37=6.37,
#t414_7.66=7.66,
#t487_6.44=6.44,
#t706_3.3=3.3,
#t588_6.75=6.75,
#t655_4=4,
#t171_7.7=7.7,
#t230_4.63=4.63,
#t27_5.9=5.9,
#t378_7.67=7.67,
#t99_7.78=7.78,
#t921_8=8,
#t300_7.1=7.1,
#t460_4.13=4.13,
#t546_6.48=6.48,
#t566_8.89=8.89,
#t339_6.01=6.01,
#t725_8.06=8.06,
#t296_7.56=7.56,
#t32_6.06=6.06,
#t365_5.58=5.58,
#t595_8.09=8.09,
#t399_5.79=5.79,
#t622_7.93=7.93,
#t841_9.77=9.77,
#t353_8.12=8.12,
#t491_4.68=4.68,
#t524_5.46=5.46,
#t367_4.76=4.76,
#t789_6.41=6.41,
#t468_5.39=5.39,
#t45_9.94=9.94,
#t385_5.54=5.54,
#t211_6.72=6.72,
#t351_5.37=5.37,
#t907_7.99=7.99,
#t926_8.85=8.85,
#t282_7.92=7.92,
#t345_3.73=3.73,
#t703_6.47=6.47,
#t68_8.34=8.34,
#t780_4.73=4.73,
#t40_10.16=10.16,
#t878_8.39=8.39,
#t323_8.86=8.86,
#t572_8.66=8.66,
#t405_7.36=7.36,
#t426_7.48=7.48,
#t707_4.52=4.52,
#t884_6.36=6.36,
#t71_10.24=10.24,
#t215_4.84=4.84,
#t576_9.09=9.09,
#t559_7.52=7.52,
#t564_8.57=8.57,
#t110_9.75=9.75,
#t963_6.93=6.93,
#t170_7.63=7.63,
#t259_8.33=8.33,
#t325_9.5=9.5,
#t456_5.29=5.29,
#t11_1.74=1.74,
#t948_6.07=6.07,
#t849_10.06=10.06,
#t482_4.3=4.3,
#t930_8.44=8.44,
#t548_5.89=5.89,
#t134_8.41=8.41,
#t563_7.6=7.6,
#t604_7.8=7.8,
#t994_8.02=8.02,
#t66_7.73=7.73,
#t116_8.2=8.2,
#t430_6.32=6.32,
#t280_6.46=6.46,
#t552_5.28=5.28,
#t771_6.19=6.19,
#t168_7.8=7.8,
#t794_7.01=7.01,
#t355_8.26=8.26,
#t69_9.46=9.46,
#t79_11.2=11.2,
#t956_7.21=7.21,
#t115_8.59=8.59,
#t597_8.51=8.51,
#t129_10.95=10.95,
#t537_7.62=7.62,
#t55_8.99=8.99,
#t591_6.97=6.97,
#t606_8.72=8.72,
#t409_7.47=7.47,
#t521_6.58=6.58,
#t204_7.52=7.52,
#t530_6.32=6.32,
#t247_7.14=7.14,
#t693_4.57=4.57,
#t176_7.97=7.97,
#t82_11.99=11.99,
#t330_6.67=6.67,
#t915_7.52=7.52,
#t912_7.88=7.88,
#t131_8.69=8.69,
#t752_6.52=6.52,
#t133_9.14=9.14,
#t285_5.8=5.8,
#t665_3.98=3.98,
#t859_9.11=9.11,
#t453_5.41=5.41,
#t542_8.93=8.93,
#t233_4.85=4.85,
#t273_8.39=8.39,
#t371_6=6,
#t462_3.36=3.36,
#t869_7.34=7.34,
#t420_8.64=8.64,
#t193_6.75=6.75,
#t481_4.67=4.67,
#t991_7.2=7.2,
#t266_7=7,
#t315_9.04=9.04,
#t601_7.17=7.17,
#t633_6.62=6.62,
#t120_9.39=9.39,
#t386_5.4=5.4,
#t916_8.16=8.16,
#t498_6.19=6.19,
#t54_9.01=9.01,
#t958_7.88=7.88,
#t466_5.78=5.78,
#t625_6.83=6.83,
#t256_6.65=6.65,
#t710_4.87=4.87,
#t715_6.62=6.62,
#t241_6.22=6.22,
#t672_3.82=3.82,
#t142_7.69=7.69,
#t222_6.61=6.61,
#t615_8.21=8.21,
#t692_6.51=6.51,
#t393_4.33=4.33,
#t443_5.65=5.65,
#t689_5.13=5.13,
#t587_6.98=6.98,
#t763_6.91=6.91,
#t974_9.65=9.65,
#t519_5.62=5.62,
#t670_4.17=4.17,
#t590_7.68=7.68,
#t642_7.57=7.57,
#t164_7.05=7.05,
#t801_9.4=9.4,
#t98_7.98=7.98,
#t227_5.84=5.84,
#t543_8.61=8.61,
#t750_6.86=6.86,
#t246_5.54=5.54,
#t609_8.47=8.47,
#t461_3.51=3.51,
#t718_7.94=7.94,
#t538_7.89=7.89,
#t520_5.95=5.95,
#t891_7.92=7.92,
#t8_4.53=4.53,
#t635_6.87=6.87,
#t890_7.8=7.8,
#t973_9.44=9.44,
#t671_3.81=3.81,
#t20_5.73=5.73,
#t287_6.53=6.53,
#t927_7.69=7.69,
#t690_5.38=5.38,
#t464_4.35=4.35,
#t768_6.07=6.07,
#t532_5.97=5.97,
#t541_8.41=8.41
#                                      <taxa id="TaxonSet.dummy_aln" spec="beast.evolution.alignment.TaxonSet">
#                        </taxa>
#                    </trait>
#                    <taxonset idref="TaxonSet.dummy_aln"/>
#                </tree>
#            </treeIntervals>
#        </distribution>
#        <prior id="ClockPrior.c:dummy_aln" name="distribution">
#            <parameter id="clockRate.c:dummy_aln" name="x">1.0</parameter>
#            <Uniform id="Uniform.0" name="distr" upper="Infinity"/>
#        </prior>
#        <prior id="PopSizePrior.t:dummy_aln" name="distribution" x="@popSize.t:dummy_aln">
#            <Normal id="Normal.01" name="distr">
#                <parameter estimate="false" id="RealParameter.02" name="mean">1827.7</parameter>
#                <parameter estimate="false" id="RealParameter.03" name="sigma">43.09</parameter>
#            </Normal>
#        </prior>
#    </distribution>
#</input>
#
Sample	posterior	likelihood	prior	treeLikelihood	TreeHeight	clockRate	popSize	CoalescentConstant.
0	-7852.930563621014	NaN	-7852.930563621014	NaN	18.921507936942557	1.0	1827.7	-7848.248334136181
5000	-7464.995743442046	NaN	-7464.995743442046	NaN	871.6073606350586	61.566733738721375	689.8087303572477	-7111.6403305756885
10000	-7374.683373789098	NaN	-7374.683373789098	NaN	607.8485683364074	4188.266412137494	571.4598938429727	-6945.027179252836
15000	-7349.193234858693	NaN	-7349.193234858693	NaN	648.2002469420024	903635.4822729903	506.82766032419204	-6874.683208668254
20000	-7356.486459786075	NaN	-7356.486459786075	NaN	1011.5884652331438	224742.07330731227	511.0807754181449	-6884.997186702134
25000	-7420.264273348084	NaN	-7420.264273348084	NaN	576.3399074601234	19776.816510499288	596.575574458019	-7007.430999796997
30000	-7509.569293496513	NaN	-7509.569293496513	NaN	1120.420001446896	1.38005754329746E11	826.5495456983571	-7234.979090994666
35000	-7584.786543294826	NaN	-7584.786543294826	NaN	1937.4373508540466	5.402408474784337E24	937.504352713458	-7366.707491040145
40000	-7650.564210882092	NaN	-7650.564210882092	NaN	2849.9912956870485	1.0178667172423114E36	994.9492516967657	-7459.13779978221
45000	-7756.224212226743	NaN	-7756.224212226743	NaN	2062.89932645812	4.8407071389886195E48	1221.5693166035326	-7652.607074620914
50000	-7825.57753156112	NaN	-7825.57753156112	NaN	2403.682946337054	5.035483249148997E66	1206.9379487749713	-7717.126372881987
55000	-7943.273048707921	NaN	-7943.273048707921	NaN	4347.93160360948	2.734623456867311E78	1388.078717268324	-7886.5463678969645
60000	-8060.9434119427115	NaN	-8060.9434119427115	NaN	3980.5142682038663	1.763845451967823E94	1543.4654406677378	-8034.505596786671
65000	-8201.240537492116	NaN	-8201.240537492116	NaN	4147.179174018579	5.215228945385037E116	1580.100531762859	-8180.049472836989
70000	-8256.179967253529	NaN	-8256.179967253529	NaN	7638.627353788538	6.664276364898126E131	1686.705242502814	-8246.144420955907
75000	-8282.313866037357	NaN	-8282.313866037357	NaN	1894.9461931708036	2.7329186652704566E150	1668.162922758782	-8270.777696856916
80000	-8368.207990262505	NaN	-8368.207990262505	NaN	3359.3424392756283	4.992027938165031E158	1730.8269454738645	-8360.998657426058
85000	-8396.346978488726	NaN	-8396.346978488726	NaN	5786.187094781984	6.85753475157251E165	1704.8302753792293	-8387.599316210833
90000	-8405.700459318337	NaN	-8405.700459318337	NaN	1403.113790380713	5.7767226080209976E178	1751.6648529343418	-8399.461383326083
95000	-8439.263521665936	NaN	-8439.263521665936	NaN	2889.367336433425	2.035232620865796E197	1733.3675743451454	-8432.185004141296
100000	-8432.428298383153	NaN	-8432.428298383153	NaN	3060.518877656157	2.5382482591609473E213	1780.4307554515854	-8427.144376757049
105000	-8465.163690285697	NaN	-8465.163690285697	NaN	5792.91317036251	6.2562902568476485E233	1822.8210020374358	-8460.475050501827
110000	-8426.83902030602	NaN	-8426.83902030602	NaN	3649.1103187984995	4.6692150845110615E252	1801.7452604036728	-8421.975385355494
115000	-8426.375242936341	NaN	-8426.375242936341	NaN	2463.25485002214	6.626570609239051E266	1754.8776119173376	-8420.264952152816
120000	-8434.56096634825	NaN	-8434.56096634825	NaN	6455.357452979728	2.702835297124774E279	1855.5004950085536	-8429.670612906613
125000	-8450.000941704075	NaN	-8450.000941704075	NaN	1916.123688331147	6.452803320349753E286	1814.5557611107542	-8445.27218705625
130000	-8481.06620627839	NaN	-8481.06620627839	NaN	1375.6506044642658	9.576704569995648E305	1798.8276829792562	-8476.159495430107
135000	-8487.09795122528	NaN	-8487.09795122528	NaN	2205.4327165903555	Infinity	1793.278376726277	-8482.096656340893
140000	-8478.832887004872	NaN	-8478.832887004872	NaN	4399.436912436369	Infinity	1810.2972956285562	-8474.069102537045
145000	-8454.25904706018	NaN	-8454.25904706018	NaN	2282.927948303071	Infinity	1788.9113320267215	-8449.171657402263
150000	-8467.946908907168	NaN	-8467.946908907168	NaN	2536.5598316874903	Infinity	1804.370194560134	-8463.118111392492
155000	-8494.080888492172	NaN	-8494.080888492172	NaN	2668.185314709952	Infinity	1856.3284097785247	-8489.177954366132
160000	-8528.823085793041	NaN	-8528.823085793041	NaN	1742.3962565623451	Infinity	1791.456807331308	-8523.787127922862
165000	-8515.923221770438	NaN	-8515.923221770438	NaN	3091.0820838077943	Infinity	1803.2293830495207	-8511.07973963805
170000	-8556.050317330546	NaN	-8556.050317330546	NaN	5486.682765522481	Infinity	1874.6061683293049	-8550.775603429724
175000	-8588.95328260979	NaN	-8588.95328260979	NaN	2610.905863733593	Infinity	1844.7873608741281	-8584.192426977004
180000	-8539.003484917745	NaN	-8539.003484917745	NaN	2080.1373223042824	Infinity	1854.4273183126948	-8534.128889666068
185000	-8543.753522839155	NaN	-8543.753522839155	NaN	2022.5050461523763	Infinity	1889.2599912864075	-8538.050790754325
190000	-8504.887883519588	NaN	-8504.887883519588	NaN	1641.5499987628496	Infinity	1838.2150365912273	-8500.175879938173
195000	-8525.108972157772	NaN	-8525.108972157772	NaN	4632.123547124101	Infinity	1825.8385118636284	-8520.425809552802
200000	-8562.923583891828	NaN	-8562.923583891828	NaN	2365.466738463384	Infinity	1879.0909746523482	-8557.530156082432
205000	-8584.806897249222	NaN	-8584.806897249222	NaN	2436.532888308096	Infinity	1935.0466364178537	-8577.021581150157
210000	-8566.624468188122	NaN	-8566.624468188122	NaN	1292.5028055339505	Infinity	1880.3480700832818	-8561.195821005731
215000	-8554.588913163245	NaN	-8554.588913163245	NaN	3227.1294716722605	Infinity	1911.7823196742434	-8548.002861484707
220000	-8570.354937312502	NaN	-8570.354937312502	NaN	4036.5433982605273	Infinity	1877.0933465270748	-8565.015725148882
225000	-8538.680789593194	NaN	-8538.680789593194	NaN	2379.0031093311986	Infinity	1835.6994551441423	-8533.981328023245
230000	-8529.632146781305	NaN	-8529.632146781305	NaN	5931.415792228779	Infinity	1836.55933632939	-8524.928781462215
235000	-8513.213363834018	NaN	-8513.213363834018	NaN	3044.8601144517847	Infinity	1789.6925648388149	-8508.142130281394
240000	-8505.812517806684	NaN	-8505.812517806684	NaN	3161.4013047155045	Infinity	1808.4031788456064	-8501.030014271035
245000	-8531.177545117524	NaN	-8531.177545117524	NaN	4199.19422108796	Infinity	1842.3814785327302	-8526.437271730045
250000	-8498.77126277924	NaN	-8498.77126277924	NaN	4622.003730641804	Infinity	1787.2700212937743	-8493.648859643985
255000	-8457.977189533955	NaN	-8457.977189533955	NaN	1526.2721515974713	Infinity	1809.106041709494	-8453.201857682434
260000	-8457.791250463019	NaN	-8457.791250463019	NaN	5461.402742454072	Infinity	1801.0845741658454	-8452.918262497718
265000	-8481.149168704485	NaN	-8481.149168704485	NaN	2105.6416490015195	Infinity	1781.8477465397534	-8475.90078025943
270000	-8512.831428842921	NaN	-8512.831428842921	NaN	1528.327553077721	Infinity	1907.6669387290256	-8506.427180283532
275000	-8520.14732584533	NaN	-8520.14732584533	NaN	1130.3230373908425	Infinity	1776.2603063276185	-8514.752548954333
280000	-8551.886836824267	NaN	-8551.886836824267	NaN	4232.259758077693	Infinity	1844.3880021457612	-8547.129613479035
285000	-8519.786330385445	NaN	-8519.786330385445	NaN	6084.619597273507	Infinity	1904.631118171737	-8513.510347568334
290000	-8498.151393397178	NaN	-8498.151393397178	NaN	3748.5149749887005	Infinity	1853.7284161414398	-8493.286727089917
295000	-8466.351745964139	NaN	-8466.351745964139	NaN	3729.04400606421	Infinity	1775.1926903327226	-8460.927084706118
300000	-8491.953702565936	NaN	-8491.953702565936	NaN	5455.170510058168	Infinity	1797.6290003177469	-8487.027965353294
305000	-8485.889421798218	NaN	-8485.889421798218	NaN	3106.0232543447046	Infinity	1791.9831179009618	-8480.863662766518
310000	-8462.529471839305	NaN	-8462.529471839305	NaN	3068.391629179556	Infinity	1760.2293697766377	-8456.621366334259
315000	-8518.37745998074	NaN	-8518.37745998074	NaN	3567.3926177444546	Infinity	1812.6001772362845	-8513.633831578227
320000	-8503.436645831189	NaN	-8503.436645831189	NaN	2265.8765687879372	Infinity	1799.6665218843566	-8498.542789390804
325000	-8523.403225437225	NaN	-8523.403225437225	NaN	3384.0288454583447	Infinity	1858.1592815075207	-8518.471159200182
330000	-8525.259611575659	NaN	-8525.259611575659	NaN	2447.53511962154	Infinity	1753.8788376684	-8519.109879846448
335000	-8543.658233771886	NaN	-8543.658233771886	NaN	4134.210631911766	Infinity	1837.5624281675118	-8538.949811318455
340000	-8516.969576958458	NaN	-8516.969576958458	NaN	1724.976295527414	Infinity	1826.143792944345	-8512.286695317202
345000	-8541.827527364414	NaN	-8541.827527364414	NaN	2165.522761748441	Infinity	1818.224630085941	-8537.121120492513
350000	-8550.781736054632	NaN	-8550.781736054632	NaN	3309.126510661868	Infinity	1852.4761300799591	-8545.93420234201
355000	-8539.267409755865	NaN	-8539.267409755865	NaN	3310.1539032663486	Infinity	1881.7087299460218	-8533.799682520857
360000	-8539.206353668818	NaN	-8539.206353668818	NaN	3763.976641914795	Infinity	1857.1172156003731	-8534.29108972614
365000	-8533.957234926176	NaN	-8533.957234926176	NaN	5435.553072253621	Infinity	1813.032642919709	-8529.217073144626
370000	-8541.748404799968	NaN	-8541.748404799968	NaN	1642.9154334930824	Infinity	1874.750432288974	-8536.470040821021
375000	-8557.374268917034	NaN	-8557.374268917034	NaN	3302.1734757285276	Infinity	1844.5689208759022	-8552.615410703856
380000	-8505.715671289627	NaN	-8505.715671289627	NaN	2248.398873170693	Infinity	1857.342959886271	-8500.796817065331
385000	-8492.301326688661	NaN	-8492.301326688661	NaN	1873.4318601333707	Infinity	1830.9337313286774	-8487.616281254184
390000	-8497.142838103748	NaN	-8497.142838103748	NaN	4046.7859074791554	Infinity	1782.317848018219	-8491.905999267627
395000	-8470.739447250218	NaN	-8470.739447250218	NaN	3284.286409900579	Infinity	1776.2353056604402	-8465.343977567789
400000	-8478.544162531922	NaN	-8478.544162531922	NaN	3911.275290727144	Infinity	1868.8751256796495	-8473.40538458617
405000	-8471.745893995685	NaN	-8471.745893995685	NaN	2083.9356578405423	Infinity	1826.604708121497	-8467.063341455641
410000	-8526.09347630883	NaN	-8526.09347630883	NaN	4802.470449392828	Infinity	1817.9414991345452	-8521.385602974102
415000	-8517.296793765145	NaN	-8517.296793765145	NaN	5914.742287426016	Infinity	1854.9005912551545	-8512.415325577811
420000	-8552.207036533113	NaN	-8552.207036533113	NaN	2387.9559631641305	Infinity	1901.8644455662225	-8546.043624709613
425000	-8545.487163269843	NaN	-8545.487163269843	NaN	1521.5647670780013	Infinity	1847.803591402082	-8540.696099854533
430000	-8554.392865531303	NaN	-8554.392865531303	NaN	3671.4872299707827	Infinity	1874.9879228322018	-8549.10846829798
435000	-8561.3863385918	NaN	-8561.3863385918	NaN	7465.194913456658	Infinity	1852.0225610346408	-8556.544801827944
440000	-8551.97760476204	NaN	-8551.97760476204	NaN	3943.742280924608	Infinity	1790.5147863172585	-8546.923019943539
445000	-8508.79449622404	NaN	-8508.79449622404	NaN	2425.912811402422	Infinity	1852.280036984685	-8503.94956878945
450000	-8498.804623460475	NaN	-8498.804623460475	NaN	3364.3529554808833	Infinity	1781.4087544093977	-8493.545342242473
455000	-8503.11145348896	NaN	-8503.11145348896	NaN	1868.656284597927	Infinity	1803.6866442945857	-8498.273941429115
460000	-8484.993727390387	NaN	-8484.993727390387	NaN	1880.297561375907	Infinity	1789.6083648427334	-8479.920768363687
465000	-8491.841402136108	NaN	-8491.841402136108	NaN	2106.1637909014794	Infinity	1838.7680629329848	-8487.126184326933
470000	-8458.8337180986	NaN	-8458.8337180986	NaN	7759.125214732353	Infinity	1789.0060524318053	-8453.74830479513
475000	-8451.94820076607	NaN	-8451.94820076607	NaN	3278.112908066986	Infinity	1793.9433947339253	-8446.959115332633
480000	-8488.724738042061	NaN	-8488.724738042061	NaN	2184.3531836566895	Infinity	1881.83025506656	-8483.25347193089
485000	-8465.09977981889	NaN	-8465.09977981889	NaN	1132.7145676690984	Infinity	1790.2305490825104	-8460.039480807001
490000	-8493.782271842616	NaN	-8493.782271842616	NaN	2988.1626036097377	Infinity	1814.112967176147	-8489.050329782083
495000	-8475.266671322383	NaN	-8475.266671322383	NaN	6079.304761173129	Infinity	1838.4895081948018	-8470.553093081333
500000	-8485.816236209652	NaN	-8485.816236209652	NaN	1287.0999563263583	Infinity	1784.1558120214388	-8480.623410724556
505000	-8490.075460132412	NaN	-8490.075460132412	NaN	3333.688710120252	Infinity	1775.3777430123632	-8484.65602279039
510000	-8501.000584329382	NaN	-8501.000584329382	NaN	2834.5294608293675	Infinity	1795.7239070201686	-8496.043015792835
515000	-8511.550323651789	NaN	-8511.550323651789	NaN	3645.833398109816	Infinity	1830.7594232234012	-8506.865573612213
520000	-8505.208003584246	NaN	-8505.208003584246	NaN	4355.740675363163	Infinity	1827.3278144989515	-8500.525736797088
525000	-8505.835318767546	NaN	-8505.835318767546	NaN	8266.472120063438	Infinity	1793.3399590577008	-8500.835164515871
530000	-8513.918853932246	NaN	-8513.918853932246	NaN	5548.9471959094335	Infinity	1817.4675428068065	-8509.208429136426
535000	-8521.214946708471	NaN	-8521.214946708471	NaN	2045.1330079560455	Infinity	1921.4510844558156	-8514.165873321484
540000	-8536.976448709147	NaN	-8536.976448709147	NaN	2642.9723286392577	Infinity	1819.6695405433422	-8532.276853304003
545000	-8566.428769481083	NaN	-8566.428769481083	NaN	845.590240797627	Infinity	1889.2335772805384	-8560.726912957736
550000	-8533.055367159339	NaN	-8533.055367159339	NaN	2650.073288767848	Infinity	1875.252066483245	-8527.764223889479
555000	-8512.402993163169	NaN	-8512.402993163169	NaN	6863.757729609572	Infinity	1851.938563797434	-8507.56255482519
560000	-8495.153760588175	NaN	-8495.153760588175	NaN	1934.4672312684272	Infinity	1787.662793617466	-8490.03986837674
565000	-8480.063590600948	NaN	-8480.063590600948	NaN	6554.83683085176	Infinity	1837.7563065155227	-8475.354128208019
570000	-8472.903041650761	NaN	-8472.903041650761	NaN	2165.871957635461	Infinity	1807.4874635932158	-8468.110795457686
575000	-8458.03603931246	NaN	-8458.03603931246	NaN	3462.218321277438	Infinity	1823.6645402309773	-8453.349424489748
580000	-8483.298886343533	NaN	-8483.298886343533	NaN	4707.910151410597	Infinity	1780.775343850587	-8478.02370530142
585000	-8482.527964334646	NaN	-8482.527964334646	NaN	9097.42827969723	Infinity	1833.02432482495	-8477.838100956222
590000	-8548.679078150166	NaN	-8548.679078150166	NaN	2699.686298666292	Infinity	1846.7375950846601	-8543.899250604883
595000	-8586.477907585731	NaN	-8586.477907585731	NaN	1238.4485097947263	Infinity	1807.9613468009165	-8581.69075960654
600000	-8542.781894266562	NaN	-8542.781894266562	NaN	4782.5094572705475	Infinity	1860.042484487579	-8537.817979747872
605000	-8510.462588040327	NaN	-8510.462588040327	NaN	2303.6704994799443	Infinity	1844.1245525940858	-8505.707713825734
610000	-8523.591267899414	NaN	-8523.591267899414	NaN	2527.780087457788	Infinity	1851.9814844659427	-8518.75026876568
615000	-8535.030723425863	NaN	-8535.030723425863	NaN	6684.207063916838	Infinity	1804.5966367735523	-8530.204757320977
620000	-8524.084076488365	NaN	-8524.084076488365	NaN	2287.389063842553	Infinity	1836.2756403479575	-8519.382043130467
625000	-8506.159806308639	NaN	-8506.159806308639	NaN	3381.7226973638326	Infinity	1793.9171574658312	-8501.170243683224
630000	-8488.5886002728	NaN	-8488.5886002728	NaN	3460.1711589768597	Infinity	1752.5105421177193	-8482.383963258204
635000	-8528.74297961533	NaN	-8528.74297961533	NaN	3743.5149527957237	Infinity	1855.7339599728846	-8523.849115899726
640000	-8506.737301036816	NaN	-8506.737301036816	NaN	2867.70683225455	Infinity	1919.8510683726702	-8499.768326408088
645000	-8532.73306205122	NaN	-8532.73306205122	NaN	3818.3379947697626	Infinity	1854.7349224120667	-8527.854013452954
650000	-8544.711955627732	NaN	-8544.711955627732	NaN	4104.299993920815	Infinity	1836.7082833592347	-8540.007873644685
655000	-8533.862440314193	NaN	-8533.862440314193	NaN	2942.6188759274505	Infinity	1856.9580511057557	-8528.949691257398
660000	-8539.679895060955	NaN	-8539.679895060955	NaN	4094.343562500853	Infinity	1802.824585480237	-8534.831033859216
665000	-8563.835524897395	NaN	-8563.835524897395	NaN	2250.8084551355114	Infinity	1792.3159560702516	-8558.816138593922
670000	-8517.23402012089	NaN	-8517.23402012089	NaN	4697.874754150681	Infinity	1844.1695560491446	-8512.478747266185
675000	-8516.465481547844	NaN	-8516.465481547844	NaN	4625.687852330875	Infinity	1865.5302697895795	-8511.397866099145
680000	-8543.144349901722	NaN	-8543.144349901722	NaN	2813.276314272988	Infinity	1807.7857514884922	-8538.355326906834
685000	-8497.040137702126	NaN	-8497.040137702126	NaN	1622.27796172879	Infinity	1811.9871901044628	-8492.291423055733
690000	-8497.449632298045	NaN	-8497.449632298045	NaN	3156.5299217455313	Infinity	1828.9036956188422	-8492.767012646354
695000	-8499.964331628782	NaN	-8499.964331628782	NaN	4145.934005670038	Infinity	1805.0235795584617	-8495.143628851842
700000	-8520.80108043003	NaN	-8520.80108043003	NaN	5707.629033937066	Infinity	1780.235909093889	-8515.512188165916
705000	-8530.098721955022	NaN	-8530.098721955022	NaN	3164.545399309361	Infinity	1829.489351101621	-8525.415630269936
710000	-8544.474544824618	NaN	-8544.474544824618	NaN	2315.4167832792555	Infinity	1845.7283297180395	-8539.704791169861
715000	-8531.598809124673	NaN	-8531.598809124673	NaN	2376.8518510290164	Infinity	1859.3352393116447	-8526.647079332743
720000	-8523.778915642026	NaN	-8523.778915642026	NaN	3452.55880461339	Infinity	1864.7352559897754	-8518.727327980328
725000	-8508.981016984426	NaN	-8508.981016984426	NaN	4001.884473099367	Infinity	1809.7496398106664	-8504.212018747568
730000	-8524.908540079145	NaN	-8524.908540079145	NaN	4409.368872455672	Infinity	1844.5487897672267	-8520.149864651909
735000	-8534.741736874279	NaN	-8534.741736874279	NaN	3202.631997618511	Infinity	1826.1469546544142	-8530.058857880274
740000	-8526.4837734344	NaN	-8526.4837734344	NaN	3287.364278429993	Infinity	1796.7983415264996	-8521.544397464158
745000	-8507.321897676879	NaN	-8507.321897676879	NaN	5509.440861810857	Infinity	1772.7548424234399	-8501.826695678135
750000	-8512.152266864085	NaN	-8512.152266864085	NaN	9282.895396866963	Infinity	1828.386436839231	-8507.469910491945
755000	-8484.59704026655	NaN	-8484.59704026655	NaN	3599.9874021732353	Infinity	1777.7036269516257	-8479.241688423872
760000	-8522.241658724464	NaN	-8522.241658724464	NaN	3280.906303290471	Infinity	1862.710654415141	-8517.229350559983
765000	-8521.48033871617	NaN	-8521.48033871617	NaN	6679.756454503601	Infinity	1831.3045419168907	-8516.794610446976
770000	-8487.747484947355	NaN	-8487.747484947355	NaN	3746.428748538638	Infinity	1874.4868051919689	-8482.475782625557
775000	-8460.66366312518	NaN	-8460.66366312518	NaN	4143.704114561571	Infinity	1800.4394437994035	-8455.781315507907
780000	-8444.933261304619	NaN	-8444.933261304619	NaN	7197.192647173072	Infinity	1798.1793637868261	-8440.016355946836
785000	-8435.675675012193	NaN	-8435.675675012193	NaN	3327.338276351319	Infinity	1821.6001692183354	-8430.983425876455
790000	-8439.496271919608	NaN	-8439.496271919608	NaN	4400.293678904399	Infinity	1815.7452016965492	-8434.775556545797
795000	-8424.755376780298	NaN	-8424.755376780298	NaN	3531.48566787256	Infinity	1780.0860897226905	-8419.462648636036
800000	-8414.990008627472	NaN	-8414.990008627472	NaN	2720.4659682823362	Infinity	1791.9366767739095	-8409.96335566156
805000	-8476.037290922586	NaN	-8476.037290922586	NaN	7480.229894611548	Infinity	1832.2088857925971	-8471.349586798762
810000	-8505.654459232797	NaN	-8505.654459232797	NaN	2977.011610122221	Infinity	1801.7029848673892	-8500.790232848169
815000	-8465.548500595252	NaN	-8465.548500595252	NaN	4409.090253160214	Infinity	1785.6468191999343	-8460.390043340103
820000	-8483.899845220165	NaN	-8483.899845220165	NaN	5904.374923690353	Infinity	1821.2476806772127	-8479.20640462257
825000	-8468.588325959357	NaN	-8468.588325959357	NaN	2026.9774080644415	Infinity	1758.3054360869985	-8462.609311654689
830000	-8479.24147021564	NaN	-8479.24147021564	NaN	1872.571259667263	Infinity	1778.4263339774607	-8473.905437944286
835000	-8519.788408108032	NaN	-8519.788408108032	NaN	6283.315742327395	Infinity	1884.532695408276	-8514.23639039846
840000	-8520.149208068553	NaN	-8520.149208068553	NaN	6636.554642082113	Infinity	1826.9700327956555	-8515.466835093033
845000	-8527.722138811472	NaN	-8527.722138811472	NaN	1893.8594132486678	Infinity	1821.875665399811	-8523.030774303548
850000	-8528.250362456054	NaN	-8528.250362456054	NaN	2981.865243277028	Infinity	1808.4297164956588	-8523.468134531386
855000	-8523.025573825349	NaN	-8523.025573825349	NaN	3203.9194355689374	Infinity	1793.3189218761	-8518.025030151057
860000	-8527.248662988042	NaN	-8527.248662988042	NaN	4824.409153151546	Infinity	1872.145754631409	-8522.034475208826
865000	-8563.247525765515	NaN	-8563.247525765515	NaN	1839.0251266585772	Infinity	1894.3911693758469	-8557.367580749771
870000	-8579.974073056279	NaN	-8579.974073056279	NaN	1868.7150383301291	Infinity	1897.9512406916883	-8573.9628434721
875000	-8577.105459859913	NaN	-8577.105459859913	NaN	4526.312702930119	Infinity	1928.1406337432247	-8569.706566518864
880000	-8539.902119754277	NaN	-8539.902119754277	NaN	3091.2839931172116	Infinity	1870.9410652531562	-8534.716378316416
885000	-8532.378324723382	NaN	-8532.378324723382	NaN	1206.8700238393974	Infinity	1867.4898142773973	-8527.269750566316
890000	-8510.60455710742	NaN	-8510.60455710742	NaN	2019.6037066664105	Infinity	1900.4613431576588	-8504.496659526278
895000	-8509.02595544056	NaN	-8509.02595544056	NaN	1491.719211712576	Infinity	1796.5010194682754	-8504.081607366184
900000	-8530.164938837108	NaN	-8530.164938837108	NaN	5093.336829580574	Infinity	1817.6671215167148	-8525.4556031846
905000	-8539.281087503157	NaN	-8539.281087503157	NaN	3112.6411685113603	Infinity	1768.7644415905675	-8533.663513033986
910000	-8521.98265761567	NaN	-8521.98265761567	NaN	1028.8615227527873	Infinity	1835.342457400595	-8517.284699784295
915000	-8508.494661607043	NaN	-8508.494661607043	NaN	1041.1326386492033	Infinity	1806.846181716251	-8503.69532368488
920000	-8501.816008737713	NaN	-8501.816008737713	NaN	2684.4376105394867	Infinity	1867.806018622178	-8496.700631447391
925000	-8498.057465685684	NaN	-8498.057465685684	NaN	6470.982349077296	Infinity	1777.785160245509	-8492.704307487442
930000	-8472.460307995514	NaN	-8472.460307995514	NaN	1623.5772918199839	Infinity	1801.4555863082774	-8467.592601210335
935000	-8474.623428488401	NaN	-8474.623428488401	NaN	1994.9611280280644	Infinity	1854.5061057538992	-8469.747697444125
940000	-8502.016182612484	NaN	-8502.016182612484	NaN	5267.466818069947	Infinity	1855.9916412431335	-8497.11841043658
945000	-8466.398434311755	NaN	-8466.398434311755	NaN	7757.168936149831	Infinity	1775.0588168860368	-8460.969982396526
950000	-8438.778509582628	NaN	-8438.778509582628	NaN	1258.6384001459278	Infinity	1844.0059056121277	-8434.024681113035
955000	-8504.513187554514	NaN	-8504.513187554514	NaN	1950.0018674480984	Infinity	1772.8303307107656	-8499.020217881523
960000	-8497.21950784079	NaN	-8497.21950784079	NaN	1963.9909629809808	Infinity	1814.2333983272642	-8492.488443147613
965000	-8503.325782022608	NaN	-8503.325782022608	NaN	3884.4735588938297	Infinity	1803.8484424210058	-8498.490355451175
970000	-8491.034570344396	NaN	-8491.034570344396	NaN	2880.874675018048	Infinity	1833.8405038397336	-8486.342187143127
975000	-8539.066602238197	NaN	-8539.066602238197	NaN	2467.117728457832	Infinity	1864.8570080146753	-8534.01258208219
980000	-8521.563736874394	NaN	-8521.563736874394	NaN	5515.428427538891	Infinity	1819.1900950271095	-8516.862005960518
985000	-8527.413057256557	NaN	-8527.413057256557	NaN	4304.38952244788	Infinity	1852.6029581527566	-8522.563826840162
990000	-8545.184956849274	NaN	-8545.184956849274	NaN	3207.8293589409736	Infinity	1822.630750670049	-8540.4958073927
995000	-8481.357931969185	NaN	-8481.357931969185	NaN	2832.1507011832646	Infinity	1738.484001124478	-8474.532306065808
1000000	-8508.98520890549	NaN	-8508.98520890549	NaN	4175.636260290607	Infinity	1922.3223525393773	-8501.891938956933
1005000	-8502.361505315599	NaN	-8502.361505315599	NaN	5164.402590914387	Infinity	1828.1557363232016	-8497.679219900832
1010000	-8503.53418506709	NaN	-8503.53418506709	NaN	10184.672196470396	Infinity	1814.6555026347417	-8498.806133827677
1015000	-8477.563814731362	NaN	-8477.563814731362	NaN	3698.5411333858056	Infinity	1831.541765149475	-8472.877610781856
1020000	-8490.612206301874	NaN	-8490.612206301874	NaN	4565.146595840523	Infinity	1804.2438398582863	-8485.781816857003
1025000	-8513.353233344611	NaN	-8513.353233344611	NaN	7000.811710212486	Infinity	1837.094426143291	-8508.64723778118
1030000	-8508.18671125134	NaN	-8508.18671125134	NaN	3908.7127705032967	Infinity	1774.2709415822808	-8502.735754903826
1035000	-8462.305542297177	NaN	-8462.305542297177	NaN	2605.7041261217432	Infinity	1810.033482209208	-8457.539266449014
1040000	-8499.110679297542	NaN	-8499.110679297542	NaN	2403.4863699884613	Infinity	1813.1519769563033	-8494.371456358811
1045000	-8511.768270873898	NaN	-8511.768270873898	NaN	3444.6050916999293	Infinity	1845.0397041791605	-8507.005075817855
1050000	-8487.347710437874	NaN	-8487.347710437874	NaN	5643.293257237628	Infinity	1808.465723545608	-8482.565855863693
1055000	-8531.728032653355	NaN	-8531.728032653355	NaN	3007.975191981916	Infinity	1906.9668183791753	-8525.353805073584
1060000	-8503.949383894911	NaN	-8503.949383894911	NaN	2145.2930506938897	Infinity	1831.7999030128085	-8499.2626278928
1065000	-8486.275609620618	NaN	-8486.275609620618	NaN	1785.4835168320562	Infinity	1877.0656732070443	-8480.937133418423
1070000	-8528.145526404654	NaN	-8528.145526404654	NaN	1355.8525424477243	Infinity	1820.815647825159	-8523.450534201802
1075000	-8528.409068994706	NaN	-8528.409068994706	NaN	2948.4465997708794	Infinity	1793.542519128929	-8523.412652168183
1080000	-8514.444754624396	NaN	-8514.444754624396	NaN	11491.773733092785	Infinity	1873.4410367371725	-8509.199109337012
1085000	-8491.826610436832	NaN	-8491.826610436832	NaN	3452.7144403393195	Infinity	1816.0722115388555	-8487.10797174159
1090000	-8497.57239147352	NaN	-8497.57239147352	NaN	5529.626546530254	Infinity	1846.678398672596	-8492.793169936784
1095000	-8501.214680687011	NaN	-8501.214680687011	NaN	3512.5982964840896	Infinity	1836.2662339257479	-8496.512690750109
1100000	-8480.670485945686	NaN	-8480.670485945686	NaN	972.8531004190987	Infinity	1822.2031081969878	-8475.980119702966
1105000	-8492.966784999522	NaN	-8492.966784999522	NaN	2718.840366589877	Infinity	1850.330708548995	-8488.146639938142
1110000	-8472.747315167024	NaN	-8472.747315167024	NaN	1597.2874491526115	Infinity	1840.7122406066794	-8468.019490265773
1115000	-8502.484492282356	NaN	-8502.484492282356	NaN	2386.5939642885533	Infinity	1865.4504934273073	-8497.418500521422
1120000	-8507.661057666372	NaN	-8507.661057666372	NaN	3291.758757366698	Infinity	1850.8266625875792	-8502.834801503273
1125000	-8502.712533437734	NaN	-8502.712533437734	NaN	2894.066179845633	Infinity	1829.166334217347	-8498.029724947048
1130000	-8527.83451630129	NaN	-8527.83451630129	NaN	4218.479449070917	Infinity	1814.5995303913594	-8523.106070987835
1135000	-8538.414930060457	NaN	-8538.414930060457	NaN	2262.5633133653746	Infinity	1786.6522720658418	-8533.278972908269
1140000	-8556.411343588921	NaN	-8556.411343588921	NaN	4427.813576408101	Infinity	1808.025783361786	-8551.62487950158
1145000	-8549.130357614398	NaN	-8549.130357614398	NaN	4525.679204082087	Infinity	1930.7360832353695	-8541.5892496289
1150000	-8550.387319905401	NaN	-8550.387319905401	NaN	3452.3654710542437	Infinity	1765.4599916243062	-8544.66191750912
1155000	-8545.212877848528	NaN	-8545.212877848528	NaN	2672.6701954827504	Infinity	1870.0586667095383	-8540.047476563113
1160000	-8527.178043102733	NaN	-8527.178043102733	NaN	4071.577438765786	Infinity	1790.2313989404406	-8522.117761240908
1165000	-8502.87570833564	NaN	-8502.87570833564	NaN	1952.2786360566959	Infinity	1841.8128306367205	-8498.139844222453
1170000	-8529.180381479564	NaN	-8529.180381479564	NaN	1920.8578755955095	Infinity	1868.4404780972554	-8524.051191376973
1175000	-8499.620085825944	NaN	-8499.620085825944	NaN	7437.180379282924	Infinity	1799.5763183950987	-8494.724865287824
1180000	-8523.24589672349	NaN	-8523.24589672349	NaN	11292.913647136435	Infinity	1830.3696987142068	-8518.561747944592
1185000	-8514.490510627307	NaN	-8514.490510627307	NaN	3378.0008367257565	Infinity	1908.869965410293	-8508.034060050042
1190000	-8516.906785678122	NaN	-8516.906785678122	NaN	5605.802326136331	Infinity	1843.2289291461377	-8512.159618025204
1195000	-8526.10130288592	NaN	-8526.10130288592	NaN	2869.280901570551	Infinity	1839.4420118228359	-8521.381945359419
1200000	-8534.722959687731	NaN	-8534.722959687731	NaN	4145.009608624946	Infinity	1869.1364133541244	-8529.578369058796
1205000	-8533.985282116888	NaN	-8533.985282116888	NaN	1888.1974817514897	Infinity	1804.3072596322766	-8529.155692766193
1210000	-8560.92069896583	NaN	-8560.92069896583	NaN	2722.223624126566	Infinity	1859.4123843684547	-8555.96765317524
1215000	-8529.992173832032	NaN	-8529.992173832032	NaN	2521.4005776730446	Infinity	1880.3103950980621	-8524.564594541167
1220000	-8578.15856347208	NaN	-8578.15856347208	NaN	2326.280961418259	Infinity	1917.0889012020855	-8571.324621631082
1225000	-8554.067413040299	NaN	-8554.067413040299	NaN	3044.060059070822	Infinity	1838.3953241382505	-8549.354379711256
1230000	-8539.889749767797	NaN	-8539.889749767797	NaN	4125.013088713554	Infinity	1893.3227224401562	-8534.047874098203
1235000	-8555.874765065782	NaN	-8555.874765065782	NaN	885.6850556191777	Infinity	1862.0840254565628	-8550.874166813912
1240000	-8519.584424077542	NaN	-8519.584424077542	NaN	1946.4333871270264	Infinity	1852.0634327966266	-8514.74235146223
1245000	-8511.565980120953	NaN	-8511.565980120953	NaN	4232.405677521586	Infinity	1840.008920958658	-8506.842950934975
1250000	-8477.20072650299	NaN	-8477.20072650299	NaN	3277.658745779969	Infinity	1746.196435635841	-8470.7296622796
1255000	-8496.441598708605	NaN	-8496.441598708605	NaN	2052.271266848536	Infinity	1824.4444010298394	-8491.75651506045
1260000	-8531.712695479477	NaN	-8531.712695479477	NaN	3491.6853471097174	Infinity	1875.4412420595002	-8526.416697709818
1265000	-8538.202966331903	NaN	-8538.202966331903	NaN	7263.16701815987	Infinity	1843.1044149674715	-8533.456835879435
1270000	-8501.831077308538	NaN	-8501.831077308538	NaN	3534.192479213843	Infinity	1809.1969701741518	-8497.056653811836
1275000	-8515.058781195583	NaN	-8515.058781195583	NaN	3779.942764471598	Infinity	1843.1800818278107	-8510.312021435104
1280000	-8480.450059370789	NaN	-8480.450059370789	NaN	3160.7720801848423	Infinity	1776.8902685767466	-8475.07262820316
1285000	-8530.387415095282	NaN	-8530.387415095282	NaN	2810.27728712621	Infinity	1847.1999791724556	-8525.60278906357
1290000	-8502.745515637096	NaN	-8502.745515637096	NaN	7465.251494813957	Infinity	1811.7071924957577	-8497.994410387191
1295000	-8469.244895795593	NaN	-8469.244895795593	NaN	2048.205266358072	Infinity	1819.4439708256577	-8464.544311096683
1300000	-8432.94924222176	NaN	-8432.94924222176	NaN	2184.9134952494014	Infinity	1812.4058826442024	-8428.204023571707
1305000	-8431.780326642092	NaN	-8431.780326642092	NaN	2124.950552650424	Infinity	1828.21900248074	-8427.098024620878
1310000	-8458.180380788017	NaN	-8458.180380788017	NaN	2326.711105593996	Infinity	1894.696473425289	-8452.289444680184
1315000	-8476.105582971082	NaN	-8476.105582971082	NaN	3812.8384353304236	Infinity	1790.4072803068832	-8471.048842010485
1320000	-8490.833229154825	NaN	-8490.833229154825	NaN	5043.109494294006	Infinity	1878.6160304692112	-8485.45288608131
1325000	-8441.37412437518	NaN	-8441.37412437518	NaN	6405.598272811328	Infinity	1826.775776879098	-8436.69166486766
1330000	-8447.869308260542	NaN	-8447.869308260542	NaN	2150.8543435575843	Infinity	1795.132740653585	-8442.901464808652
1335000	-8474.40408968298	NaN	-8474.40408968298	NaN	5086.004883263836	Infinity	1880.0918915967648	-8468.982688765822
1340000	-8519.888089689359	NaN	-8519.888089689359	NaN	6112.892888628384	Infinity	1814.5764424026609	-8515.159481332774
1345000	-8479.636391586706	NaN	-8479.636391586706	NaN	1561.3439749184108	Infinity	1823.9847362081275	-8474.950445069648
1350000	-8468.32773848115	NaN	-8468.32773848115	NaN	2369.798902163152	Infinity	1830.8107643833416	-8463.642903135284
1355000	-8474.800506041103	NaN	-8474.800506041103	NaN	4153.806738995868	Infinity	1797.3545720013553	-8469.870304039045
1360000	-8477.08431829127	NaN	-8477.08431829127	NaN	5602.345442621417	Infinity	1818.8269676997713	-8472.380887572355
1365000	-8466.238196843648	NaN	-8466.238196843648	NaN	5092.85244761027	Infinity	1763.875759791792	-8460.459013593747
1370000	-8487.996050656904	NaN	-8487.996050656904	NaN	2635.85220513953	Infinity	1803.3940189886077	-8483.154731009834
1375000	-8467.300911913531	NaN	-8467.300911913531	NaN	2366.899043317311	Infinity	1794.3132144301203	-8462.318513156764
1380000	-8483.640678378433	NaN	-8483.640678378433	NaN	5331.936535528533	Infinity	1756.6063579916924	-8477.597384909206
1385000	-8495.915889168391	NaN	-8495.915889168391	NaN	3814.450061430026	Infinity	1757.9876238651334	-8489.924969671605
1390000	-8509.406775537891	NaN	-8509.406775537891	NaN	1414.349481632044	Infinity	1829.1158287746064	-8504.724006246091
1395000	-8502.178882678725	NaN	-8502.178882678725	NaN	2812.9528772665753	Infinity	1804.6711701132585	-8497.353842490073
1400000	-8500.665734029946	NaN	-8500.665734029946	NaN	6281.7295605183635	Infinity	1868.0730533895419	-8495.544569549033
1405000	-8514.585463628497	NaN	-8514.585463628497	NaN	1938.8299131550239	Infinity	1862.73368915108	-8509.57272098048
1410000	-8490.760194869235	NaN	-8490.760194869235	NaN	3107.2178842765957	Infinity	1891.4393898144717	-8484.983926345418
1415000	-8493.47685227144	NaN	-8493.47685227144	NaN	4853.637251467941	Infinity	1797.94503019206	-8488.556206431618
1420000	-8477.810630428106	NaN	-8477.810630428106	NaN	2036.1868877986483	Infinity	1821.479072824353	-8473.117979514831
1425000	-8484.395541118913	NaN	-8484.395541118913	NaN	3772.192221773898	Infinity	1768.348692554159	-8478.764723698127
1430000	-8471.462651504555	NaN	-8471.462651504555	NaN	5419.431446309698	Infinity	1760.9055340699872	-8465.578993382505
1435000	-8455.501340546485	NaN	-8455.501340546485	NaN	5266.279558667316	Infinity	1846.7745229662473	-8450.721134005316
1440000	-8489.691317930605	NaN	-8489.691317930605	NaN	1693.0352239772792	Infinity	1859.5813918226909	-8484.735377880363
1445000	-8476.013349077017	NaN	-8476.013349077017	NaN	2049.3492093287373	Infinity	1830.8954236660038	-8471.32836996438
1450000	-8494.467813152976	NaN	-8494.467813152976	NaN	3800.1714764278513	Infinity	1857.9940186380654	-8489.538450638833
1455000	-8499.823876633438	NaN	-8499.823876633438	NaN	2864.6100074092146	Infinity	1796.199560292466	-8494.874438661422
1460000	-8521.401949472574	NaN	-8521.401949472574	NaN	3848.501650128428	Infinity	1827.6337696592186	-8516.719718806522
1465000	-8522.020992782454	NaN	-8522.020992782454	NaN	3424.9320991768504	Infinity	1799.9343168357802	-8517.13116024108
1470000	-8457.749747549764	NaN	-8457.749747549764	NaN	3151.420645458049	Infinity	1866.2505693199619	-8452.667316660418
1475000	-8463.13442432782	NaN	-8463.13442432782	NaN	3107.938320797193	Infinity	1778.1186064678352	-8457.790200201767
1480000	-8453.35668554979	NaN	-8453.35668554979	NaN	3407.0378381553505	Infinity	1772.4447321437092	-8447.852280825928
1485000	-8461.413731071234	NaN	-8461.413731071234	NaN	3027.4511306844915	Infinity	1805.6419918215195	-8456.600477963757
1490000	-8481.365121411514	NaN	-8481.365121411514	NaN	1946.1799914521193	Infinity	1816.2145802400826	-8476.647368834707
1495000	-8525.338703938434	NaN	-8525.338703938434	NaN	1453.9289993054151	Infinity	1866.963956093042	-8520.24132437264
1500000	-8530.602967147304	NaN	-8530.602967147304	NaN	2462.910663679301	Infinity	1821.3646576636302	-8525.909929367443
1505000	-8559.847957537917	NaN	-8559.847957537917	NaN	3426.663005784427	Infinity	1859.3093658207672	-8554.896668397769
1510000	-8541.21173642269	NaN	-8541.21173642269	NaN	3472.4464589645804	Infinity	1857.6089528998386	-8536.288616570564
1515000	-8525.60363671886	NaN	-8525.60363671886	NaN	3231.906228643703	Infinity	1767.8226331981998	-8519.955929187998
1520000	-8556.50261203134	NaN	-8556.50261203134	NaN	1825.5900600501468	Infinity	1893.111445213372	-8550.668191475219
1525000	-8548.938386728934	NaN	-8548.938386728934	NaN	4350.353014223552	Infinity	1821.846888926865	-8544.246931730626
1530000	-8560.354054891397	NaN	-8560.354054891397	NaN	5651.183937229585	Infinity	1862.3203128464436	-8555.34906593758
1535000	-8570.870601625767	NaN	-8570.870601625767	NaN	5069.617713321417	Infinity	1817.9016455700764	-8566.162518405166
1540000	-8534.032462395486	NaN	-8534.032462395486	NaN	5587.660440093962	Infinity	1876.5973434059943	-8528.706378692581
1545000	-8507.799310264149	NaN	-8507.799310264149	NaN	6390.219873233682	Infinity	1779.7873002697684	-8502.498896009007
1550000	-8500.316094071179	NaN	-8500.316094071179	NaN	4039.1210257327084	Infinity	1822.5924137791437	-8495.626839552362
1555000	-8482.517910319615	NaN	-8482.517910319615	NaN	2726.0342866355118	Infinity	1851.1739416936311	-8477.687296156582
1560000	-8481.46439565262	NaN	-8481.46439565262	NaN	3245.427374708012	Infinity	1800.6354802544367	-8476.584915870599
1565000	-8495.531981259093	NaN	-8495.531981259093	NaN	3547.148380820421	Infinity	1850.4489576490291	-8490.710391170063
1570000	-8555.299314270838	NaN	-8555.299314270838	NaN	5965.746925714994	Infinity	1861.4720516894342	-8550.309947949481
1575000	-8558.248865920212	NaN	-8558.248865920212	NaN	2092.496798978951	Infinity	1818.47120302623	-8553.543700988836
1580000	-8522.574750255018	NaN	-8522.574750255018	NaN	6481.684376893897	Infinity	1795.6648536388432	-8517.616163788218
1585000	-8566.331243780041	NaN	-8566.331243780041	NaN	4579.159197022016	Infinity	1840.3558632960899	-8561.605882198892
1590000	-8581.01914156061	NaN	-8581.01914156061	NaN	4029.7212261968566	Infinity	1861.9922234848586	-8576.020241065979
1595000	-8604.561773140349	NaN	-8604.561773140349	NaN	5616.83401129322	Infinity	1895.2037388146548	-8598.652464238025
1600000	-8570.385191502837	NaN	-8570.385191502837	NaN	2332.1541909633856	Infinity	1830.4008761798964	-8565.700997634107
1605000	-8529.997710351301	NaN	-8529.997710351301	NaN	2836.2697378920525	Infinity	1861.341707201289	-8525.010710266888
1610000	-8569.317642187414	NaN	-8569.317642187414	NaN	4360.337118477662	Infinity	1804.4698207181934	-8564.490093790053
1615000	-8551.003861287956	NaN	-8551.003861287956	NaN	2583.6668498995646	Infinity	1854.5880464134902	-8546.126945448003
1620000	-8562.55281645865	NaN	-8562.55281645865	NaN	2172.5121494818854	Infinity	1864.9529395330296	-8557.49687405502
1625000	-8573.680407860284	NaN	-8573.680407860284	NaN	6298.406246416502	Infinity	1861.8898654927725	-8568.683394990883
1630000	-8574.684591199633	NaN	-8574.684591199633	NaN	2666.6022567507903	Infinity	1864.6528941733884	-8569.634644524787
1635000	-8562.82479906201	NaN	-8562.82479906201	NaN	6203.9828227152575	Infinity	1883.934951939212	-8557.290981303138
1640000	-8509.859578568838	NaN	-8509.859578568838	NaN	2379.06143861653	Infinity	1805.3901060109356	-8505.043315994162
1645000	-8549.943241635781	NaN	-8549.943241635781	NaN	2657.344543874708	Infinity	1888.3406055341516	-8544.270763920844
1650000	-8533.843828769519	NaN	-8533.843828769519	NaN	1436.4072722946337	Infinity	1834.6429210266494	-8529.148618484442
1655000	-8452.202438264196	NaN	-8452.202438264196	NaN	2237.0404356609456	Infinity	1774.642014359368	-8446.762122682429
1660000	-8466.794521574619	NaN	-8466.794521574619	NaN	1872.3038391492346	Infinity	1828.6332485499627	-8462.112057552626
1665000	-8447.162767419733	NaN	-8447.162767419733	NaN	1568.4743804395557	Infinity	1749.958666151076	-8440.853037955607
1670000	-8432.4256982668	NaN	-8432.4256982668	NaN	6138.924646394447	Infinity	1763.3619008311728	-8426.628780417763
1675000	-8482.49641844151	NaN	-8482.49641844151	NaN	1497.6455065674954	Infinity	1822.8407945928057	-8477.807830561267
1680000	-8440.825343671318	NaN	-8440.825343671318	NaN	2101.877094696582	Infinity	1773.7144238777942	-8435.3582897859
1685000	-8485.838955631036	NaN	-8485.838955631036	NaN	2044.715321295632	Infinity	1811.0942482149687	-8481.082469710356
1690000	-8458.021420609	NaN	-8458.021420609	NaN	2784.0205518417747	Infinity	1779.4941814734932	-8452.713419394602
1695000	-8486.767258155754	NaN	-8486.767258155754	NaN	1943.8235370377477	Infinity	1816.4945129463222	-8482.051216076712
1700000	-8494.29285688214	NaN	-8494.29285688214	NaN	3018.337793630985	Infinity	1838.788321621016	-8489.577518200544
1705000	-8516.005998465207	NaN	-8516.005998465207	NaN	4855.254050195332	Infinity	1807.0207801088372	-8511.208613312434
1710000	-8501.372763291523	NaN	-8501.372763291523	NaN	1741.5647661718951	Infinity	1785.718824993694	-8496.215935487482
1715000	-8528.633405243232	NaN	-8528.633405243232	NaN	2387.363611916609	Infinity	1865.7830705819267	-8523.560621901108
1720000	-8514.298482579074	NaN	-8514.298482579074	NaN	6125.986211476138	Infinity	1831.8977877429256	-8509.611507856604
1725000	-8509.641612321559	NaN	-8509.641612321559	NaN	4144.3872811995425	Infinity	1863.8394150933545	-8504.607677259839
1730000	-8478.668866279693	NaN	-8478.668866279693	NaN	2330.600862834202	Infinity	1811.9884415785457	-8473.92016222353
1735000	-8508.170642352108	NaN	-8508.170642352108	NaN	3157.9256274396766	Infinity	1884.7931572283553	-8502.610633969238
1740000	-8508.53917340226	NaN	-8508.53917340226	NaN	3055.402754392338	Infinity	1813.3143226633447	-8503.801215379874
1745000	-8508.027659755244	NaN	-8508.027659755244	NaN	3974.169420846018	Infinity	1821.1970695104426	-8503.334042590803
1750000	-8494.649118039257	NaN	-8494.649118039257	NaN	2867.890991301944	Infinity	1806.2048602738646	-8489.842466444648
1755000	-8496.517556054123	NaN	-8496.517556054123	NaN	1884.6143203873078	Infinity	1764.5497323243862	-8490.761417753252
1760000	-8503.610580493496	NaN	-8503.610580493496	NaN	1841.8897493825004	Infinity	1861.095377677268	-8498.628027219398
1765000	-8502.033274225048	NaN	-8502.033274225048	NaN	6782.531922354024	Infinity	1819.1703477940448	-8497.331452700037
1770000	-8469.592662846038	NaN	-8469.592662846038	NaN	1473.4038810418688	Infinity	1816.3542342889048	-8464.875768885295
1775000	-8503.930030792073	NaN	-8503.930030792073	NaN	2690.488194388291	Infinity	1795.0242980814912	-8498.960282096674
1780000	-8528.214741331707	NaN	-8528.214741331707	NaN	6185.733827541769	Infinity	1837.5021007190987	-8523.506638337563
1785000	-8491.716080897913	NaN	-8491.716080897913	NaN	3501.7164846406386	Infinity	1786.108667925569	-8486.568026537934
1790000	-8505.744424230305	NaN	-8505.744424230305	NaN	3996.3159723298513	Infinity	1842.0578222232593	-8501.00668181429
1795000	-8557.98392715021	NaN	-8557.98392715021	NaN	4035.084705159312	Infinity	1865.4148577672493	-8552.918659574103
1800000	-8492.20118639525	NaN	-8492.20118639525	NaN	3824.5230809474388	Infinity	1802.0229070351022	-8487.341411797237
1805000	-8542.874890704197	NaN	-8542.874890704197	NaN	4238.716261883893	Infinity	1810.8032638852587	-8538.115779575772
1810000	-8501.366437584744	NaN	-8501.366437584744	NaN	3656.845442237426	Infinity	1772.1260682013508	-8495.852522343626
1815000	-8506.968677670266	NaN	-8506.968677670266	NaN	10430.844426996711	Infinity	1852.937237784281	-8502.114933758952
1820000	-8522.822744958352	NaN	-8522.822744958352	NaN	5587.813320763071	Infinity	1852.2539059095448	-8517.978163268766
1825000	-8494.593160297922	NaN	-8494.593160297922	NaN	1662.7554157303373	Infinity	1798.2300832898877	-8489.677060642198
1830000	-8483.600786928466	NaN	-8483.600786928466	NaN	6388.792686736066	Infinity	1786.707809495461	-8478.46605672952
1835000	-8493.400969907278	NaN	-8493.400969907278	NaN	4384.40478178101	Infinity	1852.7054703003332	-8488.550361754133
1840000	-8471.344165711533	NaN	-8471.344165711533	NaN	2198.2804451318484	Infinity	1819.9519060157938	-8466.645770070292
1845000	-8470.550538405618	NaN	-8470.550538405618	NaN	2651.83447289128	Infinity	1766.5119896828762	-8464.860101989923
1850000	-8463.00835738082	NaN	-8463.00835738082	NaN	2420.114146792585	Infinity	1801.6355978798072	-8458.14318626328
1855000	-8470.66750124252	NaN	-8470.66750124252	NaN	5573.181347303012	Infinity	1798.0045309993943	-8465.747807968399
1860000	-8500.388304356868	NaN	-8500.388304356868	NaN	4409.899861717817	Infinity	1840.115499594042	-8495.664565571402
1865000	-8525.332978198969	NaN	-8525.332978198969	NaN	4161.9983645638995	Infinity	1885.9638368466715	-8519.736603525542
1870000	-8524.922126104871	NaN	-8524.922126104871	NaN	4789.101921407607	Infinity	1803.2199959071538	-8520.078520232906
1875000	-8535.466558786904	NaN	-8535.466558786904	NaN	4404.863610040484	Infinity	1813.7027173447275	-8530.731569339174
1880000	-8503.951996494232	NaN	-8503.951996494232	NaN	9691.463497034309	Infinity	1837.2005195754673	-8499.245461108076
1885000	-8477.13856188234	NaN	-8477.13856188234	NaN	2079.81995670485	Infinity	1776.9183938559452	-8471.761900147229
1890000	-8454.343713900998	NaN	-8454.343713900998	NaN	6032.868557444019	Infinity	1813.5541692605082	-8449.607598666315
1895000	-8478.44932648498	NaN	-8478.44932648498	NaN	2255.0913506745446	Infinity	1814.6630168786287	-8473.721328021333
1900000	-8508.373189394151	NaN	-8508.373189394151	NaN	6381.107829187894	Infinity	1844.1414300423469	-8503.618165807136
1905000	-8500.674102622977	NaN	-8500.674102622977	NaN	2705.710900359544	Infinity	1792.4766803134087	-8495.657772284683
1910000	-8500.44195724673	NaN	-8500.44195724673	NaN	4336.525951988533	Infinity	1884.8969706450607	-8494.878753802379
1915000	-8545.73457253132	NaN	-8545.73457253132	NaN	2244.353445531251	Infinity	1860.1813406866017	-8540.7682341001
1920000	-8589.184495228643	NaN	-8589.184495228643	NaN	3640.7603992205595	Infinity	1931.7758411938378	-8581.58539707428
1925000	-8529.166567013359	NaN	-8529.166567013359	NaN	3269.792268922406	Infinity	1883.439296607974	-8523.647694909543
1930000	-8535.82162963192	NaN	-8535.82162963192	NaN	5108.27660912634	Infinity	1827.2017175153505	-8531.139333286797
1935000	-8481.594128828578	NaN	-8481.594128828578	NaN	2331.798115213245	Infinity	1819.3293489886537	-8476.893030925796
1940000	-8465.662244169165	NaN	-8465.662244169165	NaN	1690.7300001446686	Infinity	1771.9743579088342	-8460.143781921668
1945000	-8470.712524909963	NaN	-8470.712524909963	NaN	1631.7070967684044	Infinity	1781.0158772851764	-8465.443407167737
1950000	-8417.52440349894	NaN	-8417.52440349894	NaN	2677.0591033125543	Infinity	1750.2753663920014	-8411.227907143622
1955000	-8475.700087740637	NaN	-8475.700087740637	NaN	2673.467006014566	Infinity	1773.339951289921	-8470.22210817647
1960000	-8425.18490165169	NaN	-8425.18490165169	NaN	1793.0977062131612	Infinity	1828.488625881133	-8420.502504688355
1965000	-8423.51800328287	NaN	-8423.51800328287	NaN	7153.95964635282	Infinity	1733.363044204553	-8416.439255598087
1970000	-8425.43890194002	NaN	-8425.43890194002	NaN	4215.884749342045	Infinity	1764.0727143467514	-8419.666478400432
1975000	-8420.828139854462	NaN	-8420.828139854462	NaN	1560.5695035812053	Infinity	1776.5382038959553	-8415.44104109291
1980000	-8436.342625820122	NaN	-8436.342625820122	NaN	3012.0995959698325	Infinity	1846.3595453324053	-8431.566636004523
1985000	-8483.041710114258	NaN	-8483.041710114258	NaN	10276.169188373957	Infinity	1796.9110024811587	-8478.104205730204
1990000	-8494.2094066708	NaN	-8494.2094066708	NaN	5437.571167129065	Infinity	1785.9979467145884	-8489.058868844028
1995000	-8476.48810193042	NaN	-8476.48810193042	NaN	2396.1826851409746	Infinity	1836.5888783548812	-8471.784595418723
2000000	-8489.663378457955	NaN	-8489.663378457955	NaN	6877.511283964872	Infinity	1811.3561077963004	-8484.909216002688
