#
#model:
#
#<?xml version="1.0" encoding="UTF-8" standalone="no"?><input id="posterior" spec="beast.core.util.CompoundDistribution">
#    <distribution id="prior" spec="beast.core.util.CompoundDistribution">
#        <distribution id="BirthDeathSkySerial.t:dummy_sequences" spec="beast.evolution.speciation.BirthDeathSkylineModel">
#            <parameter estimate="false" id="origin.s.t:dummy_sequences" lower="99.0" name="origin" upper="100.0">100.0</parameter>
#            <parameter dimension="10" estimate="false" id="R0.s.t:dummy_sequences" lower="0.0" name="R0" upper="Infinity">1.5</parameter>
#            <parameter estimate="false" id="becomeUninfectiousRate.s.t:dummy_sequences" lower="0.0" name="becomeUninfectiousRate" upper="Infinity">0.5</parameter>
#            <parameter estimate="false" id="samplingProportion.s.t:dummy_sequences" lower="0.0" name="samplingProportion" upper="1.0">0.1</parameter>
#            <tree id="Tree.t:dummy_sequences">
#                <trait id="dateTrait.t:dummy_sequences" spec="beast.evolution.tree.TraitSet" traitname="date-backward">
#                s_1_0.99=0.99,
#s_2_1.55=1.55,
#s_3_3.21=3.21,
#s_4_4.22=4.22,
#s_5_4.83=4.83,
#s_6_2.73=2.73,
#s_7_0.83=0.83,
#s_8_1=1.0,
#s_9_3.43=3.43,
#s_10_3.55=3.55,
#s_11_2.74=2.74,
#s_12_2.42=2.42,
#s_13_4.58=4.58,
#s_14_1.87=1.87,
#s_15_3.94=3.94,
#s_16_2.68=2.68,
#s_17_4.25=4.25,
#s_18_4.84=4.84,
#s_19_3.45=3.45,
#s_20_1.42=1.42,
#s_21_3.3=3.3,
#s_22_0.13=0.13,
#s_23_3.19=3.19,
#s_24_3.82=3.82,
#s_25_4.52=4.52,
#s_26_4.16=4.16,
#s_27_1.68=1.68,
#s_28_0.45=0.45,
#s_29_3.52=3.52,
#s_30_0.62=0.62,
#s_31_1.34=1.34,
#s_32_2.77=2.77,
#s_33_2.65=2.65,
#s_34_4.5=4.5,
#s_35_3.65=3.65,
#s_36_1.69=1.69,
#s_37_2.91=2.91,
#s_38_4.96=4.96,
#s_39_1.88=1.88,
#s_40_4.66=4.66,
#s_41_0.49=0.49,
#s_42_0.51=0.51,
#s_43_2.56=2.56,
#s_44_2.3=2.3,
#s_45_0.24=0.24,
#s_46_2.31=2.31,
#s_47_4.94=4.94,
#s_48_2.85=2.85,
#s_49_1.47=1.47,
#s_50_3.91=3.91,
#s_51_4.79=4.79,
#s_52_0.27=0.27,
#s_53_0.03=0.03,
#s_54_4.36=4.36,
#s_55_2.99=2.99,
#s_56_4.72=4.72,
#s_57_3.53=3.53,
#s_58_3.62=3.62,
#s_59_3.55=3.55,
#s_60_2.58=2.58,
#s_61_3.05=3.05,
#s_62_2.61=2.61,
#s_63_1.75=1.75,
#s_64_3.77=3.77,
#s_65_4.74=4.74,
#s_66_1.21=1.21,
#s_67_2.72=2.72,
#s_68_1.36=1.36,
#s_69_0.44=0.44,
#s_70_0.59=0.59,
#s_71_4.55=4.55,
#s_72_4.27=4.27,
#s_73_2.85=2.85,
#s_74_1.05=1.05,
#s_75_1.4=1.4,
#s_76_4.22=4.22,
#s_77_0.3=0.3,
#s_78_1.05=1.05,
#s_79_0.29=0.29,
#s_80_1.59=1.59,
#s_81_4.75=4.75,
#s_82_1.64=1.64,
#s_83_4.79=4.79,
#s_84_1.25=1.25,
#s_85_0.06=0.06,
#s_86_0.45=0.45,
#s_87_3.79=3.79,
#s_88_2.39=2.39,
#s_89_1.59=1.59,
#s_90_2.34=2.34,
#s_91_1.44=1.44,
#s_92_2.86=2.86,
#s_93_3.37=3.37,
#s_94_0.24=0.24,
#s_95_1.09=1.09,
#s_96_1.93=1.93,
#s_97_0.43=0.43,
#s_98_0.78=0.78,
#s_99_3.9=3.9,
#s_100_0.11=0.11                
#                                <taxa id="TaxonSet.dummy_sequences" spec="beast.evolution.alignment.TaxonSet">
#                    </taxa>
#                </trait>
#                <taxonset idref="TaxonSet.dummy_sequences"/>
#            </tree>
#        </distribution>
#        <prior id="ClockPrior.c:dummy_sequences" name="distribution">
#            <parameter id="clockRate.c:dummy_sequences" name="x">1.0</parameter>
#            <Uniform id="Uniform.0" name="distr" upper="Infinity"/>
#        </prior>
#        <distribution id="TH.prior" spec="beast.math.distributions.MRCAPrior" tree="@Tree.t:dummy_sequences">
#            <taxonset id="TH" spec="beast.evolution.alignment.TaxonSet">
#                <taxon id="s_100_0.11" spec="beast.evolution.alignment.Taxon"/>
#                <taxon id="s_10_3.55" spec="beast.evolution.alignment.Taxon"/>
#                <taxon id="s_11_2.74" spec="beast.evolution.alignment.Taxon"/>
#                <taxon id="s_12_2.42" spec="beast.evolution.alignment.Taxon"/>
#                <taxon id="s_13_4.58" spec="beast.evolution.alignment.Taxon"/>
#                <taxon id="s_14_1.87" spec="beast.evolution.alignment.Taxon"/>
#                <taxon id="s_15_3.94" spec="beast.evolution.alignment.Taxon"/>
#                <taxon id="s_16_2.68" spec="beast.evolution.alignment.Taxon"/>
#                <taxon id="s_17_4.25" spec="beast.evolution.alignment.Taxon"/>
#                <taxon id="s_18_4.84" spec="beast.evolution.alignment.Taxon"/>
#                <taxon id="s_19_3.45" spec="beast.evolution.alignment.Taxon"/>
#                <taxon id="s_1_0.99" spec="beast.evolution.alignment.Taxon"/>
#                <taxon id="s_20_1.42" spec="beast.evolution.alignment.Taxon"/>
#                <taxon id="s_21_3.3" spec="beast.evolution.alignment.Taxon"/>
#                <taxon id="s_22_0.13" spec="beast.evolution.alignment.Taxon"/>
#                <taxon id="s_23_3.19" spec="beast.evolution.alignment.Taxon"/>
#                <taxon id="s_24_3.82" spec="beast.evolution.alignment.Taxon"/>
#                <taxon id="s_25_4.52" spec="beast.evolution.alignment.Taxon"/>
#                <taxon id="s_26_4.16" spec="beast.evolution.alignment.Taxon"/>
#                <taxon id="s_27_1.68" spec="beast.evolution.alignment.Taxon"/>
#                <taxon id="s_28_0.45" spec="beast.evolution.alignment.Taxon"/>
#                <taxon id="s_29_3.52" spec="beast.evolution.alignment.Taxon"/>
#                <taxon id="s_2_1.55" spec="beast.evolution.alignment.Taxon"/>
#                <taxon id="s_30_0.62" spec="beast.evolution.alignment.Taxon"/>
#                <taxon id="s_31_1.34" spec="beast.evolution.alignment.Taxon"/>
#                <taxon id="s_32_2.77" spec="beast.evolution.alignment.Taxon"/>
#                <taxon id="s_33_2.65" spec="beast.evolution.alignment.Taxon"/>
#                <taxon id="s_34_4.5" spec="beast.evolution.alignment.Taxon"/>
#                <taxon id="s_35_3.65" spec="beast.evolution.alignment.Taxon"/>
#                <taxon id="s_36_1.69" spec="beast.evolution.alignment.Taxon"/>
#                <taxon id="s_37_2.91" spec="beast.evolution.alignment.Taxon"/>
#                <taxon id="s_38_4.96" spec="beast.evolution.alignment.Taxon"/>
#                <taxon id="s_39_1.88" spec="beast.evolution.alignment.Taxon"/>
#                <taxon id="s_3_3.21" spec="beast.evolution.alignment.Taxon"/>
#                <taxon id="s_40_4.66" spec="beast.evolution.alignment.Taxon"/>
#                <taxon id="s_41_0.49" spec="beast.evolution.alignment.Taxon"/>
#                <taxon id="s_42_0.51" spec="beast.evolution.alignment.Taxon"/>
#                <taxon id="s_43_2.56" spec="beast.evolution.alignment.Taxon"/>
#                <taxon id="s_44_2.3" spec="beast.evolution.alignment.Taxon"/>
#                <taxon id="s_45_0.24" spec="beast.evolution.alignment.Taxon"/>
#                <taxon id="s_46_2.31" spec="beast.evolution.alignment.Taxon"/>
#                <taxon id="s_47_4.94" spec="beast.evolution.alignment.Taxon"/>
#                <taxon id="s_48_2.85" spec="beast.evolution.alignment.Taxon"/>
#                <taxon id="s_49_1.47" spec="beast.evolution.alignment.Taxon"/>
#                <taxon id="s_4_4.22" spec="beast.evolution.alignment.Taxon"/>
#                <taxon id="s_50_3.91" spec="beast.evolution.alignment.Taxon"/>
#                <taxon id="s_51_4.79" spec="beast.evolution.alignment.Taxon"/>
#                <taxon id="s_52_0.27" spec="beast.evolution.alignment.Taxon"/>
#                <taxon id="s_53_0.03" spec="beast.evolution.alignment.Taxon"/>
#                <taxon id="s_54_4.36" spec="beast.evolution.alignment.Taxon"/>
#                <taxon id="s_55_2.99" spec="beast.evolution.alignment.Taxon"/>
#                <taxon id="s_56_4.72" spec="beast.evolution.alignment.Taxon"/>
#                <taxon id="s_57_3.53" spec="beast.evolution.alignment.Taxon"/>
#                <taxon id="s_58_3.62" spec="beast.evolution.alignment.Taxon"/>
#                <taxon id="s_59_3.55" spec="beast.evolution.alignment.Taxon"/>
#                <taxon id="s_5_4.83" spec="beast.evolution.alignment.Taxon"/>
#                <taxon id="s_60_2.58" spec="beast.evolution.alignment.Taxon"/>
#                <taxon id="s_61_3.05" spec="beast.evolution.alignment.Taxon"/>
#                <taxon id="s_62_2.61" spec="beast.evolution.alignment.Taxon"/>
#                <taxon id="s_63_1.75" spec="beast.evolution.alignment.Taxon"/>
#                <taxon id="s_64_3.77" spec="beast.evolution.alignment.Taxon"/>
#                <taxon id="s_65_4.74" spec="beast.evolution.alignment.Taxon"/>
#                <taxon id="s_66_1.21" spec="beast.evolution.alignment.Taxon"/>
#                <taxon id="s_67_2.72" spec="beast.evolution.alignment.Taxon"/>
#                <taxon id="s_68_1.36" spec="beast.evolution.alignment.Taxon"/>
#                <taxon id="s_69_0.44" spec="beast.evolution.alignment.Taxon"/>
#                <taxon id="s_6_2.73" spec="beast.evolution.alignment.Taxon"/>
#                <taxon id="s_70_0.59" spec="beast.evolution.alignment.Taxon"/>
#                <taxon id="s_71_4.55" spec="beast.evolution.alignment.Taxon"/>
#                <taxon id="s_72_4.27" spec="beast.evolution.alignment.Taxon"/>
#                <taxon id="s_73_2.85" spec="beast.evolution.alignment.Taxon"/>
#                <taxon id="s_74_1.05" spec="beast.evolution.alignment.Taxon"/>
#                <taxon id="s_75_1.4" spec="beast.evolution.alignment.Taxon"/>
#                <taxon id="s_76_4.22" spec="beast.evolution.alignment.Taxon"/>
#                <taxon id="s_77_0.3" spec="beast.evolution.alignment.Taxon"/>
#                <taxon id="s_78_1.05" spec="beast.evolution.alignment.Taxon"/>
#                <taxon id="s_79_0.29" spec="beast.evolution.alignment.Taxon"/>
#                <taxon id="s_7_0.83" spec="beast.evolution.alignment.Taxon"/>
#                <taxon id="s_80_1.59" spec="beast.evolution.alignment.Taxon"/>
#                <taxon id="s_81_4.75" spec="beast.evolution.alignment.Taxon"/>
#                <taxon id="s_82_1.64" spec="beast.evolution.alignment.Taxon"/>
#                <taxon id="s_83_4.79" spec="beast.evolution.alignment.Taxon"/>
#                <taxon id="s_84_1.25" spec="beast.evolution.alignment.Taxon"/>
#                <taxon id="s_85_0.06" spec="beast.evolution.alignment.Taxon"/>
#                <taxon id="s_86_0.45" spec="beast.evolution.alignment.Taxon"/>
#                <taxon id="s_87_3.79" spec="beast.evolution.alignment.Taxon"/>
#                <taxon id="s_88_2.39" spec="beast.evolution.alignment.Taxon"/>
#                <taxon id="s_89_1.59" spec="beast.evolution.alignment.Taxon"/>
#                <taxon id="s_8_1" spec="beast.evolution.alignment.Taxon"/>
#                <taxon id="s_90_2.34" spec="beast.evolution.alignment.Taxon"/>
#                <taxon id="s_91_1.44" spec="beast.evolution.alignment.Taxon"/>
#                <taxon id="s_92_2.86" spec="beast.evolution.alignment.Taxon"/>
#                <taxon id="s_93_3.37" spec="beast.evolution.alignment.Taxon"/>
#                <taxon id="s_94_0.24" spec="beast.evolution.alignment.Taxon"/>
#                <taxon id="s_95_1.09" spec="beast.evolution.alignment.Taxon"/>
#                <taxon id="s_96_1.93" spec="beast.evolution.alignment.Taxon"/>
#                <taxon id="s_97_0.43" spec="beast.evolution.alignment.Taxon"/>
#                <taxon id="s_98_0.78" spec="beast.evolution.alignment.Taxon"/>
#                <taxon id="s_99_3.9" spec="beast.evolution.alignment.Taxon"/>
#                <taxon id="s_9_3.43" spec="beast.evolution.alignment.Taxon"/>
#            </taxonset>
#            <Uniform id="Uniform.01" lower="99.0" name="distr" upper="100.0"/>
#        </distribution>
#    </distribution>
#</input>
#
Sample	posterior	likelihood	prior	treeLikelihood	TreeHeight	clockRate	BirthDeathSkySerial	birth._0	birth._1	birth._2	birth._3	birth._4	birth._5	birth._6	birth._7	birth._8	birth._9	death	sampling	monophyletic(TH)	logP(mrca(TH))	mrcatime(TH)
0	-414.0504547221955	NaN	-414.0504547221955	NaN	99.84452984022536	1.0	-414.0504547221955	0.75	0.75	0.75	0.75	0.75	0.75	0.75	0.75	0.75	0.75	0.45	0.05	0	0.0	99.87452984022536
1000	-416.71293556177244	NaN	-416.71293556177244	NaN	99.88300342694541	2.2613883902516134	-416.71293556177244	0.75	0.75	0.75	0.75	0.75	0.75	0.75	0.75	0.75	0.75	0.45	0.05	0	0.0	99.91300342694541
2000	-420.5079431135025	NaN	-420.5079431135025	NaN	99.94715798287999	1.3469191276032146	-420.5079431135025	0.75	0.75	0.75	0.75	0.75	0.75	0.75	0.75	0.75	0.75	0.45	0.05	0	0.0	99.97715798287999
3000	-430.1513191568948	NaN	-430.1513191568948	NaN	99.94715798287999	1.8580670395353343	-430.1513191568948	0.75	0.75	0.75	0.75	0.75	0.75	0.75	0.75	0.75	0.75	0.45	0.05	0	0.0	99.97715798287999
4000	-439.80953182392176	NaN	-439.80953182392176	NaN	99.60334888334263	10.189836470150574	-439.80953182392176	0.75	0.75	0.75	0.75	0.75	0.75	0.75	0.75	0.75	0.75	0.45	0.05	0	0.0	99.63334888334263
5000	-448.0948670287169	NaN	-448.0948670287169	NaN	99.4072621001567	3.153051377144569	-448.0948670287169	0.75	0.75	0.75	0.75	0.75	0.75	0.75	0.75	0.75	0.75	0.45	0.05	0	0.0	99.4372621001567
6000	-448.9861249633599	NaN	-448.9861249633599	NaN	99.84078756883179	17.683385339805348	-448.9861249633599	0.75	0.75	0.75	0.75	0.75	0.75	0.75	0.75	0.75	0.75	0.45	0.05	0	0.0	99.87078756883179
7000	-449.37861270462514	NaN	-449.37861270462514	NaN	99.45018907877666	12.559178810357245	-449.37861270462514	0.75	0.75	0.75	0.75	0.75	0.75	0.75	0.75	0.75	0.75	0.45	0.05	0	0.0	99.48018907877666
8000	-450.2301635140042	NaN	-450.2301635140042	NaN	99.7763924222016	11.047342988539741	-450.2301635140042	0.75	0.75	0.75	0.75	0.75	0.75	0.75	0.75	0.75	0.75	0.45	0.05	0	0.0	99.8063924222016
9000	-453.67700817186204	NaN	-453.67700817186204	NaN	99.0105227271837	12.142968010839208	-453.67700817186204	0.75	0.75	0.75	0.75	0.75	0.75	0.75	0.75	0.75	0.75	0.45	0.05	0	0.0	99.0405227271837
10000	-449.52474520982634	NaN	-449.52474520982634	NaN	99.7647010428058	20.133163152249644	-449.52474520982634	0.75	0.75	0.75	0.75	0.75	0.75	0.75	0.75	0.75	0.75	0.45	0.05	0	0.0	99.7947010428058
11000	-452.263657550847	NaN	-452.263657550847	NaN	99.7647010428058	77.76552377550394	-452.263657550847	0.75	0.75	0.75	0.75	0.75	0.75	0.75	0.75	0.75	0.75	0.45	0.05	0	0.0	99.7947010428058
12000	-463.46672499100777	NaN	-463.46672499100777	NaN	99.54587161526022	80.43174386804581	-463.46672499100777	0.75	0.75	0.75	0.75	0.75	0.75	0.75	0.75	0.75	0.75	0.45	0.05	0	0.0	99.57587161526023
13000	-469.04764610089853	NaN	-469.04764610089853	NaN	99.33211734954007	32.27209690309091	-469.04764610089853	0.75	0.75	0.75	0.75	0.75	0.75	0.75	0.75	0.75	0.75	0.45	0.05	0	0.0	99.36211734954007
14000	-471.02317014920425	NaN	-471.02317014920425	NaN	99.27369972177169	28.0709273708167	-471.02317014920425	0.75	0.75	0.75	0.75	0.75	0.75	0.75	0.75	0.75	0.75	0.45	0.05	0	0.0	99.3036997217717
15000	-469.5575648684168	NaN	-469.5575648684168	NaN	99.80610794903147	83.32677213750512	-469.5575648684168	0.75	0.75	0.75	0.75	0.75	0.75	0.75	0.75	0.75	0.75	0.45	0.05	0	0.0	99.83610794903147
16000	-469.92428660326857	NaN	-469.92428660326857	NaN	99.80610794903147	327.43777671291156	-469.92428660326857	0.75	0.75	0.75	0.75	0.75	0.75	0.75	0.75	0.75	0.75	0.45	0.05	0	0.0	99.83610794903147
17000	-465.9175114588996	NaN	-465.9175114588996	NaN	99.62934555476751	7693.529089662426	-465.9175114588996	0.75	0.75	0.75	0.75	0.75	0.75	0.75	0.75	0.75	0.75	0.45	0.05	0	0.0	99.65934555476751
18000	-475.9166443325869	NaN	-475.9166443325869	NaN	99.42765655367305	3245.224427169044	-475.9166443325869	0.75	0.75	0.75	0.75	0.75	0.75	0.75	0.75	0.75	0.75	0.45	0.05	0	0.0	99.45765655367305
19000	-479.37549305980025	NaN	-479.37549305980025	NaN	99.19681688993191	11505.074648006157	-479.37549305980025	0.75	0.75	0.75	0.75	0.75	0.75	0.75	0.75	0.75	0.75	0.45	0.05	0	0.0	99.22681688993191
20000	-473.9938909242877	NaN	-473.9938909242877	NaN	99.03931276168227	30374.43317603518	-473.9938909242877	0.75	0.75	0.75	0.75	0.75	0.75	0.75	0.75	0.75	0.75	0.45	0.05	0	0.0	99.06931276168227
21000	-464.1697668451725	NaN	-464.1697668451725	NaN	99.03931276168227	15939.899667018406	-464.1697668451725	0.75	0.75	0.75	0.75	0.75	0.75	0.75	0.75	0.75	0.75	0.45	0.05	0	0.0	99.06931276168227
22000	-471.8924579104033	NaN	-471.8924579104033	NaN	99.35498250401788	59285.048480922145	-471.8924579104033	0.75	0.75	0.75	0.75	0.75	0.75	0.75	0.75	0.75	0.75	0.45	0.05	0	0.0	99.38498250401788
23000	-470.16747449884247	NaN	-470.16747449884247	NaN	99.47451725781012	23217.594264876254	-470.16747449884247	0.75	0.75	0.75	0.75	0.75	0.75	0.75	0.75	0.75	0.75	0.45	0.05	0	0.0	99.50451725781012
24000	-468.44682851495804	NaN	-468.44682851495804	NaN	99.56485437177149	6084.549509536981	-468.44682851495804	0.75	0.75	0.75	0.75	0.75	0.75	0.75	0.75	0.75	0.75	0.45	0.05	0	0.0	99.59485437177149
25000	-467.5716663804954	NaN	-467.5716663804954	NaN	99.29728589122192	14508.499040223083	-467.5716663804954	0.75	0.75	0.75	0.75	0.75	0.75	0.75	0.75	0.75	0.75	0.45	0.05	0	0.0	99.32728589122192
26000	-466.9662202296394	NaN	-466.9662202296394	NaN	99.07688183173653	40602.21280802382	-466.9662202296394	0.75	0.75	0.75	0.75	0.75	0.75	0.75	0.75	0.75	0.75	0.45	0.05	0	0.0	99.10688183173653
27000	-467.48685618363714	NaN	-467.48685618363714	NaN	99.07688183173653	235256.4530209934	-467.48685618363714	0.75	0.75	0.75	0.75	0.75	0.75	0.75	0.75	0.75	0.75	0.45	0.05	0	0.0	99.10688183173653
28000	-465.94740056700977	NaN	-465.94740056700977	NaN	99.07464718350597	158978.50790063076	-465.94740056700977	0.75	0.75	0.75	0.75	0.75	0.75	0.75	0.75	0.75	0.75	0.45	0.05	0	0.0	99.10464718350597
29000	-464.8026135002948	NaN	-464.8026135002948	NaN	99.07464718350597	1100500.0112603123	-464.8026135002948	0.75	0.75	0.75	0.75	0.75	0.75	0.75	0.75	0.75	0.75	0.45	0.05	0	0.0	99.10464718350597
30000	-459.5410122811973	NaN	-459.5410122811973	NaN	99.31997415649789	4.9426484334670216E8	-459.5410122811973	0.75	0.75	0.75	0.75	0.75	0.75	0.75	0.75	0.75	0.75	0.45	0.05	0	0.0	99.3499741564979
31000	-458.67290026983125	NaN	-458.67290026983125	NaN	99.31997415649789	2.167604317355515E11	-458.67290026983125	0.75	0.75	0.75	0.75	0.75	0.75	0.75	0.75	0.75	0.75	0.45	0.05	0	0.0	99.3499741564979
32000	-469.08408529108016	NaN	-469.08408529108016	NaN	99.78015670992433	4.36478489532756E14	-469.08408529108016	0.75	0.75	0.75	0.75	0.75	0.75	0.75	0.75	0.75	0.75	0.45	0.05	0	0.0	99.81015670992433
33000	-471.5878205777185	NaN	-471.5878205777185	NaN	99.48962670595198	1.2655698482374947E13	-471.5878205777185	0.75	0.75	0.75	0.75	0.75	0.75	0.75	0.75	0.75	0.75	0.45	0.05	0	0.0	99.51962670595198
34000	-475.471683086906	NaN	-475.471683086906	NaN	99.48962670595198	9.2987073048880371E17	-475.471683086906	0.75	0.75	0.75	0.75	0.75	0.75	0.75	0.75	0.75	0.75	0.45	0.05	0	0.0	99.51962670595198
35000	-469.6245576361489	NaN	-469.6245576361489	NaN	99.45345935653155	1.990101011837025E20	-469.6245576361489	0.75	0.75	0.75	0.75	0.75	0.75	0.75	0.75	0.75	0.75	0.45	0.05	0	0.0	99.48345935653155
36000	-480.4235202755649	NaN	-480.4235202755649	NaN	99.45345935653155	4.009615167550411E23	-480.4235202755649	0.75	0.75	0.75	0.75	0.75	0.75	0.75	0.75	0.75	0.75	0.45	0.05	0	0.0	99.48345935653155
37000	-476.1916779314167	NaN	-476.1916779314167	NaN	99.45345935653155	2.272498493695068E26	-476.1916779314167	0.75	0.75	0.75	0.75	0.75	0.75	0.75	0.75	0.75	0.75	0.45	0.05	0	0.0	99.48345935653155
38000	-472.98429105467847	NaN	-472.98429105467847	NaN	99.1276659285314	9.116187635400755E29	-472.98429105467847	0.75	0.75	0.75	0.75	0.75	0.75	0.75	0.75	0.75	0.75	0.45	0.05	0	0.0	99.1576659285314
39000	-472.4872729269483	NaN	-472.4872729269483	NaN	98.99814893875262	2.2068087082895316E31	-472.4872729269483	0.75	0.75	0.75	0.75	0.75	0.75	0.75	0.75	0.75	0.75	0.45	0.05	0	0.0	99.02814893875262
40000	-475.85150806206985	NaN	-475.85150806206985	NaN	98.99814893875262	3.3107434302353767E34	-475.85150806206985	0.75	0.75	0.75	0.75	0.75	0.75	0.75	0.75	0.75	0.75	0.45	0.05	0	0.0	99.02814893875262
41000	-476.95970326187296	NaN	-476.95970326187296	NaN	99.8551181182303	1.8653763037304133E34	-476.95970326187296	0.75	0.75	0.75	0.75	0.75	0.75	0.75	0.75	0.75	0.75	0.45	0.05	0	0.0	99.8851181182303
42000	-465.1770413083594	NaN	-465.1770413083594	NaN	99.2256985397417	2.5426008583092454E39	-465.1770413083594	0.75	0.75	0.75	0.75	0.75	0.75	0.75	0.75	0.75	0.75	0.45	0.05	0	0.0	99.2556985397417
43000	-462.31159902705895	NaN	-462.31159902705895	NaN	99.88257580174978	3.8773006986887154E42	-462.31159902705895	0.75	0.75	0.75	0.75	0.75	0.75	0.75	0.75	0.75	0.75	0.45	0.05	0	0.0	99.91257580174978
44000	-471.88383387745415	NaN	-471.88383387745415	NaN	99.8062288761442	2.08828515396094E45	-471.88383387745415	0.75	0.75	0.75	0.75	0.75	0.75	0.75	0.75	0.75	0.75	0.45	0.05	0	0.0	99.8362288761442
45000	-471.8859082123668	NaN	-471.8859082123668	NaN	99.8062288761442	2.2672758897161157E48	-471.8859082123668	0.75	0.75	0.75	0.75	0.75	0.75	0.75	0.75	0.75	0.75	0.45	0.05	0	0.0	99.8362288761442
46000	-466.9323578871438	NaN	-466.9323578871438	NaN	99.8062288761442	5.939564456319534E50	-466.9323578871438	0.75	0.75	0.75	0.75	0.75	0.75	0.75	0.75	0.75	0.75	0.45	0.05	0	0.0	99.8362288761442
47000	-462.976384832414	NaN	-462.976384832414	NaN	99.32459007445618	1.7996925023395096E53	-462.976384832414	0.75	0.75	0.75	0.75	0.75	0.75	0.75	0.75	0.75	0.75	0.45	0.05	0	0.0	99.35459007445618
48000	-465.01042426328036	NaN	-465.01042426328036	NaN	99.8651504335095	9.71969962249383E54	-465.01042426328036	0.75	0.75	0.75	0.75	0.75	0.75	0.75	0.75	0.75	0.75	0.45	0.05	0	0.0	99.8951504335095
49000	-472.3711255062116	NaN	-472.3711255062116	NaN	99.01752920275416	2.686785599193735E61	-472.3711255062116	0.75	0.75	0.75	0.75	0.75	0.75	0.75	0.75	0.75	0.75	0.45	0.05	0	0.0	99.04752920275416
50000	-469.90170309505066	NaN	-469.90170309505066	NaN	99.53020335320646	1.6433518502463823E62	-469.90170309505066	0.75	0.75	0.75	0.75	0.75	0.75	0.75	0.75	0.75	0.75	0.45	0.05	0	0.0	99.56020335320646
51000	-469.89953040818204	NaN	-469.89953040818204	NaN	99.58591820818758	2.530095560463205E65	-469.89953040818204	0.75	0.75	0.75	0.75	0.75	0.75	0.75	0.75	0.75	0.75	0.45	0.05	0	0.0	99.61591820818758
52000	-470.72676317807424	NaN	-470.72676317807424	NaN	99.61565016940372	1.783768002450587E67	-470.72676317807424	0.75	0.75	0.75	0.75	0.75	0.75	0.75	0.75	0.75	0.75	0.45	0.05	0	0.0	99.64565016940372
53000	-476.7165722204209	NaN	-476.7165722204209	NaN	99.61565016940372	5.562434441515846E68	-476.7165722204209	0.75	0.75	0.75	0.75	0.75	0.75	0.75	0.75	0.75	0.75	0.45	0.05	0	0.0	99.64565016940372
54000	-471.7211992595077	NaN	-471.7211992595077	NaN	99.26011172045523	4.282408154752965E72	-471.7211992595077	0.75	0.75	0.75	0.75	0.75	0.75	0.75	0.75	0.75	0.75	0.45	0.05	0	0.0	99.29011172045523
55000	-480.07421201462483	NaN	-480.07421201462483	NaN	99.2391356630875	1.4242492770249088E76	-480.07421201462483	0.75	0.75	0.75	0.75	0.75	0.75	0.75	0.75	0.75	0.75	0.45	0.05	0	0.0	99.2691356630875
56000	-488.54229927667757	NaN	-488.54229927667757	NaN	99.29194893013782	6.945301385937539E80	-488.54229927667757	0.75	0.75	0.75	0.75	0.75	0.75	0.75	0.75	0.75	0.75	0.45	0.05	0	0.0	99.32194893013782
57000	-485.33281917945817	NaN	-485.33281917945817	NaN	99.05839348492589	7.052637716729295E84	-485.33281917945817	0.75	0.75	0.75	0.75	0.75	0.75	0.75	0.75	0.75	0.75	0.45	0.05	0	0.0	99.08839348492589
58000	-487.6169627056212	NaN	-487.6169627056212	NaN	99.05839348492589	9.167363101549462E85	-487.6169627056212	0.75	0.75	0.75	0.75	0.75	0.75	0.75	0.75	0.75	0.75	0.45	0.05	0	0.0	99.08839348492589
59000	-487.49996537006956	NaN	-487.49996537006956	NaN	99.84659380990665	1.1539750857551466E89	-487.49996537006956	0.75	0.75	0.75	0.75	0.75	0.75	0.75	0.75	0.75	0.75	0.45	0.05	0	0.0	99.87659380990665
60000	-492.4946079294128	NaN	-492.4946079294128	NaN	99.84659380990665	3.2087980191465307E92	-492.4946079294128	0.75	0.75	0.75	0.75	0.75	0.75	0.75	0.75	0.75	0.75	0.45	0.05	0	0.0	99.87659380990665
61000	-473.1248483493677	NaN	-473.1248483493677	NaN	99.84659380990665	3.7788990460436506E91	-473.1248483493677	0.75	0.75	0.75	0.75	0.75	0.75	0.75	0.75	0.75	0.75	0.45	0.05	0	0.0	99.87659380990665
62000	-472.5420392513796	NaN	-472.5420392513796	NaN	99.84659380990665	6.940661285481905E93	-472.5420392513796	0.75	0.75	0.75	0.75	0.75	0.75	0.75	0.75	0.75	0.75	0.45	0.05	0	0.0	99.87659380990665
63000	-466.9775028274714	NaN	-466.9775028274714	NaN	99.12093525044834	4.2109786680377154E101	-466.9775028274714	0.75	0.75	0.75	0.75	0.75	0.75	0.75	0.75	0.75	0.75	0.45	0.05	0	0.0	99.15093525044834
64000	-467.1856709280487	NaN	-467.1856709280487	NaN	99.54267645824568	1.822771934184022E108	-467.1856709280487	0.75	0.75	0.75	0.75	0.75	0.75	0.75	0.75	0.75	0.75	0.45	0.05	0	0.0	99.57267645824568
65000	-486.50846896003156	NaN	-486.50846896003156	NaN	99.96552209418385	1.4470066333546016E113	-486.50846896003156	0.75	0.75	0.75	0.75	0.75	0.75	0.75	0.75	0.75	0.75	0.45	0.05	0	0.0	99.99552209418385
66000	-489.09546014899803	NaN	-489.09546014899803	NaN	99.93853823528909	7.553120376601933E113	-489.09546014899803	0.75	0.75	0.75	0.75	0.75	0.75	0.75	0.75	0.75	0.75	0.45	0.05	0	0.0	99.96853823528909
67000	-488.7434663166667	NaN	-488.7434663166667	NaN	99.38692957622841	7.788606183202075E118	-488.7434663166667	0.75	0.75	0.75	0.75	0.75	0.75	0.75	0.75	0.75	0.75	0.45	0.05	0	0.0	99.41692957622841
68000	-488.17850591930056	NaN	-488.17850591930056	NaN	99.38692957622841	1.301463744213243E124	-488.17850591930056	0.75	0.75	0.75	0.75	0.75	0.75	0.75	0.75	0.75	0.75	0.45	0.05	0	0.0	99.41692957622841
69000	-486.7884151672654	NaN	-486.7884151672654	NaN	99.91139310085762	1.6286758534512587E125	-486.7884151672654	0.75	0.75	0.75	0.75	0.75	0.75	0.75	0.75	0.75	0.75	0.45	0.05	0	0.0	99.94139310085762
70000	-474.6601599250139	NaN	-474.6601599250139	NaN	99.73458514135046	1.3572804977839552E129	-474.6601599250139	0.75	0.75	0.75	0.75	0.75	0.75	0.75	0.75	0.75	0.75	0.45	0.05	0	0.0	99.76458514135047
71000	-474.06536828160745	NaN	-474.06536828160745	NaN	99.94556110224852	3.537660299580485E136	-474.06536828160745	0.75	0.75	0.75	0.75	0.75	0.75	0.75	0.75	0.75	0.75	0.45	0.05	0	0.0	99.97556110224852
72000	-478.7450618553161	NaN	-478.7450618553161	NaN	99.38375713747786	1.374228453086262E139	-478.7450618553161	0.75	0.75	0.75	0.75	0.75	0.75	0.75	0.75	0.75	0.75	0.45	0.05	0	0.0	99.41375713747786
73000	-469.42151896802926	NaN	-469.42151896802926	NaN	99.11351520680081	7.492722617545968E142	-469.42151896802926	0.75	0.75	0.75	0.75	0.75	0.75	0.75	0.75	0.75	0.75	0.45	0.05	0	0.0	99.14351520680081
74000	-467.3605178173692	NaN	-467.3605178173692	NaN	99.59581198301483	2.959556180968591E148	-467.3605178173692	0.75	0.75	0.75	0.75	0.75	0.75	0.75	0.75	0.75	0.75	0.45	0.05	0	0.0	99.62581198301483
75000	-464.5947939022441	NaN	-464.5947939022441	NaN	99.18497259708553	7.626883438619832E153	-464.5947939022441	0.75	0.75	0.75	0.75	0.75	0.75	0.75	0.75	0.75	0.75	0.45	0.05	0	0.0	99.21497259708553
76000	-466.34873323641983	NaN	-466.34873323641983	NaN	99.18497259708553	2.265137818821567E156	-466.34873323641983	0.75	0.75	0.75	0.75	0.75	0.75	0.75	0.75	0.75	0.75	0.45	0.05	0	0.0	99.21497259708553
77000	-471.27201427152653	NaN	-471.27201427152653	NaN	99.29884694947351	4.150102778658769E162	-471.27201427152653	0.75	0.75	0.75	0.75	0.75	0.75	0.75	0.75	0.75	0.75	0.45	0.05	0	0.0	99.32884694947352
78000	-466.0540091298791	NaN	-466.0540091298791	NaN	99.43527868518146	2.055496313649753E162	-466.0540091298791	0.75	0.75	0.75	0.75	0.75	0.75	0.75	0.75	0.75	0.75	0.45	0.05	0	0.0	99.46527868518146
79000	-464.05303158545786	NaN	-464.05303158545786	NaN	99.84092605843321	3.2218746924037106E163	-464.05303158545786	0.75	0.75	0.75	0.75	0.75	0.75	0.75	0.75	0.75	0.75	0.45	0.05	0	0.0	99.87092605843321
80000	-456.52169869915423	NaN	-456.52169869915423	NaN	99.84092605843321	8.076609270401666E162	-456.52169869915423	0.75	0.75	0.75	0.75	0.75	0.75	0.75	0.75	0.75	0.75	0.45	0.05	0	0.0	99.87092605843321
81000	-460.92360779722253	NaN	-460.92360779722253	NaN	99.12690982435358	2.4453369800200185E167	-460.92360779722253	0.75	0.75	0.75	0.75	0.75	0.75	0.75	0.75	0.75	0.75	0.45	0.05	0	0.0	99.15690982435358
82000	-460.92169031463123	NaN	-460.92169031463123	NaN	99.103717394867	9.302130044536297E171	-460.92169031463123	0.75	0.75	0.75	0.75	0.75	0.75	0.75	0.75	0.75	0.75	0.45	0.05	0	0.0	99.133717394867
83000	-484.3308857501265	NaN	-484.3308857501265	NaN	99.103717394867	4.092521567593195E173	-484.3308857501265	0.75	0.75	0.75	0.75	0.75	0.75	0.75	0.75	0.75	0.75	0.45	0.05	0	0.0	99.133717394867
84000	-491.6681779402026	NaN	-491.6681779402026	NaN	99.32332065531683	2.871757722877815E176	-491.6681779402026	0.75	0.75	0.75	0.75	0.75	0.75	0.75	0.75	0.75	0.75	0.45	0.05	0	0.0	99.35332065531684
85000	-486.53788124672803	NaN	-486.53788124672803	NaN	99.01372808437884	9.374198179610246E180	-486.53788124672803	0.75	0.75	0.75	0.75	0.75	0.75	0.75	0.75	0.75	0.75	0.45	0.05	0	0.0	99.04372808437884
86000	-481.02791258679713	NaN	-481.02791258679713	NaN	99.45586049273935	8.657922013707086E182	-481.02791258679713	0.75	0.75	0.75	0.75	0.75	0.75	0.75	0.75	0.75	0.75	0.45	0.05	0	0.0	99.48586049273935
87000	-477.50251239220125	NaN	-477.50251239220125	NaN	99.62006877700213	2.0964860265987855E183	-477.50251239220125	0.75	0.75	0.75	0.75	0.75	0.75	0.75	0.75	0.75	0.75	0.45	0.05	0	0.0	99.65006877700213
88000	-474.000512928107	NaN	-474.000512928107	NaN	99.62006877700213	2.8933447293025044E184	-474.000512928107	0.75	0.75	0.75	0.75	0.75	0.75	0.75	0.75	0.75	0.75	0.45	0.05	0	0.0	99.65006877700213
89000	-473.54580448417	NaN	-473.54580448417	NaN	99.06618979169923	7.071538225454101E185	-473.54580448417	0.75	0.75	0.75	0.75	0.75	0.75	0.75	0.75	0.75	0.75	0.45	0.05	0	0.0	99.09618979169923
90000	-469.52653593744344	NaN	-469.52653593744344	NaN	99.65423997245566	6.529383371547447E188	-469.52653593744344	0.75	0.75	0.75	0.75	0.75	0.75	0.75	0.75	0.75	0.75	0.45	0.05	0	0.0	99.68423997245566
91000	-466.2634422868381	NaN	-466.2634422868381	NaN	99.1649969677405	1.962550935905897E192	-466.2634422868381	0.75	0.75	0.75	0.75	0.75	0.75	0.75	0.75	0.75	0.75	0.45	0.05	0	0.0	99.19499696774051
92000	-468.97203539046046	NaN	-468.97203539046046	NaN	99.1649969677405	1.3302328061548358E194	-468.97203539046046	0.75	0.75	0.75	0.75	0.75	0.75	0.75	0.75	0.75	0.75	0.45	0.05	0	0.0	99.19499696774051
93000	-465.2325379517959	NaN	-465.2325379517959	NaN	99.19670710484803	4.6181344085999673E197	-465.2325379517959	0.75	0.75	0.75	0.75	0.75	0.75	0.75	0.75	0.75	0.75	0.45	0.05	0	0.0	99.22670710484803
94000	-467.78061681060626	NaN	-467.78061681060626	NaN	99.05290343419388	9.007055205562854E202	-467.78061681060626	0.75	0.75	0.75	0.75	0.75	0.75	0.75	0.75	0.75	0.75	0.45	0.05	0	0.0	99.08290343419388
95000	-480.222331897192	NaN	-480.222331897192	NaN	99.05290343419388	1.2316744441272686E207	-480.222331897192	0.75	0.75	0.75	0.75	0.75	0.75	0.75	0.75	0.75	0.75	0.45	0.05	0	0.0	99.08290343419388
96000	-475.236034446372	NaN	-475.236034446372	NaN	99.16220391871643	8.840988186590296E207	-475.236034446372	0.75	0.75	0.75	0.75	0.75	0.75	0.75	0.75	0.75	0.75	0.45	0.05	0	0.0	99.19220391871643
97000	-476.2560664638271	NaN	-476.2560664638271	NaN	99.16220391871643	2.389781409018991E209	-476.2560664638271	0.75	0.75	0.75	0.75	0.75	0.75	0.75	0.75	0.75	0.75	0.45	0.05	0	0.0	99.19220391871643
98000	-475.98231265425926	NaN	-475.98231265425926	NaN	99.16220391871643	4.318646176344533E212	-475.98231265425926	0.75	0.75	0.75	0.75	0.75	0.75	0.75	0.75	0.75	0.75	0.45	0.05	0	0.0	99.19220391871643
99000	-489.0585703294116	NaN	-489.0585703294116	NaN	99.16220391871643	5.951266095694561E214	-489.0585703294116	0.75	0.75	0.75	0.75	0.75	0.75	0.75	0.75	0.75	0.75	0.45	0.05	0	0.0	99.19220391871643
100000	-486.46870538100717	NaN	-486.46870538100717	NaN	99.16220391871643	1.2627509714035776E218	-486.46870538100717	0.75	0.75	0.75	0.75	0.75	0.75	0.75	0.75	0.75	0.75	0.45	0.05	0	0.0	99.19220391871643
